PRT1
211
440
6 0 74 (0 1024 128 ) (0 1024 0 ) (0 944 -24 ) (0 784 -24 ) (0 752 -16 ) (0 752 128 ) 
4 0 73 (0 1024 308 ) (0 1024 128 ) (0 752 128 ) (0 752 308 ) 
4 0 3 (88 752 308 ) (0 752 308 ) (0 752 -16 ) (88 752 -16 ) 
4 0 2 (760 752 -16 ) (760 752 308 ) (88 752 308 ) (88 752 -16 ) 
4 0 1 (760 752 -16 ) (88 752 -16 ) (88 784.003845 -24 ) (760 784.003906 -24 ) 
4 1 23 (88 784 -24 ) (96 784 -24 ) (96 752 -24 ) (88 752 -24 ) 
4 1 9 (88 752 -24 ) (348 752 -24 ) (348 752 -20 ) (88 752 -20 ) 
4 1 6 (364 752 -24 ) (476 752 -24 ) (476 752 -20 ) (364 752 -20 ) 
4 1 4 (492 752 -24 ) (760 752 -24 ) (760 752 -20 ) (492 752 -20 ) 
4 1 2 (760 752 -20 ) (760 752 -16 ) (88 752 -16 ) (88 752 -20 ) 
4 2 22 (156 656 308 ) (88 656 308 ) (88 656 104 ) (156 656 104 ) 
4 2 21 (300 656 308 ) (156 656 308 ) (156 656 -20 ) (300 656 -20 ) 
4 2 12 (300 656 0 ) (300 656 -20 ) (364 656 -20 ) (364 656 0 ) 
4 2 11 (364 656 308 ) (300 656 308 ) (300 656 0 ) (364 656 0 ) 
4 2 10 (760 656 -20 ) (760 656 308 ) (364 656 308 ) (364 656 -20 ) 
4 2 8 (364 680 -20 ) (364 656 -20 ) (348 656 -20 ) (348 680 -20 ) 
4 2 9 (88 752 -20 ) (348 752 -20 ) (348 656 -20 ) (88 656 -20 ) 
4 2 6 (364 752 -20 ) (476 752 -20 ) (476 696 -20 ) (364 696 -20 ) 
4 2 7 (476 680 -20 ) (476 656 -20 ) (364 656 -20 ) (364 680 -20 ) 
4 2 5 (492 680 -20 ) (492 656 -20 ) (476 656 -20 ) (476 680 -20 ) 
4 2 4 (492 752 -20 ) (760 752 -20 ) (760 656 -20 ) (492 656 -20 ) 
4 2 3 (88 656 -16 ) (88 656 308 ) (88 752 308 ) (88 752 -16 ) 
3 3 75 (0 752 -16 ) (0 656 -16 ) (0 656 8 ) 
4 3 74 (0 752 128 ) (0 752 -16 ) (0 656 8 ) (0 656 128 ) 
4 3 73 (0 752 308 ) (0 752 128 ) (0 656 128 ) (0 656 308 ) 
4 3 22 (88 656 308 ) (80 656 308 ) (80 656 104 ) (88 656 104 ) 
4 4 10 (492 656 -24 ) (760 656 -24 ) (760 656 -20 ) (492 656 -20 ) 
4 4 5 (492 656 -24 ) (492 656 -20 ) (492 680 -20 ) (492 680 -24 ) 
4 5 10 (476 656 -24 ) (492 656 -24 ) (492 656 -20 ) (476 656 -20 ) 
4 5 7 (476 656 -24 ) (476 656 -20 ) (476 680 -20 ) (476 680 -24 ) 
4 7 10 (364 656 -24 ) (476 656 -24 ) (476 656 -20 ) (364 656 -20 ) 
4 7 8 (364 656 -24 ) (364 656 -20 ) (364 680 -20 ) (364 680 -24 ) 
4 8 12 (348 656 -24 ) (364 656 -24 ) (364 656 -20 ) (348 656 -20 ) 
4 8 9 (348 656 -24 ) (348 656 -20 ) (348 680 -20 ) (348 680 -24 ) 
4 9 25 (96 656 -24 ) (88 656 -24 ) (88 680 -24 ) (96 680 -24 ) 
4 9 24 (88 752 -24 ) (96 752 -24 ) (96 680 -24 ) (88 680 -24 ) 
4 9 21 (156 656 -24 ) (300 656 -24 ) (300 656 -20 ) (156 656 -20 ) 
4 9 12 (300 656 -24 ) (348 656 -24 ) (348 656 -20 ) (300 656 -20 ) 
4 10 26 (588 560 -24 ) (760 560 -24 ) (760 560 308 ) (588 560 308 ) 
4 10 20 (364 592 -24 ) (364 585.333313 -24 ) (364 585.333313 -8 ) (364 592 -8 ) 
4 10 19 (364 624.017395 -24 ) (364 592 -24 ) (364 592 -8 ) (364 624.017395 -8 ) 
4 10 17 (364 585.333313 -24 ) (364 576 -24 ) (364 576 -8 ) (364 585.333313 -8 ) 
4 10 13 (364 576 0 ) (364 585.333313 0 ) (364 585.333313 -8 ) (364 576 -8 ) 
4 10 16 (364 585.333313 0 ) (364 624.017395 0 ) (364 624.017395 -8 ) (364 585.333313 -8 ) 
4 10 12 (364 656 0 ) (364 656 -24 ) (364 624.017395 -24 ) (364 624.017395 0 ) 
4 10 11 (364 560 308 ) (364 656 308 ) (364 656 0 ) (364 560 0 ) 
4 11 27 (364 560 0 ) (364 560 112 ) (300 560 112 ) (300 560 0 ) 
4 11 21 (300 560 308 ) (300 656 308 ) (300 656 0 ) (300 560 0 ) 
3 11 15 (320 592 0 ) (327.058838 597.647034 0 ) (332 596 0 ) 
4 11 14 (300 576 0 ) (300 591.994202 0 ) (317.599274 600.800232 0 ) (327.058838 597.647034 0 ) 
3 11 13 (344 592 0 ) (364 585.333313 0 ) (364 576 0 ) 
3 11 16 (317.599274 600.800232 0 ) (364 624.017395 0 ) (364 585.333313 0 ) 
4 11 12 (300 591.994202 0 ) (300 656 0 ) (364 656 0 ) (364 624.017395 0 ) 
4 12 21 (300 656 0 ) (300 656 -24 ) (300 591.994202 -24 ) (300 591.994202 0 ) 
4 12 19 (364 624.017578 -24 ) (364 624.017578 -8 ) (331.994080 608.002930 -8 ) (331.994080 608.002930 -24 ) 
4 12 18 (316 600 -8 ) (300 591.994141 -8 ) (300 591.994141 -24 ) (316 600 -24 ) 
4 12 14 (317.599274 600.800232 0 ) (300 591.994141 0 ) (300 591.994141 -8 ) (317.599274 600.800232 -8 ) 
4 12 16 (364 624.017578 -8 ) (364 624.017578 0 ) (317.599274 600.800232 0 ) (317.599274 600.800232 -8 ) 
3 13 17 (356 588 -8 ) (364 585.333374 -8 ) (364 576 -8 ) 
4 13 16 (364 585.333984 -8 ) (344 592 -8 ) (344 592 0 ) (364 585.333313 0 ) 
4 14 21 (300 576 0 ) (300 591.994202 0 ) (300 591.994202 -8 ) (300 576 -8 ) 
3 14 18 (300 576 -8 ) (300 591.996094 -8 ) (316.001831 600.002808 -8 ) 
4 14 15 (320.003143 592.001099 -8 ) (327.061707 597.647400 -8 ) (327.061707 597.647400 0 ) (320.004242 592.001404 0 ) 
4 14 16 (327.058960 597.647156 -8 ) (317.597656 600.800781 -8 ) (317.597656 600.800781 0 ) (327.058838 597.647034 0 ) 
4 15 16 (332 596 -8 ) (327.058960 597.647156 -8 ) (327.058838 597.647034 0 ) (332 596 0 ) 
4 16 20 (348 600 -8 ) (364 592 -8 ) (364 585.333374 -8 ) (356 588 -8 ) 
3 16 19 (331.992249 608.003784 -8 ) (364 624.019287 -8 ) (364 592 -8 ) 
4 17 20 (355.998901 588.001709 -8 ) (364 585.334656 -8 ) (364 585.334656 -24 ) (355.998901 588.001709 -24 ) 
4 18 21 (300 591.994202 -24 ) (300 576 -24 ) (300 576 -8 ) (300 591.994202 -8 ) 
4 19 20 (364 592 -24 ) (364 592 -8 ) (348 600 -8 ) (348 600 -24 ) 
4 21 28 (256 560 40 ) (256 560 100 ) (192 560 100 ) (192 560 40 ) 
4 21 22 (156 560 308 ) (156 656 308 ) (156 656 104 ) (156 560 104 ) 
4 23 24 (96 752 -24 ) (88 752 -24 ) (88 752 -26 ) (96 752 -26 ) 
4 24 25 (96 680 -26 ) (96 680 -24 ) (88 680 -24 ) (88 680 -26 ) 
4 26 47 (760 544 -24 ) (760 544 0 ) (588 544 0 ) (588 544 -24 ) 
4 26 29 (760 544 0 ) (760 544 308 ) (588 544 308 ) (588 544 0 ) 
4 27 35 (364 544 0 ) (364 544 112 ) (300 544 112 ) (300 544 0 ) 
4 28 36 (256 544 40 ) (256 544 100 ) (192 544 100 ) (192 544 40 ) 
4 29 49 (588 400 0 ) (760 400 0 ) (760 400 308 ) (588 400 308 ) 
4 29 48 (760 400 0 ) (588 400 0 ) (588 488 0 ) (760 488 0 ) 
4 29 47 (588 488 0 ) (588 544 0 ) (760 544 0 ) (760 488 0 ) 
4 29 30 (588 528 0 ) (588 488 0 ) (588 488 80 ) (588 528 80 ) 
4 30 31 (572 528 0 ) (572 488 0 ) (572 488 80 ) (572 528 80 ) 
4 31 32 (556 520 24 ) (556 520 128 ) (556 544 128 ) (556 544 24 ) 
4 31 33 (556 520 0 ) (556 400 0 ) (556 400 128 ) (556 520 128 ) 
4 32 33 (444 520 128 ) (444 520 24 ) (556 520 24 ) (556 520 128 ) 
4 32 34 (444 520 24 ) (444 520 128 ) (444 544 128 ) (444 544 24 ) 
4 33 50 (508 400 0 ) (556 400 0 ) (556 400 128 ) (508 400 128 ) 
4 33 34 (444 520 0 ) (444 400 0 ) (444 400 128 ) (444 520 128 ) 
4 35 51 (300 400 0 ) (364 400 0 ) (364 400 120 ) (300 400 120 ) 
4 35 39 (268 528 0 ) (268 400 0 ) (268 400 8 ) (268 528 8 ) 
4 35 36 (268 528 128 ) (268 544 128 ) (268 544 16 ) (268 528 16 ) 
4 35 37 (268 400 8 ) (268 400 128 ) (268 528 128 ) (268 528 8 ) 
4 36 40 (156 544 128 ) (156 544 16 ) (156 528 16 ) (156 528 128 ) 
4 36 37 (268 528 16 ) (268 528 128 ) (156 528 128 ) (156 528 16 ) 
4 37 40 (156 528 8 ) (156 400 8 ) (156 400 128 ) (156 528 128 ) 
4 37 39 (156 400 8 ) (156 528 8 ) (268 528 8 ) (268 400 8 ) 
4 38 39 (260 528 8 ) (164 528 8 ) (164 528 0 ) (260 528 0 ) 
4 39 40 (156 528 0 ) (156 400 0 ) (156 400 8 ) (156 528 8 ) 
4 40 41 (112 524 0 ) (112 460 0 ) (112 460 112 ) (112 524 112 ) 
4 41 43 (96 524 0 ) (96 460 0 ) (96 460 12 ) (96 524 12 ) 
4 41 42 (96 460 12 ) (96 460 112 ) (96 524 112 ) (96 524 12 ) 
3 42 45 (60 436 12 ) (60 440 12 ) (68 444 12 ) 
3 42 44 (60 440 12 ) (60 448 12 ) (76 448 12 ) 
4 42 46 (60 408 12 ) (0 408 12 ) (0 448 12 ) (60 448 12 ) 
4 42 43 (0 448 12 ) (0 536 12 ) (96 536 12 ) (96 448 12 ) 
4 43 44 (60 448 0 ) (76 448 0 ) (76 448 12 ) (60 448 12 ) 
4 43 46 (0 448 0 ) (60 448 0 ) (60 448 12 ) (0 448 12 ) 
4 44 45 (60 440 12 ) (60 440 0 ) (68 444 0 ) (68 444 12 ) 
4 44 46 (60 448 12 ) (60 448 0 ) (60 440 0 ) (60 440 12 ) 
4 45 46 (60 440 0 ) (60 436 0 ) (60 436 12 ) (60 440 12 ) 
4 47 48 (760 488 0 ) (588 488 0 ) (588 488 -24 ) (760 488 -24 ) 
4 48 49 (760 400 -24 ) (760 400 0 ) (588 400 0 ) (588 400 -24 ) 
4 49 52 (760 384 -24 ) (760 384 308 ) (588 384 308 ) (588 384 -24 ) 
4 50 56 (556 384 0 ) (556 384 128 ) (508 384 128 ) (508 384 0 ) 
4 51 65 (364 384 0 ) (364 384 120 ) (300 384 120 ) (300 384 0 ) 
4 52 109 (760 0 -24 ) (760 0 0 ) (588 0 0 ) (588 0 -24 ) 
4 52 92 (588 0 128 ) (588 0 0 ) (672 0 0 ) (672 0 128 ) 
4 52 90 (672 0 308 ) (588 0 308 ) (588 0 128 ) (672 0 128 ) 
4 52 87 (688 0 308 ) (672 0 308 ) (672 0 0 ) (688 0 0 ) 
4 52 86 (760 0 0 ) (760 0 308 ) (688 0 308 ) (688 0 0 ) 
4 52 62 (588 148 -24 ) (588 0 -24 ) (588 0 308 ) (588 148 308 ) 
4 52 53 (588 284 112 ) (588 368 112 ) (588 368 32 ) (588 284 32 ) 
4 52 54 (588 192 32 ) (588 192 112 ) (588 276 112 ) (588 276 32 ) 
4 53 55 (572 284 112 ) (572 368 112 ) (572 368 32 ) (572 284 32 ) 
4 54 55 (572 192 32 ) (572 192 112 ) (572 276 112 ) (572 276 32 ) 
4 55 59 (572 184 24 ) (572 184 128 ) (556 184 128 ) (556 184 24 ) 
4 55 58 (556 352 24 ) (556 184 24 ) (556 184 128 ) (556 352 128 ) 
4 55 56 (556 384 128 ) (556 384 24 ) (556 352 24 ) (556 352 128 ) 
4 56 58 (556 352 0 ) (556 352 128 ) (508 352 128 ) (508 352 0 ) 
4 56 57 (508 384 56 ) (508 384 24 ) (508 352 24 ) (508 352 56 ) 
4 57 58 (412 352 56 ) (412 352 24 ) (508 352 24 ) (508 352 56 ) 
4 58 63 (412 288 124 ) (412 288 0 ) (412 224 0 ) (412 224 124 ) 
4 58 61 (412 184 128 ) (412 184 64 ) (452 184 64 ) (452 184 128 ) 
4 58 60 (556 184 24 ) (556 184 56 ) (452 184 56 ) (452 184 24 ) 
4 59 60 (556 184 24 ) (556 160 24 ) (556 160 56 ) (556 184 56 ) 
4 62 109 (588 0 -24 ) (588 0 0 ) (412 0 0 ) (412 0 -24 ) 
4 62 92 (588 0 0 ) (588 0 128 ) (412 0 128 ) (412 0 0 ) 
4 62 90 (588 0 128 ) (588 0 308 ) (412 0 308 ) (412 0 128 ) 
4 62 71 (412 0 -24 ) (412 0 0 ) (412 64 0 ) (412 64 -24 ) 
4 62 66 (412 0 0 ) (412 0 308 ) (412 64 308 ) (412 64 0 ) 
4 62 64 (412 64 308 ) (412 148 308 ) (412 148 -24 ) (412 64 -24 ) 
4 63 65 (396 224 0 ) (396 224 124 ) (396 288 124 ) (396 288 0 ) 
4 64 71 (412 64 -24 ) (412 64 0 ) (408 64 0 ) (408 64 -24 ) 
4 64 66 (412 64 0 ) (412 64 308 ) (408 64 308 ) (408 64 0 ) 
4 65 72 (12 384 128 ) (12 384 0 ) (12 64 0 ) (12 64 128 ) 
4 65 70 (12 64 128 ) (12 64 0 ) (96 64 0 ) (96 64 128 ) 
4 65 69 (96 64 0 ) (360 64 0 ) (360 64 128 ) (96 64 128 ) 
4 65 67 (360 64 0 ) (396 64 0 ) (396 64 128 ) (360 64 128 ) 
4 66 92 (412 0 0 ) (412 0 128 ) (408 0 128 ) (408 0 0 ) 
4 66 90 (412 0 128 ) (412 0 308 ) (408 0 308 ) (408 0 128 ) 
4 66 71 (408 64 0 ) (412 64 0 ) (412 0 0 ) (408 0 0 ) 
4 67 93 (360 0 128 ) (360 0 0 ) (396 0 0 ) (396 0 128 ) 
4 67 69 (360 64 128 ) (360 64 0 ) (360 0 0 ) (360 0 128 ) 
4 68 91 (96 0 256 ) (96 0 144 ) (360 0 144 ) (360 0 256 ) 
4 69 93 (96 0 128 ) (96 0 0 ) (360 0 0 ) (360 0 128 ) 
4 69 70 (96 64 128 ) (96 64 0 ) (96 0 0 ) (96 0 128 ) 
4 70 139 (12 0 128 ) (12 0 0 ) (28 0 0 ) (28 0 128 ) 
4 70 108 (28 0 0 ) (96 0 0 ) (96 0 128 ) (28 0 128 ) 
4 70 72 (12 56 128 ) (12 64 128 ) (12 64 0 ) (12 56 0 ) 
4 71 109 (412 0 -24 ) (412 0 0 ) (408 0 0 ) (408 0 -24 ) 
4 72 76 (0 56 0 ) (0 56 128 ) (0 384 128 ) (0 384 0 ) 
4 73 74 (-112 1024 128 ) (0 1024 128 ) (0 656 128 ) (-112 656 128 ) 
4 74 75 (0 656 8 ) (-112 656 8 ) (-112 752 -16 ) (0 752 -16 ) 
4 76 78 (-180 168 32 ) (-180 168 112 ) (-180 292 112 ) (-180 292 32 ) 
4 77 167 (-164 0 128 ) (-180 0 128 ) (-180 0 0 ) (-164 0 0 ) 
4 77 163 (-144 0 0 ) (-136 0 0 ) (-136 0 24 ) (-144 0 24 ) 
4 77 162 (-136 0 0 ) (-132 0 0 ) (-132 0 24 ) (-136 0 24 ) 
4 77 166 (-164 0 24 ) (-164 0 0 ) (-144 0 0 ) (-144 0 24 ) 
4 77 159 (-132 0 128 ) (-164 0 128 ) (-164 0 24 ) (-132 0 24 ) 
4 77 158 (0 0 0 ) (0 0 128 ) (-132 0 128 ) (-132 0 0 ) 
4 78 79 (-192 168 32 ) (-192 168 112 ) (-192 292 112 ) (-192 292 32 ) 
4 79 171 (-192 0 0 ) (-192 0 256 ) (-372 0 256 ) (-372 0 0 ) 
4 79 80 (-372 64 0 ) (-372 0 0 ) (-372 0 256 ) (-372 64 256 ) 
4 80 171 (-372 0 256 ) (-388 0 256 ) (-388 0 0 ) (-372 0 0 ) 
4 80 81 (-388 64 0 ) (-388 0 0 ) (-388 0 256 ) (-388 64 256 ) 
4 81 171 (-388 0 256 ) (-404 0 256 ) (-404 0 0 ) (-388 0 0 ) 
4 81 84 (-404 64 0 ) (-404 0 0 ) (-404 0 72 ) (-404 64 72 ) 
4 81 83 (-404 0 72 ) (-404 0 256 ) (-404 64 256 ) (-404 64 72 ) 
4 81 82 (-404 144 256 ) (-404 144 0 ) (-404 64 0 ) (-404 64 256 ) 
4 82 84 (-424 64 72 ) (-424 64 0 ) (-404 64 0 ) (-404 64 72 ) 
4 82 83 (-424 64 256 ) (-424 64 72 ) (-404 64 72 ) (-404 64 256 ) 
4 82 85 (-424 144 256 ) (-424 144 0 ) (-424 64 0 ) (-424 64 256 ) 
4 83 172 (-404 0 256 ) (-424 0 256 ) (-424 0 72 ) (-404 0 72 ) 
4 83 85 (-424 0 72 ) (-424 0 256 ) (-424 64 256 ) (-424 64 72 ) 
4 83 84 (-424 0 72 ) (-424 64 72 ) (-404 64 72 ) (-404 0 72 ) 
4 84 173 (-424 0 72 ) (-424 0 0 ) (-404 0 0 ) (-404 0 72 ) 
4 84 85 (-424 64 0 ) (-424 0 0 ) (-424 0 72 ) (-424 64 72 ) 
4 85 174 (-424 0 256 ) (-536 0 256 ) (-536 0 0 ) (-424 0 0 ) 
4 86 111 (688 -400 0 ) (688 -128 0 ) (760 -128 0 ) (760 -400 0 ) 
4 86 110 (688 -128 0 ) (688 -120 0 ) (760 -120 0 ) (760 -128 0 ) 
4 86 109 (688 -120 0 ) (688 0 0 ) (760 0 0 ) (760 -120 0 ) 
4 86 88 (688 -240 112 ) (688 -144 112 ) (688 -144 32 ) (688 -240 32 ) 
4 86 89 (688 -352 32 ) (688 -352 112 ) (688 -256 112 ) (688 -256 32 ) 
4 86 87 (688 0 0 ) (688 -120 0 ) (688 -120 308 ) (688 0 308 ) 
4 87 109 (672 -120 0 ) (672 0 0 ) (688 0 0 ) (688 -120 0 ) 
4 87 92 (672 0 128 ) (672 0 0 ) (672 -120 0 ) (672 -120 128 ) 
4 87 90 (672 0 308 ) (672 0 128 ) (672 -120 128 ) (672 -120 308 ) 
4 88 95 (672 -240 112 ) (672 -144 112 ) (672 -144 32 ) (672 -240 32 ) 
4 89 95 (672 -352 32 ) (672 -352 112 ) (672 -256 112 ) (672 -256 32 ) 
4 90 92 (408 0 128 ) (672 0 128 ) (672 -120 128 ) (408 -120 128 ) 
4 91 99 (96 -128 256 ) (96 -128 144 ) (352 -128 144 ) (352 -128 256 ) 
4 91 97 (352 -128 144 ) (360 -128 144 ) (360 -128 256 ) (352 -128 256 ) 
4 92 109 (408 0 0 ) (672 0 0 ) (672 -120 0 ) (408 -120 0 ) 
4 93 108 (96 0 0 ) (96 -120 0 ) (96 -120 128 ) (96 0 128 ) 
4 93 94 (388 -120 128 ) (96 -120 128 ) (96 -120 0 ) (388 -120 0 ) 
4 94 108 (96 -120 0 ) (96 -128 0 ) (96 -128 128 ) (96 -120 128 ) 
4 94 100 (96 -128 128 ) (96 -128 0 ) (352 -128 0 ) (352 -128 128 ) 
4 94 98 (352 -128 0 ) (360 -128 0 ) (360 -128 128 ) (352 -128 128 ) 
4 94 96 (360 -128 0 ) (384 -128 0 ) (384 -128 128 ) (360 -128 128 ) 
4 94 95 (384 -128 0 ) (388 -128 0 ) (388 -128 128 ) (384 -128 128 ) 
4 95 96 (384 -288 128 ) (384 -128 128 ) (384 -128 0 ) (384 -288 0 ) 
4 96 98 (360 -288 128 ) (360 -128 128 ) (360 -128 0 ) (360 -288 0 ) 
4 97 99 (352 -288 256 ) (352 -128 256 ) (352 -128 144 ) (352 -288 144 ) 
4 98 100 (352 -288 128 ) (352 -128 128 ) (352 -128 0 ) (352 -288 0 ) 
4 99 106 (96 -384 144 ) (96 -384 256 ) (96 -240 256 ) (96 -240 144 ) 
4 99 104 (344 -384 256 ) (96 -384 256 ) (96 -384 144 ) (344 -384 144 ) 
4 100 108 (96 -128 0 ) (96 -384 0 ) (96 -384 128 ) (96 -128 128 ) 
4 100 105 (96 -384 128 ) (96 -384 0 ) (344 -384 0 ) (344 -384 128 ) 
4 100 103 (344 -384 0 ) (352 -384 0 ) (352 -384 128 ) (344 -384 128 ) 
4 101 112 (368 -736 0 ) (608 -736 0 ) (608 -736 128 ) (368 -736 128 ) 
4 101 102 (368 -672 0 ) (368 -720 0 ) (368 -720 120 ) (368 -672 120 ) 
4 102 103 (352 -672 0 ) (352 -720 0 ) (352 -720 120 ) (352 -672 120 ) 
4 103 105 (344 -384 128 ) (344 -384 0 ) (344 -736 0 ) (344 -736 128 ) 
4 104 114 (96 -736 244 ) (96 -736 180 ) (140 -736 180 ) (140 -736 244 ) 
4 104 106 (96 -736 144 ) (96 -736 256 ) (96 -384 256 ) (96 -384 144 ) 
4 105 113 (140 -736 0 ) (204 -736 0 ) (204 -736 120 ) (140 -736 120 ) 
4 105 108 (96 -384 0 ) (96 -736 0 ) (96 -736 128 ) (96 -384 128 ) 
4 106 140 (28 -480 256 ) (28 -416 256 ) (28 -416 144 ) (28 -480 144 ) 
4 106 114 (64 -736 180 ) (96 -736 180 ) (96 -736 244 ) (64 -736 244 ) 
4 106 107 (96 -240 144 ) (96 -384 144 ) (28 -384 144 ) (28 -240 144 ) 
4 107 141 (28 -384 144 ) (28 -240 144 ) (28 -240 128 ) (28 -384 128 ) 
4 107 108 (96 -240 128 ) (96 -384 128 ) (28 -384 128 ) (28 -240 128 ) 
4 108 142 (28 -736 0 ) (28 -736 128 ) (28 -384 128 ) (28 -384 0 ) 
4 108 141 (28 -384 128 ) (28 -240 128 ) (28 -240 0 ) (28 -384 0 ) 
4 108 139 (28 -240 128 ) (28 0 128 ) (28 0 0 ) (28 -240 0 ) 
4 109 110 (760 -120 0 ) (688 -120 0 ) (688 -120 -24 ) (760 -120 -24 ) 
4 110 111 (760 -128 0 ) (688 -128 0 ) (688 -128 -24 ) (760 -128 -24 ) 
4 112 115 (368 -752 128 ) (368 -752 0 ) (608 -752 0 ) (608 -752 128 ) 
4 113 118 (140 -752 120 ) (140 -752 0 ) (204 -752 0 ) (204 -752 120 ) 
4 114 117 (64 -752 180 ) (140 -752 180 ) (140 -752 244 ) (64 -752 244 ) 
4 116 117 (300 -752 172 ) (300 -956 172 ) (300 -956 256 ) (300 -752 256 ) 
4 117 157 (28 -1024 256 ) (28 -1024 172 ) (300 -1024 172 ) (300 -1024 256 ) 
4 117 145 (28 -992 256 ) (28 -976 256 ) (28 -976 172 ) (28 -992 172 ) 
4 117 146 (28 -1024 172 ) (28 -1024 256 ) (28 -992 256 ) (28 -992 172 ) 
4 117 143 (28 -976 256 ) (28 -768 256 ) (28 -768 172 ) (28 -976 172 ) 
4 117 135 (28 -992 172 ) (28 -976 172 ) (300 -976 172 ) (300 -992 172 ) 
4 117 134 (28 -976 172 ) (28 -956 172 ) (300 -956 172 ) (300 -976 172 ) 
4 117 136 (28 -1024 172 ) (28 -992 172 ) (300 -992 172 ) (300 -1024 172 ) 
4 118 125 (244 -880 0 ) (300 -880 0 ) (300 -880 16 ) (244 -880 16 ) 
4 118 124 (60 -880 0 ) (116 -880 0 ) (116 -880 16 ) (60 -880 16 ) 
4 118 123 (300 -880 16 ) (300 -880 160 ) (60 -880 160 ) (60 -880 16 ) 
4 118 120 (60 -864 24 ) (60 -864 160 ) (60 -768 160 ) (60 -768 24 ) 
4 118 119 (60 -752 0 ) (60 -768 0 ) (60 -768 160 ) (60 -752 160 ) 
4 118 121 (60 -864 0 ) (60 -880 0 ) (60 -880 160 ) (60 -864 160 ) 
4 119 120 (44 -768 160 ) (44 -768 24 ) (60 -768 24 ) (60 -768 160 ) 
4 119 122 (44 -752 0 ) (44 -768 0 ) (44 -768 160 ) (44 -752 160 ) 
4 120 122 (44 -864 24 ) (44 -864 160 ) (44 -768 160 ) (44 -768 24 ) 
4 120 121 (44 -864 160 ) (44 -864 24 ) (60 -864 24 ) (60 -864 160 ) 
4 121 124 (44 -880 0 ) (60 -880 0 ) (60 -880 16 ) (44 -880 16 ) 
4 121 123 (60 -880 16 ) (60 -880 160 ) (44 -880 160 ) (44 -880 16 ) 
4 121 122 (44 -864 0 ) (44 -880 0 ) (44 -880 160 ) (44 -864 160 ) 
4 122 124 (40 -880 16 ) (40 -880 0 ) (44 -880 0 ) (44 -880 16 ) 
4 122 123 (40 -880 160 ) (40 -880 16 ) (44 -880 16 ) (44 -880 160 ) 
4 123 126 (300 -888 16 ) (300 -888 160 ) (40 -888 160 ) (40 -888 16 ) 
4 123 125 (244 -880 16 ) (300 -880 16 ) (300 -888 16 ) (252 -888 16 ) 
4 123 124 (40 -888 16 ) (40 -880 16 ) (116 -880 16 ) (108 -888 16 ) 
4 124 129 (40 -888 0 ) (108 -888 0 ) (108 -888 16 ) (40 -888 16 ) 
4 125 127 (252 -888 0 ) (300 -888 0 ) (300 -888 16 ) (252 -888 16 ) 
4 126 130 (40 -920 160 ) (40 -920 16 ) (300 -920 16 ) (300 -920 160 ) 
4 126 129 (108 -920 16 ) (40 -920 16 ) (40 -888 16 ) (108 -888 16 ) 
6 126 128 (236 -920 16 ) (124 -920 16 ) (116 -904 16 ) (124 -888 16 ) (236 -888 16 ) (244 -904 16 ) 
4 126 127 (300 -920 16 ) (252 -920 16 ) (252 -888 16 ) (300 -888 16 ) 
4 127 131 (252 -920 0 ) (300 -920 0 ) (300 -920 16 ) (252 -920 16 ) 
4 129 132 (40 -920 0 ) (108 -920 0 ) (108 -920 16 ) (40 -920 16 ) 
4 130 133 (300 -944 16 ) (40 -944 16 ) (40 -928 16 ) (300 -928 16 ) 
4 130 132 (40 -928 16 ) (40 -920 16 ) (108 -920 16 ) (116 -928 16 ) 
4 130 131 (252 -920 16 ) (300 -920 16 ) (300 -928 16 ) (244 -928 16 ) 
4 131 133 (300 -928 16 ) (244 -928 16 ) (244 -928 0 ) (300 -928 0 ) 
4 132 133 (116 -928 16 ) (40 -928 16 ) (40 -928 0 ) (116 -928 0 ) 
4 134 143 (28 -976 172 ) (28 -956 172 ) (28 -956 0 ) (28 -976 0 ) 
4 134 137 (28 -976 0 ) (28 -956 0 ) (300 -956 0 ) (300 -976 0 ) 
4 134 135 (300 -976 40 ) (300 -976 172 ) (28 -976 172 ) (28 -976 40 ) 
4 135 145 (28 -992 172 ) (28 -976 172 ) (28 -976 40 ) (28 -992 40 ) 
4 135 136 (300 -992 40 ) (300 -992 172 ) (28 -992 172 ) (28 -992 40 ) 
4 136 157 (28 -1024 172 ) (28 -1024 0 ) (300 -1024 0 ) (300 -1024 172 ) 
4 136 146 (28 -1024 0 ) (28 -1024 172 ) (28 -992 172 ) (28 -992 0 ) 
4 136 138 (28 -1024 0 ) (28 -992 0 ) (300 -992 0 ) (300 -1024 0 ) 
4 137 144 (28 -976 0 ) (28 -956 0 ) (28 -956 -5.499998 ) (28 -976 -8 ) 
4 138 157 (300 -1024 -8 ) (300 -1024 0 ) (28 -1024 0 ) (28 -1024 -8 ) 
4 138 146 (28 -1024 -8 ) (28 -1024 0 ) (28 -992 0 ) (28 -992 -8 ) 
4 139 151 (12 -48 0 ) (12 -96 0 ) (12 -96 116 ) (12 -48 116 ) 
4 139 150 (12 -96 116 ) (12 -96 128 ) (12 -48 128 ) (12 -48 116 ) 
4 139 141 (12 -240 128 ) (12 -240 0 ) (28 -240 0 ) (28 -240 128 ) 
4 140 148 (12 -416 256 ) (12 -416 144 ) (12 -480 144 ) (12 -480 256 ) 
4 141 142 (12 -384 0 ) (28 -384 0 ) (28 -384 128 ) (12 -384 128 ) 
4 142 152 (12 -624 124 ) (12 -624 0 ) (12 -672 0 ) (12 -672 124 ) 
4 143 153 (12 -768 128 ) (12 -768 0 ) (12 -976 0 ) (12 -976 128 ) 
4 143 149 (12 -976 256 ) (12 -768 256 ) (12 -768 128 ) (12 -976 128 ) 
4 143 145 (28 -976 40 ) (28 -976 256 ) (12 -976 256 ) (12 -976 40 ) 
4 143 144 (28 -976 0 ) (12 -976 0 ) (12 -912 0 ) (28 -912 0 ) 
3 144 154 (12 -976 -8 ) (12 -976 0 ) (12 -912 0 ) 
4 145 155 (12 -976 128 ) (12 -976 40 ) (12 -992 40 ) (12 -992 128 ) 
4 145 149 (12 -992 256 ) (12 -976 256 ) (12 -976 128 ) (12 -992 128 ) 
4 145 146 (28 -992 40 ) (28 -992 256 ) (12 -992 256 ) (12 -992 40 ) 
4 146 157 (28 -1024 -8 ) (28 -1024 256 ) (12 -1024 256 ) (12 -1024 -8 ) 
4 146 156 (12 -1024 -8 ) (12 -1024 128 ) (12 -992 128 ) (12 -992 -8 ) 
4 146 149 (12 -1024 128 ) (12 -1024 256 ) (12 -992 256 ) (12 -992 128 ) 
4 147 176 (0 -204 128 ) (0 -208 128 ) (0 -208 144 ) (0 -204 144 ) 
4 147 175 (0 -208 144 ) (0 -208 304 ) (0 -204 304 ) (0 -204 144 ) 
4 147 148 (12 -208 144 ) (12 -208 304 ) (0 -208 304 ) (0 -208 144 ) 
4 148 175 (0 -516 144 ) (0 -516 304 ) (0 -208 304 ) (0 -208 144 ) 
4 149 208 (0 -976 128 ) (0 -992 128 ) (0 -992 256 ) (0 -976 256 ) 
4 149 209 (0 -992 128 ) (0 -1024 128 ) (0 -1024 256 ) (0 -992 256 ) 
4 149 206 (0 -768 128 ) (0 -976 128 ) (0 -976 256 ) (0 -768 256 ) 
4 149 157 (12 -1024 128 ) (12 -1024 256 ) (0 -1024 256 ) (0 -1024 128 ) 
4 149 155 (12 -976 128 ) (12 -992 128 ) (0 -992 128 ) (0 -976 128 ) 
4 149 156 (12 -992 128 ) (12 -1024 128 ) (0 -1024 128 ) (0 -992 128 ) 
4 149 153 (12 -768 128 ) (12 -976 128 ) (0 -976 128 ) (0 -768 128 ) 
4 150 158 (0 -96 116 ) (0 -96 128 ) (0 -48 128 ) (0 -48 116 ) 
4 150 151 (12 -96 116 ) (0 -96 116 ) (0 -48 116 ) (12 -48 116 ) 
4 151 158 (0 -48 0 ) (0 -96 0 ) (0 -96 116 ) (0 -48 116 ) 
4 152 193 (0 -672 0 ) (0 -672 124 ) (0 -656 124 ) (0 -656 0 ) 
4 152 188 (0 -656 124 ) (0 -624 124 ) (0 -624 0 ) (0 -656 0 ) 
4 153 206 (0 -976 128 ) (0 -768 128 ) (0 -768 0 ) (0 -976 0 ) 
4 153 155 (12 -976 40 ) (12 -976 128 ) (0 -976 128 ) (0 -976 40 ) 
4 153 154 (12 -976 0 ) (0 -976 0 ) (0 -912 0 ) (12 -912 0 ) 
3 154 207 (0 -976 -8 ) (0 -976 0 ) (0 -912 0 ) 
4 155 208 (0 -992 128 ) (0 -976 128 ) (0 -976 40 ) (0 -992 40 ) 
4 155 156 (12 -992 40 ) (12 -992 128 ) (0 -992 128 ) (0 -992 40 ) 
4 156 209 (0 -1024 -8 ) (0 -1024 128 ) (0 -992 128 ) (0 -992 -8 ) 
4 156 157 (12 -1024 -8 ) (12 -1024 128 ) (0 -1024 128 ) (0 -1024 -8 ) 
4 157 210 (0 -1056 -8 ) (0 -1056 256 ) (0 -1024 256 ) (0 -1024 -8 ) 
4 158 162 (-132 -192 0 ) (-132 -192 24 ) (-132 0 24 ) (-132 0 0 ) 
4 158 160 (-132 -128 128 ) (-132 -16 128 ) (-132 -16 32 ) (-132 -128 32 ) 
4 158 159 (-132 -16 128 ) (-132 0 128 ) (-132 0 24 ) (-132 -16 24 ) 
4 158 161 (-132 -192 24 ) (-132 -192 128 ) (-132 -128 128 ) (-132 -128 24 ) 
4 159 167 (-164 0 128 ) (-164 0 24 ) (-164 -16 24 ) (-164 -16 128 ) 
4 159 163 (-144 0 24 ) (-136 0 24 ) (-136 -16 24 ) (-144 -16 24 ) 
4 159 162 (-136 0 24 ) (-132 0 24 ) (-132 -16 24 ) (-136 -16 24 ) 
4 159 166 (-164 -16 24 ) (-164 0 24 ) (-144 0 24 ) (-144 -16 24 ) 
4 159 160 (-132 -16 32 ) (-132 -16 128 ) (-164 -16 128 ) (-164 -16 32 ) 
4 160 168 (-164 -128 40 ) (-164 -128 128 ) (-164 -16 128 ) (-164 -16 40 ) 
4 160 161 (-132 -128 32 ) (-132 -128 128 ) (-164 -128 128 ) (-164 -128 32 ) 
4 161 169 (-164 -128 24 ) (-164 -192 24 ) (-164 -192 128 ) (-164 -128 128 ) 
4 161 165 (-144 -128 24 ) (-136 -128 24 ) (-136 -192 24 ) (-144 -192 24 ) 
4 161 162 (-136 -128 24 ) (-132 -128 24 ) (-132 -192 24 ) (-136 -192 24 ) 
4 161 166 (-164 -192 24 ) (-164 -128 24 ) (-144 -128 24 ) (-144 -192 24 ) 
4 162 165 (-136 -128 0 ) (-136 -192 0 ) (-136 -192 24 ) (-136 -128 24 ) 
4 162 163 (-136 0 0 ) (-136 -16 0 ) (-136 -16 24 ) (-136 0 24 ) 
4 162 164 (-136 -24 0 ) (-136 -120 0 ) (-136 -120 24 ) (-136 -24 24 ) 
4 163 166 (-144 0 0 ) (-144 -16 0 ) (-144 -16 24 ) (-144 0 24 ) 
4 164 166 (-144 -24 0 ) (-144 -120 0 ) (-144 -120 24 ) (-144 -24 24 ) 
4 165 166 (-144 -128 0 ) (-144 -192 0 ) (-144 -192 24 ) (-144 -128 24 ) 
4 166 169 (-164 -128 0 ) (-164 -192 0 ) (-164 -192 24 ) (-164 -128 24 ) 
4 166 167 (-164 0 24 ) (-164 0 0 ) (-164 -16 0 ) (-164 -16 24 ) 
4 167 168 (-180 -16 128 ) (-180 -16 40 ) (-164 -16 40 ) (-164 -16 128 ) 
4 168 170 (-180 -16 124 ) (-180 -16 44 ) (-180 -112 44 ) (-180 -112 124 ) 
4 168 169 (-180 -128 128 ) (-180 -128 40 ) (-164 -128 40 ) (-164 -128 128 ) 
4 170 171 (-192 -16 44 ) (-192 -112 44 ) (-192 -112 124 ) (-192 -16 124 ) 
4 171 177 (-404 -192 0 ) (-260 -192 0 ) (-260 -192 256 ) (-404 -192 256 ) 
4 171 173 (-404 0 0 ) (-404 -192 0 ) (-404 -192 72 ) (-404 0 72 ) 
4 171 172 (-404 -192 72 ) (-404 -192 256 ) (-404 0 256 ) (-404 0 72 ) 
4 172 181 (-416 -192 256 ) (-424 -192 256 ) (-424 -192 72 ) (-416 -192 72 ) 
4 172 178 (-404 -192 72 ) (-404 -192 256 ) (-416 -192 256 ) (-416 -192 72 ) 
4 172 174 (-424 -192 72 ) (-424 -192 256 ) (-424 0 256 ) (-424 0 72 ) 
4 172 173 (-424 -192 72 ) (-424 0 72 ) (-404 0 72 ) (-404 -192 72 ) 
4 173 182 (-424 -192 0 ) (-416 -192 0 ) (-416 -192 72 ) (-424 -192 72 ) 
4 173 179 (-416 -192 0 ) (-404 -192 0 ) (-404 -192 72 ) (-416 -192 72 ) 
4 173 174 (-424 0 0 ) (-424 -192 0 ) (-424 -192 72 ) (-424 0 72 ) 
4 174 183 (-536 -192 0 ) (-424 -192 0 ) (-424 -192 256 ) (-536 -192 256 ) 
4 175 176 (-184 -208 144 ) (-184 -204 144 ) (0 -204 144 ) (0 -208 144 ) 
4 177 205 (-260 -528 0 ) (-260 -528 128 ) (-404 -528 128 ) (-404 -528 0 ) 
4 177 184 (-260 -528 128 ) (-260 -528 256 ) (-404 -528 256 ) (-404 -528 128 ) 
4 177 179 (-404 -192 0 ) (-404 -224 0 ) (-404 -224 72 ) (-404 -192 72 ) 
4 177 178 (-404 -224 72 ) (-404 -224 256 ) (-404 -192 256 ) (-404 -192 72 ) 
4 177 180 (-404 -224 0 ) (-404 -528 0 ) (-404 -528 256 ) (-404 -224 256 ) 
4 178 181 (-416 -192 256 ) (-416 -192 72 ) (-416 -224 72 ) (-416 -224 256 ) 
4 178 180 (-404 -224 72 ) (-404 -224 256 ) (-416 -224 256 ) (-416 -224 72 ) 
4 178 179 (-404 -224 72 ) (-416 -224 72 ) (-416 -192 72 ) (-404 -192 72 ) 
4 179 182 (-416 -192 72 ) (-416 -192 0 ) (-416 -224 0 ) (-416 -224 72 ) 
4 179 180 (-416 -224 0 ) (-404 -224 0 ) (-404 -224 72 ) (-416 -224 72 ) 
4 180 205 (-416 -528 128 ) (-416 -528 0 ) (-404 -528 0 ) (-404 -528 128 ) 
4 180 184 (-404 -528 256 ) (-416 -528 256 ) (-416 -528 128 ) (-404 -528 128 ) 
4 181 183 (-424 -224 72 ) (-424 -224 256 ) (-424 -192 256 ) (-424 -192 72 ) 
4 181 182 (-416 -224 72 ) (-424 -224 72 ) (-424 -192 72 ) (-416 -192 72 ) 
4 182 183 (-424 -192 0 ) (-424 -224 0 ) (-424 -224 72 ) (-424 -192 72 ) 
4 184 206 (-404 -768 128 ) (-260 -768 128 ) (-260 -768 256 ) (-404 -768 256 ) 
4 184 205 (-260 -768 128 ) (-416 -768 128 ) (-416 -528 128 ) (-260 -528 128 ) 
4 185 188 (-20 -544 0 ) (0 -544 0 ) (0 -544 128 ) (-20 -544 128 ) 
4 185 186 (-20 -544 32 ) (-20 -544 128 ) (-20 -528 128 ) (-20 -528 32 ) 
4 186 189 (-148 -544 128 ) (-228 -544 128 ) (-228 -544 32 ) (-148 -544 32 ) 
4 186 188 (-20 -544 32 ) (-20 -544 128 ) (-148 -544 128 ) (-148 -544 32 ) 
4 186 192 (-228 -544 128 ) (-240 -544 128 ) (-240 -544 32 ) (-228 -544 32 ) 
4 186 187 (-240 -544 32 ) (-240 -544 128 ) (-240 -528 128 ) (-240 -528 32 ) 
4 187 192 (-244 -544 128 ) (-244 -544 0 ) (-240 -544 0 ) (-240 -544 128 ) 
4 188 193 (-148 -656 0 ) (0 -656 0 ) (0 -656 128 ) (-148 -656 128 ) 
4 188 190 (-148 -640 16 ) (-148 -640 128 ) (-148 -592 128 ) (-148 -592 16 ) 
4 188 189 (-148 -544 128 ) (-148 -544 0 ) (-148 -592 0 ) (-148 -592 128 ) 
4 188 191 (-148 -640 0 ) (-148 -656 0 ) (-148 -656 128 ) (-148 -640 128 ) 
4 189 190 (-228 -592 128 ) (-228 -592 16 ) (-148 -592 16 ) (-148 -592 128 ) 
4 189 192 (-228 -544 128 ) (-228 -544 0 ) (-228 -592 0 ) (-228 -592 128 ) 
4 190 192 (-228 -640 16 ) (-228 -640 128 ) (-228 -592 128 ) (-228 -592 16 ) 
4 190 191 (-228 -640 128 ) (-228 -640 16 ) (-148 -640 16 ) (-148 -640 128 ) 
4 191 194 (-148 -656 16 ) (-148 -656 128 ) (-228 -656 128 ) (-228 -656 16 ) 
4 191 192 (-228 -640 0 ) (-228 -656 0 ) (-228 -656 128 ) (-228 -640 128 ) 
4 192 196 (-244 -656 128 ) (-244 -656 0 ) (-228 -656 0 ) (-228 -656 128 ) 
4 193 201 (-148 -736 0 ) (-64 -736 0 ) (-64 -736 16 ) (-148 -736 16 ) 
4 193 200 (-56 -736 0 ) (0 -736 0 ) (0 -736 16 ) (-56 -736 16 ) 
4 193 198 (-52 -736 128 ) (-148 -736 128 ) (-148 -736 24 ) (-52 -736 24 ) 
4 193 197 (0 -736 16 ) (0 -736 128 ) (-52 -736 128 ) (-52 -736 16 ) 
4 193 194 (-148 -656 128 ) (-148 -656 16 ) (-148 -704 16 ) (-148 -704 128 ) 
4 193 195 (-148 -704 0 ) (-148 -736 0 ) (-148 -736 128 ) (-148 -704 128 ) 
4 194 195 (-228 -704 128 ) (-228 -704 16 ) (-148 -704 16 ) (-148 -704 128 ) 
4 194 196 (-228 -656 128 ) (-228 -656 16 ) (-228 -704 16 ) (-228 -704 128 ) 
4 195 201 (-184 -736 0 ) (-148 -736 0 ) (-148 -736 16 ) (-184 -736 16 ) 
4 195 202 (-228 -736 0 ) (-192 -736 0 ) (-192 -736 16 ) (-228 -736 16 ) 
4 195 198 (-148 -736 24 ) (-148 -736 128 ) (-196 -736 128 ) (-196 -736 24 ) 
4 195 199 (-196 -736 128 ) (-228 -736 128 ) (-228 -736 16 ) (-196 -736 16 ) 
4 195 196 (-228 -704 0 ) (-228 -736 0 ) (-228 -736 128 ) (-228 -704 128 ) 
4 196 202 (-244 -736 16 ) (-244 -736 0 ) (-228 -736 0 ) (-228 -736 16 ) 
4 196 199 (-244 -736 128 ) (-244 -736 16 ) (-228 -736 16 ) (-228 -736 128 ) 
4 197 204 (0 -752 32 ) (0 -752 96 ) (-52 -752 96 ) (-52 -752 32 ) 
4 197 200 (-52 -744 16 ) (-52 -736 16 ) (0 -736 16 ) (0 -744 16 ) 
4 197 203 (0 -752 16 ) (-52 -752 16 ) (-52 -744 16 ) (0 -744 16 ) 
4 197 198 (-52 -736 128 ) (-52 -736 24 ) (-52 -752 24 ) (-52 -752 128 ) 
4 198 204 (-52 -752 32 ) (-52 -752 96 ) (-196 -752 96 ) (-196 -752 32 ) 
4 198 199 (-196 -736 128 ) (-196 -736 24 ) (-196 -752 24 ) (-196 -752 128 ) 
4 199 204 (-228 -752 32 ) (-196 -752 32 ) (-196 -752 96 ) (-228 -752 96 ) 
4 199 202 (-244 -744 16 ) (-244 -736 16 ) (-196 -736 16 ) (-196 -744 16 ) 
4 199 203 (-196 -752 16 ) (-244 -752 16 ) (-244 -744 16 ) (-196 -744 16 ) 
4 200 203 (0 -744 16 ) (-56 -744 16 ) (-56 -744 0 ) (0 -744 0 ) 
4 201 203 (-64 -744 16 ) (-184 -744 16 ) (-184 -744 0 ) (-64 -744 0 ) 
4 202 203 (-192 -744 16 ) (-244 -744 16 ) (-244 -744 0 ) (-192 -744 0 ) 
4 204 206 (0 -768 32 ) (0 -768 96 ) (-228 -768 96 ) (-228 -768 32 ) 
4 205 206 (-404 -768 0 ) (-260 -768 0 ) (-260 -768 128 ) (-404 -768 128 ) 
4 206 208 (0 -976 40 ) (0 -976 256 ) (-404 -976 256 ) (-404 -976 40 ) 
4 206 207 (0 -976 0 ) (-404 -976 0 ) (-404 -912 0 ) (0 -912 0 ) 
4 208 209 (0 -992 40 ) (0 -992 256 ) (-404 -992 256 ) (-404 -992 40 ) 
4 209 210 (0 -1024 -8 ) (0 -1024 256 ) (-404 -1024 256 ) (-404 -1024 -8 ) 
