


materialPath: F:\Program Files\SteamLibrary\steamapps\common\GarrysMod\garrysmod\materials
Loading f:\mapsrc\gm_barkvagen7.vmf
ConVarRef mat_reduceparticles doesn't point to an existing ConVar
fixing up env_cubemap materials on brush sides...
0...1...2...3...4...5...6...7...8...9...10**** leaked ****
Entity func_button (11.00 -408.00 188.00) leaked!
Processing areas...done (0)
Building Faces...done (0)
Chop Details...done (0)
Find Visible Detail Sides...
Merged 8 detail faces...done (0)
Merging details...done (0)
FixTjuncs...
PruneNodes...
WriteBSP...
NODRAW on terrain surface!
NODRAW on terrain surface!
NODRAW on terrain surface!
NODRAW on terrain surface!
NODRAW on terrain surface!
done (0)
Creating default LDR cubemaps for env_cubemap using skybox materials:
   skybox/sky_day01_01_hdr*.vmt
 ! Run buildcubemaps in the engine to get the correct cube maps.
*** Error: Skybox vtf files for skybox/sky_day01_01_hdr weren't compiled with the same size texture and/or same flags!
Can't load skybox file skybox/sky_day01_01_hdr to build the default cubemap!
Finding displacement neighbors...
Finding lightmap sample positions...
Displacement Alpha : 0...1...2...3...4...5...6...7...8...9...10
Building Physics collision data...
done (0) (136240 bytes)
Placing detail props : 0...1...2...3...4...5...6...7...8...9...10
Compacting texture/material tables...
Reduced 415 texinfos to 218
Reduced 55 texdatas to 44 (2042 bytes to 1768)
Writing f:\mapsrc\gm_barkvagen7.bsp
1 second elapsed



8 threads
reading f:\mapsrc\gm_barkvagen7.bsp
reading f:\mapsrc\gm_barkvagen7.prt
LoadPortals: couldn't read f:\mapsrc\gm_barkvagen7.prt



[Reading texlights from 'lights.rad']
[45 texlights parsed from 'lights.rad']

Loading f:\mapsrc\gm_barkvagen7.bsp
PREP OK
No vis information, direct lighting only.
1447 faces
112646 square feet [16221055.00 square inches]
6 Displacements
28 Square Feet [4170.30 Square Inches]
7 direct lights
0...1...2...3...4...5...6...7...8...9...10Build Patch/Sample Hash Table(s).....Done<0.0035 sec>
0...1...2...3...4...5...6...7...8...9...10FinalLightFace Done
0 of 0 (0% of) surface lights went in leaf ambient cubes.
0...1...2...3...4...5...6...7...8...9...10Writing leaf ambient...done
Ready to Finish

Object names       Objects/Maxobjs  Memory / Maxmem  Fullness 
------------       ---------------  ---------------  -------- 
models                  13/4096          624/196608   ( 0.3%) 
brushes                387/16384        4644/196608   ( 2.4%) 
brushsides            2397/65536       19176/524288   ( 3.7%) 
planes                 776/65536       15520/1310720  ( 1.2%) 
vertexes              2433/65536       29196/786432   ( 3.7%) 
nodes                  931/65536       29792/2097152  ( 1.4%) 
texinfos               218/12288       15696/884736   ( 1.8%) 
texdata                 44/2048         1408/65536    ( 2.1%) 
dispinfos                6/0            1056/0        ( 0.0%) 
disp_verts             150/0            3000/0        ( 0.0%) 
disp_tris              192/0             384/0        ( 0.0%) 
disp_lmsamples         352/0             352/0        ( 0.0%) 
faces                 1447/65536       81032/3670016  ( 2.2%) 
hdr faces                0/65536           0/3670016  ( 0.0%) 
origfaces             1058/65536       59248/3670016  ( 1.6%) 
leaves                 945/65536       30240/2097152  ( 1.4%) 
leaffaces             1612/65536        3224/131072   ( 2.5%) 
leafbrushes            625/65536        1250/131072   ( 1.0%) 
areas                    2/1024           16/8192     ( 0.2%) 
surfedges            11311/512000      45244/2048000  ( 2.2%) 
edges                 6758/256000      27032/1024000  ( 2.6%) 
LDR worldlights          7/8192          616/720896   ( 0.1%) 
HDR worldlights          0/8192            0/720896   ( 0.0%) 
leafwaterdata            0/32768           0/393216   ( 0.0%) 
waterstrips            174/32768        1740/327680   ( 0.5%) 
waterverts               0/65536           0/786432   ( 0.0%) 
waterindices          2922/65536        5844/131072   ( 4.5%) 
cubemapsamples           4/1024           64/16384    ( 0.4%) 
overlays                 0/512             0/180224   ( 0.0%) 
LDR lightdata         [variable]     1026152/0        ( 0.0%) 
HDR lightdata         [variable]           0/0        ( 0.0%) 
visdata               [variable]           0/16777216 ( 0.0%) 
entdata               [variable]       12886/393216   ( 3.3%) 
LDR ambient table      945/65536        3780/262144   ( 1.4%) 
HDR ambient table      945/65536        3780/262144   ( 1.4%) 
LDR leaf ambient      2974/65536       83272/1835008  ( 4.5%) 
HDR leaf ambient       945/65536       26460/1835008  ( 1.4%) 
occluders                0/0               0/0        ( 0.0%) 
occluder polygons        0/0               0/0        ( 0.0%) 
occluder vert ind        0/0               0/0        ( 0.0%) 
detail props          [variable]           1/12       ( 8.3%) 
static props          [variable]           1/926      ( 0.1%) 
pakfile               [variable]      133858/0        ( 0.0%) 
physics               [variable]      136240/4194304  ( 3.2%) 
physics terrain       [variable]         376/1048576  ( 0.0%) 

Level flags = 0

Total triangle count: 4188
Writing f:\mapsrc\gm_barkvagen7.bsp
7 seconds elapsed



[Reading texlights from 'lights.rad']
[45 texlights parsed from 'lights.rad']

Loading f:\mapsrc\gm_barkvagen7.bsp
PREP OK
No vis information, direct lighting only.
1447 faces
112646 square feet [16221055.00 square inches]
6 Displacements
28 Square Feet [4170.30 Square Inches]
7 direct lights
0...1...2...3...4...5...6...7...8...9...10Build Patch/Sample Hash Table(s).....Done<0.0018 sec>
0...1...2...3...4...5...6...7...8...9...10FinalLightFace Done
0 of 0 (0% of) surface lights went in leaf ambient cubes.
0...1...2...3...4...5...6...7...8...9...10Writing leaf ambient...done
Ready to Finish

Object names       Objects/Maxobjs  Memory / Maxmem  Fullness 
------------       ---------------  ---------------  -------- 
models                  13/4096          624/196608   ( 0.3%) 
brushes                387/16384        4644/196608   ( 2.4%) 
brushsides            2397/65536       19176/524288   ( 3.7%) 
planes                 776/65536       15520/1310720  ( 1.2%) 
vertexes              2433/65536       29196/786432   ( 3.7%) 
nodes                  931/65536       29792/2097152  ( 1.4%) 
texinfos               218/12288       15696/884736   ( 1.8%) 
texdata                 44/2048         1408/65536    ( 2.1%) 
dispinfos                6/0            1056/0        ( 0.0%) 
disp_verts             150/0            3000/0        ( 0.0%) 
disp_tris              192/0             384/0        ( 0.0%) 
disp_lmsamples         352/0             352/0        ( 0.0%) 
faces                 1447/65536       81032/3670016  ( 2.2%) 
hdr faces             1447/65536       81032/3670016  ( 2.2%) 
origfaces             1058/65536       59248/3670016  ( 1.6%) 
leaves                 945/65536       30240/2097152  ( 1.4%) 
leaffaces             1612/65536        3224/131072   ( 2.5%) 
leafbrushes            625/65536        1250/131072   ( 1.0%) 
areas                    2/1024           16/8192     ( 0.2%) 
surfedges            11311/512000      45244/2048000  ( 2.2%) 
edges                 6758/256000      27032/1024000  ( 2.6%) 
LDR worldlights          7/8192          616/720896   ( 0.1%) 
HDR worldlights          7/8192          616/720896   ( 0.1%) 
leafwaterdata            0/32768           0/393216   ( 0.0%) 
waterstrips            174/32768        1740/327680   ( 0.5%) 
waterverts               0/65536           0/786432   ( 0.0%) 
waterindices          2922/65536        5844/131072   ( 4.5%) 
cubemapsamples           4/1024           64/16384    ( 0.4%) 
overlays                 0/512             0/180224   ( 0.0%) 
LDR lightdata         [variable]     1026152/0        ( 0.0%) 
HDR lightdata         [variable]     1026152/0        ( 0.0%) 
visdata               [variable]           0/16777216 ( 0.0%) 
entdata               [variable]       12886/393216   ( 3.3%) 
LDR ambient table      945/65536        3780/262144   ( 1.4%) 
HDR ambient table      945/65536        3780/262144   ( 1.4%) 
LDR leaf ambient      2974/65536       83272/1835008  ( 4.5%) 
HDR leaf ambient      2974/65536       83272/1835008  ( 4.5%) 
occluders                0/0               0/0        ( 0.0%) 
occluder polygons        0/0               0/0        ( 0.0%) 
occluder vert ind        0/0               0/0        ( 0.0%) 
detail props          [variable]           1/12       ( 8.3%) 
static props          [variable]           1/926      ( 0.1%) 
pakfile               [variable]      133858/0        ( 0.0%) 
physics               [variable]      136240/4194304  ( 3.2%) 
physics terrain       [variable]         376/1048576  ( 0.0%) 

Level flags = 0

Total triangle count: 4188
Writing f:\mapsrc\gm_barkvagen7.bsp
7 seconds elapsed



materialPath: F:\Program Files\SteamLibrary\steamapps\common\GarrysMod\garrysmod\materials
Loading f:\mapsrc\gm_barkvagen7.vmf
ConVarRef mat_reduceparticles doesn't point to an existing ConVar
fixing up env_cubemap materials on brush sides...
0...1...2...3...4...5...6...7...8...9...10**** leaked ****
Entity func_button (11.00 -408.00 188.00) leaked!
Processing areas...done (0)
Building Faces...done (0)
Chop Details...done (0)
Find Visible Detail Sides...
Merged 8 detail faces...done (0)
Merging details...done (0)
FixTjuncs...
PruneNodes...
WriteBSP...
NODRAW on terrain surface!
NODRAW on terrain surface!
NODRAW on terrain surface!
NODRAW on terrain surface!
NODRAW on terrain surface!
done (0)
Creating default LDR cubemaps for env_cubemap using skybox materials:
   skybox/sky_day01_01_hdr*.vmt
 ! Run buildcubemaps in the engine to get the correct cube maps.
*** Error: Skybox vtf files for skybox/sky_day01_01_hdr weren't compiled with the same size texture and/or same flags!
Can't load skybox file skybox/sky_day01_01_hdr to build the default cubemap!
Finding displacement neighbors...
Finding lightmap sample positions...
Displacement Alpha : 0...1...2...3...4...5...6...7...8...9...10
Building Physics collision data...
done (0) (136240 bytes)
Placing detail props : 0...1...2...3...4...5...6...7...8...9...10
Compacting texture/material tables...
Reduced 415 texinfos to 218
Reduced 55 texdatas to 44 (2042 bytes to 1768)
Writing f:\mapsrc\gm_barkvagen7.bsp
0 seconds elapsed



8 threads
reading f:\mapsrc\gm_barkvagen7.bsp
reading f:\mapsrc\gm_barkvagen7.prt
LoadPortals: couldn't read f:\mapsrc\gm_barkvagen7.prt



[Reading texlights from 'lights.rad']
[45 texlights parsed from 'lights.rad']

Loading f:\mapsrc\gm_barkvagen7.bsp
PREP OK
No vis information, direct lighting only.
1447 faces
112646 square feet [16221055.00 square inches]
6 Displacements
28 Square Feet [4170.30 Square Inches]
7 direct lights
0...1...2...3...4...5...6...7...8...9...10Build Patch/Sample Hash Table(s).....Done<0.0018 sec>
0...1...2...3...4...5...6...7...8...9...10FinalLightFace Done
0 of 0 (0% of) surface lights went in leaf ambient cubes.
0...1...2...3...4...5...6...7...8...9...10Writing leaf ambient...done
Ready to Finish

Object names       Objects/Maxobjs  Memory / Maxmem  Fullness 
------------       ---------------  ---------------  -------- 
models                  13/4096          624/196608   ( 0.3%) 
brushes                387/16384        4644/196608   ( 2.4%) 
brushsides            2397/65536       19176/524288   ( 3.7%) 
planes                 776/65536       15520/1310720  ( 1.2%) 
vertexes              2433/65536       29196/786432   ( 3.7%) 
nodes                  931/65536       29792/2097152  ( 1.4%) 
texinfos               218/12288       15696/884736   ( 1.8%) 
texdata                 44/2048         1408/65536    ( 2.1%) 
dispinfos                6/0            1056/0        ( 0.0%) 
disp_verts             150/0            3000/0        ( 0.0%) 
disp_tris              192/0             384/0        ( 0.0%) 
disp_lmsamples         352/0             352/0        ( 0.0%) 
faces                 1447/65536       81032/3670016  ( 2.2%) 
hdr faces                0/65536           0/3670016  ( 0.0%) 
origfaces             1058/65536       59248/3670016  ( 1.6%) 
leaves                 945/65536       30240/2097152  ( 1.4%) 
leaffaces             1612/65536        3224/131072   ( 2.5%) 
leafbrushes            625/65536        1250/131072   ( 1.0%) 
areas                    2/1024           16/8192     ( 0.2%) 
surfedges            11311/512000      45244/2048000  ( 2.2%) 
edges                 6758/256000      27032/1024000  ( 2.6%) 
LDR worldlights          7/8192          616/720896   ( 0.1%) 
HDR worldlights          0/8192            0/720896   ( 0.0%) 
leafwaterdata            0/32768           0/393216   ( 0.0%) 
waterstrips            174/32768        1740/327680   ( 0.5%) 
waterverts               0/65536           0/786432   ( 0.0%) 
waterindices          2922/65536        5844/131072   ( 4.5%) 
cubemapsamples           4/1024           64/16384    ( 0.4%) 
overlays                 0/512             0/180224   ( 0.0%) 
LDR lightdata         [variable]     1026152/0        ( 0.0%) 
HDR lightdata         [variable]           0/0        ( 0.0%) 
visdata               [variable]           0/16777216 ( 0.0%) 
entdata               [variable]       12886/393216   ( 3.3%) 
LDR ambient table      945/65536        3780/262144   ( 1.4%) 
HDR ambient table      945/65536        3780/262144   ( 1.4%) 
LDR leaf ambient      2977/65536       83356/1835008  ( 4.5%) 
HDR leaf ambient       945/65536       26460/1835008  ( 1.4%) 
occluders                0/0               0/0        ( 0.0%) 
occluder polygons        0/0               0/0        ( 0.0%) 
occluder vert ind        0/0               0/0        ( 0.0%) 
detail props          [variable]           1/12       ( 8.3%) 
static props          [variable]           1/926      ( 0.1%) 
pakfile               [variable]      133858/0        ( 0.0%) 
physics               [variable]      136240/4194304  ( 3.2%) 
physics terrain       [variable]         376/1048576  ( 0.0%) 

Level flags = 0

Total triangle count: 4188
Writing f:\mapsrc\gm_barkvagen7.bsp
7 seconds elapsed



[Reading texlights from 'lights.rad']
[45 texlights parsed from 'lights.rad']

Loading f:\mapsrc\gm_barkvagen7.bsp
PREP OK
No vis information, direct lighting only.
1447 faces
112646 square feet [16221055.00 square inches]
6 Displacements
28 Square Feet [4170.30 Square Inches]
7 direct lights
0...1...2...3...4...5...6...7...8...9...10Build Patch/Sample Hash Table(s).....Done<0.0018 sec>
0...1...2...3...4...5...6...7...8...9...10FinalLightFace Done
0 of 0 (0% of) surface lights went in leaf ambient cubes.
0...1...2...3...4...5...6...7...8...9...10Writing leaf ambient...done
Ready to Finish

Object names       Objects/Maxobjs  Memory / Maxmem  Fullness 
------------       ---------------  ---------------  -------- 
models                  13/4096          624/196608   ( 0.3%) 
brushes                387/16384        4644/196608   ( 2.4%) 
brushsides            2397/65536       19176/524288   ( 3.7%) 
planes                 776/65536       15520/1310720  ( 1.2%) 
vertexes              2433/65536       29196/786432   ( 3.7%) 
nodes                  931/65536       29792/2097152  ( 1.4%) 
texinfos               218/12288       15696/884736   ( 1.8%) 
texdata                 44/2048         1408/65536    ( 2.1%) 
dispinfos                6/0            1056/0        ( 0.0%) 
disp_verts             150/0            3000/0        ( 0.0%) 
disp_tris              192/0             384/0        ( 0.0%) 
disp_lmsamples         352/0             352/0        ( 0.0%) 
faces                 1447/65536       81032/3670016  ( 2.2%) 
hdr faces             1447/65536       81032/3670016  ( 2.2%) 
origfaces             1058/65536       59248/3670016  ( 1.6%) 
leaves                 945/65536       30240/2097152  ( 1.4%) 
leaffaces             1612/65536        3224/131072   ( 2.5%) 
leafbrushes            625/65536        1250/131072   ( 1.0%) 
areas                    2/1024           16/8192     ( 0.2%) 
surfedges            11311/512000      45244/2048000  ( 2.2%) 
edges                 6758/256000      27032/1024000  ( 2.6%) 
LDR worldlights          7/8192          616/720896   ( 0.1%) 
HDR worldlights          7/8192          616/720896   ( 0.1%) 
leafwaterdata            0/32768           0/393216   ( 0.0%) 
waterstrips            174/32768        1740/327680   ( 0.5%) 
waterverts               0/65536           0/786432   ( 0.0%) 
waterindices          2922/65536        5844/131072   ( 4.5%) 
cubemapsamples           4/1024           64/16384    ( 0.4%) 
overlays                 0/512             0/180224   ( 0.0%) 
LDR lightdata         [variable]     1026152/0        ( 0.0%) 
HDR lightdata         [variable]     1026152/0        ( 0.0%) 
visdata               [variable]           0/16777216 ( 0.0%) 
entdata               [variable]       12886/393216   ( 3.3%) 
LDR ambient table      945/65536        3780/262144   ( 1.4%) 
HDR ambient table      945/65536        3780/262144   ( 1.4%) 
LDR leaf ambient      2977/65536       83356/1835008  ( 4.5%) 
HDR leaf ambient      2977/65536       83356/1835008  ( 4.5%) 
occluders                0/0               0/0        ( 0.0%) 
occluder polygons        0/0               0/0        ( 0.0%) 
occluder vert ind        0/0               0/0        ( 0.0%) 
detail props          [variable]           1/12       ( 8.3%) 
static props          [variable]           1/926      ( 0.1%) 
pakfile               [variable]      133858/0        ( 0.0%) 
physics               [variable]      136240/4194304  ( 3.2%) 
physics terrain       [variable]         376/1048576  ( 0.0%) 

Level flags = 0

Total triangle count: 4188
Writing f:\mapsrc\gm_barkvagen7.bsp
7 seconds elapsed



materialPath: F:\Program Files\SteamLibrary\steamapps\common\GarrysMod\garrysmod\materials
Loading F:\mapsrc\gm_barkvagen7.vmf
ConVarRef mat_reduceparticles doesn't point to an existing ConVar
fixing up env_cubemap materials on brush sides...
0...1...2...3...4...5...6...7...8...9...10**** leaked ****
Entity func_button (11.00 -408.00 188.00) leaked!
Processing areas...done (0)
Building Faces...done (0)
Chop Details...done (0)
Find Visible Detail Sides...
Merged 8 detail faces...done (0)
Merging details...done (0)
FixTjuncs...
PruneNodes...
WriteBSP...
NODRAW on terrain surface!
NODRAW on terrain surface!
NODRAW on terrain surface!
NODRAW on terrain surface!
NODRAW on terrain surface!
done (0)
Creating default LDR cubemaps for env_cubemap using skybox materials:
   skybox/sky_day01_01_hdr*.vmt
 ! Run buildcubemaps in the engine to get the correct cube maps.
*** Error: Skybox vtf files for skybox/sky_day01_01_hdr weren't compiled with the same size texture and/or same flags!
Can't load skybox file skybox/sky_day01_01_hdr to build the default cubemap!
Finding displacement neighbors...
Finding lightmap sample positions...
Displacement Alpha : 0...1...2...3...4...5...6...7...8...9...10
Building Physics collision data...
done (0) (136240 bytes)
Placing detail props : 0...1...2...3...4...5...6...7...8...9...10
Compacting texture/material tables...
Reduced 416 texinfos to 219
Reduced 55 texdatas to 44 (2042 bytes to 1768)
Writing F:\mapsrc\gm_barkvagen7.bsp
0 seconds elapsed



materialPath: F:\Program Files\SteamLibrary\steamapps\common\GarrysMod\garrysmod\materials
Loading f:\mapsrc\gm_barkvagen7.vmf
ConVarRef mat_reduceparticles doesn't point to an existing ConVar
fixing up env_cubemap materials on brush sides...
0...1...2...3...4...5...6...7...8...9...100...1...2...3...4...5...6...7...8...9...10Processing areas...done (0)
Building Faces...done (0)
Chop Details...done (0)
Find Visible Detail Sides...
Merged 8 detail faces...done (0)
Merging details...done (0)
FixTjuncs...
PruneNodes...
WriteBSP...
NODRAW on terrain surface!
NODRAW on terrain surface!
NODRAW on terrain surface!
NODRAW on terrain surface!
NODRAW on terrain surface!
done (0)
writing f:\mapsrc\gm_barkvagen7.prt...Building visibility clusters...
done (0)
Creating default LDR cubemaps for env_cubemap using skybox materials:
   skybox/sky_day01_01_hdr*.vmt
 ! Run buildcubemaps in the engine to get the correct cube maps.
*** Error: Skybox vtf files for skybox/sky_day01_01_hdr weren't compiled with the same size texture and/or same flags!
Can't load skybox file skybox/sky_day01_01_hdr to build the default cubemap!
Finding displacement neighbors...
Finding lightmap sample positions...
Displacement Alpha : 0...1...2...3...4...5...6...7...8...9...10
Building Physics collision data...
done (0) (136192 bytes)
Placing detail props : 0...1...2...3...4...5...6...7...8...9...10
Compacting texture/material tables...
Reduced 416 texinfos to 205
Reduced 55 texdatas to 44 (2042 bytes to 1768)
Writing f:\mapsrc\gm_barkvagen7.bsp
0 seconds elapsed



8 threads
reading f:\mapsrc\gm_barkvagen7.bsp
reading f:\mapsrc\gm_barkvagen7.prt
 209 portalclusters
 452 numportals
0...1...2...3...4...5...6...7...8...9...100...1...2...3...4...5...6...7...8...9...10Optimized: 116 visible clusters (1.03%)
Total clusters visible: 11257
Average clusters visible: 53
Building PAS...
Average clusters audible: 173
visdatasize:11790  compressed from 13376
writing f:\mapsrc\gm_barkvagen7.bsp
0 seconds elapsed



[Reading texlights from 'lights.rad']
[45 texlights parsed from 'lights.rad']

Loading f:\mapsrc\gm_barkvagen7.bsp
PREP OK
949 faces
64620 square feet [9305412.00 square inches]
6 Displacements
28 Square Feet [4170.30 Square Inches]
949 patches before subdivision
9709 patches after subdivision
7 direct lights
0...1...2...3...4...5...6...7...8...9...100...1...2...3...4...5...6...7...8...9...10transfers 743955, max 340
transfer lists:   5.7 megs
0...1...2...3...4...5...6...7...8...9...10	Bounce #1 added RGB(2038, 1591, 1087)
0...1...2...3...4...5...6...7...8...9...10	Bounce #2 added RGB(419, 277, 135)
0...1...2...3...4...5...6...7...8...9...10	Bounce #3 added RGB(113, 64, 23)
0...1...2...3...4...5...6...7...8...9...10	Bounce #4 added RGB(32, 15, 4)
0...1...2...3...4...5...6...7...8...9...10	Bounce #5 added RGB(9, 4, 1)
0...1...2...3...4...5...6...7...8...9...10	Bounce #6 added RGB(3, 1, 0)
0...1...2...3...4...5...6...7...8...9...10	Bounce #7 added RGB(1, 0, 0)
Build Patch/Sample Hash Table(s).....Done<0.0015 sec>
0...1...2...3...4...5...6...7...8...9...10FinalLightFace Done
0 of 0 (0% of) surface lights went in leaf ambient cubes.
0...1...2...3...4...5...6...7...8...9...10Writing leaf ambient...done
Ready to Finish

Object names       Objects/Maxobjs  Memory / Maxmem  Fullness 
------------       ---------------  ---------------  -------- 
models                  13/4096          624/196608   ( 0.3%) 
brushes                387/16384        4644/196608   ( 2.4%) 
brushsides            2397/65536       19176/524288   ( 3.7%) 
planes                 776/65536       15520/1310720  ( 1.2%) 
vertexes              1869/65536       22428/786432   ( 2.9%) 
nodes                  620/65536       19840/2097152  ( 0.9%) 
texinfos               205/12288       14760/884736   ( 1.7%) 
texdata                 44/2048         1408/65536    ( 2.1%) 
dispinfos                6/0            1056/0        ( 0.0%) 
disp_verts             150/0            3000/0        ( 0.0%) 
disp_tris              192/0             384/0        ( 0.0%) 
disp_lmsamples         352/0             352/0        ( 0.0%) 
faces                  949/65536       53144/3670016  ( 1.4%) 
hdr faces                0/65536           0/3670016  ( 0.0%) 
origfaces              692/65536       38752/3670016  ( 1.1%) 
leaves                 634/65536       20288/2097152  ( 1.0%) 
leaffaces             1089/65536        2178/131072   ( 1.7%) 
leafbrushes            675/65536        1350/131072   ( 1.0%) 
areas                    2/1024           16/8192     ( 0.2%) 
surfedges             7299/512000      29196/2048000  ( 1.4%) 
edges                 4515/256000      18060/1024000  ( 1.8%) 
LDR worldlights          7/8192          616/720896   ( 0.1%) 
HDR worldlights          0/8192            0/720896   ( 0.0%) 
leafwaterdata            0/32768           0/393216   ( 0.0%) 
waterstrips             81/32768         810/327680   ( 0.2%) 
waterverts               0/65536           0/786432   ( 0.0%) 
waterindices          1395/65536        2790/131072   ( 2.1%) 
cubemapsamples           4/1024           64/16384    ( 0.4%) 
overlays                 0/512             0/180224   ( 0.0%) 
LDR lightdata         [variable]      671424/0        ( 0.0%) 
HDR lightdata         [variable]           0/0        ( 0.0%) 
visdata               [variable]       11790/16777216 ( 0.1%) 
entdata               [variable]       12886/393216   ( 3.3%) 
LDR ambient table      634/65536        2536/262144   ( 1.0%) 
HDR ambient table      634/65536        2536/262144   ( 1.0%) 
LDR leaf ambient      1324/65536       37072/1835008  ( 2.0%) 
HDR leaf ambient       634/65536       17752/1835008  ( 1.0%) 
occluders                0/0               0/0        ( 0.0%) 
occluder polygons        0/0               0/0        ( 0.0%) 
occluder vert ind        0/0               0/0        ( 0.0%) 
detail props          [variable]           1/12       ( 8.3%) 
static props          [variable]           1/924      ( 0.1%) 
pakfile               [variable]      133858/0        ( 0.0%) 
physics               [variable]      136192/4194304  ( 3.2%) 
physics terrain       [variable]         376/1048576  ( 0.0%) 

Level flags = 0

Total triangle count: 2632
Writing f:\mapsrc\gm_barkvagen7.bsp
4 seconds elapsed



[Reading texlights from 'lights.rad']
[45 texlights parsed from 'lights.rad']

Loading f:\mapsrc\gm_barkvagen7.bsp
PREP OK
949 faces
64620 square feet [9305412.00 square inches]
6 Displacements
28 Square Feet [4170.30 Square Inches]
949 patches before subdivision
9709 patches after subdivision
7 direct lights
0...1...2...3...4...5...6...7...8...9...100...1...2...3...4...5...6...7...8...9...10transfers 743955, max 340
transfer lists:   5.7 megs
0...1...2...3...4...5...6...7...8...9...10	Bounce #1 added RGB(2038, 1591, 1087)
0...1...2...3...4...5...6...7...8...9...10	Bounce #2 added RGB(419, 277, 135)
0...1...2...3...4...5...6...7...8...9...10	Bounce #3 added RGB(113, 64, 23)
0...1...2...3...4...5...6...7...8...9...10	Bounce #4 added RGB(32, 15, 4)
0...1...2...3...4...5...6...7...8...9...10	Bounce #5 added RGB(9, 4, 1)
0...1...2...3...4...5...6...7...8...9...10	Bounce #6 added RGB(3, 1, 0)
0...1...2...3...4...5...6...7...8...9...10	Bounce #7 added RGB(1, 0, 0)
Build Patch/Sample Hash Table(s).....Done<0.0015 sec>
0...1...2...3...4...5...6...7...8...9...10FinalLightFace Done
0 of 0 (0% of) surface lights went in leaf ambient cubes.
0...1...2...3...4...5...6...7...8...9...10Writing leaf ambient...done
Ready to Finish

Object names       Objects/Maxobjs  Memory / Maxmem  Fullness 
------------       ---------------  ---------------  -------- 
models                  13/4096          624/196608   ( 0.3%) 
brushes                387/16384        4644/196608   ( 2.4%) 
brushsides            2397/65536       19176/524288   ( 3.7%) 
planes                 776/65536       15520/1310720  ( 1.2%) 
vertexes              1869/65536       22428/786432   ( 2.9%) 
nodes                  620/65536       19840/2097152  ( 0.9%) 
texinfos               205/12288       14760/884736   ( 1.7%) 
texdata                 44/2048         1408/65536    ( 2.1%) 
dispinfos                6/0            1056/0        ( 0.0%) 
disp_verts             150/0            3000/0        ( 0.0%) 
disp_tris              192/0             384/0        ( 0.0%) 
disp_lmsamples         352/0             352/0        ( 0.0%) 
faces                  949/65536       53144/3670016  ( 1.4%) 
hdr faces              949/65536       53144/3670016  ( 1.4%) 
origfaces              692/65536       38752/3670016  ( 1.1%) 
leaves                 634/65536       20288/2097152  ( 1.0%) 
leaffaces             1089/65536        2178/131072   ( 1.7%) 
leafbrushes            675/65536        1350/131072   ( 1.0%) 
areas                    2/1024           16/8192     ( 0.2%) 
surfedges             7299/512000      29196/2048000  ( 1.4%) 
edges                 4515/256000      18060/1024000  ( 1.8%) 
LDR worldlights          7/8192          616/720896   ( 0.1%) 
HDR worldlights          7/8192          616/720896   ( 0.1%) 
leafwaterdata            0/32768           0/393216   ( 0.0%) 
waterstrips             81/32768         810/327680   ( 0.2%) 
waterverts               0/65536           0/786432   ( 0.0%) 
waterindices          1395/65536        2790/131072   ( 2.1%) 
cubemapsamples           4/1024           64/16384    ( 0.4%) 
overlays                 0/512             0/180224   ( 0.0%) 
LDR lightdata         [variable]      671424/0        ( 0.0%) 
HDR lightdata         [variable]      671424/0        ( 0.0%) 
visdata               [variable]       11790/16777216 ( 0.1%) 
entdata               [variable]       12886/393216   ( 3.3%) 
LDR ambient table      634/65536        2536/262144   ( 1.0%) 
HDR ambient table      634/65536        2536/262144   ( 1.0%) 
LDR leaf ambient      1324/65536       37072/1835008  ( 2.0%) 
HDR leaf ambient      1324/65536       37072/1835008  ( 2.0%) 
occluders                0/0               0/0        ( 0.0%) 
occluder polygons        0/0               0/0        ( 0.0%) 
occluder vert ind        0/0               0/0        ( 0.0%) 
detail props          [variable]           1/12       ( 8.3%) 
static props          [variable]           1/924      ( 0.1%) 
pakfile               [variable]      133858/0        ( 0.0%) 
physics               [variable]      136192/4194304  ( 3.2%) 
physics terrain       [variable]         376/1048576  ( 0.0%) 

Level flags = 0

Total triangle count: 2632
Writing f:\mapsrc\gm_barkvagen7.bsp
4 seconds elapsed



materialPath: F:\Program Files\SteamLibrary\steamapps\common\GarrysMod\garrysmod\materials
Loading f:\mapsrc\gm_barkvagen7.vmf
ConVarRef mat_reduceparticles doesn't point to an existing ConVar
fixing up env_cubemap materials on brush sides...
0...1...2...3...4...5...6...7...8...9...100...1...2...3...4...5...6...7...8...9...10Processing areas...done (0)
Building Faces...done (0)
Chop Details...done (0)
Find Visible Detail Sides...
Merged 8 detail faces...done (0)
Merging details...done (0)
FixTjuncs...
PruneNodes...
WriteBSP...
NODRAW on terrain surface!
NODRAW on terrain surface!
NODRAW on terrain surface!
NODRAW on terrain surface!
NODRAW on terrain surface!
done (0)
writing f:\mapsrc\gm_barkvagen7.prt...Building visibility clusters...
done (0)
Creating default LDR cubemaps for env_cubemap using skybox materials:
   skybox/sky_day01_01_hdr*.vmt
 ! Run buildcubemaps in the engine to get the correct cube maps.
*** Error: Skybox vtf files for skybox/sky_day01_01_hdr weren't compiled with the same size texture and/or same flags!
Can't load skybox file skybox/sky_day01_01_hdr to build the default cubemap!
Finding displacement neighbors...
Finding lightmap sample positions...
Displacement Alpha : 0...1...2...3...4...5...6...7...8...9...10
Building Physics collision data...
done (0) (136192 bytes)
Placing detail props : 0...1...2...3...4...5...6...7...8...9...10
Compacting texture/material tables...
Reduced 416 texinfos to 205
Reduced 55 texdatas to 44 (2042 bytes to 1768)
Writing f:\mapsrc\gm_barkvagen7.bsp
0 seconds elapsed



8 threads
reading f:\mapsrc\gm_barkvagen7.bsp
reading f:\mapsrc\gm_barkvagen7.prt
 209 portalclusters
 452 numportals
0...1...2...3...4...5...6...7...8...9...100...1...2...3...4...5...6...7...8...9...10Optimized: 121 visible clusters (1.07%)
Total clusters visible: 11262
Average clusters visible: 53
Building PAS...
Average clusters audible: 173
visdatasize:11790  compressed from 13376
writing f:\mapsrc\gm_barkvagen7.bsp
0 seconds elapsed



[Reading texlights from 'lights.rad']
[45 texlights parsed from 'lights.rad']

Loading f:\mapsrc\gm_barkvagen7.bsp
PREP OK
949 faces
64620 square feet [9305412.00 square inches]
6 Displacements
28 Square Feet [4170.30 Square Inches]
949 patches before subdivision
9709 patches after subdivision
7 direct lights
0...1...2...3...4...5...6...7...8...9...100...1...2...3...4...5...6...7...8...9...10transfers 743955, max 340
transfer lists:   5.7 megs
0...1...2...3...4...5...6...7...8...9...10	Bounce #1 added RGB(2038, 1591, 1087)
0...1...2...3...4...5...6...7...8...9...10	Bounce #2 added RGB(419, 277, 135)
0...1...2...3...4...5...6...7...8...9...10	Bounce #3 added RGB(113, 64, 23)
0...1...2...3...4...5...6...7...8...9...10	Bounce #4 added RGB(32, 15, 4)
0...1...2...3...4...5...6...7...8...9...10	Bounce #5 added RGB(9, 4, 1)
0...1...2...3...4...5...6...7...8...9...10	Bounce #6 added RGB(3, 1, 0)
0...1...2...3...4...5...6...7...8...9...10	Bounce #7 added RGB(1, 0, 0)
Build Patch/Sample Hash Table(s).....Done<0.0015 sec>
0...1...2...3...4...5...6...7...8...9...10FinalLightFace Done
0 of 0 (0% of) surface lights went in leaf ambient cubes.
0...1...2...3...4...5...6...7...8...9...10Writing leaf ambient...done
Ready to Finish

Object names       Objects/Maxobjs  Memory / Maxmem  Fullness 
------------       ---------------  ---------------  -------- 
models                  13/4096          624/196608   ( 0.3%) 
brushes                387/16384        4644/196608   ( 2.4%) 
brushsides            2397/65536       19176/524288   ( 3.7%) 
planes                 776/65536       15520/1310720  ( 1.2%) 
vertexes              1869/65536       22428/786432   ( 2.9%) 
nodes                  620/65536       19840/2097152  ( 0.9%) 
texinfos               205/12288       14760/884736   ( 1.7%) 
texdata                 44/2048         1408/65536    ( 2.1%) 
dispinfos                6/0            1056/0        ( 0.0%) 
disp_verts             150/0            3000/0        ( 0.0%) 
disp_tris              192/0             384/0        ( 0.0%) 
disp_lmsamples         352/0             352/0        ( 0.0%) 
faces                  949/65536       53144/3670016  ( 1.4%) 
hdr faces                0/65536           0/3670016  ( 0.0%) 
origfaces              692/65536       38752/3670016  ( 1.1%) 
leaves                 634/65536       20288/2097152  ( 1.0%) 
leaffaces             1089/65536        2178/131072   ( 1.7%) 
leafbrushes            675/65536        1350/131072   ( 1.0%) 
areas                    2/1024           16/8192     ( 0.2%) 
surfedges             7299/512000      29196/2048000  ( 1.4%) 
edges                 4515/256000      18060/1024000  ( 1.8%) 
LDR worldlights          7/8192          616/720896   ( 0.1%) 
HDR worldlights          0/8192            0/720896   ( 0.0%) 
leafwaterdata            0/32768           0/393216   ( 0.0%) 
waterstrips             81/32768         810/327680   ( 0.2%) 
waterverts               0/65536           0/786432   ( 0.0%) 
waterindices          1395/65536        2790/131072   ( 2.1%) 
cubemapsamples           4/1024           64/16384    ( 0.4%) 
overlays                 0/512             0/180224   ( 0.0%) 
LDR lightdata         [variable]      671424/0        ( 0.0%) 
HDR lightdata         [variable]           0/0        ( 0.0%) 
visdata               [variable]       11790/16777216 ( 0.1%) 
entdata               [variable]       12886/393216   ( 3.3%) 
LDR ambient table      634/65536        2536/262144   ( 1.0%) 
HDR ambient table      634/65536        2536/262144   ( 1.0%) 
LDR leaf ambient      1324/65536       37072/1835008  ( 2.0%) 
HDR leaf ambient       634/65536       17752/1835008  ( 1.0%) 
occluders                0/0               0/0        ( 0.0%) 
occluder polygons        0/0               0/0        ( 0.0%) 
occluder vert ind        0/0               0/0        ( 0.0%) 
detail props          [variable]           1/12       ( 8.3%) 
static props          [variable]           1/924      ( 0.1%) 
pakfile               [variable]      133858/0        ( 0.0%) 
physics               [variable]      136192/4194304  ( 3.2%) 
physics terrain       [variable]         376/1048576  ( 0.0%) 

Level flags = 0

Total triangle count: 2632
Writing f:\mapsrc\gm_barkvagen7.bsp
4 seconds elapsed



[Reading texlights from 'lights.rad']
[45 texlights parsed from 'lights.rad']

Loading f:\mapsrc\gm_barkvagen7.bsp
PREP OK
949 faces
64620 square feet [9305412.00 square inches]
6 Displacements
28 Square Feet [4170.30 Square Inches]
949 patches before subdivision
9709 patches after subdivision
7 direct lights
0...1...2...3...4...5...6...7...8...9...100...1...2...3...4...5...6...7...8...9...10transfers 743955, max 340
transfer lists:   5.7 megs
0...1...2...3...4...5...6...7...8...9...10	Bounce #1 added RGB(2038, 1591, 1087)
0...1...2...3...4...5...6...7...8...9...10	Bounce #2 added RGB(419, 277, 135)
0...1...2...3...4...5...6...7...8...9...10	Bounce #3 added RGB(113, 64, 23)
0...1...2...3...4...5...6...7...8...9...10	Bounce #4 added RGB(32, 15, 4)
0...1...2...3...4...5...6...7...8...9...10	Bounce #5 added RGB(9, 4, 1)
0...1...2...3...4...5...6...7...8...9...10	Bounce #6 added RGB(3, 1, 0)
0...1...2...3...4...5...6...7...8...9...10	Bounce #7 added RGB(1, 0, 0)
Build Patch/Sample Hash Table(s).....Done<0.0017 sec>
0...1...2...3...4...5...6...7...8...9...10FinalLightFace Done
0 of 0 (0% of) surface lights went in leaf ambient cubes.
0...1...2...3...4...5...6...7...8...9...10Writing leaf ambient...done
Ready to Finish

Object names       Objects/Maxobjs  Memory / Maxmem  Fullness 
------------       ---------------  ---------------  -------- 
models                  13/4096          624/196608   ( 0.3%) 
brushes                387/16384        4644/196608   ( 2.4%) 
brushsides            2397/65536       19176/524288   ( 3.7%) 
planes                 776/65536       15520/1310720  ( 1.2%) 
vertexes              1869/65536       22428/786432   ( 2.9%) 
nodes                  620/65536       19840/2097152  ( 0.9%) 
texinfos               205/12288       14760/884736   ( 1.7%) 
texdata                 44/2048         1408/65536    ( 2.1%) 
dispinfos                6/0            1056/0        ( 0.0%) 
disp_verts             150/0            3000/0        ( 0.0%) 
disp_tris              192/0             384/0        ( 0.0%) 
disp_lmsamples         352/0             352/0        ( 0.0%) 
faces                  949/65536       53144/3670016  ( 1.4%) 
hdr faces              949/65536       53144/3670016  ( 1.4%) 
origfaces              692/65536       38752/3670016  ( 1.1%) 
leaves                 634/65536       20288/2097152  ( 1.0%) 
leaffaces             1089/65536        2178/131072   ( 1.7%) 
leafbrushes            675/65536        1350/131072   ( 1.0%) 
areas                    2/1024           16/8192     ( 0.2%) 
surfedges             7299/512000      29196/2048000  ( 1.4%) 
edges                 4515/256000      18060/1024000  ( 1.8%) 
LDR worldlights          7/8192          616/720896   ( 0.1%) 
HDR worldlights          7/8192          616/720896   ( 0.1%) 
leafwaterdata            0/32768           0/393216   ( 0.0%) 
waterstrips             81/32768         810/327680   ( 0.2%) 
waterverts               0/65536           0/786432   ( 0.0%) 
waterindices          1395/65536        2790/131072   ( 2.1%) 
cubemapsamples           4/1024           64/16384    ( 0.4%) 
overlays                 0/512             0/180224   ( 0.0%) 
LDR lightdata         [variable]      671424/0        ( 0.0%) 
HDR lightdata         [variable]      671424/0        ( 0.0%) 
visdata               [variable]       11790/16777216 ( 0.1%) 
entdata               [variable]       12886/393216   ( 3.3%) 
LDR ambient table      634/65536        2536/262144   ( 1.0%) 
HDR ambient table      634/65536        2536/262144   ( 1.0%) 
LDR leaf ambient      1324/65536       37072/1835008  ( 2.0%) 
HDR leaf ambient      1324/65536       37072/1835008  ( 2.0%) 
occluders                0/0               0/0        ( 0.0%) 
occluder polygons        0/0               0/0        ( 0.0%) 
occluder vert ind        0/0               0/0        ( 0.0%) 
detail props          [variable]           1/12       ( 8.3%) 
static props          [variable]           1/924      ( 0.1%) 
pakfile               [variable]      133858/0        ( 0.0%) 
physics               [variable]      136192/4194304  ( 3.2%) 
physics terrain       [variable]         376/1048576  ( 0.0%) 

Level flags = 0

Total triangle count: 2632
Writing f:\mapsrc\gm_barkvagen7.bsp
4 seconds elapsed



materialPath: F:\Program Files\SteamLibrary\steamapps\common\GarrysMod\garrysmod\materials
Loading f:\mapsrc\gm_barkvagen7.vmf
ConVarRef mat_reduceparticles doesn't point to an existing ConVar
fixing up env_cubemap materials on brush sides...
0...1...2...3...4...5...6...7...8...9...100...1...2...3...4...5...6...7...8...9...10Processing areas...done (0)
Building Faces...done (0)
Chop Details...done (0)
Find Visible Detail Sides...
Merged 8 detail faces...done (0)
Merging details...done (0)
FixTjuncs...
PruneNodes...
WriteBSP...
NODRAW on terrain surface!
NODRAW on terrain surface!
NODRAW on terrain surface!
NODRAW on terrain surface!
NODRAW on terrain surface!
done (0)
writing f:\mapsrc\gm_barkvagen7.prt...Building visibility clusters...
done (0)
Creating default LDR cubemaps for env_cubemap using skybox materials:
   skybox/sky_day01_01_hdr*.vmt
 ! Run buildcubemaps in the engine to get the correct cube maps.
*** Error: Skybox vtf files for skybox/sky_day01_01_hdr weren't compiled with the same size texture and/or same flags!
Can't load skybox file skybox/sky_day01_01_hdr to build the default cubemap!
Finding displacement neighbors...
Finding lightmap sample positions...
Displacement Alpha : 0...1...2...3...4...5...6...7...8...9...10
Building Physics collision data...
done (0) (137496 bytes)
Placing detail props : 0...1...2...3...4...5...6...7...8...9...10
Compacting texture/material tables...
Reduced 440 texinfos to 214
Reduced 55 texdatas to 44 (2042 bytes to 1768)
Writing f:\mapsrc\gm_barkvagen7.bsp
0 seconds elapsed



8 threads
reading f:\mapsrc\gm_barkvagen7.bsp
reading f:\mapsrc\gm_barkvagen7.prt
 211 portalclusters
 440 numportals
0...1...2...3...4...5...6...7...8...9...100...1...2...3...4...5...6...7...8...9...10Optimized: 52 visible clusters (0.47%)
Total clusters visible: 11053
Average clusters visible: 52
Building PAS...
Average clusters audible: 172
visdatasize:11764  compressed from 13504
writing f:\mapsrc\gm_barkvagen7.bsp
0 seconds elapsed



[Reading texlights from 'lights.rad']
[45 texlights parsed from 'lights.rad']

Loading f:\mapsrc\gm_barkvagen7.bsp
PREP OK
972 faces
64595 square feet [9301700.00 square inches]
6 Displacements
28 Square Feet [4170.30 Square Inches]
972 patches before subdivision
9720 patches after subdivision
7 direct lights
0...1...2...3...4...5...6...7...8...9...100...1...2...3...4...5...6...7...8...9...10transfers 746274, max 339
transfer lists:   5.7 megs
0...1...2...3...4...5...6...7...8...9...10	Bounce #1 added RGB(2050, 1602, 1096)
0...1...2...3...4...5...6...7...8...9...10	Bounce #2 added RGB(427, 283, 138)
0...1...2...3...4...5...6...7...8...9...10	Bounce #3 added RGB(115, 66, 24)
0...1...2...3...4...5...6...7...8...9...10	Bounce #4 added RGB(33, 16, 4)
0...1...2...3...4...5...6...7...8...9...10	Bounce #5 added RGB(10, 4, 1)
0...1...2...3...4...5...6...7...8...9...10	Bounce #6 added RGB(3, 1, 0)
0...1...2...3...4...5...6...7...8...9...10	Bounce #7 added RGB(1, 0, 0)
Build Patch/Sample Hash Table(s).....Done<0.0015 sec>
0...1...2...3...4...5...6...7...8...9...10FinalLightFace Done
0 of 0 (0% of) surface lights went in leaf ambient cubes.
0...1...2...3...4...5...6...7...8...9...10Writing leaf ambient...done
Ready to Finish

Object names       Objects/Maxobjs  Memory / Maxmem  Fullness 
------------       ---------------  ---------------  -------- 
models                  13/4096          624/196608   ( 0.3%) 
brushes                390/16384        4680/196608   ( 2.4%) 
brushsides            2415/65536       19320/524288   ( 3.7%) 
planes                 782/65536       15640/1310720  ( 1.2%) 
vertexes              1925/65536       23100/786432   ( 2.9%) 
nodes                  628/65536       20096/2097152  ( 1.0%) 
texinfos               214/12288       15408/884736   ( 1.7%) 
texdata                 44/2048         1408/65536    ( 2.1%) 
dispinfos                6/0            1056/0        ( 0.0%) 
disp_verts             150/0            3000/0        ( 0.0%) 
disp_tris              192/0             384/0        ( 0.0%) 
disp_lmsamples         352/0             352/0        ( 0.0%) 
faces                  972/65536       54432/3670016  ( 1.5%) 
hdr faces                0/65536           0/3670016  ( 0.0%) 
origfaces              703/65536       39368/3670016  ( 1.1%) 
leaves                 642/65536       20544/2097152  ( 1.0%) 
leaffaces             1113/65536        2226/131072   ( 1.7%) 
leafbrushes            697/65536        1394/131072   ( 1.1%) 
areas                    2/1024           16/8192     ( 0.2%) 
surfedges             7481/512000      29924/2048000  ( 1.5%) 
edges                 4624/256000      18496/1024000  ( 1.8%) 
LDR worldlights          7/8192          616/720896   ( 0.1%) 
HDR worldlights          0/8192            0/720896   ( 0.0%) 
leafwaterdata            0/32768           0/393216   ( 0.0%) 
waterstrips             85/32768         850/327680   ( 0.3%) 
waterverts               0/65536           0/786432   ( 0.0%) 
waterindices          1503/65536        3006/131072   ( 2.3%) 
cubemapsamples           4/1024           64/16384    ( 0.4%) 
overlays                 0/512             0/180224   ( 0.0%) 
LDR lightdata         [variable]      675800/0        ( 0.0%) 
HDR lightdata         [variable]           0/0        ( 0.0%) 
visdata               [variable]       11764/16777216 ( 0.1%) 
entdata               [variable]       12886/393216   ( 3.3%) 
LDR ambient table      642/65536        2568/262144   ( 1.0%) 
HDR ambient table      642/65536        2568/262144   ( 1.0%) 
LDR leaf ambient      1350/65536       37800/1835008  ( 2.1%) 
HDR leaf ambient       642/65536       17976/1835008  ( 1.0%) 
occluders                0/0               0/0        ( 0.0%) 
occluder polygons        0/0               0/0        ( 0.0%) 
occluder vert ind        0/0               0/0        ( 0.0%) 
detail props          [variable]           1/12       ( 8.3%) 
static props          [variable]           1/924      ( 0.1%) 
pakfile               [variable]      133858/0        ( 0.0%) 
physics               [variable]      137496/4194304  ( 3.3%) 
physics terrain       [variable]         376/1048576  ( 0.0%) 

Level flags = 0

Total triangle count: 2724
Writing f:\mapsrc\gm_barkvagen7.bsp
4 seconds elapsed



[Reading texlights from 'lights.rad']
[45 texlights parsed from 'lights.rad']

Loading f:\mapsrc\gm_barkvagen7.bsp
PREP OK
972 faces
64595 square feet [9301700.00 square inches]
6 Displacements
28 Square Feet [4170.30 Square Inches]
972 patches before subdivision
9720 patches after subdivision
7 direct lights
0...1...2...3...4...5...6...7...8...9...100...1...2...3...4...5...6...7...8...9...10transfers 746274, max 339
transfer lists:   5.7 megs
0...1...2...3...4...5...6...7...8...9...10	Bounce #1 added RGB(2050, 1602, 1096)
0...1...2...3...4...5...6...7...8...9...10	Bounce #2 added RGB(427, 283, 138)
0...1...2...3...4...5...6...7...8...9...10	Bounce #3 added RGB(115, 66, 24)
0...1...2...3...4...5...6...7...8...9...10	Bounce #4 added RGB(33, 16, 4)
0...1...2...3...4...5...6...7...8...9...10	Bounce #5 added RGB(10, 4, 1)
0...1...2...3...4...5...6...7...8...9...10	Bounce #6 added RGB(3, 1, 0)
0...1...2...3...4...5...6...7...8...9...10	Bounce #7 added RGB(1, 0, 0)
Build Patch/Sample Hash Table(s).....Done<0.0019 sec>
0...1...2...3...4...5...6...7...8...9...10FinalLightFace Done
0 of 0 (0% of) surface lights went in leaf ambient cubes.
0...1...2...3...4...5...6...7...8...9...10Writing leaf ambient...done
Ready to Finish

Object names       Objects/Maxobjs  Memory / Maxmem  Fullness 
------------       ---------------  ---------------  -------- 
models                  13/4096          624/196608   ( 0.3%) 
brushes                390/16384        4680/196608   ( 2.4%) 
brushsides            2415/65536       19320/524288   ( 3.7%) 
planes                 782/65536       15640/1310720  ( 1.2%) 
vertexes              1925/65536       23100/786432   ( 2.9%) 
nodes                  628/65536       20096/2097152  ( 1.0%) 
texinfos               214/12288       15408/884736   ( 1.7%) 
texdata                 44/2048         1408/65536    ( 2.1%) 
dispinfos                6/0            1056/0        ( 0.0%) 
disp_verts             150/0            3000/0        ( 0.0%) 
disp_tris              192/0             384/0        ( 0.0%) 
disp_lmsamples         352/0             352/0        ( 0.0%) 
faces                  972/65536       54432/3670016  ( 1.5%) 
hdr faces              972/65536       54432/3670016  ( 1.5%) 
origfaces              703/65536       39368/3670016  ( 1.1%) 
leaves                 642/65536       20544/2097152  ( 1.0%) 
leaffaces             1113/65536        2226/131072   ( 1.7%) 
leafbrushes            697/65536        1394/131072   ( 1.1%) 
areas                    2/1024           16/8192     ( 0.2%) 
surfedges             7481/512000      29924/2048000  ( 1.5%) 
edges                 4624/256000      18496/1024000  ( 1.8%) 
LDR worldlights          7/8192          616/720896   ( 0.1%) 
HDR worldlights          7/8192          616/720896   ( 0.1%) 
leafwaterdata            0/32768           0/393216   ( 0.0%) 
waterstrips             85/32768         850/327680   ( 0.3%) 
waterverts               0/65536           0/786432   ( 0.0%) 
waterindices          1503/65536        3006/131072   ( 2.3%) 
cubemapsamples           4/1024           64/16384    ( 0.4%) 
overlays                 0/512             0/180224   ( 0.0%) 
LDR lightdata         [variable]      675800/0        ( 0.0%) 
HDR lightdata         [variable]      675800/0        ( 0.0%) 
visdata               [variable]       11764/16777216 ( 0.1%) 
entdata               [variable]       12886/393216   ( 3.3%) 
LDR ambient table      642/65536        2568/262144   ( 1.0%) 
HDR ambient table      642/65536        2568/262144   ( 1.0%) 
LDR leaf ambient      1350/65536       37800/1835008  ( 2.1%) 
HDR leaf ambient      1350/65536       37800/1835008  ( 2.1%) 
occluders                0/0               0/0        ( 0.0%) 
occluder polygons        0/0               0/0        ( 0.0%) 
occluder vert ind        0/0               0/0        ( 0.0%) 
detail props          [variable]           1/12       ( 8.3%) 
static props          [variable]           1/924      ( 0.1%) 
pakfile               [variable]      133858/0        ( 0.0%) 
physics               [variable]      137496/4194304  ( 3.3%) 
physics terrain       [variable]         376/1048576  ( 0.0%) 

Level flags = 0

Total triangle count: 2724
Writing f:\mapsrc\gm_barkvagen7.bsp
4 seconds elapsed



materialPath: F:\Program Files\SteamLibrary\steamapps\common\GarrysMod\garrysmod\materials
Loading f:\mapsrc\gm_barkvagen7.vmf
ConVarRef mat_reduceparticles doesn't point to an existing ConVar
fixing up env_cubemap materials on brush sides...
0...1...2...3...4...5...6...7...8...9...100...1...2...3...4...5...6...7...8...9...10Processing areas...done (0)
Building Faces...done (0)
Chop Details...done (0)
Find Visible Detail Sides...
Merged 8 detail faces...done (0)
Merging details...done (0)
FixTjuncs...
PruneNodes...
WriteBSP...
NODRAW on terrain surface!
NODRAW on terrain surface!
NODRAW on terrain surface!
NODRAW on terrain surface!
NODRAW on terrain surface!
done (0)
writing f:\mapsrc\gm_barkvagen7.prt...Building visibility clusters...
done (0)
Creating default LDR cubemaps for env_cubemap using skybox materials:
   skybox/sky_day01_01_hdr*.vmt
 ! Run buildcubemaps in the engine to get the correct cube maps.
*** Error: Skybox vtf files for skybox/sky_day01_01_hdr weren't compiled with the same size texture and/or same flags!
Can't load skybox file skybox/sky_day01_01_hdr to build the default cubemap!
Finding displacement neighbors...
Finding lightmap sample positions...
Displacement Alpha : 0...1...2...3...4...5...6...7...8...9...10
Building Physics collision data...
done (0) (137200 bytes)
Placing detail props : 0...1...2...3...4...5...6...7...8...9...10
Compacting texture/material tables...
Reduced 440 texinfos to 214
Reduced 55 texdatas to 44 (2042 bytes to 1768)
Writing f:\mapsrc\gm_barkvagen7.bsp
0 seconds elapsed



8 threads
reading f:\mapsrc\gm_barkvagen7.bsp
reading f:\mapsrc\gm_barkvagen7.prt
 211 portalclusters
 440 numportals
0...1...2...3...4...5...6...7...8...9...100...1...2...3...4...5...6...7...8...9...10Optimized: 54 visible clusters (0.49%)
Total clusters visible: 11055
Average clusters visible: 52
Building PAS...
Average clusters audible: 172
visdatasize:11764  compressed from 13504
writing f:\mapsrc\gm_barkvagen7.bsp
0 seconds elapsed



[Reading texlights from 'lights.rad']
[45 texlights parsed from 'lights.rad']

Loading f:\mapsrc\gm_barkvagen7.bsp
PREP OK
966 faces
64595 square feet [9301700.00 square inches]
6 Displacements
28 Square Feet [4170.30 Square Inches]
966 patches before subdivision
9690 patches after subdivision
7 direct lights
0...1...2...3...4...5...6...7...8...9...100...1...2...3...4...5...6...7...8...9...10transfers 741897, max 339
transfer lists:   5.7 megs
0...1...2...3...4...5...6...7...8...9...10	Bounce #1 added RGB(2049, 1601, 1095)
0...1...2...3...4...5...6...7...8...9...10	Bounce #2 added RGB(427, 283, 138)
0...1...2...3...4...5...6...7...8...9...10	Bounce #3 added RGB(115, 66, 24)
0...1...2...3...4...5...6...7...8...9...10	Bounce #4 added RGB(33, 16, 4)
0...1...2...3...4...5...6...7...8...9...10	Bounce #5 added RGB(10, 4, 1)
0...1...2...3...4...5...6...7...8...9...10	Bounce #6 added RGB(3, 1, 0)
0...1...2...3...4...5...6...7...8...9...10	Bounce #7 added RGB(1, 0, 0)
Build Patch/Sample Hash Table(s).....Done<0.0015 sec>
0...1...2...3...4...5...6...7...8...9...10FinalLightFace Done
0 of 0 (0% of) surface lights went in leaf ambient cubes.
0...1...2...3...4...5...6...7...8...9...10Writing leaf ambient...done
Ready to Finish

Object names       Objects/Maxobjs  Memory / Maxmem  Fullness 
------------       ---------------  ---------------  -------- 
models                  13/4096          624/196608   ( 0.3%) 
brushes                389/16384        4668/196608   ( 2.4%) 
brushsides            2409/65536       19272/524288   ( 3.7%) 
planes                 782/65536       15640/1310720  ( 1.2%) 
vertexes              1906/65536       22872/786432   ( 2.9%) 
nodes                  628/65536       20096/2097152  ( 1.0%) 
texinfos               214/12288       15408/884736   ( 1.7%) 
texdata                 44/2048         1408/65536    ( 2.1%) 
dispinfos                6/0            1056/0        ( 0.0%) 
disp_verts             150/0            3000/0        ( 0.0%) 
disp_tris              192/0             384/0        ( 0.0%) 
disp_lmsamples         352/0             352/0        ( 0.0%) 
faces                  966/65536       54096/3670016  ( 1.5%) 
hdr faces                0/65536           0/3670016  ( 0.0%) 
origfaces              697/65536       39032/3670016  ( 1.1%) 
leaves                 642/65536       20544/2097152  ( 1.0%) 
leaffaces             1107/65536        2214/131072   ( 1.7%) 
leafbrushes            696/65536        1392/131072   ( 1.1%) 
areas                    2/1024           16/8192     ( 0.2%) 
surfedges             7421/512000      29684/2048000  ( 1.4%) 
edges                 4586/256000      18344/1024000  ( 1.8%) 
LDR worldlights          7/8192          616/720896   ( 0.1%) 
HDR worldlights          0/8192            0/720896   ( 0.0%) 
leafwaterdata            0/32768           0/393216   ( 0.0%) 
waterstrips             81/32768         810/327680   ( 0.2%) 
waterverts               0/65536           0/786432   ( 0.0%) 
waterindices          1419/65536        2838/131072   ( 2.2%) 
cubemapsamples           4/1024           64/16384    ( 0.4%) 
overlays                 0/512             0/180224   ( 0.0%) 
LDR lightdata         [variable]      674192/0        ( 0.0%) 
HDR lightdata         [variable]           0/0        ( 0.0%) 
visdata               [variable]       11764/16777216 ( 0.1%) 
entdata               [variable]       12886/393216   ( 3.3%) 
LDR ambient table      642/65536        2568/262144   ( 1.0%) 
HDR ambient table      642/65536        2568/262144   ( 1.0%) 
LDR leaf ambient      1350/65536       37800/1835008  ( 2.1%) 
HDR leaf ambient       642/65536       17976/1835008  ( 1.0%) 
occluders                0/0               0/0        ( 0.0%) 
occluder polygons        0/0               0/0        ( 0.0%) 
occluder vert ind        0/0               0/0        ( 0.0%) 
detail props          [variable]           1/12       ( 8.3%) 
static props          [variable]           1/924      ( 0.1%) 
pakfile               [variable]      133858/0        ( 0.0%) 
physics               [variable]      137200/4194304  ( 3.3%) 
physics terrain       [variable]         376/1048576  ( 0.0%) 

Level flags = 0

Total triangle count: 2700
Writing f:\mapsrc\gm_barkvagen7.bsp
4 seconds elapsed



[Reading texlights from 'lights.rad']
[45 texlights parsed from 'lights.rad']

Loading f:\mapsrc\gm_barkvagen7.bsp
PREP OK
966 faces
64595 square feet [9301700.00 square inches]
6 Displacements
28 Square Feet [4170.30 Square Inches]
966 patches before subdivision
9690 patches after subdivision
7 direct lights
0...1...2...3...4...5...6...7...8...9...100...1...2...3...4...5...6...7...8...9...10transfers 741897, max 339
transfer lists:   5.7 megs
0...1...2...3...4...5...6...7...8...9...10	Bounce #1 added RGB(2049, 1601, 1095)
0...1...2...3...4...5...6...7...8...9...10	Bounce #2 added RGB(427, 283, 138)
0...1...2...3...4...5...6...7...8...9...10	Bounce #3 added RGB(115, 66, 24)
0...1...2...3...4...5...6...7...8...9...10	Bounce #4 added RGB(33, 16, 4)
0...1...2...3...4...5...6...7...8...9...10	Bounce #5 added RGB(10, 4, 1)
0...1...2...3...4...5...6...7...8...9...10	Bounce #6 added RGB(3, 1, 0)
0...1...2...3...4...5...6...7...8...9...10	Bounce #7 added RGB(1, 0, 0)
Build Patch/Sample Hash Table(s).....Done<0.0017 sec>
0...1...2...3...4...5...6...7...8...9...10FinalLightFace Done
0 of 0 (0% of) surface lights went in leaf ambient cubes.
0...1...2...3...4...5...6...7...8...9...10Writing leaf ambient...done
Ready to Finish

Object names       Objects/Maxobjs  Memory / Maxmem  Fullness 
------------       ---------------  ---------------  -------- 
models                  13/4096          624/196608   ( 0.3%) 
brushes                389/16384        4668/196608   ( 2.4%) 
brushsides            2409/65536       19272/524288   ( 3.7%) 
planes                 782/65536       15640/1310720  ( 1.2%) 
vertexes              1906/65536       22872/786432   ( 2.9%) 
nodes                  628/65536       20096/2097152  ( 1.0%) 
texinfos               214/12288       15408/884736   ( 1.7%) 
texdata                 44/2048         1408/65536    ( 2.1%) 
dispinfos                6/0            1056/0        ( 0.0%) 
disp_verts             150/0            3000/0        ( 0.0%) 
disp_tris              192/0             384/0        ( 0.0%) 
disp_lmsamples         352/0             352/0        ( 0.0%) 
faces                  966/65536       54096/3670016  ( 1.5%) 
hdr faces              966/65536       54096/3670016  ( 1.5%) 
origfaces              697/65536       39032/3670016  ( 1.1%) 
leaves                 642/65536       20544/2097152  ( 1.0%) 
leaffaces             1107/65536        2214/131072   ( 1.7%) 
leafbrushes            696/65536        1392/131072   ( 1.1%) 
areas                    2/1024           16/8192     ( 0.2%) 
surfedges             7421/512000      29684/2048000  ( 1.4%) 
edges                 4586/256000      18344/1024000  ( 1.8%) 
LDR worldlights          7/8192          616/720896   ( 0.1%) 
HDR worldlights          7/8192          616/720896   ( 0.1%) 
leafwaterdata            0/32768           0/393216   ( 0.0%) 
waterstrips             81/32768         810/327680   ( 0.2%) 
waterverts               0/65536           0/786432   ( 0.0%) 
waterindices          1419/65536        2838/131072   ( 2.2%) 
cubemapsamples           4/1024           64/16384    ( 0.4%) 
overlays                 0/512             0/180224   ( 0.0%) 
LDR lightdata         [variable]      674192/0        ( 0.0%) 
HDR lightdata         [variable]      674192/0        ( 0.0%) 
visdata               [variable]       11764/16777216 ( 0.1%) 
entdata               [variable]       12886/393216   ( 3.3%) 
LDR ambient table      642/65536        2568/262144   ( 1.0%) 
HDR ambient table      642/65536        2568/262144   ( 1.0%) 
LDR leaf ambient      1350/65536       37800/1835008  ( 2.1%) 
HDR leaf ambient      1350/65536       37800/1835008  ( 2.1%) 
occluders                0/0               0/0        ( 0.0%) 
occluder polygons        0/0               0/0        ( 0.0%) 
occluder vert ind        0/0               0/0        ( 0.0%) 
detail props          [variable]           1/12       ( 8.3%) 
static props          [variable]           1/924      ( 0.1%) 
pakfile               [variable]      133858/0        ( 0.0%) 
physics               [variable]      137200/4194304  ( 3.3%) 
physics terrain       [variable]         376/1048576  ( 0.0%) 

Level flags = 0

Total triangle count: 2700
Writing f:\mapsrc\gm_barkvagen7.bsp
4 seconds elapsed



materialPath: F:\Program Files\SteamLibrary\steamapps\common\GarrysMod\garrysmod\materials
Loading f:\mapsrc\gm_barkvagen7.vmf
ConVarRef mat_reduceparticles doesn't point to an existing ConVar
fixing up env_cubemap materials on brush sides...
0...1...2...3...4...5...6...7...8...9...100...1...2...3...4...5...6...7...8...9...10Processing areas...done (0)
Building Faces...done (0)
Chop Details...done (0)
Find Visible Detail Sides...
Merged 8 detail faces...done (0)
Merging details...done (0)
FixTjuncs...
PruneNodes...
WriteBSP...
NODRAW on terrain surface!
NODRAW on terrain surface!
NODRAW on terrain surface!
NODRAW on terrain surface!
NODRAW on terrain surface!
done (0)
writing f:\mapsrc\gm_barkvagen7.prt...Building visibility clusters...
done (0)
Creating default LDR cubemaps for env_cubemap using skybox materials:
   skybox/sky_day01_01_hdr*.vmt
 ! Run buildcubemaps in the engine to get the correct cube maps.
*** Error: Skybox vtf files for skybox/sky_day01_01_hdr weren't compiled with the same size texture and/or same flags!
Can't load skybox file skybox/sky_day01_01_hdr to build the default cubemap!
Finding displacement neighbors...
Finding lightmap sample positions...
Displacement Alpha : 0...1...2...3...4...5...6...7...8...9...10
Building Physics collision data...
done (0) (137200 bytes)
Placing detail props : 0...1...2...3...4...5...6...7...8...9...10
Compacting texture/material tables...
Reduced 440 texinfos to 214
Reduced 55 texdatas to 44 (2042 bytes to 1768)
Writing f:\mapsrc\gm_barkvagen7.bsp
0 seconds elapsed



8 threads
reading f:\mapsrc\gm_barkvagen7.bsp
reading f:\mapsrc\gm_barkvagen7.prt
 211 portalclusters
 440 numportals
0...1...2...3...4...5...6...7...8...9...100...1...2...3...4...5...6...7...8...9...10Optimized: 51 visible clusters (0.46%)
Total clusters visible: 11052
Average clusters visible: 52
Building PAS...
Average clusters audible: 172
visdatasize:11764  compressed from 13504
writing f:\mapsrc\gm_barkvagen7.bsp
0 seconds elapsed



[Reading texlights from 'lights.rad']
[45 texlights parsed from 'lights.rad']

Loading f:\mapsrc\gm_barkvagen7.bsp
PREP OK
966 faces
64595 square feet [9301700.00 square inches]
6 Displacements
28 Square Feet [4170.30 Square Inches]
966 patches before subdivision
9690 patches after subdivision
7 direct lights
0...1...2...3...4...5...6...7...8...9...100...1...2...3...4...5...6...7...8...9...10transfers 741897, max 339
transfer lists:   5.7 megs
0...1...2...3...4...5...6...7...8...9...10	Bounce #1 added RGB(2049, 1601, 1095)
0...1...2...3...4...5...6...7...8...9...10	Bounce #2 added RGB(427, 283, 138)
0...1...2...3...4...5...6...7...8...9...10	Bounce #3 added RGB(115, 66, 24)
0...1...2...3...4...5...6...7...8...9...10	Bounce #4 added RGB(33, 16, 4)
0...1...2...3...4...5...6...7...8...9...10	Bounce #5 added RGB(10, 4, 1)
0...1...2...3...4...5...6...7...8...9...10	Bounce #6 added RGB(3, 1, 0)
0...1...2...3...4...5...6...7...8...9...10	Bounce #7 added RGB(1, 0, 0)
Build Patch/Sample Hash Table(s).....Done<0.0016 sec>
0...1...2...3...4...5...6...7...8...9...10FinalLightFace Done
0 of 0 (0% of) surface lights went in leaf ambient cubes.
0...1...2...3...4...5...6...7...8...9...10Writing leaf ambient...done
Ready to Finish

Object names       Objects/Maxobjs  Memory / Maxmem  Fullness 
------------       ---------------  ---------------  -------- 
models                  13/4096          624/196608   ( 0.3%) 
brushes                389/16384        4668/196608   ( 2.4%) 
brushsides            2409/65536       19272/524288   ( 3.7%) 
planes                 782/65536       15640/1310720  ( 1.2%) 
vertexes              1906/65536       22872/786432   ( 2.9%) 
nodes                  628/65536       20096/2097152  ( 1.0%) 
texinfos               214/12288       15408/884736   ( 1.7%) 
texdata                 44/2048         1408/65536    ( 2.1%) 
dispinfos                6/0            1056/0        ( 0.0%) 
disp_verts             150/0            3000/0        ( 0.0%) 
disp_tris              192/0             384/0        ( 0.0%) 
disp_lmsamples         352/0             352/0        ( 0.0%) 
faces                  966/65536       54096/3670016  ( 1.5%) 
hdr faces                0/65536           0/3670016  ( 0.0%) 
origfaces              697/65536       39032/3670016  ( 1.1%) 
leaves                 642/65536       20544/2097152  ( 1.0%) 
leaffaces             1107/65536        2214/131072   ( 1.7%) 
leafbrushes            696/65536        1392/131072   ( 1.1%) 
areas                    2/1024           16/8192     ( 0.2%) 
surfedges             7421/512000      29684/2048000  ( 1.4%) 
edges                 4586/256000      18344/1024000  ( 1.8%) 
LDR worldlights          7/8192          616/720896   ( 0.1%) 
HDR worldlights          0/8192            0/720896   ( 0.0%) 
leafwaterdata            0/32768           0/393216   ( 0.0%) 
waterstrips             81/32768         810/327680   ( 0.2%) 
waterverts               0/65536           0/786432   ( 0.0%) 
waterindices          1419/65536        2838/131072   ( 2.2%) 
cubemapsamples           4/1024           64/16384    ( 0.4%) 
overlays                 0/512             0/180224   ( 0.0%) 
LDR lightdata         [variable]      674192/0        ( 0.0%) 
HDR lightdata         [variable]           0/0        ( 0.0%) 
visdata               [variable]       11764/16777216 ( 0.1%) 
entdata               [variable]       12886/393216   ( 3.3%) 
LDR ambient table      642/65536        2568/262144   ( 1.0%) 
HDR ambient table      642/65536        2568/262144   ( 1.0%) 
LDR leaf ambient      1350/65536       37800/1835008  ( 2.1%) 
HDR leaf ambient       642/65536       17976/1835008  ( 1.0%) 
occluders                0/0               0/0        ( 0.0%) 
occluder polygons        0/0               0/0        ( 0.0%) 
occluder vert ind        0/0               0/0        ( 0.0%) 
detail props          [variable]           1/12       ( 8.3%) 
static props          [variable]           1/924      ( 0.1%) 
pakfile               [variable]      133858/0        ( 0.0%) 
physics               [variable]      137200/4194304  ( 3.3%) 
physics terrain       [variable]         376/1048576  ( 0.0%) 

Level flags = 0

Total triangle count: 2700
Writing f:\mapsrc\gm_barkvagen7.bsp
4 seconds elapsed



[Reading texlights from 'lights.rad']
[45 texlights parsed from 'lights.rad']

Loading f:\mapsrc\gm_barkvagen7.bsp
PREP OK
966 faces
64595 square feet [9301700.00 square inches]
6 Displacements
28 Square Feet [4170.30 Square Inches]
966 patches before subdivision
9690 patches after subdivision
7 direct lights
0...1...2...3...4...5...6...7...8...9...100...1...2...3...4...5...6...7...8...9...10transfers 741897, max 339
transfer lists:   5.7 megs
0...1...2...3...4...5...6...7...8...9...10	Bounce #1 added RGB(2049, 1601, 1095)
0...1...2...3...4...5...6...7...8...9...10	Bounce #2 added RGB(427, 283, 138)
0...1...2...3...4...5...6...7...8...9...10	Bounce #3 added RGB(115, 66, 24)
0...1...2...3...4...5...6...7...8...9...10	Bounce #4 added RGB(33, 16, 4)
0...1...2...3...4...5...6...7...8...9...10	Bounce #5 added RGB(10, 4, 1)
0...1...2...3...4...5...6...7...8...9...10	Bounce #6 added RGB(3, 1, 0)
0...1...2...3...4...5...6...7...8...9...10	Bounce #7 added RGB(1, 0, 0)
Build Patch/Sample Hash Table(s).....Done<0.0016 sec>
0...1...2...3...4...5...6...7...8...9...10FinalLightFace Done
0 of 0 (0% of) surface lights went in leaf ambient cubes.
0...1...2...3...4...5...6...7...8...9...10Writing leaf ambient...done
Ready to Finish

Object names       Objects/Maxobjs  Memory / Maxmem  Fullness 
------------       ---------------  ---------------  -------- 
models                  13/4096          624/196608   ( 0.3%) 
brushes                389/16384        4668/196608   ( 2.4%) 
brushsides            2409/65536       19272/524288   ( 3.7%) 
planes                 782/65536       15640/1310720  ( 1.2%) 
vertexes              1906/65536       22872/786432   ( 2.9%) 
nodes                  628/65536       20096/2097152  ( 1.0%) 
texinfos               214/12288       15408/884736   ( 1.7%) 
texdata                 44/2048         1408/65536    ( 2.1%) 
dispinfos                6/0            1056/0        ( 0.0%) 
disp_verts             150/0            3000/0        ( 0.0%) 
disp_tris              192/0             384/0        ( 0.0%) 
disp_lmsamples         352/0             352/0        ( 0.0%) 
faces                  966/65536       54096/3670016  ( 1.5%) 
hdr faces              966/65536       54096/3670016  ( 1.5%) 
origfaces              697/65536       39032/3670016  ( 1.1%) 
leaves                 642/65536       20544/2097152  ( 1.0%) 
leaffaces             1107/65536        2214/131072   ( 1.7%) 
leafbrushes            696/65536        1392/131072   ( 1.1%) 
areas                    2/1024           16/8192     ( 0.2%) 
surfedges             7421/512000      29684/2048000  ( 1.4%) 
edges                 4586/256000      18344/1024000  ( 1.8%) 
LDR worldlights          7/8192          616/720896   ( 0.1%) 
HDR worldlights          7/8192          616/720896   ( 0.1%) 
leafwaterdata            0/32768           0/393216   ( 0.0%) 
waterstrips             81/32768         810/327680   ( 0.2%) 
waterverts               0/65536           0/786432   ( 0.0%) 
waterindices          1419/65536        2838/131072   ( 2.2%) 
cubemapsamples           4/1024           64/16384    ( 0.4%) 
overlays                 0/512             0/180224   ( 0.0%) 
LDR lightdata         [variable]      674192/0        ( 0.0%) 
HDR lightdata         [variable]      674192/0        ( 0.0%) 
visdata               [variable]       11764/16777216 ( 0.1%) 
entdata               [variable]       12886/393216   ( 3.3%) 
LDR ambient table      642/65536        2568/262144   ( 1.0%) 
HDR ambient table      642/65536        2568/262144   ( 1.0%) 
LDR leaf ambient      1350/65536       37800/1835008  ( 2.1%) 
HDR leaf ambient      1350/65536       37800/1835008  ( 2.1%) 
occluders                0/0               0/0        ( 0.0%) 
occluder polygons        0/0               0/0        ( 0.0%) 
occluder vert ind        0/0               0/0        ( 0.0%) 
detail props          [variable]           1/12       ( 8.3%) 
static props          [variable]           1/924      ( 0.1%) 
pakfile               [variable]      133858/0        ( 0.0%) 
physics               [variable]      137200/4194304  ( 3.3%) 
physics terrain       [variable]         376/1048576  ( 0.0%) 

Level flags = 0

Total triangle count: 2700
Writing f:\mapsrc\gm_barkvagen7.bsp
4 seconds elapsed
