


materialPath: C:\Program Files (x86)\Steam\steamapps\common\Source SDK Base 2013 Singleplayer\hl2\materials
Loading C:\mapsrc\gm_lbs_helsingborg_01.vmf
Could not locate 'GameData' key in c:\program files (x86)\steam\steamapps\common\source sdk base 2013 singleplayer\hl2\gameinfo.txt
fixing up env_cubemap materials on brush sides...
0...1...2...3...4...5...6...7...8...9...100...1...2...3...4...5...6...7...8...9...10Processing areas...done (0)
Building Faces...done (0)
Chop Details...done (0)
Find Visible Detail Sides...done (0)
Merging details...done (0)
FixTjuncs...
PruneNodes...
WriteBSP...
done (0)
writing C:\mapsrc\gm_lbs_helsingborg_01.prt...Building visibility clusters...
done (0)
Creating default LDR cubemaps for env_cubemap using skybox materials:
   skybox/sky_day01_01*.vmt
 ! Run buildcubemaps in the engine to get the correct cube maps.
Creating default HDR cubemaps for env_cubemap using skybox materials:
   skybox/sky_day01_01*.vmt
 ! Run buildcubemaps in the engine to get the correct cube maps.
Finding displacement neighbors...
Finding lightmap sample positions...
Displacement Alpha : 0...1...2...3...4...5...6...7...8...9...10
Building Physics collision data...
done (0) (13153 bytes)
Placing detail props : 0...1...2...3...4...5...6...7...8...9...10
Compacting texture/material tables...
Reduced 20 texinfos to 11
Reduced 7 texdatas to 7 (154 bytes to 154)
Writing C:\mapsrc\gm_lbs_helsingborg_01.bsp
0 seconds elapsed



8 threads
reading c:\mapsrc\gm_lbs_helsingborg_01.bsp
reading c:\mapsrc\gm_lbs_helsingborg_01.prt
  20 portalclusters
  31 numportals
0...1...2...3...4...5...6...7...8...9...100...1...2...3...4...5...6...7...8...9...10Optimized: 0 visible clusters (0.00%)
Total clusters visible: 338
Average clusters visible: 16
Building PAS...
Average clusters audible: 20
visdatasize:284  compressed from 320
writing c:\mapsrc\gm_lbs_helsingborg_01.bsp
0 seconds elapsed



Could not find lights.rad in lights.rad.
Trying VRAD BIN directory instead...
Warning: Couldn't open texlight file C:\Program Files (x86)\Steam\steamapps\common\Source SDK Base 2013 Singleplayer\bin\lights.rad.
Loading c:\mapsrc\gm_lbs_helsingborg_01.bsp
99 faces
16075 square feet [2314880.00 square inches]
0 Displacements
0 Square Feet [0.00 Square Inches]
99 patches before subdivision
1751 patches after subdivision
0 direct lights
0...1...2...3...4...5...6...7...8...9...100...1...2...3...4...5...6...7...8...9...10transfers 161165, max 256
transfer lists:   1.2 megs
0...1...2...3...4...5...6...7...8...9...10	Bounce #1 added RGB(0, 0, 0)
Build Patch/Sample Hash Table(s).....Done<0.0009 sec>
0...1...2...3...4...5...6...7...8...9...10FinalLightFace Done
0 of 0 (0% of) surface lights went in leaf ambient cubes.
0...1...2...3...4...5...6...7...8...9...10Writing leaf ambient...done
Ready to Finish

Object names       Objects/Maxobjs  Memory / Maxmem  Fullness 
------------       ---------------  ---------------  -------- 
models                   5/1024          240/49152    ( 0.5%) 
brushes                 35/8192          420/98304    ( 0.4%) 
brushsides             214/65536        1712/524288   ( 0.3%) 
planes                 132/65536        2640/1310720  ( 0.2%) 
vertexes               211/65536        2532/786432   ( 0.3%) 
nodes                   85/65536        2720/2097152  ( 0.1%) 
texinfos                11/12288         792/884736   ( 0.1%) 
texdata                  7/2048          224/65536    ( 0.3%) 
dispinfos                0/0               0/0        ( 0.0%) 
disp_verts               0/0               0/0        ( 0.0%) 
disp_tris                0/0               0/0        ( 0.0%) 
disp_lmsamples           0/0               0/0        ( 0.0%) 
faces                   99/65536        5544/3670016  ( 0.2%) 
hdr faces                0/65536           0/3670016  ( 0.0%) 
origfaces               51/65536        2856/3670016  ( 0.1%) 
leaves                  91/65536        2912/2097152  ( 0.1%) 
leaffaces               99/65536         198/131072   ( 0.2%) 
leafbrushes             73/65536         146/131072   ( 0.1%) 
areas                    3/256            24/2048     ( 1.2%) 
surfedges              644/512000       2576/2048000  ( 0.1%) 
edges                  424/256000       1696/1024000  ( 0.2%) 
LDR worldlights          0/8192            0/720896   ( 0.0%) 
HDR worldlights          0/8192            0/720896   ( 0.0%) 
leafwaterdata            0/32768           0/393216   ( 0.0%) 
waterstrips              2/32768          20/327680   ( 0.0%) 
waterverts               0/65536           0/786432   ( 0.0%) 
waterindices            24/65536          48/131072   ( 0.0%) 
cubemapsamples           0/1024            0/16384    ( 0.0%) 
overlays                 0/512             0/180224   ( 0.0%) 
LDR lightdata         [variable]       43556/0        ( 0.0%) 
HDR lightdata         [variable]           0/0        ( 0.0%) 
visdata               [variable]         284/16777216 ( 0.0%) 
entdata               [variable]        2584/393216   ( 0.7%) 
LDR ambient table       91/65536         364/262144   ( 0.1%) 
HDR ambient table       91/65536         364/262144   ( 0.1%) 
LDR leaf ambient        47/65536        1316/1835008  ( 0.1%) 
HDR leaf ambient        91/65536        2548/1835008  ( 0.1%) 
occluders                0/0               0/0        ( 0.0%) 
occluder polygons        0/0               0/0        ( 0.0%) 
occluder vert ind        0/0               0/0        ( 0.0%) 
detail props          [variable]           1/12       ( 8.3%) 
static props          [variable]           1/12       ( 8.3%) 
pakfile               [variable]      105715/0        ( 0.0%) 
physics               [variable]       13153/4194304  ( 0.3%) 
physics terrain       [variable]           2/1048576  ( 0.0%) 

Level flags = 0

Total triangle count: 242
Writing c:\mapsrc\gm_lbs_helsingborg_01.bsp
0 seconds elapsed



materialPath: C:\Program Files (x86)\Steam\steamapps\common\Source SDK Base 2013 Singleplayer\hl2\materials
Loading C:\mapsrc\gm_lbs_helsingborg_01.vmf
Could not locate 'GameData' key in c:\program files (x86)\steam\steamapps\common\source sdk base 2013 singleplayer\hl2\gameinfo.txt
fixing up env_cubemap materials on brush sides...
0...1...2...3...4...5...6...7...8...9...10**** leaked ****
Processing areas...done (0)
Building Faces...done (0)
Chop Details...done (0)
Find Visible Detail Sides...done (0)
Merging details...done (0)
FixTjuncs...
PruneNodes...
WriteBSP...
done (0)
Creating default LDR cubemaps for env_cubemap using skybox materials:
   skybox/sky_day01_01*.vmt
 ! Run buildcubemaps in the engine to get the correct cube maps.
Creating default HDR cubemaps for env_cubemap using skybox materials:
   skybox/sky_day01_01*.vmt
 ! Run buildcubemaps in the engine to get the correct cube maps.
Finding displacement neighbors...
Finding lightmap sample positions...
Displacement Alpha : 0...1...2...3...4...5...6...7...8...9...10
Building Physics collision data...
done (0) (2779 bytes)
Placing detail props : 0...1...2...3...4...5...6...7...8...9...10
Compacting texture/material tables...
Reduced 20 texinfos to 10
Reduced 7 texdatas to 7 (154 bytes to 154)
Writing C:\mapsrc\gm_lbs_helsingborg_01.bsp
0 seconds elapsed



8 threads
reading c:\mapsrc\gm_lbs_helsingborg_01.bsp
reading c:\mapsrc\gm_lbs_helsingborg_01.prt
LoadPortals: couldn't read c:\mapsrc\gm_lbs_helsingborg_01.prt



Could not find lights.rad in lights.rad.
Trying VRAD BIN directory instead...
Warning: Couldn't open texlight file C:\Program Files (x86)\Steam\steamapps\common\Source SDK Base 2013 Singleplayer\bin\lights.rad.
Loading c:\mapsrc\gm_lbs_helsingborg_01.bsp
No vis information, direct lighting only.
97 faces
67166 square feet [9671936.00 square inches]
0 Displacements
0 Square Feet [0.00 Square Inches]
0 direct lights
0...1...2...3...4...5...6...7...8...9...10Build Patch/Sample Hash Table(s).....Done<0.0030 sec>
0...1...2...3...4...5...6...7...8...9...10FinalLightFace Done
0 of 0 (0% of) surface lights went in leaf ambient cubes.
0...1...2...3...4...5...6...7...8...9...10Writing leaf ambient...done
Ready to Finish

Object names       Objects/Maxobjs  Memory / Maxmem  Fullness 
------------       ---------------  ---------------  -------- 
models                   5/1024          240/49152    ( 0.5%) 
brushes                 35/8192          420/98304    ( 0.4%) 
brushsides             214/65536        1712/524288   ( 0.3%) 
planes                 134/65536        2680/1310720  ( 0.2%) 
vertexes               131/65536        1572/786432   ( 0.2%) 
nodes                   65/65536        2080/2097152  ( 0.1%) 
texinfos                10/12288         720/884736   ( 0.1%) 
texdata                  7/2048          224/65536    ( 0.3%) 
dispinfos                0/0               0/0        ( 0.0%) 
disp_verts               0/0               0/0        ( 0.0%) 
disp_tris                0/0               0/0        ( 0.0%) 
disp_lmsamples           0/0               0/0        ( 0.0%) 
faces                   97/65536        5432/3670016  ( 0.1%) 
hdr faces                0/65536           0/3670016  ( 0.0%) 
origfaces               15/65536         840/3670016  ( 0.0%) 
leaves                  71/65536        2272/2097152  ( 0.1%) 
leaffaces               97/65536         194/131072   ( 0.1%) 
leafbrushes             10/65536          20/131072   ( 0.0%) 
areas                    1/256             8/2048     ( 0.4%) 
surfedges              464/512000       1856/2048000  ( 0.1%) 
edges                  245/256000        980/1024000  ( 0.1%) 
LDR worldlights          0/8192            0/720896   ( 0.0%) 
HDR worldlights          0/8192            0/720896   ( 0.0%) 
leafwaterdata            0/32768           0/393216   ( 0.0%) 
waterstrips              0/32768           0/327680   ( 0.0%) 
waterverts               0/65536           0/786432   ( 0.0%) 
waterindices             0/65536           0/131072   ( 0.0%) 
cubemapsamples           0/1024            0/16384    ( 0.0%) 
overlays                 0/512             0/180224   ( 0.0%) 
LDR lightdata         [variable]      174048/0        ( 0.0%) 
HDR lightdata         [variable]           0/0        ( 0.0%) 
visdata               [variable]           0/16777216 ( 0.0%) 
entdata               [variable]        2587/393216   ( 0.7%) 
LDR ambient table       71/65536         284/262144   ( 0.1%) 
HDR ambient table       71/65536         284/262144   ( 0.1%) 
LDR leaf ambient        63/65536        1764/1835008  ( 0.1%) 
HDR leaf ambient        71/65536        1988/1835008  ( 0.1%) 
occluders                0/0               0/0        ( 0.0%) 
occluder polygons        0/0               0/0        ( 0.0%) 
occluder vert ind        0/0               0/0        ( 0.0%) 
detail props          [variable]           1/12       ( 8.3%) 
static props          [variable]           1/12       ( 8.3%) 
pakfile               [variable]      105715/0        ( 0.0%) 
physics               [variable]        2779/4194304  ( 0.1%) 
physics terrain       [variable]           2/1048576  ( 0.0%) 

Level flags = 0

Total triangle count: 210
Writing c:\mapsrc\gm_lbs_helsingborg_01.bsp
0 seconds elapsed



materialPath: C:\Program Files (x86)\Steam\steamapps\common\Source SDK Base 2013 Singleplayer\hl2\materials
Loading C:\mapsrc\gm_lbs_helsingborg_01.vmf
Could not locate 'GameData' key in c:\program files (x86)\steam\steamapps\common\source sdk base 2013 singleplayer\hl2\gameinfo.txt
fixing up env_cubemap materials on brush sides...
0...1...2...3...4...5...6...7...8...9...100...1...2...3...4...5...6...7...8...9...10Processing areas...done (0)
Building Faces...done (0)
Chop Details...done (0)
Find Visible Detail Sides...done (0)
Merging details...done (0)
FixTjuncs...
PruneNodes...
WriteBSP...
done (0)
writing C:\mapsrc\gm_lbs_helsingborg_01.prt...Building visibility clusters...
done (0)
Creating default LDR cubemaps for env_cubemap using skybox materials:
   skybox/sky_day01_01*.vmt
 ! Run buildcubemaps in the engine to get the correct cube maps.
Creating default HDR cubemaps for env_cubemap using skybox materials:
   skybox/sky_day01_01*.vmt
 ! Run buildcubemaps in the engine to get the correct cube maps.
Finding displacement neighbors...
Finding lightmap sample positions...
Displacement Alpha : 0...1...2...3...4...5...6...7...8...9...10
Building Physics collision data...
done (0) (14857 bytes)
Placing detail props : 0...1...2...3...4...5...6...7...8...9...10
Compacting texture/material tables...
Reduced 20 texinfos to 11
Reduced 7 texdatas to 7 (154 bytes to 154)
Writing C:\mapsrc\gm_lbs_helsingborg_01.bsp
0 seconds elapsed



8 threads
reading c:\mapsrc\gm_lbs_helsingborg_01.bsp
reading c:\mapsrc\gm_lbs_helsingborg_01.prt
  20 portalclusters
  31 numportals
0...1...2...3...4...5...6...7...8...9...100...1...2...3...4...5...6...7...8...9...10Optimized: 0 visible clusters (0.00%)
Total clusters visible: 338
Average clusters visible: 16
Building PAS...
Average clusters audible: 20
visdatasize:284  compressed from 320
writing c:\mapsrc\gm_lbs_helsingborg_01.bsp
0 seconds elapsed



Could not find lights.rad in lights.rad.
Trying VRAD BIN directory instead...
Warning: Couldn't open texlight file C:\Program Files (x86)\Steam\steamapps\common\Source SDK Base 2013 Singleplayer\bin\lights.rad.
Loading c:\mapsrc\gm_lbs_helsingborg_01.bsp
99 faces
18479 square feet [2661058.00 square inches]
0 Displacements
0 Square Feet [0.00 Square Inches]
99 patches before subdivision
2119 patches after subdivision
0 direct lights
0...1...2...3...4...5...6...7...8...9...100...1...2...3...4...5...6...7...8...9...10transfers 200189, max 264
transfer lists:   1.5 megs
0...1...2...3...4...5...6...7...8...9...10	Bounce #1 added RGB(0, 0, 0)
Build Patch/Sample Hash Table(s).....Done<0.0018 sec>
0...1...2...3...4...5...6...7...8...9...10FinalLightFace Done
0 of 0 (0% of) surface lights went in leaf ambient cubes.
0...1...2...3...4...5...6...7...8...9...10Writing leaf ambient...done
Ready to Finish

Object names       Objects/Maxobjs  Memory / Maxmem  Fullness 
------------       ---------------  ---------------  -------- 
models                   5/1024          240/49152    ( 0.5%) 
brushes                 40/8192          480/98304    ( 0.5%) 
brushsides             244/65536        1952/524288   ( 0.4%) 
planes                 146/65536        2920/1310720  ( 0.2%) 
vertexes               209/65536        2508/786432   ( 0.3%) 
nodes                   85/65536        2720/2097152  ( 0.1%) 
texinfos                11/12288         792/884736   ( 0.1%) 
texdata                  7/2048          224/65536    ( 0.3%) 
dispinfos                0/0               0/0        ( 0.0%) 
disp_verts               0/0               0/0        ( 0.0%) 
disp_tris                0/0               0/0        ( 0.0%) 
disp_lmsamples           0/0               0/0        ( 0.0%) 
faces                   99/65536        5544/3670016  ( 0.2%) 
hdr faces                0/65536           0/3670016  ( 0.0%) 
origfaces               52/65536        2912/3670016  ( 0.1%) 
leaves                  91/65536        2912/2097152  ( 0.1%) 
leaffaces               99/65536         198/131072   ( 0.2%) 
leafbrushes            108/65536         216/131072   ( 0.2%) 
areas                    3/256            24/2048     ( 1.2%) 
surfedges              648/512000       2592/2048000  ( 0.1%) 
edges                  428/256000       1712/1024000  ( 0.2%) 
LDR worldlights          0/8192            0/720896   ( 0.0%) 
HDR worldlights          0/8192            0/720896   ( 0.0%) 
leafwaterdata            0/32768           0/393216   ( 0.0%) 
waterstrips              2/32768          20/327680   ( 0.0%) 
waterverts               0/65536           0/786432   ( 0.0%) 
waterindices            24/65536          48/131072   ( 0.0%) 
cubemapsamples           0/1024            0/16384    ( 0.0%) 
overlays                 0/512             0/180224   ( 0.0%) 
LDR lightdata         [variable]       50540/0        ( 0.0%) 
HDR lightdata         [variable]           0/0        ( 0.0%) 
visdata               [variable]         284/16777216 ( 0.0%) 
entdata               [variable]        2587/393216   ( 0.7%) 
LDR ambient table       91/65536         364/262144   ( 0.1%) 
HDR ambient table       91/65536         364/262144   ( 0.1%) 
LDR leaf ambient        47/65536        1316/1835008  ( 0.1%) 
HDR leaf ambient        91/65536        2548/1835008  ( 0.1%) 
occluders                0/0               0/0        ( 0.0%) 
occluder polygons        0/0               0/0        ( 0.0%) 
occluder vert ind        0/0               0/0        ( 0.0%) 
detail props          [variable]           1/12       ( 8.3%) 
static props          [variable]           1/12       ( 8.3%) 
pakfile               [variable]      105715/0        ( 0.0%) 
physics               [variable]       14857/4194304  ( 0.4%) 
physics terrain       [variable]           2/1048576  ( 0.0%) 

Level flags = 0

Total triangle count: 242
Writing c:\mapsrc\gm_lbs_helsingborg_01.bsp
0 seconds elapsed



materialPath: C:\Program Files (x86)\Steam\steamapps\common\Source SDK Base 2013 Singleplayer\hl2\materials
Loading C:\mapsrc\gm_lbs_helsingborg_01.vmf
Could not locate 'GameData' key in c:\program files (x86)\steam\steamapps\common\source sdk base 2013 singleplayer\hl2\gameinfo.txt
fixing up env_cubemap materials on brush sides...
0...1...2...3...4...5...6...7...8...9...100...1...2...3...4...5...6...7...8...9...10Processing areas...done (0)
Building Faces...done (0)
Chop Details...done (0)
Find Visible Detail Sides...done (0)
Merging details...done (0)
FixTjuncs...
PruneNodes...
WriteBSP...
done (0)
writing C:\mapsrc\gm_lbs_helsingborg_01.prt...Building visibility clusters...
done (0)
Creating default LDR cubemaps for env_cubemap using skybox materials:
   skybox/sky_day01_01*.vmt
 ! Run buildcubemaps in the engine to get the correct cube maps.
Creating default HDR cubemaps for env_cubemap using skybox materials:
   skybox/sky_day01_01*.vmt
 ! Run buildcubemaps in the engine to get the correct cube maps.
Finding displacement neighbors...
Finding lightmap sample positions...
Displacement Alpha : 0...1...2...3...4...5...6...7...8...9...10
Building Physics collision data...
done (0) (14857 bytes)
Placing detail props : 0...1...2...3...4...5...6...7...8...9...10
Compacting texture/material tables...
Reduced 17 texinfos to 10
Reduced 6 texdatas to 6 (132 bytes to 132)
Writing C:\mapsrc\gm_lbs_helsingborg_01.bsp
0 seconds elapsed



8 threads
reading c:\mapsrc\gm_lbs_helsingborg_01.bsp
reading c:\mapsrc\gm_lbs_helsingborg_01.prt
  18 portalclusters
  29 numportals
0...1...2...3...4...5...6...7...8...9...100...1...2...3...4...5...6...7...8...9...10Optimized: 0 visible clusters (0.00%)
Total clusters visible: 264
Average clusters visible: 14
Building PAS...
Average clusters audible: 18
visdatasize:256  compressed from 288
writing c:\mapsrc\gm_lbs_helsingborg_01.bsp
0 seconds elapsed



Could not find lights.rad in lights.rad.
Trying VRAD BIN directory instead...
Warning: Couldn't open texlight file C:\Program Files (x86)\Steam\steamapps\common\Source SDK Base 2013 Singleplayer\bin\lights.rad.
Loading c:\mapsrc\gm_lbs_helsingborg_01.bsp
91 faces
18479 square feet [2661058.00 square inches]
0 Displacements
0 Square Feet [0.00 Square Inches]
91 patches before subdivision
2095 patches after subdivision
0 direct lights
0...1...2...3...4...5...6...7...8...9...100...1...2...3...4...5...6...7...8...9...10transfers 193951, max 264
transfer lists:   1.5 megs
0...1...2...3...4...5...6...7...8...9...10	Bounce #1 added RGB(0, 0, 0)
Build Patch/Sample Hash Table(s).....Done<0.0016 sec>
0...1...2...3...4...5...6...7...8...9...10FinalLightFace Done
0 of 0 (0% of) surface lights went in leaf ambient cubes.
0...1...2...3...4...5...6...7...8...9...10Writing leaf ambient...done
Ready to Finish

Object names       Objects/Maxobjs  Memory / Maxmem  Fullness 
------------       ---------------  ---------------  -------- 
models                   5/1024          240/49152    ( 0.5%) 
brushes                 39/8192          468/98304    ( 0.5%) 
brushsides             238/65536        1904/524288   ( 0.4%) 
planes                 142/65536        2840/1310720  ( 0.2%) 
vertexes               201/65536        2412/786432   ( 0.3%) 
nodes                   83/65536        2656/2097152  ( 0.1%) 
texinfos                10/12288         720/884736   ( 0.1%) 
texdata                  6/2048          192/65536    ( 0.3%) 
dispinfos                0/0               0/0        ( 0.0%) 
disp_verts               0/0               0/0        ( 0.0%) 
disp_tris                0/0               0/0        ( 0.0%) 
disp_lmsamples           0/0               0/0        ( 0.0%) 
faces                   91/65536        5096/3670016  ( 0.1%) 
hdr faces                0/65536           0/3670016  ( 0.0%) 
origfaces               52/65536        2912/3670016  ( 0.1%) 
leaves                  89/65536        2848/2097152  ( 0.1%) 
leaffaces               91/65536         182/131072   ( 0.1%) 
leafbrushes            108/65536         216/131072   ( 0.2%) 
areas                    2/256            16/2048     ( 0.8%) 
surfedges              616/512000       2464/2048000  ( 0.1%) 
edges                  404/256000       1616/1024000  ( 0.2%) 
LDR worldlights          0/8192            0/720896   ( 0.0%) 
HDR worldlights          0/8192            0/720896   ( 0.0%) 
leafwaterdata            0/32768           0/393216   ( 0.0%) 
waterstrips              2/32768          20/327680   ( 0.0%) 
waterverts               0/65536           0/786432   ( 0.0%) 
waterindices            24/65536          48/131072   ( 0.0%) 
cubemapsamples           0/1024            0/16384    ( 0.0%) 
overlays                 0/512             0/180224   ( 0.0%) 
LDR lightdata         [variable]       50092/0        ( 0.0%) 
HDR lightdata         [variable]           0/0        ( 0.0%) 
visdata               [variable]         256/16777216 ( 0.0%) 
entdata               [variable]        2481/393216   ( 0.6%) 
LDR ambient table       89/65536         356/262144   ( 0.1%) 
HDR ambient table       89/65536         356/262144   ( 0.1%) 
LDR leaf ambient        45/65536        1260/1835008  ( 0.1%) 
HDR leaf ambient        89/65536        2492/1835008  ( 0.1%) 
occluders                0/0               0/0        ( 0.0%) 
occluder polygons        0/0               0/0        ( 0.0%) 
occluder vert ind        0/0               0/0        ( 0.0%) 
detail props          [variable]           1/12       ( 8.3%) 
static props          [variable]           1/12       ( 8.3%) 
pakfile               [variable]      105715/0        ( 0.0%) 
physics               [variable]       14857/4194304  ( 0.4%) 
physics terrain       [variable]           2/1048576  ( 0.0%) 

Level flags = 0

Total triangle count: 226
Writing c:\mapsrc\gm_lbs_helsingborg_01.bsp
0 seconds elapsed



materialPath: C:\Program Files (x86)\Steam\steamapps\common\half-life 2\hl2\materials
Loading C:\mapsrc\gm_lbs_helsingborg_01.vmf
Could not locate 'GameData' key in c:\program files (x86)\steam\steamapps\common\half-life 2\hl2\gameinfo.txt
fixing up env_cubemap materials on brush sides...
0...1...2...3...4...5...6...7...8...9...100...1...2...3...4...5...6...7...8...9...10Processing areas...done (0)
Building Faces...done (0)
Chop Details...done (0)
Find Visible Detail Sides...done (0)
Merging details...done (0)
FixTjuncs...
PruneNodes...
WriteBSP...
done (0)
writing C:\mapsrc\gm_lbs_helsingborg_01.prt...Building visibility clusters...
done (0)
Creating default LDR cubemaps for env_cubemap using skybox materials:
   skybox/sky_day01_01*.vmt
 ! Run buildcubemaps in the engine to get the correct cube maps.
Creating default HDR cubemaps for env_cubemap using skybox materials:
   skybox/sky_day01_01*.vmt
 ! Run buildcubemaps in the engine to get the correct cube maps.
Finding displacement neighbors...
Finding lightmap sample positions...
Displacement Alpha : 0...1...2...3...4...5...6...7...8...9...10
Building Physics collision data...
done (0) (14857 bytes)
Placing detail props : 0...1...2...3...4...5...6...7...8...9...10
Compacting texture/material tables...
Reduced 20 texinfos to 11
Reduced 7 texdatas to 7 (154 bytes to 154)
Writing C:\mapsrc\gm_lbs_helsingborg_01.bsp
0 seconds elapsed



materialPath: C:\Program Files (x86)\Steam\steamapps\common\half-life 2\hl2\materials
Loading C:\mapsrc\gm_lbs_helsingborg_01.vmf
Could not locate 'GameData' key in c:\program files (x86)\steam\steamapps\common\half-life 2\hl2\gameinfo.txt
fixing up env_cubemap materials on brush sides...
0...1...2...3...4...5...6...7...8...9...100...1...2...3...4...5...6...7...8...9...10Processing areas...done (0)
Building Faces...done (0)
Chop Details...done (0)
Find Visible Detail Sides...done (0)
Merging details...done (0)
FixTjuncs...
PruneNodes...
WriteBSP...
done (0)
writing C:\mapsrc\gm_lbs_helsingborg_01.prt...Building visibility clusters...
done (0)
Creating default LDR cubemaps for env_cubemap using skybox materials:
   skybox/sky_day01_01*.vmt
 ! Run buildcubemaps in the engine to get the correct cube maps.
Creating default HDR cubemaps for env_cubemap using skybox materials:
   skybox/sky_day01_01*.vmt
 ! Run buildcubemaps in the engine to get the correct cube maps.
Finding displacement neighbors...
Finding lightmap sample positions...
Displacement Alpha : 0...1...2...3...4...5...6...7...8...9...10
Building Physics collision data...
done (0) (14857 bytes)
Placing detail props : 0...1...2...3...4...5...6...7...8...9...10
Compacting texture/material tables...
Reduced 20 texinfos to 11
Reduced 7 texdatas to 7 (154 bytes to 154)
Writing C:\mapsrc\gm_lbs_helsingborg_01.bsp
0 seconds elapsed



8 threads
reading c:\mapsrc\gm_lbs_helsingborg_01.bsp
reading c:\mapsrc\gm_lbs_helsingborg_01.prt
  20 portalclusters
  31 numportals
0...1...2...3...4...5...6...7...8...9...100...1...2...3...4...5...6...7...8...9...10Optimized: 0 visible clusters (0.00%)
Total clusters visible: 338
Average clusters visible: 16
Building PAS...
Average clusters audible: 20
visdatasize:284  compressed from 320
writing c:\mapsrc\gm_lbs_helsingborg_01.bsp
0 seconds elapsed



[Reading texlights from 'lights.rad']
[45 texlights parsed from 'lights.rad']

Loading c:\mapsrc\gm_lbs_helsingborg_01.bsp
99 faces
18479 square feet [2661058.00 square inches]
0 Displacements
0 Square Feet [0.00 Square Inches]
99 patches before subdivision
2119 patches after subdivision
0 direct lights
0...1...2...3...4...5...6...7...8...9...100...1...2...3...4...5...6...7...8...9...10transfers 200189, max 264
transfer lists:   1.5 megs
0...1...2...3...4...5...6...7...8...9...10	Bounce #1 added RGB(0, 0, 0)
Build Patch/Sample Hash Table(s).....Done<0.0020 sec>
0...1...2...3...4...5...6...7...8...9...10FinalLightFace Done
0 of 0 (0% of) surface lights went in leaf ambient cubes.
0...1...2...3...4...5...6...7...8...9...10Writing leaf ambient...done
Ready to Finish

Object names       Objects/Maxobjs  Memory / Maxmem  Fullness 
------------       ---------------  ---------------  -------- 
models                   5/1024          240/49152    ( 0.5%) 
brushes                 40/8192          480/98304    ( 0.5%) 
brushsides             244/65536        1952/524288   ( 0.4%) 
planes                 146/65536        2920/1310720  ( 0.2%) 
vertexes               209/65536        2508/786432   ( 0.3%) 
nodes                   85/65536        2720/2097152  ( 0.1%) 
texinfos                11/12288         792/884736   ( 0.1%) 
texdata                  7/2048          224/65536    ( 0.3%) 
dispinfos                0/0               0/0        ( 0.0%) 
disp_verts               0/0               0/0        ( 0.0%) 
disp_tris                0/0               0/0        ( 0.0%) 
disp_lmsamples           0/0               0/0        ( 0.0%) 
faces                   99/65536        5544/3670016  ( 0.2%) 
hdr faces                0/65536           0/3670016  ( 0.0%) 
origfaces               52/65536        2912/3670016  ( 0.1%) 
leaves                  91/65536        2912/2097152  ( 0.1%) 
leaffaces               99/65536         198/131072   ( 0.2%) 
leafbrushes            108/65536         216/131072   ( 0.2%) 
areas                    3/256            24/2048     ( 1.2%) 
surfedges              648/512000       2592/2048000  ( 0.1%) 
edges                  428/256000       1712/1024000  ( 0.2%) 
LDR worldlights          0/8192            0/720896   ( 0.0%) 
HDR worldlights          0/8192            0/720896   ( 0.0%) 
leafwaterdata            0/32768           0/393216   ( 0.0%) 
waterstrips              2/32768          20/327680   ( 0.0%) 
waterverts               0/65536           0/786432   ( 0.0%) 
waterindices            24/65536          48/131072   ( 0.0%) 
cubemapsamples           0/1024            0/16384    ( 0.0%) 
overlays                 0/512             0/180224   ( 0.0%) 
LDR lightdata         [variable]       50540/0        ( 0.0%) 
HDR lightdata         [variable]           0/0        ( 0.0%) 
visdata               [variable]         284/16777216 ( 0.0%) 
entdata               [variable]        2587/393216   ( 0.7%) 
LDR ambient table       91/65536         364/262144   ( 0.1%) 
HDR ambient table       91/65536         364/262144   ( 0.1%) 
LDR leaf ambient        47/65536        1316/1835008  ( 0.1%) 
HDR leaf ambient        91/65536        2548/1835008  ( 0.1%) 
occluders                0/0               0/0        ( 0.0%) 
occluder polygons        0/0               0/0        ( 0.0%) 
occluder vert ind        0/0               0/0        ( 0.0%) 
detail props          [variable]           1/12       ( 8.3%) 
static props          [variable]           1/12       ( 8.3%) 
pakfile               [variable]      105715/0        ( 0.0%) 
physics               [variable]       14857/4194304  ( 0.4%) 
physics terrain       [variable]           2/1048576  ( 0.0%) 

Level flags = 0

Total triangle count: 242
Writing c:\mapsrc\gm_lbs_helsingborg_01.bsp
0 seconds elapsed



materialPath: C:\Program Files (x86)\Steam\steamapps\common\half-life 2\hl2\materials
Loading C:\mapsrc\gm_lbs_helsingborg_01.vmf
Could not locate 'GameData' key in c:\program files (x86)\steam\steamapps\common\half-life 2\hl2\gameinfo.txt
fixing up env_cubemap materials on brush sides...
0...1...2...3...4...5...6...7...8...9...100...1...2...3...4...5...6...7...8...9...10Processing areas...done (0)
Building Faces...done (0)
Chop Details...done (0)
Find Visible Detail Sides...done (0)
Merging details...done (0)
FixTjuncs...
PruneNodes...
WriteBSP...
done (0)
writing C:\mapsrc\gm_lbs_helsingborg_01.prt...Building visibility clusters...
done (0)
Creating default LDR cubemaps for env_cubemap using skybox materials:
   skybox/sky_day01_01*.vmt
 ! Run buildcubemaps in the engine to get the correct cube maps.
Creating default HDR cubemaps for env_cubemap using skybox materials:
   skybox/sky_day01_01*.vmt
 ! Run buildcubemaps in the engine to get the correct cube maps.
Finding displacement neighbors...
Finding lightmap sample positions...
Displacement Alpha : 0...1...2...3...4...5...6...7...8...9...10
Building Physics collision data...
done (0) (14857 bytes)
Placing detail props : 0...1...2...3...4...5...6...7...8...9...10
Compacting texture/material tables...
Reduced 20 texinfos to 11
Reduced 7 texdatas to 7 (154 bytes to 154)
Writing C:\mapsrc\gm_lbs_helsingborg_01.bsp
0 seconds elapsed



8 threads
reading c:\mapsrc\gm_lbs_helsingborg_01.bsp
reading c:\mapsrc\gm_lbs_helsingborg_01.prt
  20 portalclusters
  31 numportals
0...1...2...3...4...5...6...7...8...9...100...1...2...3...4...5...6...7...8...9...10Optimized: 0 visible clusters (0.00%)
Total clusters visible: 338
Average clusters visible: 16
Building PAS...
Average clusters audible: 20
visdatasize:284  compressed from 320
writing c:\mapsrc\gm_lbs_helsingborg_01.bsp
0 seconds elapsed



[Reading texlights from 'lights.rad']
[45 texlights parsed from 'lights.rad']

Loading c:\mapsrc\gm_lbs_helsingborg_01.bsp
99 faces
18479 square feet [2661058.00 square inches]
0 Displacements
0 Square Feet [0.00 Square Inches]
99 patches before subdivision
2119 patches after subdivision
0 direct lights
0...1...2...3...4...5...6...7...8...9...100...1...2...3...4...5...6...7...8...9...10transfers 200189, max 264
transfer lists:   1.5 megs
0...1...2...3...4...5...6...7...8...9...10	Bounce #1 added RGB(0, 0, 0)
Build Patch/Sample Hash Table(s).....Done<0.0017 sec>
0...1...2...3...4...5...6...7...8...9...10FinalLightFace Done
0 of 0 (0% of) surface lights went in leaf ambient cubes.
0...1...2...3...4...5...6...7...8...9...10Writing leaf ambient...done
Ready to Finish

Object names       Objects/Maxobjs  Memory / Maxmem  Fullness 
------------       ---------------  ---------------  -------- 
models                   5/1024          240/49152    ( 0.5%) 
brushes                 40/8192          480/98304    ( 0.5%) 
brushsides             244/65536        1952/524288   ( 0.4%) 
planes                 146/65536        2920/1310720  ( 0.2%) 
vertexes               209/65536        2508/786432   ( 0.3%) 
nodes                   85/65536        2720/2097152  ( 0.1%) 
texinfos                11/12288         792/884736   ( 0.1%) 
texdata                  7/2048          224/65536    ( 0.3%) 
dispinfos                0/0               0/0        ( 0.0%) 
disp_verts               0/0               0/0        ( 0.0%) 
disp_tris                0/0               0/0        ( 0.0%) 
disp_lmsamples           0/0               0/0        ( 0.0%) 
faces                   99/65536        5544/3670016  ( 0.2%) 
hdr faces                0/65536           0/3670016  ( 0.0%) 
origfaces               52/65536        2912/3670016  ( 0.1%) 
leaves                  91/65536        2912/2097152  ( 0.1%) 
leaffaces               99/65536         198/131072   ( 0.2%) 
leafbrushes            108/65536         216/131072   ( 0.2%) 
areas                    3/256            24/2048     ( 1.2%) 
surfedges              648/512000       2592/2048000  ( 0.1%) 
edges                  428/256000       1712/1024000  ( 0.2%) 
LDR worldlights          0/8192            0/720896   ( 0.0%) 
HDR worldlights          0/8192            0/720896   ( 0.0%) 
leafwaterdata            0/32768           0/393216   ( 0.0%) 
waterstrips              2/32768          20/327680   ( 0.0%) 
waterverts               0/65536           0/786432   ( 0.0%) 
waterindices            24/65536          48/131072   ( 0.0%) 
cubemapsamples           0/1024            0/16384    ( 0.0%) 
overlays                 0/512             0/180224   ( 0.0%) 
LDR lightdata         [variable]       50540/0        ( 0.0%) 
HDR lightdata         [variable]           0/0        ( 0.0%) 
visdata               [variable]         284/16777216 ( 0.0%) 
entdata               [variable]        2587/393216   ( 0.7%) 
LDR ambient table       91/65536         364/262144   ( 0.1%) 
HDR ambient table       91/65536         364/262144   ( 0.1%) 
LDR leaf ambient        47/65536        1316/1835008  ( 0.1%) 
HDR leaf ambient        91/65536        2548/1835008  ( 0.1%) 
occluders                0/0               0/0        ( 0.0%) 
occluder polygons        0/0               0/0        ( 0.0%) 
occluder vert ind        0/0               0/0        ( 0.0%) 
detail props          [variable]           1/12       ( 8.3%) 
static props          [variable]           1/12       ( 8.3%) 
pakfile               [variable]      105715/0        ( 0.0%) 
physics               [variable]       14857/4194304  ( 0.4%) 
physics terrain       [variable]           2/1048576  ( 0.0%) 

Level flags = 0

Total triangle count: 242
Writing c:\mapsrc\gm_lbs_helsingborg_01.bsp
0 seconds elapsed



materialPath: C:\Program Files (x86)\Steam\steamapps\common\half-life 2\hl2\materials
Loading C:\mapsrc\gm_lbs_helsingborg_01.vmf
Could not locate 'GameData' key in c:\program files (x86)\steam\steamapps\common\half-life 2\hl2\gameinfo.txt
fixing up env_cubemap materials on brush sides...
0...1...2...3...4...5...6...7...8...9...100...1...2...3...4...5...6...7...8...9...10Processing areas...done (0)
Building Faces...done (0)
Chop Details...done (0)
Find Visible Detail Sides...done (0)
Merging details...done (0)
FixTjuncs...
PruneNodes...
WriteBSP...
done (0)
writing C:\mapsrc\gm_lbs_helsingborg_01.prt...Building visibility clusters...
done (0)
Creating default LDR cubemaps for env_cubemap using skybox materials:
   skybox/sky_day01_01*.vmt
 ! Run buildcubemaps in the engine to get the correct cube maps.
Creating default HDR cubemaps for env_cubemap using skybox materials:
   skybox/sky_day01_01*.vmt
 ! Run buildcubemaps in the engine to get the correct cube maps.
Finding displacement neighbors...
Finding lightmap sample positions...
Displacement Alpha : 0...1...2...3...4...5...6...7...8...9...10
Building Physics collision data...
done (0) (14857 bytes)
Placing detail props : 0...1...2...3...4...5...6...7...8...9...10
Compacting texture/material tables...
Reduced 20 texinfos to 11
Reduced 7 texdatas to 7 (154 bytes to 154)
Writing C:\mapsrc\gm_lbs_helsingborg_01.bsp
0 seconds elapsed



8 threads
reading c:\mapsrc\gm_lbs_helsingborg_01.bsp
reading c:\mapsrc\gm_lbs_helsingborg_01.prt
  20 portalclusters
  31 numportals
0...1...2...3...4...5...6...7...8...9...100...1...2...3...4...5...6...7...8...9...10Optimized: 0 visible clusters (0.00%)
Total clusters visible: 338
Average clusters visible: 16
Building PAS...
Average clusters audible: 20
visdatasize:284  compressed from 320
writing c:\mapsrc\gm_lbs_helsingborg_01.bsp
0 seconds elapsed



[Reading texlights from 'lights.rad']
[45 texlights parsed from 'lights.rad']

Loading c:\mapsrc\gm_lbs_helsingborg_01.bsp
99 faces
18479 square feet [2661058.00 square inches]
0 Displacements
0 Square Feet [0.00 Square Inches]
99 patches before subdivision
2119 patches after subdivision
0 direct lights
0...1...2...3...4...5...6...7...8...9...100...1...2...3...4...5...6...7...8...9...10transfers 200189, max 264
transfer lists:   1.5 megs
0...1...2...3...4...5...6...7...8...9...10	Bounce #1 added RGB(0, 0, 0)
Build Patch/Sample Hash Table(s).....Done<0.0009 sec>
0...1...2...3...4...5...6...7...8...9...10FinalLightFace Done
0 of 0 (0% of) surface lights went in leaf ambient cubes.
0...1...2...3...4...5...6...7...8...9...10Writing leaf ambient...done
Ready to Finish

Object names       Objects/Maxobjs  Memory / Maxmem  Fullness 
------------       ---------------  ---------------  -------- 
models                   5/1024          240/49152    ( 0.5%) 
brushes                 40/8192          480/98304    ( 0.5%) 
brushsides             244/65536        1952/524288   ( 0.4%) 
planes                 146/65536        2920/1310720  ( 0.2%) 
vertexes               209/65536        2508/786432   ( 0.3%) 
nodes                   85/65536        2720/2097152  ( 0.1%) 
texinfos                11/12288         792/884736   ( 0.1%) 
texdata                  7/2048          224/65536    ( 0.3%) 
dispinfos                0/0               0/0        ( 0.0%) 
disp_verts               0/0               0/0        ( 0.0%) 
disp_tris                0/0               0/0        ( 0.0%) 
disp_lmsamples           0/0               0/0        ( 0.0%) 
faces                   99/65536        5544/3670016  ( 0.2%) 
hdr faces                0/65536           0/3670016  ( 0.0%) 
origfaces               52/65536        2912/3670016  ( 0.1%) 
leaves                  91/65536        2912/2097152  ( 0.1%) 
leaffaces               99/65536         198/131072   ( 0.2%) 
leafbrushes            108/65536         216/131072   ( 0.2%) 
areas                    3/256            24/2048     ( 1.2%) 
surfedges              648/512000       2592/2048000  ( 0.1%) 
edges                  428/256000       1712/1024000  ( 0.2%) 
LDR worldlights          0/8192            0/720896   ( 0.0%) 
HDR worldlights          0/8192            0/720896   ( 0.0%) 
leafwaterdata            0/32768           0/393216   ( 0.0%) 
waterstrips              2/32768          20/327680   ( 0.0%) 
waterverts               0/65536           0/786432   ( 0.0%) 
waterindices            24/65536          48/131072   ( 0.0%) 
cubemapsamples           0/1024            0/16384    ( 0.0%) 
overlays                 0/512             0/180224   ( 0.0%) 
LDR lightdata         [variable]       50540/0        ( 0.0%) 
HDR lightdata         [variable]           0/0        ( 0.0%) 
visdata               [variable]         284/16777216 ( 0.0%) 
entdata               [variable]        2692/393216   ( 0.7%) 
LDR ambient table       91/65536         364/262144   ( 0.1%) 
HDR ambient table       91/65536         364/262144   ( 0.1%) 
LDR leaf ambient        47/65536        1316/1835008  ( 0.1%) 
HDR leaf ambient        91/65536        2548/1835008  ( 0.1%) 
occluders                0/0               0/0        ( 0.0%) 
occluder polygons        0/0               0/0        ( 0.0%) 
occluder vert ind        0/0               0/0        ( 0.0%) 
detail props          [variable]           1/12       ( 8.3%) 
static props          [variable]           1/12       ( 8.3%) 
pakfile               [variable]      105715/0        ( 0.0%) 
physics               [variable]       14857/4194304  ( 0.4%) 
physics terrain       [variable]           2/1048576  ( 0.0%) 

Level flags = 0

Total triangle count: 242
Writing c:\mapsrc\gm_lbs_helsingborg_01.bsp
0 seconds elapsed



materialPath: C:\Program Files (x86)\Steam\steamapps\common\half-life 2\hl2\materials
Loading C:\mapsrc\gm_lbs_helsingborg_01.vmf
Could not locate 'GameData' key in c:\program files (x86)\steam\steamapps\common\half-life 2\hl2\gameinfo.txt
fixing up env_cubemap materials on brush sides...
0...1...2...3...4...5...6...7...8...9...100...1...2...3...4...5...6...7...8...9...10Processing areas...done (0)
Building Faces...done (0)
Chop Details...done (0)
Find Visible Detail Sides...done (0)
Merging details...done (0)
FixTjuncs...
PruneNodes...
WriteBSP...
done (0)
writing C:\mapsrc\gm_lbs_helsingborg_01.prt...Building visibility clusters...
done (0)
Creating default LDR cubemaps for env_cubemap using skybox materials:
   skybox/sky_day01_01*.vmt
 ! Run buildcubemaps in the engine to get the correct cube maps.
Creating default HDR cubemaps for env_cubemap using skybox materials:
   skybox/sky_day01_01*.vmt
 ! Run buildcubemaps in the engine to get the correct cube maps.
Finding displacement neighbors...
Finding lightmap sample positions...
Displacement Alpha : 0...1...2...3...4...5...6...7...8...9...10
Building Physics collision data...
done (0) (14857 bytes)
Placing detail props : 0...1...2...3...4...5...6...7...8...9...10
Compacting texture/material tables...
Reduced 20 texinfos to 11
Reduced 7 texdatas to 7 (154 bytes to 154)
Writing C:\mapsrc\gm_lbs_helsingborg_01.bsp
0 seconds elapsed



8 threads
reading c:\mapsrc\gm_lbs_helsingborg_01.bsp
reading c:\mapsrc\gm_lbs_helsingborg_01.prt
  20 portalclusters
  31 numportals
0...1...2...3...4...5...6...7...8...9...100...1...2...3...4...5...6...7...8...9...10Optimized: 0 visible clusters (0.00%)
Total clusters visible: 338
Average clusters visible: 16
Building PAS...
Average clusters audible: 20
visdatasize:284  compressed from 320
writing c:\mapsrc\gm_lbs_helsingborg_01.bsp
0 seconds elapsed



[Reading texlights from 'lights.rad']
[45 texlights parsed from 'lights.rad']

Loading c:\mapsrc\gm_lbs_helsingborg_01.bsp
99 faces
18479 square feet [2661058.00 square inches]
0 Displacements
0 Square Feet [0.00 Square Inches]
99 patches before subdivision
2119 patches after subdivision
0 direct lights
0...1...2...3...4...5...6...7...8...9...100...1...2...3...4...5...6...7...8...9...10transfers 200189, max 264
transfer lists:   1.5 megs
0...1...2...3...4...5...6...7...8...9...10	Bounce #1 added RGB(0, 0, 0)
Build Patch/Sample Hash Table(s).....Done<0.0010 sec>
0...1...2...3...4...5...6...7...8...9...10FinalLightFace Done
0 of 0 (0% of) surface lights went in leaf ambient cubes.
0...1...2...3...4...5...6...7...8...9...10Writing leaf ambient...done
Ready to Finish

Object names       Objects/Maxobjs  Memory / Maxmem  Fullness 
------------       ---------------  ---------------  -------- 
models                   5/1024          240/49152    ( 0.5%) 
brushes                 40/8192          480/98304    ( 0.5%) 
brushsides             244/65536        1952/524288   ( 0.4%) 
planes                 146/65536        2920/1310720  ( 0.2%) 
vertexes               209/65536        2508/786432   ( 0.3%) 
nodes                   85/65536        2720/2097152  ( 0.1%) 
texinfos                11/12288         792/884736   ( 0.1%) 
texdata                  7/2048          224/65536    ( 0.3%) 
dispinfos                0/0               0/0        ( 0.0%) 
disp_verts               0/0               0/0        ( 0.0%) 
disp_tris                0/0               0/0        ( 0.0%) 
disp_lmsamples           0/0               0/0        ( 0.0%) 
faces                   99/65536        5544/3670016  ( 0.2%) 
hdr faces                0/65536           0/3670016  ( 0.0%) 
origfaces               52/65536        2912/3670016  ( 0.1%) 
leaves                  91/65536        2912/2097152  ( 0.1%) 
leaffaces               99/65536         198/131072   ( 0.2%) 
leafbrushes            108/65536         216/131072   ( 0.2%) 
areas                    3/256            24/2048     ( 1.2%) 
surfedges              648/512000       2592/2048000  ( 0.1%) 
edges                  428/256000       1712/1024000  ( 0.2%) 
LDR worldlights          0/8192            0/720896   ( 0.0%) 
HDR worldlights          0/8192            0/720896   ( 0.0%) 
leafwaterdata            0/32768           0/393216   ( 0.0%) 
waterstrips              2/32768          20/327680   ( 0.0%) 
waterverts               0/65536           0/786432   ( 0.0%) 
waterindices            24/65536          48/131072   ( 0.0%) 
cubemapsamples           0/1024            0/16384    ( 0.0%) 
overlays                 0/512             0/180224   ( 0.0%) 
LDR lightdata         [variable]       50540/0        ( 0.0%) 
HDR lightdata         [variable]           0/0        ( 0.0%) 
visdata               [variable]         284/16777216 ( 0.0%) 
entdata               [variable]        2692/393216   ( 0.7%) 
LDR ambient table       91/65536         364/262144   ( 0.1%) 
HDR ambient table       91/65536         364/262144   ( 0.1%) 
LDR leaf ambient        47/65536        1316/1835008  ( 0.1%) 
HDR leaf ambient        91/65536        2548/1835008  ( 0.1%) 
occluders                0/0               0/0        ( 0.0%) 
occluder polygons        0/0               0/0        ( 0.0%) 
occluder vert ind        0/0               0/0        ( 0.0%) 
detail props          [variable]           1/12       ( 8.3%) 
static props          [variable]           1/12       ( 8.3%) 
pakfile               [variable]      105715/0        ( 0.0%) 
physics               [variable]       14857/4194304  ( 0.4%) 
physics terrain       [variable]           2/1048576  ( 0.0%) 

Level flags = 0

Total triangle count: 242
Writing c:\mapsrc\gm_lbs_helsingborg_01.bsp
0 seconds elapsed



materialPath: C:\Program Files (x86)\Steam\steamapps\common\half-life 2\hl2\materials
Loading C:\mapsrc\gm_lbs_helsingborg_01.vmf
Could not locate 'GameData' key in c:\program files (x86)\steam\steamapps\common\half-life 2\hl2\gameinfo.txt
fixing up env_cubemap materials on brush sides...
0...1...2...3...4...5...6...7...8...9...100...1...2...3...4...5...6...7...8...9...10Processing areas...done (0)
Building Faces...done (0)
Chop Details...done (0)
Find Visible Detail Sides...done (0)
Merging details...done (0)
FixTjuncs...
PruneNodes...
WriteBSP...
done (0)
writing C:\mapsrc\gm_lbs_helsingborg_01.prt...Building visibility clusters...
done (0)
Creating default LDR cubemaps for env_cubemap using skybox materials:
   skybox/sky_day01_01*.vmt
 ! Run buildcubemaps in the engine to get the correct cube maps.
Creating default HDR cubemaps for env_cubemap using skybox materials:
   skybox/sky_day01_01*.vmt
 ! Run buildcubemaps in the engine to get the correct cube maps.
Finding displacement neighbors...
Finding lightmap sample positions...
Displacement Alpha : 0...1...2...3...4...5...6...7...8...9...10
Building Physics collision data...
done (0) (12749 bytes)
Placing detail props : 0...1...2...3...4...5...6...7...8...9...10
Compacting texture/material tables...
Reduced 17 texinfos to 10
Reduced 6 texdatas to 6 (133 bytes to 133)
Writing C:\mapsrc\gm_lbs_helsingborg_01.bsp
0 seconds elapsed



8 threads
reading c:\mapsrc\gm_lbs_helsingborg_01.bsp
reading c:\mapsrc\gm_lbs_helsingborg_01.prt
  20 portalclusters
  31 numportals
0...1...2...3...4...5...6...7...8...9...100...1...2...3...4...5...6...7...8...9...10Optimized: 0 visible clusters (0.00%)
Total clusters visible: 338
Average clusters visible: 16
Building PAS...
Average clusters audible: 20
visdatasize:284  compressed from 320
writing c:\mapsrc\gm_lbs_helsingborg_01.bsp
0 seconds elapsed



[Reading texlights from 'lights.rad']
[45 texlights parsed from 'lights.rad']

Loading c:\mapsrc\gm_lbs_helsingborg_01.bsp
99 faces
18479 square feet [2661058.00 square inches]
0 Displacements
0 Square Feet [0.00 Square Inches]
99 patches before subdivision
2119 patches after subdivision
2 direct lights
0...1...2...3...4...5...6...7...8...9...100...1...2...3...4...5...6...7...8...9...10transfers 200189, max 264
transfer lists:   1.5 megs
0...1...2...3...4...5...6...7...8...9...10	Bounce #1 added RGB(971, 948, 948)
0...1...2...3...4...5...6...7...8...9...10	Bounce #2 added RGB(98, 94, 94)
0...1...2...3...4...5...6...7...8...9...10	Bounce #3 added RGB(11, 10, 10)
0...1...2...3...4...5...6...7...8...9...10	Bounce #4 added RGB(1, 1, 1)
0...1...2...3...4...5...6...7...8...9...10	Bounce #5 added RGB(0, 0, 0)
Build Patch/Sample Hash Table(s).....Done<0.0015 sec>
0...1...2...3...4...5...6...7...8...9...10FinalLightFace Done
0 of 0 (0% of) surface lights went in leaf ambient cubes.
0...1...2...3...4...5...6...7...8...9...10Writing leaf ambient...done
Ready to Finish

Object names       Objects/Maxobjs  Memory / Maxmem  Fullness 
------------       ---------------  ---------------  -------- 
models                   5/1024          240/49152    ( 0.5%) 
brushes                 34/8192          408/98304    ( 0.4%) 
brushsides             208/65536        1664/524288   ( 0.3%) 
planes                 120/65536        2400/1310720  ( 0.2%) 
vertexes               209/65536        2508/786432   ( 0.3%) 
nodes                   86/65536        2752/2097152  ( 0.1%) 
texinfos                10/12288         720/884736   ( 0.1%) 
texdata                  6/2048          192/65536    ( 0.3%) 
dispinfos                0/0               0/0        ( 0.0%) 
disp_verts               0/0               0/0        ( 0.0%) 
disp_tris                0/0               0/0        ( 0.0%) 
disp_lmsamples           0/0               0/0        ( 0.0%) 
faces                   99/65536        5544/3670016  ( 0.2%) 
hdr faces                0/65536           0/3670016  ( 0.0%) 
origfaces               52/65536        2912/3670016  ( 0.1%) 
leaves                  92/65536        2944/2097152  ( 0.1%) 
leaffaces               99/65536         198/131072   ( 0.2%) 
leafbrushes             49/65536          98/131072   ( 0.1%) 
areas                    3/256            24/2048     ( 1.2%) 
surfedges              648/512000       2592/2048000  ( 0.1%) 
edges                  428/256000       1712/1024000  ( 0.2%) 
LDR worldlights          2/8192          176/720896   ( 0.0%) 
HDR worldlights          0/8192            0/720896   ( 0.0%) 
leafwaterdata            0/32768           0/393216   ( 0.0%) 
waterstrips              2/32768          20/327680   ( 0.0%) 
waterverts               0/65536           0/786432   ( 0.0%) 
waterindices            24/65536          48/131072   ( 0.0%) 
cubemapsamples           0/1024            0/16384    ( 0.0%) 
overlays                 0/512             0/180224   ( 0.0%) 
LDR lightdata         [variable]       50540/0        ( 0.0%) 
HDR lightdata         [variable]           0/0        ( 0.0%) 
visdata               [variable]         284/16777216 ( 0.0%) 
entdata               [variable]        2972/393216   ( 0.8%) 
LDR ambient table       92/65536         368/262144   ( 0.1%) 
HDR ambient table       92/65536         368/262144   ( 0.1%) 
LDR leaf ambient       140/65536        3920/1835008  ( 0.2%) 
HDR leaf ambient        92/65536        2576/1835008  ( 0.1%) 
occluders                0/0               0/0        ( 0.0%) 
occluder polygons        0/0               0/0        ( 0.0%) 
occluder vert ind        0/0               0/0        ( 0.0%) 
detail props          [variable]           1/12       ( 8.3%) 
static props          [variable]           1/12       ( 8.3%) 
pakfile               [variable]      105715/0        ( 0.0%) 
physics               [variable]       12749/4194304  ( 0.3%) 
physics terrain       [variable]           2/1048576  ( 0.0%) 

Level flags = 0

Total triangle count: 242
Writing c:\mapsrc\gm_lbs_helsingborg_01.bsp
0 seconds elapsed



materialPath: C:\Program Files (x86)\Steam\steamapps\common\half-life 2\hl2\materials
Loading C:\mapsrc\gm_lbs_helsingborg_01.vmf
Could not locate 'GameData' key in c:\program files (x86)\steam\steamapps\common\half-life 2\hl2\gameinfo.txt
fixing up env_cubemap materials on brush sides...
0...1...2...3...4...5...6...7...8...9...100...1...2...3...4...5...6...7...8...9...10Processing areas...done (0)
Building Faces...done (0)
Chop Details...done (0)
Find Visible Detail Sides...done (0)
Merging details...done (0)
FixTjuncs...
PruneNodes...
WriteBSP...
done (0)
writing C:\mapsrc\gm_lbs_helsingborg_01.prt...Building visibility clusters...
done (0)
Creating default LDR cubemaps for env_cubemap using skybox materials:
   skybox/sky_day01_01*.vmt
 ! Run buildcubemaps in the engine to get the correct cube maps.
Creating default HDR cubemaps for env_cubemap using skybox materials:
   skybox/sky_day01_01*.vmt
 ! Run buildcubemaps in the engine to get the correct cube maps.
Finding displacement neighbors...
Finding lightmap sample positions...
Displacement Alpha : 0...1...2...3...4...5...6...7...8...9...10
Building Physics collision data...
done (0) (12749 bytes)
Placing detail props : 0...1...2...3...4...5...6...7...8...9...10
Compacting texture/material tables...
Reduced 17 texinfos to 10
Reduced 6 texdatas to 6 (133 bytes to 133)
Writing C:\mapsrc\gm_lbs_helsingborg_01.bsp
0 seconds elapsed



8 threads
reading c:\mapsrc\gm_lbs_helsingborg_01.bsp
reading c:\mapsrc\gm_lbs_helsingborg_01.prt
  20 portalclusters
  31 numportals
0...1...2...3...4...5...6...7...8...9...100...1...2...3...4...5...6...7...8...9...10Optimized: 0 visible clusters (0.00%)
Total clusters visible: 338
Average clusters visible: 16
Building PAS...
Average clusters audible: 20
visdatasize:284  compressed from 320
writing c:\mapsrc\gm_lbs_helsingborg_01.bsp
0 seconds elapsed



materialPath: C:\Program Files (x86)\Steam\steamapps\common\half-life 2\hl2\materials
Loading C:\mapsrc\gm_lbs_helsingborg_01.vmf
Could not locate 'GameData' key in c:\program files (x86)\steam\steamapps\common\half-life 2\hl2\gameinfo.txt
fixing up env_cubemap materials on brush sides...
0...1...2...3...4...5...6...7...8...9...100...1...2...3...4...5...6...7...8...9...10Processing areas...done (0)
Building Faces...done (0)
Chop Details...done (0)
Find Visible Detail Sides...done (0)
Merging details...done (0)
FixTjuncs...
PruneNodes...
WriteBSP...
done (0)
writing C:\mapsrc\gm_lbs_helsingborg_01.prt...Building visibility clusters...
done (0)
Creating default LDR cubemaps for env_cubemap using skybox materials:
   skybox/sky_day01_01*.vmt
 ! Run buildcubemaps in the engine to get the correct cube maps.
Creating default HDR cubemaps for env_cubemap using skybox materials:
   skybox/sky_day01_01*.vmt
 ! Run buildcubemaps in the engine to get the correct cube maps.
Finding displacement neighbors...
Finding lightmap sample positions...
Displacement Alpha : 0...1...2...3...4...5...6...7...8...9...10
Building Physics collision data...
done (0) (12749 bytes)
Placing detail props : 0...1...2...3...4...5...6...7...8...9...10
Compacting texture/material tables...
Reduced 14 texinfos to 9
Reduced 5 texdatas to 5 (111 bytes to 111)
Writing C:\mapsrc\gm_lbs_helsingborg_01.bsp
0 seconds elapsed



8 threads
reading c:\mapsrc\gm_lbs_helsingborg_01.bsp
reading c:\mapsrc\gm_lbs_helsingborg_01.prt
  18 portalclusters
  29 numportals
0...1...2...3...4...5...6...7...8...9...100...1...2...3...4...5...6...7...8...9...10Optimized: 0 visible clusters (0.00%)
Total clusters visible: 264
Average clusters visible: 14
Building PAS...
Average clusters audible: 18
visdatasize:256  compressed from 288
writing c:\mapsrc\gm_lbs_helsingborg_01.bsp
0 seconds elapsed



materialPath: C:\Program Files (x86)\Steam\steamapps\common\half-life 2\hl2\materials
Loading C:\mapsrc\gm_lbs_helsingborg_01.vmf
Could not locate 'GameData' key in c:\program files (x86)\steam\steamapps\common\half-life 2\hl2\gameinfo.txt
fixing up env_cubemap materials on brush sides...
0...1...2...3...4...5...6...7...8...9...100...1...2...3...4...5...6...7...8...9...10Processing areas...done (0)
Building Faces...done (0)
Chop Details...done (0)
Find Visible Detail Sides...done (0)
Merging details...done (0)
FixTjuncs...
PruneNodes...
WriteBSP...
done (0)
writing C:\mapsrc\gm_lbs_helsingborg_01.prt...Building visibility clusters...
done (0)
Creating default LDR cubemaps for env_cubemap using skybox materials:
   skybox/sky_day01_01*.vmt
 ! Run buildcubemaps in the engine to get the correct cube maps.
Creating default HDR cubemaps for env_cubemap using skybox materials:
   skybox/sky_day01_01*.vmt
 ! Run buildcubemaps in the engine to get the correct cube maps.
Finding displacement neighbors...
Finding lightmap sample positions...
Displacement Alpha : 0...1...2...3...4...5...6...7...8...9...10
Building Physics collision data...
done (0) (12749 bytes)
Placing detail props : 0...1...2...3...4...5...6...7...8...9...10
Compacting texture/material tables...
Reduced 14 texinfos to 9
Reduced 5 texdatas to 5 (111 bytes to 111)
Writing C:\mapsrc\gm_lbs_helsingborg_01.bsp
0 seconds elapsed



8 threads
reading c:\mapsrc\gm_lbs_helsingborg_01.bsp
reading c:\mapsrc\gm_lbs_helsingborg_01.prt
  18 portalclusters
  29 numportals
0...1...2...3...4...5...6...7...8...9...100...1...2...3...4...5...6...7...8...9...10Optimized: 0 visible clusters (0.00%)
Total clusters visible: 264
Average clusters visible: 14
Building PAS...
Average clusters audible: 18
visdatasize:256  compressed from 288
writing c:\mapsrc\gm_lbs_helsingborg_01.bsp
0 seconds elapsed



materialPath: C:\Program Files (x86)\Steam\steamapps\common\half-life 2\hl2\materials
Loading C:\mapsrc\gm_lbs_helsingborg_01.vmf
Could not locate 'GameData' key in c:\program files (x86)\steam\steamapps\common\half-life 2\hl2\gameinfo.txt
fixing up env_cubemap materials on brush sides...
0...1...2...3...4...5...6...7...8...9...100...1...2...3...4...5...6...7...8...9...10Processing areas...done (0)
Building Faces...done (0)
Chop Details...done (0)
Find Visible Detail Sides...done (0)
Merging details...done (0)
FixTjuncs...
PruneNodes...
WriteBSP...
done (0)
writing C:\mapsrc\gm_lbs_helsingborg_01.prt...Building visibility clusters...
done (0)
Creating default LDR cubemaps for env_cubemap using skybox materials:
   skybox/sky_day01_01*.vmt
 ! Run buildcubemaps in the engine to get the correct cube maps.
Creating default HDR cubemaps for env_cubemap using skybox materials:
   skybox/sky_day01_01*.vmt
 ! Run buildcubemaps in the engine to get the correct cube maps.
Finding displacement neighbors...
Finding lightmap sample positions...
Displacement Alpha : 0...1...2...3...4...5...6...7...8...9...10
Building Physics collision data...
done (0) (12749 bytes)
Placing detail props : 0...1...2...3...4...5...6...7...8...9...10
Compacting texture/material tables...
Reduced 14 texinfos to 9
Reduced 5 texdatas to 5 (111 bytes to 111)
Writing C:\mapsrc\gm_lbs_helsingborg_01.bsp
0 seconds elapsed



8 threads
reading c:\mapsrc\gm_lbs_helsingborg_01.bsp
reading c:\mapsrc\gm_lbs_helsingborg_01.prt
  18 portalclusters
  29 numportals
0...1...2...3...4...5...6...7...8...9...100...1...2...3...4...5...6...7...8...9...10Optimized: 0 visible clusters (0.00%)
Total clusters visible: 264
Average clusters visible: 14
Building PAS...
Average clusters audible: 18
visdatasize:256  compressed from 288
writing c:\mapsrc\gm_lbs_helsingborg_01.bsp
0 seconds elapsed



materialPath: C:\Program Files (x86)\Steam\steamapps\common\half-life 2\hl2\materials
Loading C:\mapsrc\gm_lbs_helsingborg_01.vmf
Could not locate 'GameData' key in c:\program files (x86)\steam\steamapps\common\half-life 2\hl2\gameinfo.txt
fixing up env_cubemap materials on brush sides...
0...1...2...3...4...5...6...7...8...9...100...1...2...3...4...5...6...7...8...9...10Processing areas...done (0)
Building Faces...done (0)
Chop Details...done (0)
Find Visible Detail Sides...done (0)
Merging details...done (0)
FixTjuncs...
PruneNodes...
WriteBSP...
done (0)
writing C:\mapsrc\gm_lbs_helsingborg_01.prt...Building visibility clusters...
done (0)
Creating default LDR cubemaps for env_cubemap using skybox materials:
   skybox/sky_day01_01*.vmt
 ! Run buildcubemaps in the engine to get the correct cube maps.
Creating default HDR cubemaps for env_cubemap using skybox materials:
   skybox/sky_day01_01*.vmt
 ! Run buildcubemaps in the engine to get the correct cube maps.
Finding displacement neighbors...
Finding lightmap sample positions...
Displacement Alpha : 0...1...2...3...4...5...6...7...8...9...10
Building Physics collision data...
done (0) (12749 bytes)
Placing detail props : 0...1...2...3...4...5...6...7...8...9...10
Compacting texture/material tables...
Reduced 14 texinfos to 9
Reduced 5 texdatas to 5 (111 bytes to 111)
Writing C:\mapsrc\gm_lbs_helsingborg_01.bsp
0 seconds elapsed



8 threads
reading c:\mapsrc\gm_lbs_helsingborg_01.bsp
reading c:\mapsrc\gm_lbs_helsingborg_01.prt
  18 portalclusters
  29 numportals
0...1...2...3...4...5...6...7...8...9...100...1...2...3...4...5...6...7...8...9...10Optimized: 0 visible clusters (0.00%)
Total clusters visible: 264
Average clusters visible: 14
Building PAS...
Average clusters audible: 18
visdatasize:256  compressed from 288
writing c:\mapsrc\gm_lbs_helsingborg_01.bsp
0 seconds elapsed



materialPath: C:\Program Files (x86)\Steam\steamapps\common\half-life 2\hl2\materials
Loading C:\mapsrc\gm_lbs_helsingborg_01.vmf
Could not locate 'GameData' key in c:\program files (x86)\steam\steamapps\common\half-life 2\hl2\gameinfo.txt
fixing up env_cubemap materials on brush sides...
0...1...2...3...4...5...6...7...8...9...100...1...2...3...4...5...6...7...8...9...10Processing areas...done (0)
Building Faces...done (0)
Chop Details...done (0)
Find Visible Detail Sides...done (0)
Merging details...done (0)
FixTjuncs...
PruneNodes...
WriteBSP...
done (0)
writing C:\mapsrc\gm_lbs_helsingborg_01.prt...Building visibility clusters...
done (0)
Creating default LDR cubemaps for env_cubemap using skybox materials:
   skybox/sky_day01_01*.vmt
 ! Run buildcubemaps in the engine to get the correct cube maps.
Creating default HDR cubemaps for env_cubemap using skybox materials:
   skybox/sky_day01_01*.vmt
 ! Run buildcubemaps in the engine to get the correct cube maps.
Finding displacement neighbors...
Finding lightmap sample positions...
Displacement Alpha : 0...1...2...3...4...5...6...7...8...9...10
Building Physics collision data...
done (0) (12749 bytes)
Placing detail props : 0...1...2...3...4...5...6...7...8...9...10
Compacting texture/material tables...
Reduced 14 texinfos to 9
Reduced 5 texdatas to 5 (111 bytes to 111)
Writing C:\mapsrc\gm_lbs_helsingborg_01.bsp
0 seconds elapsed



8 threads
reading c:\mapsrc\gm_lbs_helsingborg_01.bsp
reading c:\mapsrc\gm_lbs_helsingborg_01.prt
  18 portalclusters
  29 numportals
0...1...2...3...4...5...6...7...8...9...100...1...2...3...4...5...6...7...8...9...10Optimized: 0 visible clusters (0.00%)
Total clusters visible: 264
Average clusters visible: 14
Building PAS...
Average clusters audible: 18
visdatasize:256  compressed from 288
writing c:\mapsrc\gm_lbs_helsingborg_01.bsp
0 seconds elapsed



materialPath: C:\Program Files (x86)\Steam\steamapps\common\half-life 2\hl2\materials
Loading C:\mapsrc\gm_lbs_helsingborg_01.vmf
Could not locate 'GameData' key in c:\program files (x86)\steam\steamapps\common\half-life 2\hl2\gameinfo.txt
fixing up env_cubemap materials on brush sides...
0...1...2...3...4...5...6...7...8...9...100...1...2...3...4...5...6...7...8...9...10Processing areas...done (0)
Building Faces...done (0)
Chop Details...done (0)
Find Visible Detail Sides...done (0)
Merging details...done (0)
FixTjuncs...
PruneNodes...
WriteBSP...
done (0)
writing C:\mapsrc\gm_lbs_helsingborg_01.prt...Building visibility clusters...
done (0)
Creating default LDR cubemaps for env_cubemap using skybox materials:
   skybox/sky_day01_01*.vmt
 ! Run buildcubemaps in the engine to get the correct cube maps.
Creating default HDR cubemaps for env_cubemap using skybox materials:
   skybox/sky_day01_01*.vmt
 ! Run buildcubemaps in the engine to get the correct cube maps.
Finding displacement neighbors...
Finding lightmap sample positions...
Displacement Alpha : 0...1...2...3...4...5...6...7...8...9...10
Building Physics collision data...
done (0) (12749 bytes)
Placing detail props : 0...1...2...3...4...5...6...7...8...9...10
Compacting texture/material tables...
Reduced 14 texinfos to 9
Reduced 5 texdatas to 5 (111 bytes to 111)
Writing C:\mapsrc\gm_lbs_helsingborg_01.bsp
0 seconds elapsed



8 threads
reading c:\mapsrc\gm_lbs_helsingborg_01.bsp
reading c:\mapsrc\gm_lbs_helsingborg_01.prt
  18 portalclusters
  29 numportals
0...1...2...3...4...5...6...7...8...9...100...1...2...3...4...5...6...7...8...9...10Optimized: 0 visible clusters (0.00%)
Total clusters visible: 264
Average clusters visible: 14
Building PAS...
Average clusters audible: 18
visdatasize:256  compressed from 288
writing c:\mapsrc\gm_lbs_helsingborg_01.bsp
0 seconds elapsed



materialPath: C:\Program Files (x86)\Steam\steamapps\common\half-life 2\hl2\materials
Loading C:\mapsrc\gm_lbs_helsingborg_01.vmf
Could not locate 'GameData' key in c:\program files (x86)\steam\steamapps\common\half-life 2\hl2\gameinfo.txt
fixing up env_cubemap materials on brush sides...
0...1...2...3...4...5...6...7...8...9...100...1...2...3...4...5...6...7...8...9...10Processing areas...done (0)
Building Faces...done (0)
Chop Details...done (0)
Find Visible Detail Sides...done (0)
Merging details...done (0)
FixTjuncs...
PruneNodes...
WriteBSP...
done (0)
writing C:\mapsrc\gm_lbs_helsingborg_01.prt...Building visibility clusters...
done (0)
Creating default LDR cubemaps for env_cubemap using skybox materials:
   skybox/sky_day01_01*.vmt
 ! Run buildcubemaps in the engine to get the correct cube maps.
Creating default HDR cubemaps for env_cubemap using skybox materials:
   skybox/sky_day01_01*.vmt
 ! Run buildcubemaps in the engine to get the correct cube maps.
Finding displacement neighbors...
Finding lightmap sample positions...
Displacement Alpha : 0...1...2...3...4...5...6...7...8...9...10
Building Physics collision data...
done (0) (12748 bytes)
Placing detail props : 0...1...2...3...4...5...6...7...8...9...10
Compacting texture/material tables...
Reduced 17 texinfos to 10
Reduced 6 texdatas to 6 (133 bytes to 133)
Writing C:\mapsrc\gm_lbs_helsingborg_01.bsp
0 seconds elapsed



8 threads
reading c:\mapsrc\gm_lbs_helsingborg_01.bsp
reading c:\mapsrc\gm_lbs_helsingborg_01.prt
  20 portalclusters
  31 numportals
0...1...2...3...4...5...6...7...8...9...100...1...2...3...4...5...6...7...8...9...10Optimized: 0 visible clusters (0.00%)
Total clusters visible: 340
Average clusters visible: 17
Building PAS...
Average clusters audible: 20
visdatasize:284  compressed from 320
writing c:\mapsrc\gm_lbs_helsingborg_01.bsp
0 seconds elapsed



materialPath: C:\Program Files (x86)\Steam\steamapps\common\half-life 2\hl2\materials
Loading C:\mapsrc\gm_lbs_helsingborg_01.vmf
Could not locate 'GameData' key in c:\program files (x86)\steam\steamapps\common\half-life 2\hl2\gameinfo.txt
fixing up env_cubemap materials on brush sides...
0...1...2...3...4...5...6...7...8...9...100...1...2...3...4...5...6...7...8...9...10Processing areas...done (0)
Building Faces...done (0)
Chop Details...done (0)
Find Visible Detail Sides...done (0)
Merging details...done (0)
FixTjuncs...
PruneNodes...
WriteBSP...
done (0)
writing C:\mapsrc\gm_lbs_helsingborg_01.prt...Building visibility clusters...
done (0)
Creating default LDR cubemaps for env_cubemap using skybox materials:
   skybox/sky_day01_01*.vmt
 ! Run buildcubemaps in the engine to get the correct cube maps.
Creating default HDR cubemaps for env_cubemap using skybox materials:
   skybox/sky_day01_01*.vmt
 ! Run buildcubemaps in the engine to get the correct cube maps.
Finding displacement neighbors...
Finding lightmap sample positions...
Displacement Alpha : 0...1...2...3...4...5...6...7...8...9...10
Building Physics collision data...
done (0) (12748 bytes)
Placing detail props : 0...1...2...3...4...5...6...7...8...9...10
Compacting texture/material tables...
Reduced 17 texinfos to 10
Reduced 6 texdatas to 6 (133 bytes to 133)
Writing C:\mapsrc\gm_lbs_helsingborg_01.bsp
0 seconds elapsed



8 threads
reading c:\mapsrc\gm_lbs_helsingborg_01.bsp
reading c:\mapsrc\gm_lbs_helsingborg_01.prt
  20 portalclusters
  31 numportals
0...1...2...3...4...5...6...7...8...9...100...1...2...3...4...5...6...7...8...9...10Optimized: 0 visible clusters (0.00%)
Total clusters visible: 340
Average clusters visible: 17
Building PAS...
Average clusters audible: 20
visdatasize:284  compressed from 320
writing c:\mapsrc\gm_lbs_helsingborg_01.bsp
0 seconds elapsed



materialPath: C:\Program Files (x86)\Steam\steamapps\common\half-life 2\hl2\materials
Loading C:\mapsrc\gm_lbs_helsingborg_01.vmf
Could not locate 'GameData' key in c:\program files (x86)\steam\steamapps\common\half-life 2\hl2\gameinfo.txt
fixing up env_cubemap materials on brush sides...
0...1...2...3...4...5...6...7...8...9...100...1...2...3...4...5...6...7...8...9...10Processing areas...done (0)
Building Faces...done (0)
Chop Details...done (0)
Find Visible Detail Sides...done (0)
Merging details...done (0)
FixTjuncs...
PruneNodes...
WriteBSP...
done (0)
writing C:\mapsrc\gm_lbs_helsingborg_01.prt...Building visibility clusters...
done (0)
Creating default LDR cubemaps for env_cubemap using skybox materials:
   skybox/sky_day01_01*.vmt
 ! Run buildcubemaps in the engine to get the correct cube maps.
Creating default HDR cubemaps for env_cubemap using skybox materials:
   skybox/sky_day01_01*.vmt
 ! Run buildcubemaps in the engine to get the correct cube maps.
Finding displacement neighbors...
Finding lightmap sample positions...
Displacement Alpha : 0...1...2...3...4...5...6...7...8...9...10
Building Physics collision data...
done (0) (12765 bytes)
Placing detail props : 0...1...2...3...4...5...6...7...8...9...10
Compacting texture/material tables...
Reduced 17 texinfos to 10
Reduced 6 texdatas to 6 (133 bytes to 133)
Writing C:\mapsrc\gm_lbs_helsingborg_01.bsp
0 seconds elapsed



8 threads
reading c:\mapsrc\gm_lbs_helsingborg_01.bsp
reading c:\mapsrc\gm_lbs_helsingborg_01.prt
  20 portalclusters
  31 numportals
0...1...2...3...4...5...6...7...8...9...100...1...2...3...4...5...6...7...8...9...10Optimized: 0 visible clusters (0.00%)
Total clusters visible: 340
Average clusters visible: 17
Building PAS...
Average clusters audible: 20
visdatasize:284  compressed from 320
writing c:\mapsrc\gm_lbs_helsingborg_01.bsp
0 seconds elapsed



materialPath: C:\Program Files (x86)\Steam\steamapps\common\half-life 2\hl2\materials
Loading C:\mapsrc\gm_lbs_helsingborg_01.vmf
Could not locate 'GameData' key in c:\program files (x86)\steam\steamapps\common\half-life 2\hl2\gameinfo.txt
fixing up env_cubemap materials on brush sides...
0...1...2...3...4...5...6...7...8...9...100...1...2...3...4...5...6...7...8...9...10Processing areas...done (0)
Building Faces...done (0)
Chop Details...done (0)
Find Visible Detail Sides...done (0)
Merging details...done (0)
FixTjuncs...
PruneNodes...
WriteBSP...
done (0)
writing C:\mapsrc\gm_lbs_helsingborg_01.prt...Building visibility clusters...
done (0)
Creating default LDR cubemaps for env_cubemap using skybox materials:
   skybox/sky_day01_01*.vmt
 ! Run buildcubemaps in the engine to get the correct cube maps.
Creating default HDR cubemaps for env_cubemap using skybox materials:
   skybox/sky_day01_01*.vmt
 ! Run buildcubemaps in the engine to get the correct cube maps.
Finding displacement neighbors...
Finding lightmap sample positions...
Displacement Alpha : 0...1...2...3...4...5...6...7...8...9...10
Building Physics collision data...
done (0) (12765 bytes)
Placing detail props : 0...1...2...3...4...5...6...7...8...9...10
Compacting texture/material tables...
Reduced 17 texinfos to 10
Reduced 6 texdatas to 6 (133 bytes to 133)
Writing C:\mapsrc\gm_lbs_helsingborg_01.bsp
0 seconds elapsed



8 threads
reading c:\mapsrc\gm_lbs_helsingborg_01.bsp
reading c:\mapsrc\gm_lbs_helsingborg_01.prt
  20 portalclusters
  31 numportals
0...1...2...3...4...5...6...7...8...9...100...1...2...3...4...5...6...7...8...9...10Optimized: 0 visible clusters (0.00%)
Total clusters visible: 340
Average clusters visible: 17
Building PAS...
Average clusters audible: 20
visdatasize:284  compressed from 320
writing c:\mapsrc\gm_lbs_helsingborg_01.bsp
0 seconds elapsed



materialPath: C:\Program Files (x86)\Steam\steamapps\common\half-life 2\hl2\materials
Loading C:\mapsrc\gm_lbs_helsingborg_01.vmf
Could not locate 'GameData' key in c:\program files (x86)\steam\steamapps\common\half-life 2\hl2\gameinfo.txt
fixing up env_cubemap materials on brush sides...
0...1...2...3...4...5...6...7...8...9...10**** leaked ****
Entity info_player_start (-128.00 -64.00 -223.00) leaked!
Processing areas...done (0)
Building Faces...done (0)
Chop Details...done (0)
Find Visible Detail Sides...done (0)
Merging details...done (0)
FixTjuncs...
PruneNodes...
WriteBSP...
done (0)
Creating default LDR cubemaps for env_cubemap using skybox materials:
   skybox/sky_day01_01*.vmt
 ! Run buildcubemaps in the engine to get the correct cube maps.
Creating default HDR cubemaps for env_cubemap using skybox materials:
   skybox/sky_day01_01*.vmt
 ! Run buildcubemaps in the engine to get the correct cube maps.
Finding displacement neighbors...
Finding lightmap sample positions...
Displacement Alpha : 0...1...2...3...4...5...6...7...8...9...10
Building Physics collision data...
done (0) (12829 bytes)
Placing detail props : 0...1...2...3...4...5...6...7...8...9...10
Compacting texture/material tables...
Reduced 17 texinfos to 10
Reduced 6 texdatas to 6 (133 bytes to 133)
Writing C:\mapsrc\gm_lbs_helsingborg_01.bsp
0 seconds elapsed



8 threads
reading c:\mapsrc\gm_lbs_helsingborg_01.bsp
reading c:\mapsrc\gm_lbs_helsingborg_01.prt
LoadPortals: couldn't read c:\mapsrc\gm_lbs_helsingborg_01.prt



materialPath: C:\Program Files (x86)\Steam\steamapps\common\half-life 2\hl2\materials
Loading C:\mapsrc\gm_lbs_helsingborg_01.vmf
Could not locate 'GameData' key in c:\program files (x86)\steam\steamapps\common\half-life 2\hl2\gameinfo.txt
fixing up env_cubemap materials on brush sides...
0...1...2...3...4...5...6...7...8...9...10**** leaked ****
Entity info_player_start (-128.00 -64.00 -223.00) leaked!
Processing areas...done (0)
Building Faces...done (0)
Chop Details...done (0)
Find Visible Detail Sides...done (0)
Merging details...done (0)
FixTjuncs...
PruneNodes...
WriteBSP...
done (0)
Creating default LDR cubemaps for env_cubemap using skybox materials:
   skybox/sky_day01_01*.vmt
 ! Run buildcubemaps in the engine to get the correct cube maps.
Creating default HDR cubemaps for env_cubemap using skybox materials:
   skybox/sky_day01_01*.vmt
 ! Run buildcubemaps in the engine to get the correct cube maps.
Finding displacement neighbors...
Finding lightmap sample positions...
Displacement Alpha : 0...1...2...3...4...5...6...7...8...9...10
Building Physics collision data...
done (0) (14237 bytes)
Placing detail props : 0...1...2...3...4...5...6...7...8...9...10
Compacting texture/material tables...
Reduced 17 texinfos to 10
Reduced 6 texdatas to 6 (133 bytes to 133)
Writing C:\mapsrc\gm_lbs_helsingborg_01.bsp
0 seconds elapsed



8 threads
reading c:\mapsrc\gm_lbs_helsingborg_01.bsp
reading c:\mapsrc\gm_lbs_helsingborg_01.prt
LoadPortals: couldn't read c:\mapsrc\gm_lbs_helsingborg_01.prt
