


materialPath: C:\Program Files (x86)\Steam\steamapps\SourceMods\propper\materials
Loading c:\mapsrc\bild_uppgift_värld_01.vmf
Trying to create a non-quad displacement! (entity 0, brush 16)



8 threads
reading c:\mapsrc\bild_uppgift_värld_01.bsp
Error opening c:\mapsrc\bild_uppgift_värld_01.bsp


[Reading texlights from 'lights.rad']
[48 texlights parsed from 'lights.rad']

Loading c:\mapsrc\bild_uppgift_värld_01.bsp
Error opening c:\mapsrc\bild_uppgift_värld_01.bsp


materialPath: C:\Program Files (x86)\Steam\steamapps\SourceMods\propper\materials
Loading c:\mapsrc\bild_uppgift_värld_01.vmf
Trying to create a non-quad displacement! (entity 0, brush 16)



8 threads
reading c:\mapsrc\bild_uppgift_värld_01.bsp
Error opening c:\mapsrc\bild_uppgift_värld_01.bsp


[Reading texlights from 'lights.rad']
[48 texlights parsed from 'lights.rad']

Loading c:\mapsrc\bild_uppgift_värld_01.bsp
Error opening c:\mapsrc\bild_uppgift_värld_01.bsp


materialPath: C:\Program Files (x86)\Steam\steamapps\SourceMods\propper\materials
Loading C:\mapsrc\bild_uppgift_värld_01.vmf
Trying to create a non-quad displacement! (entity 0, brush 16)
