


materialPath: C:\Program Files (x86)\Steam\steamapps\common\half-life 2\hl2\materials
Loading c:\mapsrc\gm_lbs_helsingborg_02.vmf
Could not locate 'GameData' key in c:\program files (x86)\steam\steamapps\common\half-life 2\hl2\gameinfo.txt
fixing up env_cubemap materials on brush sides...
0...1...2...3...4...5...6...7...8...9...10**** leaked ****
Entity prop_physics_override (-432.00 -48.00 -204.00) leaked!
Processing areas...
Brush 448: areaportal brush doesn't touch two areas
done (0)
Building Faces...done (0)
Chop Details...done (0)
Find Visible Detail Sides...done (0)
Merging details...done (0)
FixTjuncs...
PruneNodes...
WriteBSP...
done (0)
Creating default LDR cubemaps for env_cubemap using skybox materials:
   skybox/sky_day01_01*.vmt
 ! Run buildcubemaps in the engine to get the correct cube maps.
Creating default HDR cubemaps for env_cubemap using skybox materials:
   skybox/sky_day01_01*.vmt
 ! Run buildcubemaps in the engine to get the correct cube maps.
Finding displacement neighbors...
Finding lightmap sample positions...
Displacement Alpha : 0...1...2...3...4...5...6...7...8...9...10
Building Physics collision data...
done (0) (21375 bytes)
Placing detail props : 0...1...2...3...4...5...6...7...8...9...10
Compacting texture/material tables...
Reduced 46 texinfos to 25
Reduced 8 texdatas to 8 (173 bytes to 173)
Writing c:\mapsrc\gm_lbs_helsingborg_02.bsp
0 seconds elapsed



8 threads
reading c:\mapsrc\gm_lbs_helsingborg_02.bsp
reading c:\mapsrc\gm_lbs_helsingborg_02.prt
LoadPortals: couldn't read c:\mapsrc\gm_lbs_helsingborg_02.prt



[Reading texlights from 'lights.rad']
[45 texlights parsed from 'lights.rad']

Loading c:\mapsrc\gm_lbs_helsingborg_02.bsp
No vis information, direct lighting only.
280 faces
68609 square feet [9879808.00 square inches]
0 Displacements
0 Square Feet [0.00 Square Inches]
8 direct lights
0...1...2...3...4...5...6...7...8...9...10Build Patch/Sample Hash Table(s).....Done<0.0012 sec>
0...1...2...3...4...5...6...7...8...9...10FinalLightFace Done
0 of 0 (0% of) surface lights went in leaf ambient cubes.
0...1...2...3...4...5...6...7...8...9...10Writing leaf ambient...done
Ready to Finish

Object names       Objects/Maxobjs  Memory / Maxmem  Fullness 
------------       ---------------  ---------------  -------- 
models                   7/1024          336/49152    ( 0.7%) 
brushes                 56/8192          672/98304    ( 0.7%) 
brushsides             342/65536        2736/524288   ( 0.5%) 
planes                 218/65536        4360/1310720  ( 0.3%) 
vertexes               448/65536        5376/786432   ( 0.7%) 
nodes                  204/65536        6528/2097152  ( 0.3%) 
texinfos                25/12288        1800/884736   ( 0.2%) 
texdata                  8/2048          256/65536    ( 0.4%) 
dispinfos                0/0               0/0        ( 0.0%) 
disp_verts               0/0               0/0        ( 0.0%) 
disp_tris                0/0               0/0        ( 0.0%) 
disp_lmsamples           0/0               0/0        ( 0.0%) 
faces                  280/65536       15680/3670016  ( 0.4%) 
hdr faces                0/65536           0/3670016  ( 0.0%) 
origfaces              180/65536       10080/3670016  ( 0.3%) 
leaves                 212/65536        6784/2097152  ( 0.3%) 
leaffaces              293/65536         586/131072   ( 0.4%) 
leafbrushes             79/65536         158/131072   ( 0.1%) 
areas                    2/256            16/2048     ( 0.8%) 
surfedges             2032/512000       8128/2048000  ( 0.4%) 
edges                 1227/256000       4908/1024000  ( 0.5%) 
LDR worldlights          8/8192          704/720896   ( 0.1%) 
HDR worldlights          0/8192            0/720896   ( 0.0%) 
leafwaterdata            0/32768           0/393216   ( 0.0%) 
waterstrips             20/32768         200/327680   ( 0.1%) 
waterverts               0/65536           0/786432   ( 0.0%) 
waterindices           306/65536         612/131072   ( 0.5%) 
cubemapsamples           0/1024            0/16384    ( 0.0%) 
overlays                 0/512             0/180224   ( 0.0%) 
LDR lightdata         [variable]      219548/0        ( 0.0%) 
HDR lightdata         [variable]           0/0        ( 0.0%) 
visdata               [variable]           0/16777216 ( 0.0%) 
entdata               [variable]        7642/393216   ( 1.9%) 
LDR ambient table      212/65536         848/262144   ( 0.3%) 
HDR ambient table      212/65536         848/262144   ( 0.3%) 
LDR leaf ambient       814/65536       22792/1835008  ( 1.2%) 
HDR leaf ambient       212/65536        5936/1835008  ( 0.3%) 
occluders                0/0               0/0        ( 0.0%) 
occluder polygons        0/0               0/0        ( 0.0%) 
occluder vert ind        0/0               0/0        ( 0.0%) 
detail props          [variable]           1/12       ( 8.3%) 
static props          [variable]           1/12       ( 8.3%) 
pakfile               [variable]      105715/0        ( 0.0%) 
physics               [variable]       21375/4194304  ( 0.5%) 
physics terrain       [variable]           2/1048576  ( 0.0%) 

Level flags = 0

Total triangle count: 752
Writing c:\mapsrc\gm_lbs_helsingborg_02.bsp
0 seconds elapsed



materialPath: C:\Program Files (x86)\Steam\steamapps\common\half-life 2\hl2\materials
Loading c:\mapsrc\gm_lbs_helsingborg_02.vmf
Could not locate 'GameData' key in c:\program files (x86)\steam\steamapps\common\half-life 2\hl2\gameinfo.txt
fixing up env_cubemap materials on brush sides...
0...1...2...3...4...5...6...7...8...9...10**** leaked ****
Entity prop_physics_override (-432.00 -48.00 -204.00) leaked!
Processing areas...
Brush 448: areaportal brush doesn't touch two areas
done (0)
Building Faces...done (0)
Chop Details...done (0)
Find Visible Detail Sides...done (0)
Merging details...done (0)
FixTjuncs...
PruneNodes...
WriteBSP...
done (0)
Creating default LDR cubemaps for env_cubemap using skybox materials:
   skybox/sky_day01_01*.vmt
 ! Run buildcubemaps in the engine to get the correct cube maps.
Creating default HDR cubemaps for env_cubemap using skybox materials:
   skybox/sky_day01_01*.vmt
 ! Run buildcubemaps in the engine to get the correct cube maps.
Finding displacement neighbors...
Finding lightmap sample positions...
Displacement Alpha : 0...1...2...3...4...5...6...7...8...9...10
Building Physics collision data...
done (0) (21375 bytes)
Placing detail props : 0...1...2...3...4...5...6...7...8...9...10
Compacting texture/material tables...
Reduced 46 texinfos to 25
Reduced 8 texdatas to 8 (173 bytes to 173)
Writing c:\mapsrc\gm_lbs_helsingborg_02.bsp
0 seconds elapsed



8 threads
reading c:\mapsrc\gm_lbs_helsingborg_02.bsp
reading c:\mapsrc\gm_lbs_helsingborg_02.prt
LoadPortals: couldn't read c:\mapsrc\gm_lbs_helsingborg_02.prt



[Reading texlights from 'lights.rad']
[45 texlights parsed from 'lights.rad']

Loading c:\mapsrc\gm_lbs_helsingborg_02.bsp
No vis information, direct lighting only.
280 faces
68609 square feet [9879808.00 square inches]
0 Displacements
0 Square Feet [0.00 Square Inches]
8 direct lights
0...1...2...3...4...5...6...7...8...9...10Build Patch/Sample Hash Table(s).....Done<0.0011 sec>
0...1...2...3...4...5...6...7...8...9...10FinalLightFace Done
0 of 0 (0% of) surface lights went in leaf ambient cubes.
0...1...2...3...4...5...6...7...8...9...10Writing leaf ambient...done
Ready to Finish

Object names       Objects/Maxobjs  Memory / Maxmem  Fullness 
------------       ---------------  ---------------  -------- 
models                   7/1024          336/49152    ( 0.7%) 
brushes                 56/8192          672/98304    ( 0.7%) 
brushsides             342/65536        2736/524288   ( 0.5%) 
planes                 218/65536        4360/1310720  ( 0.3%) 
vertexes               448/65536        5376/786432   ( 0.7%) 
nodes                  204/65536        6528/2097152  ( 0.3%) 
texinfos                25/12288        1800/884736   ( 0.2%) 
texdata                  8/2048          256/65536    ( 0.4%) 
dispinfos                0/0               0/0        ( 0.0%) 
disp_verts               0/0               0/0        ( 0.0%) 
disp_tris                0/0               0/0        ( 0.0%) 
disp_lmsamples           0/0               0/0        ( 0.0%) 
faces                  280/65536       15680/3670016  ( 0.4%) 
hdr faces                0/65536           0/3670016  ( 0.0%) 
origfaces              180/65536       10080/3670016  ( 0.3%) 
leaves                 212/65536        6784/2097152  ( 0.3%) 
leaffaces              293/65536         586/131072   ( 0.4%) 
leafbrushes             79/65536         158/131072   ( 0.1%) 
areas                    2/256            16/2048     ( 0.8%) 
surfedges             2032/512000       8128/2048000  ( 0.4%) 
edges                 1227/256000       4908/1024000  ( 0.5%) 
LDR worldlights          8/8192          704/720896   ( 0.1%) 
HDR worldlights          0/8192            0/720896   ( 0.0%) 
leafwaterdata            0/32768           0/393216   ( 0.0%) 
waterstrips             20/32768         200/327680   ( 0.1%) 
waterverts               0/65536           0/786432   ( 0.0%) 
waterindices           306/65536         612/131072   ( 0.5%) 
cubemapsamples           0/1024            0/16384    ( 0.0%) 
overlays                 0/512             0/180224   ( 0.0%) 
LDR lightdata         [variable]      219548/0        ( 0.0%) 
HDR lightdata         [variable]           0/0        ( 0.0%) 
visdata               [variable]           0/16777216 ( 0.0%) 
entdata               [variable]        7642/393216   ( 1.9%) 
LDR ambient table      212/65536         848/262144   ( 0.3%) 
HDR ambient table      212/65536         848/262144   ( 0.3%) 
LDR leaf ambient       814/65536       22792/1835008  ( 1.2%) 
HDR leaf ambient       212/65536        5936/1835008  ( 0.3%) 
occluders                0/0               0/0        ( 0.0%) 
occluder polygons        0/0               0/0        ( 0.0%) 
occluder vert ind        0/0               0/0        ( 0.0%) 
detail props          [variable]           1/12       ( 8.3%) 
static props          [variable]           1/12       ( 8.3%) 
pakfile               [variable]      105715/0        ( 0.0%) 
physics               [variable]       21375/4194304  ( 0.5%) 
physics terrain       [variable]           2/1048576  ( 0.0%) 

Level flags = 0

Total triangle count: 752
Writing c:\mapsrc\gm_lbs_helsingborg_02.bsp
0 seconds elapsed



materialPath: C:\Program Files (x86)\Steam\steamapps\common\half-life 2\hl2\materials
Loading c:\mapsrc\gm_lbs_helsingborg_02.vmf
Could not locate 'GameData' key in c:\program files (x86)\steam\steamapps\common\half-life 2\hl2\gameinfo.txt
fixing up env_cubemap materials on brush sides...
0...1...2...3...4...5...6...7...8...9...10**** leaked ****
Entity prop_physics_override (-432.00 -48.00 -204.00) leaked!
Processing areas...
Brush 448: areaportal brush doesn't touch two areas
done (0)
Building Faces...done (0)
Chop Details...done (0)
Find Visible Detail Sides...done (0)
Merging details...done (0)
FixTjuncs...
PruneNodes...
WriteBSP...
done (0)
Creating default LDR cubemaps for env_cubemap using skybox materials:
   skybox/sky_day01_01*.vmt
 ! Run buildcubemaps in the engine to get the correct cube maps.
Creating default HDR cubemaps for env_cubemap using skybox materials:
   skybox/sky_day01_01*.vmt
 ! Run buildcubemaps in the engine to get the correct cube maps.
Finding displacement neighbors...
Finding lightmap sample positions...
Displacement Alpha : 0...1...2...3...4...5...6...7...8...9...10
Building Physics collision data...
done (0) (21375 bytes)
Placing detail props : 0...1...2...3...4...5...6...7...8...9...10
Compacting texture/material tables...
Reduced 46 texinfos to 25
Reduced 8 texdatas to 8 (173 bytes to 173)
Writing c:\mapsrc\gm_lbs_helsingborg_02.bsp
0 seconds elapsed



8 threads
reading c:\mapsrc\gm_lbs_helsingborg_02.bsp
reading c:\mapsrc\gm_lbs_helsingborg_02.prt
LoadPortals: couldn't read c:\mapsrc\gm_lbs_helsingborg_02.prt



[Reading texlights from 'lights.rad']
[45 texlights parsed from 'lights.rad']

Loading c:\mapsrc\gm_lbs_helsingborg_02.bsp
No vis information, direct lighting only.
280 faces
68609 square feet [9879808.00 square inches]
0 Displacements
0 Square Feet [0.00 Square Inches]
8 direct lights
0...1...2...3...4...5...6...7...8...9...10Build Patch/Sample Hash Table(s).....Done<0.0012 sec>
0...1...2...3...4...5...6...7...8...9...10FinalLightFace Done
0 of 0 (0% of) surface lights went in leaf ambient cubes.
0...1...2...3...4...5...6...7...8...9...10Writing leaf ambient...done
Ready to Finish

Object names       Objects/Maxobjs  Memory / Maxmem  Fullness 
------------       ---------------  ---------------  -------- 
models                   7/1024          336/49152    ( 0.7%) 
brushes                 56/8192          672/98304    ( 0.7%) 
brushsides             342/65536        2736/524288   ( 0.5%) 
planes                 218/65536        4360/1310720  ( 0.3%) 
vertexes               448/65536        5376/786432   ( 0.7%) 
nodes                  204/65536        6528/2097152  ( 0.3%) 
texinfos                25/12288        1800/884736   ( 0.2%) 
texdata                  8/2048          256/65536    ( 0.4%) 
dispinfos                0/0               0/0        ( 0.0%) 
disp_verts               0/0               0/0        ( 0.0%) 
disp_tris                0/0               0/0        ( 0.0%) 
disp_lmsamples           0/0               0/0        ( 0.0%) 
faces                  280/65536       15680/3670016  ( 0.4%) 
hdr faces                0/65536           0/3670016  ( 0.0%) 
origfaces              180/65536       10080/3670016  ( 0.3%) 
leaves                 212/65536        6784/2097152  ( 0.3%) 
leaffaces              293/65536         586/131072   ( 0.4%) 
leafbrushes             79/65536         158/131072   ( 0.1%) 
areas                    2/256            16/2048     ( 0.8%) 
surfedges             2032/512000       8128/2048000  ( 0.4%) 
edges                 1227/256000       4908/1024000  ( 0.5%) 
LDR worldlights          8/8192          704/720896   ( 0.1%) 
HDR worldlights          0/8192            0/720896   ( 0.0%) 
leafwaterdata            0/32768           0/393216   ( 0.0%) 
waterstrips             20/32768         200/327680   ( 0.1%) 
waterverts               0/65536           0/786432   ( 0.0%) 
waterindices           306/65536         612/131072   ( 0.5%) 
cubemapsamples           0/1024            0/16384    ( 0.0%) 
overlays                 0/512             0/180224   ( 0.0%) 
LDR lightdata         [variable]      219548/0        ( 0.0%) 
HDR lightdata         [variable]           0/0        ( 0.0%) 
visdata               [variable]           0/16777216 ( 0.0%) 
entdata               [variable]        7642/393216   ( 1.9%) 
LDR ambient table      212/65536         848/262144   ( 0.3%) 
HDR ambient table      212/65536         848/262144   ( 0.3%) 
LDR leaf ambient       814/65536       22792/1835008  ( 1.2%) 
HDR leaf ambient       212/65536        5936/1835008  ( 0.3%) 
occluders                0/0               0/0        ( 0.0%) 
occluder polygons        0/0               0/0        ( 0.0%) 
occluder vert ind        0/0               0/0        ( 0.0%) 
detail props          [variable]           1/12       ( 8.3%) 
static props          [variable]           1/12       ( 8.3%) 
pakfile               [variable]      105715/0        ( 0.0%) 
physics               [variable]       21375/4194304  ( 0.5%) 
physics terrain       [variable]           2/1048576  ( 0.0%) 

Level flags = 0

Total triangle count: 752
Writing c:\mapsrc\gm_lbs_helsingborg_02.bsp
0 seconds elapsed



materialPath: C:\Program Files (x86)\Steam\steamapps\common\half-life 2\hl2\materials
Loading c:\mapsrc\gm_lbs_helsingborg_02.vmf
Could not locate 'GameData' key in c:\program files (x86)\steam\steamapps\common\half-life 2\hl2\gameinfo.txt
fixing up env_cubemap materials on brush sides...
0...1...2...3...4...5...6...7...8...9...10**** leaked ****
Entity prop_physics_override (-432.00 -48.00 -204.00) leaked!
Processing areas...
Brush 448: areaportal brush doesn't touch two areas
done (0)
Building Faces...done (0)
Chop Details...done (0)
Find Visible Detail Sides...done (0)
Merging details...done (0)
FixTjuncs...
PruneNodes...
WriteBSP...
done (0)
Creating default LDR cubemaps for env_cubemap using skybox materials:
   skybox/sky_day01_01*.vmt
 ! Run buildcubemaps in the engine to get the correct cube maps.
Creating default HDR cubemaps for env_cubemap using skybox materials:
   skybox/sky_day01_01*.vmt
 ! Run buildcubemaps in the engine to get the correct cube maps.
Finding displacement neighbors...
Finding lightmap sample positions...
Displacement Alpha : 0...1...2...3...4...5...6...7...8...9...10
Building Physics collision data...
done (0) (21375 bytes)
Placing detail props : 0...1...2...3...4...5...6...7...8...9...10
Compacting texture/material tables...
Reduced 46 texinfos to 25
Reduced 8 texdatas to 8 (173 bytes to 173)
Writing c:\mapsrc\gm_lbs_helsingborg_02.bsp
0 seconds elapsed



8 threads
reading c:\mapsrc\gm_lbs_helsingborg_02.bsp
reading c:\mapsrc\gm_lbs_helsingborg_02.prt
LoadPortals: couldn't read c:\mapsrc\gm_lbs_helsingborg_02.prt



[Reading texlights from 'lights.rad']
[45 texlights parsed from 'lights.rad']

Loading c:\mapsrc\gm_lbs_helsingborg_02.bsp
No vis information, direct lighting only.
280 faces
68609 square feet [9879808.00 square inches]
0 Displacements
0 Square Feet [0.00 Square Inches]
8 direct lights
0...1...2...3...4...5...6...7...8...9...10Build Patch/Sample Hash Table(s).....Done<0.0015 sec>
0...1...2...3...4...5...6...7...8...9...10FinalLightFace Done
0 of 0 (0% of) surface lights went in leaf ambient cubes.
0...1...2...3...4...5...6...7...8...9...10Writing leaf ambient...done
Ready to Finish

Object names       Objects/Maxobjs  Memory / Maxmem  Fullness 
------------       ---------------  ---------------  -------- 
models                   7/1024          336/49152    ( 0.7%) 
brushes                 56/8192          672/98304    ( 0.7%) 
brushsides             342/65536        2736/524288   ( 0.5%) 
planes                 218/65536        4360/1310720  ( 0.3%) 
vertexes               448/65536        5376/786432   ( 0.7%) 
nodes                  204/65536        6528/2097152  ( 0.3%) 
texinfos                25/12288        1800/884736   ( 0.2%) 
texdata                  8/2048          256/65536    ( 0.4%) 
dispinfos                0/0               0/0        ( 0.0%) 
disp_verts               0/0               0/0        ( 0.0%) 
disp_tris                0/0               0/0        ( 0.0%) 
disp_lmsamples           0/0               0/0        ( 0.0%) 
faces                  280/65536       15680/3670016  ( 0.4%) 
hdr faces                0/65536           0/3670016  ( 0.0%) 
origfaces              180/65536       10080/3670016  ( 0.3%) 
leaves                 212/65536        6784/2097152  ( 0.3%) 
leaffaces              293/65536         586/131072   ( 0.4%) 
leafbrushes             79/65536         158/131072   ( 0.1%) 
areas                    2/256            16/2048     ( 0.8%) 
surfedges             2032/512000       8128/2048000  ( 0.4%) 
edges                 1227/256000       4908/1024000  ( 0.5%) 
LDR worldlights          8/8192          704/720896   ( 0.1%) 
HDR worldlights          0/8192            0/720896   ( 0.0%) 
leafwaterdata            0/32768           0/393216   ( 0.0%) 
waterstrips             20/32768         200/327680   ( 0.1%) 
waterverts               0/65536           0/786432   ( 0.0%) 
waterindices           306/65536         612/131072   ( 0.5%) 
cubemapsamples           0/1024            0/16384    ( 0.0%) 
overlays                 0/512             0/180224   ( 0.0%) 
LDR lightdata         [variable]      219548/0        ( 0.0%) 
HDR lightdata         [variable]           0/0        ( 0.0%) 
visdata               [variable]           0/16777216 ( 0.0%) 
entdata               [variable]        7642/393216   ( 1.9%) 
LDR ambient table      212/65536         848/262144   ( 0.3%) 
HDR ambient table      212/65536         848/262144   ( 0.3%) 
LDR leaf ambient       814/65536       22792/1835008  ( 1.2%) 
HDR leaf ambient       212/65536        5936/1835008  ( 0.3%) 
occluders                0/0               0/0        ( 0.0%) 
occluder polygons        0/0               0/0        ( 0.0%) 
occluder vert ind        0/0               0/0        ( 0.0%) 
detail props          [variable]           1/12       ( 8.3%) 
static props          [variable]           1/12       ( 8.3%) 
pakfile               [variable]      105715/0        ( 0.0%) 
physics               [variable]       21375/4194304  ( 0.5%) 
physics terrain       [variable]           2/1048576  ( 0.0%) 

Level flags = 0

Total triangle count: 752
Writing c:\mapsrc\gm_lbs_helsingborg_02.bsp
0 seconds elapsed



materialPath: C:\Program Files (x86)\Steam\steamapps\common\half-life 2\hl2\materials
Loading c:\mapsrc\gm_lbs_helsingborg_02.vmf
Could not locate 'GameData' key in c:\program files (x86)\steam\steamapps\common\half-life 2\hl2\gameinfo.txt
fixing up env_cubemap materials on brush sides...
0...1...2...3...4...5...6...7...8...9...10**** leaked ****
Entity prop_physics_override (-432.00 -48.00 -204.00) leaked!
Processing areas...
Brush 448: areaportal brush doesn't touch two areas
done (0)
Building Faces...done (0)
Chop Details...done (0)
Find Visible Detail Sides...done (0)
Merging details...done (0)
FixTjuncs...
PruneNodes...
WriteBSP...
done (0)
Creating default LDR cubemaps for env_cubemap using skybox materials:
   skybox/sky_day01_01*.vmt
 ! Run buildcubemaps in the engine to get the correct cube maps.
Creating default HDR cubemaps for env_cubemap using skybox materials:
   skybox/sky_day01_01*.vmt
 ! Run buildcubemaps in the engine to get the correct cube maps.
Finding displacement neighbors...
Finding lightmap sample positions...
Displacement Alpha : 0...1...2...3...4...5...6...7...8...9...10
Building Physics collision data...
done (0) (21375 bytes)
Placing detail props : 0...1...2...3...4...5...6...7...8...9...10
Compacting texture/material tables...
Reduced 46 texinfos to 25
Reduced 8 texdatas to 8 (173 bytes to 173)
Writing c:\mapsrc\gm_lbs_helsingborg_02.bsp
0 seconds elapsed



8 threads
reading c:\mapsrc\gm_lbs_helsingborg_02.bsp
reading c:\mapsrc\gm_lbs_helsingborg_02.prt
LoadPortals: couldn't read c:\mapsrc\gm_lbs_helsingborg_02.prt



[Reading texlights from 'lights.rad']
[45 texlights parsed from 'lights.rad']

Loading c:\mapsrc\gm_lbs_helsingborg_02.bsp
No vis information, direct lighting only.
280 faces
68609 square feet [9879808.00 square inches]
0 Displacements
0 Square Feet [0.00 Square Inches]
8 direct lights
0...1...2...3...4...5...6...7...8...9...10Build Patch/Sample Hash Table(s).....Done<0.0016 sec>
0...1...2...3...4...5...6...7...8...9...10FinalLightFace Done
0 of 0 (0% of) surface lights went in leaf ambient cubes.
0...1...2...3...4...5...6...7...8...9...10Writing leaf ambient...done
Ready to Finish

Object names       Objects/Maxobjs  Memory / Maxmem  Fullness 
------------       ---------------  ---------------  -------- 
models                   7/1024          336/49152    ( 0.7%) 
brushes                 56/8192          672/98304    ( 0.7%) 
brushsides             342/65536        2736/524288   ( 0.5%) 
planes                 218/65536        4360/1310720  ( 0.3%) 
vertexes               448/65536        5376/786432   ( 0.7%) 
nodes                  204/65536        6528/2097152  ( 0.3%) 
texinfos                25/12288        1800/884736   ( 0.2%) 
texdata                  8/2048          256/65536    ( 0.4%) 
dispinfos                0/0               0/0        ( 0.0%) 
disp_verts               0/0               0/0        ( 0.0%) 
disp_tris                0/0               0/0        ( 0.0%) 
disp_lmsamples           0/0               0/0        ( 0.0%) 
faces                  280/65536       15680/3670016  ( 0.4%) 
hdr faces                0/65536           0/3670016  ( 0.0%) 
origfaces              180/65536       10080/3670016  ( 0.3%) 
leaves                 212/65536        6784/2097152  ( 0.3%) 
leaffaces              293/65536         586/131072   ( 0.4%) 
leafbrushes             79/65536         158/131072   ( 0.1%) 
areas                    2/256            16/2048     ( 0.8%) 
surfedges             2032/512000       8128/2048000  ( 0.4%) 
edges                 1227/256000       4908/1024000  ( 0.5%) 
LDR worldlights          8/8192          704/720896   ( 0.1%) 
HDR worldlights          0/8192            0/720896   ( 0.0%) 
leafwaterdata            0/32768           0/393216   ( 0.0%) 
waterstrips             20/32768         200/327680   ( 0.1%) 
waterverts               0/65536           0/786432   ( 0.0%) 
waterindices           306/65536         612/131072   ( 0.5%) 
cubemapsamples           0/1024            0/16384    ( 0.0%) 
overlays                 0/512             0/180224   ( 0.0%) 
LDR lightdata         [variable]      219548/0        ( 0.0%) 
HDR lightdata         [variable]           0/0        ( 0.0%) 
visdata               [variable]           0/16777216 ( 0.0%) 
entdata               [variable]        7642/393216   ( 1.9%) 
LDR ambient table      212/65536         848/262144   ( 0.3%) 
HDR ambient table      212/65536         848/262144   ( 0.3%) 
LDR leaf ambient       814/65536       22792/1835008  ( 1.2%) 
HDR leaf ambient       212/65536        5936/1835008  ( 0.3%) 
occluders                0/0               0/0        ( 0.0%) 
occluder polygons        0/0               0/0        ( 0.0%) 
occluder vert ind        0/0               0/0        ( 0.0%) 
detail props          [variable]           1/12       ( 8.3%) 
static props          [variable]           1/12       ( 8.3%) 
pakfile               [variable]      105715/0        ( 0.0%) 
physics               [variable]       21375/4194304  ( 0.5%) 
physics terrain       [variable]           2/1048576  ( 0.0%) 

Level flags = 0

Total triangle count: 752
Writing c:\mapsrc\gm_lbs_helsingborg_02.bsp
0 seconds elapsed



materialPath: C:\Program Files (x86)\Steam\steamapps\common\half-life 2\hl2\materials
Loading c:\mapsrc\gm_lbs_helsingborg_02.vmf
Could not locate 'GameData' key in c:\program files (x86)\steam\steamapps\common\half-life 2\hl2\gameinfo.txt
fixing up env_cubemap materials on brush sides...
0...1...2...3...4...5...6...7...8...9...10**** leaked ****
Entity prop_physics_override (-432.00 -48.00 -204.00) leaked!
Processing areas...
Brush 448: areaportal brush doesn't touch two areas
done (0)
Building Faces...done (0)
Chop Details...done (0)
Find Visible Detail Sides...done (0)
Merging details...done (0)
FixTjuncs...
PruneNodes...
WriteBSP...
done (0)
Creating default LDR cubemaps for env_cubemap using skybox materials:
   skybox/sky_day01_01*.vmt
 ! Run buildcubemaps in the engine to get the correct cube maps.
Creating default HDR cubemaps for env_cubemap using skybox materials:
   skybox/sky_day01_01*.vmt
 ! Run buildcubemaps in the engine to get the correct cube maps.
Finding displacement neighbors...
Finding lightmap sample positions...
Displacement Alpha : 0...1...2...3...4...5...6...7...8...9...10
Building Physics collision data...
done (0) (21375 bytes)
Placing detail props : 0...1...2...3...4...5...6...7...8...9...10
Compacting texture/material tables...
Reduced 48 texinfos to 25
Reduced 9 texdatas to 8 (241 bytes to 214)
Writing c:\mapsrc\gm_lbs_helsingborg_02.bsp
0 seconds elapsed



8 threads
reading c:\mapsrc\gm_lbs_helsingborg_02.bsp
reading c:\mapsrc\gm_lbs_helsingborg_02.prt
LoadPortals: couldn't read c:\mapsrc\gm_lbs_helsingborg_02.prt



[Reading texlights from 'lights.rad']
[45 texlights parsed from 'lights.rad']

Loading c:\mapsrc\gm_lbs_helsingborg_02.bsp
No vis information, direct lighting only.
280 faces
68609 square feet [9879808.00 square inches]
0 Displacements
0 Square Feet [0.00 Square Inches]
8 direct lights
0...1...2...3...4...5...6...7...8...9...10Build Patch/Sample Hash Table(s).....Done<0.0012 sec>
0...1...2...3...4...5...6...7...8...9...10FinalLightFace Done
0 of 0 (0% of) surface lights went in leaf ambient cubes.
0...1...2...3...4...5...6...7...8...9...10Writing leaf ambient...done
Ready to Finish

Object names       Objects/Maxobjs  Memory / Maxmem  Fullness 
------------       ---------------  ---------------  -------- 
models                   7/1024          336/49152    ( 0.7%) 
brushes                 56/8192          672/98304    ( 0.7%) 
brushsides             342/65536        2736/524288   ( 0.5%) 
planes                 218/65536        4360/1310720  ( 0.3%) 
vertexes               448/65536        5376/786432   ( 0.7%) 
nodes                  204/65536        6528/2097152  ( 0.3%) 
texinfos                25/12288        1800/884736   ( 0.2%) 
texdata                  8/2048          256/65536    ( 0.4%) 
dispinfos                0/0               0/0        ( 0.0%) 
disp_verts               0/0               0/0        ( 0.0%) 
disp_tris                0/0               0/0        ( 0.0%) 
disp_lmsamples           0/0               0/0        ( 0.0%) 
faces                  280/65536       15680/3670016  ( 0.4%) 
hdr faces                0/65536           0/3670016  ( 0.0%) 
origfaces              180/65536       10080/3670016  ( 0.3%) 
leaves                 212/65536        6784/2097152  ( 0.3%) 
leaffaces              293/65536         586/131072   ( 0.4%) 
leafbrushes             79/65536         158/131072   ( 0.1%) 
areas                    2/256            16/2048     ( 0.8%) 
surfedges             2032/512000       8128/2048000  ( 0.4%) 
edges                 1227/256000       4908/1024000  ( 0.5%) 
LDR worldlights          8/8192          704/720896   ( 0.1%) 
HDR worldlights          0/8192            0/720896   ( 0.0%) 
leafwaterdata            0/32768           0/393216   ( 0.0%) 
waterstrips             20/32768         200/327680   ( 0.1%) 
waterverts               0/65536           0/786432   ( 0.0%) 
waterindices           306/65536         612/131072   ( 0.5%) 
cubemapsamples           1/1024           16/16384    ( 0.1%) 
overlays                 0/512             0/180224   ( 0.0%) 
LDR lightdata         [variable]      219548/0        ( 0.0%) 
HDR lightdata         [variable]           0/0        ( 0.0%) 
visdata               [variable]           0/16777216 ( 0.0%) 
entdata               [variable]        7642/393216   ( 1.9%) 
LDR ambient table      212/65536         848/262144   ( 0.3%) 
HDR ambient table      212/65536         848/262144   ( 0.3%) 
LDR leaf ambient       814/65536       22792/1835008  ( 1.2%) 
HDR leaf ambient       212/65536        5936/1835008  ( 0.3%) 
occluders                0/0               0/0        ( 0.0%) 
occluder polygons        0/0               0/0        ( 0.0%) 
occluder vert ind        0/0               0/0        ( 0.0%) 
detail props          [variable]           1/12       ( 8.3%) 
static props          [variable]           1/12       ( 8.3%) 
pakfile               [variable]      212264/0        ( 0.0%) 
physics               [variable]       21375/4194304  ( 0.5%) 
physics terrain       [variable]           2/1048576  ( 0.0%) 

Level flags = 0

Total triangle count: 752
Writing c:\mapsrc\gm_lbs_helsingborg_02.bsp
0 seconds elapsed



materialPath: C:\Program Files (x86)\Steam\steamapps\common\half-life 2\hl2\materials
Loading c:\mapsrc\gm_lbs_helsingborg_02.vmf
Could not locate 'GameData' key in c:\program files (x86)\steam\steamapps\common\half-life 2\hl2\gameinfo.txt
0 seconds elapsed



materialPath: C:\Program Files (x86)\Steam\steamapps\common\half-life 2\hl2\materials
Loading c:\mapsrc\gm_lbs_helsingborg_02.vmf
Could not locate 'GameData' key in c:\program files (x86)\steam\steamapps\common\half-life 2\hl2\gameinfo.txt
fixing up env_cubemap materials on brush sides...
0...1...2...3...4...5...6...7...8...9...10**** leaked ****
Entity prop_physics_override (-432.00 -48.00 -204.00) leaked!
Processing areas...
Brush 448: areaportal brush doesn't touch two areas
done (0)
Building Faces...done (0)
Chop Details...done (0)
Find Visible Detail Sides...done (0)
Merging details...done (0)
FixTjuncs...
PruneNodes...
WriteBSP...
done (0)
Creating default LDR cubemaps for env_cubemap using skybox materials:
   skybox/sky_day01_01*.vmt
 ! Run buildcubemaps in the engine to get the correct cube maps.
Creating default HDR cubemaps for env_cubemap using skybox materials:
   skybox/sky_day01_01*.vmt
 ! Run buildcubemaps in the engine to get the correct cube maps.
Finding displacement neighbors...
Finding lightmap sample positions...
Displacement Alpha : 0...1...2...3...4...5...6...7...8...9...10
Building Physics collision data...
done (0) (21375 bytes)
Placing detail props : 0...1...2...3...4...5...6...7...8...9...10
Compacting texture/material tables...
Reduced 48 texinfos to 25
Reduced 9 texdatas to 8 (241 bytes to 214)
Writing c:\mapsrc\gm_lbs_helsingborg_02.bsp
0 seconds elapsed
