


materialPath: C:\Program Files (x86)\Steam\steamapps\common\half-life 2\hl2\materials
Loading c:\mapsrc\gm_lbs_helsingborg_03.vmf
Could not locate 'GameData' key in c:\program files (x86)\steam\steamapps\common\half-life 2\hl2\gameinfo.txt
fixing up env_cubemap materials on brush sides...
0...1...2...3...4...5...6...7...8...9...10**** leaked ****
Entity func_door_rotating (140.00 -400.00 -176.00) leaked!
Processing areas...
Brush 448: areaportal brush doesn't touch two areas
done (0)
Building Faces...done (0)
Chop Details...done (0)
Find Visible Detail Sides...done (0)
Merging details...done (0)
FixTjuncs...
PruneNodes...
WriteBSP...
done (0)
Creating default LDR cubemaps for env_cubemap using skybox materials:
   skybox/sky_day01_01*.vmt
 ! Run buildcubemaps in the engine to get the correct cube maps.
Creating default HDR cubemaps for env_cubemap using skybox materials:
   skybox/sky_day01_01*.vmt
 ! Run buildcubemaps in the engine to get the correct cube maps.
Finding displacement neighbors...
Finding lightmap sample positions...
Displacement Alpha : 0...1...2...3...4...5...6...7...8...9...10
Building Physics collision data...
done (0) (22047 bytes)
Placing detail props : 0...1...2...3...4...5...6...7...8...9...10
Compacting texture/material tables...
Reduced 48 texinfos to 25
Reduced 9 texdatas to 8 (241 bytes to 214)
Writing c:\mapsrc\gm_lbs_helsingborg_03.bsp
0 seconds elapsed



materialPath: C:\Program Files (x86)\Steam\steamapps\common\half-life 2\hl2\materials
Loading c:\mapsrc\gm_lbs_helsingborg_03.vmf
Could not locate 'GameData' key in c:\program files (x86)\steam\steamapps\common\half-life 2\hl2\gameinfo.txt
fixing up env_cubemap materials on brush sides...
0...1...2...3...4...5...6...7...8...9...100...1...2...3...4...5...6...7...8...9...10Processing areas...Wrote c:\mapsrc\gm_lbs_helsingborg_03.lin
Areaportal leak ! File: c:\mapsrc\gm_lbs_helsingborg_03.lin 
Brush 448: areaportal brush doesn't touch two areas
done (0)
Building Faces...done (0)
Chop Details...done (0)
Find Visible Detail Sides...done (0)
Merging details...done (0)
FixTjuncs...
PruneNodes...
WriteBSP...
done (0)
writing c:\mapsrc\gm_lbs_helsingborg_03.prt...Building visibility clusters...
done (0)
Creating default LDR cubemaps for env_cubemap using skybox materials:
   skybox/sky_day01_01*.vmt
 ! Run buildcubemaps in the engine to get the correct cube maps.
Creating default HDR cubemaps for env_cubemap using skybox materials:
   skybox/sky_day01_01*.vmt
 ! Run buildcubemaps in the engine to get the correct cube maps.
Finding displacement neighbors...
Finding lightmap sample positions...
Displacement Alpha : 0...1...2...3...4...5...6...7...8...9...10
Building Physics collision data...
done (0) (22047 bytes)
Placing detail props : 0...1...2...3...4...5...6...7...8...9...10
Compacting texture/material tables...
Reduced 48 texinfos to 25
Reduced 9 texdatas to 8 (241 bytes to 214)
Writing c:\mapsrc\gm_lbs_helsingborg_03.bsp
0 seconds elapsed



materialPath: C:\Program Files (x86)\Steam\steamapps\common\half-life 2\hl2\materials
Loading c:\mapsrc\gm_lbs_helsingborg_03.vmf
Could not locate 'GameData' key in c:\program files (x86)\steam\steamapps\common\half-life 2\hl2\gameinfo.txt
fixing up env_cubemap materials on brush sides...
0...1...2...3...4...5...6...7...8...9...100...1...2...3...4...5...6...7...8...9...10Processing areas...Wrote c:\mapsrc\gm_lbs_helsingborg_03.lin
Areaportal leak ! File: c:\mapsrc\gm_lbs_helsingborg_03.lin 
Brush 448: areaportal brush doesn't touch two areas
done (0)
Building Faces...done (0)
Chop Details...done (0)
Find Visible Detail Sides...done (0)
Merging details...done (0)
FixTjuncs...
PruneNodes...
WriteBSP...
done (0)
writing c:\mapsrc\gm_lbs_helsingborg_03.prt...Building visibility clusters...
done (0)
Creating default LDR cubemaps for env_cubemap using skybox materials:
   skybox/sky_day01_01*.vmt
 ! Run buildcubemaps in the engine to get the correct cube maps.
Creating default HDR cubemaps for env_cubemap using skybox materials:
   skybox/sky_day01_01*.vmt
 ! Run buildcubemaps in the engine to get the correct cube maps.
Finding displacement neighbors...
Finding lightmap sample positions...
Displacement Alpha : 0...1...2...3...4...5...6...7...8...9...10
Building Physics collision data...
done (0) (22143 bytes)
Placing detail props : 0...1...2...3...4...5...6...7...8...9...10
Compacting texture/material tables...
Reduced 48 texinfos to 25
Reduced 9 texdatas to 8 (241 bytes to 214)
Writing c:\mapsrc\gm_lbs_helsingborg_03.bsp
0 seconds elapsed



materialPath: C:\Program Files (x86)\Steam\steamapps\common\half-life 2\hl2\materials
Loading c:\mapsrc\gm_lbs_helsingborg_03.vmf
Could not locate 'GameData' key in c:\program files (x86)\steam\steamapps\common\half-life 2\hl2\gameinfo.txt
fixing up env_cubemap materials on brush sides...
0...1...2...3...4...5...6...7...8...9...100...1...2...3...4...5...6...7...8...9...10Processing areas...Wrote c:\mapsrc\gm_lbs_helsingborg_03.lin
Areaportal leak ! File: c:\mapsrc\gm_lbs_helsingborg_03.lin 
Brush 448: areaportal brush doesn't touch two areas
done (0)
Building Faces...done (0)
Chop Details...done (0)
Find Visible Detail Sides...done (0)
Merging details...done (0)
FixTjuncs...
PruneNodes...
WriteBSP...
done (0)
writing c:\mapsrc\gm_lbs_helsingborg_03.prt...Building visibility clusters...
done (0)
Creating default LDR cubemaps for env_cubemap using skybox materials:
   skybox/sky_day01_01*.vmt
 ! Run buildcubemaps in the engine to get the correct cube maps.
Creating default HDR cubemaps for env_cubemap using skybox materials:
   skybox/sky_day01_01*.vmt
 ! Run buildcubemaps in the engine to get the correct cube maps.
Finding displacement neighbors...
Finding lightmap sample positions...
Displacement Alpha : 0...1...2...3...4...5...6...7...8...9...10
Building Physics collision data...
done (0) (22143 bytes)
Placing detail props : 0...1...2...3...4...5...6...7...8...9...10
Compacting texture/material tables...
Reduced 48 texinfos to 25
Reduced 9 texdatas to 8 (241 bytes to 214)
Writing c:\mapsrc\gm_lbs_helsingborg_03.bsp
0 seconds elapsed



materialPath: C:\Program Files (x86)\Steam\steamapps\common\half-life 2\hl2\materials
Loading c:\mapsrc\gm_lbs_helsingborg_03.vmf
Could not locate 'GameData' key in c:\program files (x86)\steam\steamapps\common\half-life 2\hl2\gameinfo.txt
fixing up env_cubemap materials on brush sides...
0...1...2...3...4...5...6...7...8...9...100...1...2...3...4...5...6...7...8...9...10Processing areas...Wrote c:\mapsrc\gm_lbs_helsingborg_03.lin
Areaportal leak ! File: c:\mapsrc\gm_lbs_helsingborg_03.lin 
Brush 448: areaportal brush doesn't touch two areas
done (0)
Building Faces...done (0)
Chop Details...done (0)
Find Visible Detail Sides...done (0)
Merging details...done (0)
FixTjuncs...
PruneNodes...
WriteBSP...
done (0)
writing c:\mapsrc\gm_lbs_helsingborg_03.prt...Building visibility clusters...
done (0)
Creating default LDR cubemaps for env_cubemap using skybox materials:
   skybox/sky_day01_01*.vmt
 ! Run buildcubemaps in the engine to get the correct cube maps.
Creating default HDR cubemaps for env_cubemap using skybox materials:
   skybox/sky_day01_01*.vmt
 ! Run buildcubemaps in the engine to get the correct cube maps.
Finding displacement neighbors...
Finding lightmap sample positions...
Displacement Alpha : 0...1...2...3...4...5...6...7...8...9...10
Building Physics collision data...
done (0) (22143 bytes)
Placing detail props : 0...1...2...3...4...5...6...7...8...9...10
Compacting texture/material tables...
Reduced 48 texinfos to 25
Reduced 9 texdatas to 8 (241 bytes to 214)
Writing c:\mapsrc\gm_lbs_helsingborg_03.bsp
0 seconds elapsed



materialPath: C:\Program Files (x86)\Steam\steamapps\common\half-life 2\hl2\materials
Loading c:\mapsrc\gm_lbs_helsingborg_03.vmf
Could not locate 'GameData' key in c:\program files (x86)\steam\steamapps\common\half-life 2\hl2\gameinfo.txt
fixing up env_cubemap materials on brush sides...
0...1...2...3...4...5...6...7...8...9...100...1...2...3...4...5...6...7...8...9...10Processing areas...done (0)
Building Faces...done (0)
Chop Details...done (0)
Find Visible Detail Sides...done (0)
Merging details...done (0)
FixTjuncs...
PruneNodes...
WriteBSP...
done (0)
writing c:\mapsrc\gm_lbs_helsingborg_03.prt...Building visibility clusters...
done (0)
Creating default LDR cubemaps for env_cubemap using skybox materials:
   skybox/sky_day01_01*.vmt
 ! Run buildcubemaps in the engine to get the correct cube maps.
Creating default HDR cubemaps for env_cubemap using skybox materials:
   skybox/sky_day01_01*.vmt
 ! Run buildcubemaps in the engine to get the correct cube maps.
Finding displacement neighbors...
Finding lightmap sample positions...
Displacement Alpha : 0...1...2...3...4...5...6...7...8...9...10
Building Physics collision data...
done (0) (22143 bytes)
Placing detail props : 0...1...2...3...4...5...6...7...8...9...10
Compacting texture/material tables...
Reduced 48 texinfos to 25
Reduced 9 texdatas to 8 (241 bytes to 214)
Writing c:\mapsrc\gm_lbs_helsingborg_03.bsp
0 seconds elapsed



materialPath: C:\Program Files (x86)\Steam\steamapps\common\half-life 2\hl2\materials
Loading c:\mapsrc\gm_lbs_helsingborg_03.vmf
Could not locate 'GameData' key in c:\program files (x86)\steam\steamapps\common\half-life 2\hl2\gameinfo.txt
fixing up env_cubemap materials on brush sides...
0...1...2...3...4...5...6...7...8...9...100...1...2...3...4...5...6...7...8...9...10Processing areas...done (0)
Building Faces...done (0)
Chop Details...done (0)
Find Visible Detail Sides...done (0)
Merging details...done (0)
FixTjuncs...
PruneNodes...
WriteBSP...
done (0)
writing c:\mapsrc\gm_lbs_helsingborg_03.prt...Building visibility clusters...
done (0)
Creating default LDR cubemaps for env_cubemap using skybox materials:
   skybox/sky_day01_01*.vmt
 ! Run buildcubemaps in the engine to get the correct cube maps.
Creating default HDR cubemaps for env_cubemap using skybox materials:
   skybox/sky_day01_01*.vmt
 ! Run buildcubemaps in the engine to get the correct cube maps.
Finding displacement neighbors...
Finding lightmap sample positions...
Displacement Alpha : 0...1...2...3...4...5...6...7...8...9...10
Building Physics collision data...
done (0) (22143 bytes)
Placing detail props : 0...1...2...3...4...5...6...7...8...9...10
Compacting texture/material tables...
Reduced 48 texinfos to 25
Reduced 9 texdatas to 8 (241 bytes to 214)
Writing c:\mapsrc\gm_lbs_helsingborg_03.bsp
0 seconds elapsed



8 threads
reading c:\mapsrc\gm_lbs_helsingborg_03.bsp
reading c:\mapsrc\gm_lbs_helsingborg_03.prt
  20 portalclusters
  26 numportals
0...1...2...3...4...5...6...7...8...9...100...1...2...3...4...5...6...7...8...9...10Optimized: 0 visible clusters (0.00%)
Total clusters visible: 324
Average clusters visible: 16
Building PAS...
Average clusters audible: 20
visdatasize:288  compressed from 320
writing c:\mapsrc\gm_lbs_helsingborg_03.bsp
0 seconds elapsed



[Reading texlights from 'lights.rad']
[45 texlights parsed from 'lights.rad']

Loading c:\mapsrc\gm_lbs_helsingborg_03.bsp
171 faces
26922 square feet [3876855.50 square inches]
0 Displacements
0 Square Feet [0.00 Square Inches]
171 patches before subdivision
3051 patches after subdivision
8 direct lights
0...1...2...3...4...5...6...7...8...9...100...1...2...3...4...5...6...7...8...9...10transfers 296001, max 273
transfer lists:   2.3 megs
0...1...2...3...4...5...6...7...8...9...10	Bounce #1 added RGB(1980, 1934, 1934)
0...1...2...3...4...5...6...7...8...9...10	Bounce #2 added RGB(215, 205, 205)
0...1...2...3...4...5...6...7...8...9...10	Bounce #3 added RGB(24, 22, 22)
0...1...2...3...4...5...6...7...8...9...10	Bounce #4 added RGB(3, 2, 2)
0...1...2...3...4...5...6...7...8...9...10	Bounce #5 added RGB(0, 0, 0)
Build Patch/Sample Hash Table(s).....Done<0.0006 sec>
0...1...2...3...4...5...6...7...8...9...10FinalLightFace Done
0 of 0 (0% of) surface lights went in leaf ambient cubes.
0...1...2...3...4...5...6...7...8...9...10Writing leaf ambient...done
Ready to Finish

Object names       Objects/Maxobjs  Memory / Maxmem  Fullness 
------------       ---------------  ---------------  -------- 
models                   7/1024          336/49152    ( 0.7%) 
brushes                 58/8192          696/98304    ( 0.7%) 
brushsides             358/65536        2864/524288   ( 0.5%) 
planes                 224/65536        4480/1310720  ( 0.3%) 
vertexes               321/65536        3852/786432   ( 0.5%) 
nodes                  121/65536        3872/2097152  ( 0.2%) 
texinfos                25/12288        1800/884736   ( 0.2%) 
texdata                  8/2048          256/65536    ( 0.4%) 
dispinfos                0/0               0/0        ( 0.0%) 
disp_verts               0/0               0/0        ( 0.0%) 
disp_tris                0/0               0/0        ( 0.0%) 
disp_lmsamples           0/0               0/0        ( 0.0%) 
faces                  171/65536        9576/3670016  ( 0.3%) 
hdr faces                0/65536           0/3670016  ( 0.0%) 
origfaces              111/65536        6216/3670016  ( 0.2%) 
leaves                 129/65536        4128/2097152  ( 0.2%) 
leaffaces              171/65536         342/131072   ( 0.3%) 
leafbrushes             82/65536         164/131072   ( 0.1%) 
areas                    3/256            24/2048     ( 1.2%) 
surfedges             1206/512000       4824/2048000  ( 0.2%) 
edges                  774/256000       3096/1024000  ( 0.3%) 
LDR worldlights          8/8192          704/720896   ( 0.1%) 
HDR worldlights          0/8192            0/720896   ( 0.0%) 
leafwaterdata            0/32768           0/393216   ( 0.0%) 
waterstrips              4/32768          40/327680   ( 0.0%) 
waterverts               0/65536           0/786432   ( 0.0%) 
waterindices            66/65536         132/131072   ( 0.1%) 
cubemapsamples           1/1024           16/16384    ( 0.1%) 
overlays                 0/512             0/180224   ( 0.0%) 
LDR lightdata         [variable]      114540/0        ( 0.0%) 
HDR lightdata         [variable]           0/0        ( 0.0%) 
visdata               [variable]         288/16777216 ( 0.0%) 
entdata               [variable]        7642/393216   ( 1.9%) 
LDR ambient table      129/65536         516/262144   ( 0.2%) 
HDR ambient table      129/65536         516/262144   ( 0.2%) 
LDR leaf ambient       158/65536        4424/1835008  ( 0.2%) 
HDR leaf ambient       129/65536        3612/1835008  ( 0.2%) 
occluders                0/0               0/0        ( 0.0%) 
occluder polygons        0/0               0/0        ( 0.0%) 
occluder vert ind        0/0               0/0        ( 0.0%) 
detail props          [variable]           1/12       ( 8.3%) 
static props          [variable]           1/12       ( 8.3%) 
pakfile               [variable]      212264/0        ( 0.0%) 
physics               [variable]       22143/4194304  ( 0.5%) 
physics terrain       [variable]           2/1048576  ( 0.0%) 

Level flags = 0

Total triangle count: 420
Writing c:\mapsrc\gm_lbs_helsingborg_03.bsp
0 seconds elapsed



materialPath: C:\Program Files (x86)\Steam\steamapps\common\half-life 2\hl2\materials
Loading c:\mapsrc\gm_lbs_helsingborg_03.vmf
Could not locate 'GameData' key in c:\program files (x86)\steam\steamapps\common\half-life 2\hl2\gameinfo.txt
fixing up env_cubemap materials on brush sides...
0...1...2...3...4...5...6...7...8...9...100...1...2...3...4...5...6...7...8...9...10Processing areas...done (0)
Building Faces...done (0)
Chop Details...done (0)
Find Visible Detail Sides...done (0)
Merging details...done (0)
FixTjuncs...
PruneNodes...
WriteBSP...
done (0)
writing c:\mapsrc\gm_lbs_helsingborg_03.prt...Building visibility clusters...
done (0)
Creating default LDR cubemaps for env_cubemap using skybox materials:
   skybox/sky_day01_01*.vmt
 ! Run buildcubemaps in the engine to get the correct cube maps.
Creating default HDR cubemaps for env_cubemap using skybox materials:
   skybox/sky_day01_01*.vmt
 ! Run buildcubemaps in the engine to get the correct cube maps.
Finding displacement neighbors...
Finding lightmap sample positions...
Displacement Alpha : 0...1...2...3...4...5...6...7...8...9...10
Building Physics collision data...
done (0) (22079 bytes)
Placing detail props : 0...1...2...3...4...5...6...7...8...9...10
Compacting texture/material tables...
Reduced 51 texinfos to 25
Reduced 10 texdatas to 8 (263 bytes to 214)
Writing c:\mapsrc\gm_lbs_helsingborg_03.bsp
0 seconds elapsed



8 threads
reading c:\mapsrc\gm_lbs_helsingborg_03.bsp
reading c:\mapsrc\gm_lbs_helsingborg_03.prt
  20 portalclusters
  27 numportals
0...1...2...3...4...5...6...7...8...9...100...1...2...3...4...5...6...7...8...9...10Optimized: 0 visible clusters (0.00%)
Total clusters visible: 324
Average clusters visible: 16
Building PAS...
Average clusters audible: 20
visdatasize:288  compressed from 320
writing c:\mapsrc\gm_lbs_helsingborg_03.bsp
0 seconds elapsed



[Reading texlights from 'lights.rad']
[45 texlights parsed from 'lights.rad']

Loading c:\mapsrc\gm_lbs_helsingborg_03.bsp
172 faces
26997 square feet [3887607.50 square inches]
0 Displacements
0 Square Feet [0.00 Square Inches]
172 patches before subdivision
3062 patches after subdivision
8 direct lights
0...1...2...3...4...5...6...7...8...9...100...1...2...3...4...5...6...7...8...9...10transfers 295391, max 271
transfer lists:   2.3 megs
0...1...2...3...4...5...6...7...8...9...10	Bounce #1 added RGB(1979, 1933, 1933)
0...1...2...3...4...5...6...7...8...9...10	Bounce #2 added RGB(215, 205, 205)
0...1...2...3...4...5...6...7...8...9...10	Bounce #3 added RGB(24, 22, 22)
0...1...2...3...4...5...6...7...8...9...10	Bounce #4 added RGB(3, 2, 2)
0...1...2...3...4...5...6...7...8...9...10	Bounce #5 added RGB(0, 0, 0)
Build Patch/Sample Hash Table(s).....Done<0.0006 sec>
0...1...2...3...4...5...6...7...8...9...10FinalLightFace Done
0 of 0 (0% of) surface lights went in leaf ambient cubes.
0...1...2...3...4...5...6...7...8...9...10Writing leaf ambient...done
Ready to Finish

Object names       Objects/Maxobjs  Memory / Maxmem  Fullness 
------------       ---------------  ---------------  -------- 
models                   7/1024          336/49152    ( 0.7%) 
brushes                 59/8192          708/98304    ( 0.7%) 
brushsides             364/65536        2912/524288   ( 0.6%) 
planes                 222/65536        4440/1310720  ( 0.3%) 
vertexes               325/65536        3900/786432   ( 0.5%) 
nodes                  120/65536        3840/2097152  ( 0.2%) 
texinfos                25/12288        1800/884736   ( 0.2%) 
texdata                  8/2048          256/65536    ( 0.4%) 
dispinfos                0/0               0/0        ( 0.0%) 
disp_verts               0/0               0/0        ( 0.0%) 
disp_tris                0/0               0/0        ( 0.0%) 
disp_lmsamples           0/0               0/0        ( 0.0%) 
faces                  172/65536        9632/3670016  ( 0.3%) 
hdr faces                0/65536           0/3670016  ( 0.0%) 
origfaces              112/65536        6272/3670016  ( 0.2%) 
leaves                 128/65536        4096/2097152  ( 0.2%) 
leaffaces              172/65536         344/131072   ( 0.3%) 
leafbrushes             80/65536         160/131072   ( 0.1%) 
areas                    3/256            24/2048     ( 1.2%) 
surfedges             1216/512000       4864/2048000  ( 0.2%) 
edges                  779/256000       3116/1024000  ( 0.3%) 
LDR worldlights          8/8192          704/720896   ( 0.1%) 
HDR worldlights          0/8192            0/720896   ( 0.0%) 
leafwaterdata            0/32768           0/393216   ( 0.0%) 
waterstrips              4/32768          40/327680   ( 0.0%) 
waterverts               0/65536           0/786432   ( 0.0%) 
waterindices            72/65536         144/131072   ( 0.1%) 
cubemapsamples           1/1024           16/16384    ( 0.1%) 
overlays                 0/512             0/180224   ( 0.0%) 
LDR lightdata         [variable]      114712/0        ( 0.0%) 
HDR lightdata         [variable]           0/0        ( 0.0%) 
visdata               [variable]         288/16777216 ( 0.0%) 
entdata               [variable]        7642/393216   ( 1.9%) 
LDR ambient table      128/65536         512/262144   ( 0.2%) 
HDR ambient table      128/65536         512/262144   ( 0.2%) 
LDR leaf ambient       158/65536        4424/1835008  ( 0.2%) 
HDR leaf ambient       128/65536        3584/1835008  ( 0.2%) 
occluders                0/0               0/0        ( 0.0%) 
occluder polygons        0/0               0/0        ( 0.0%) 
occluder vert ind        0/0               0/0        ( 0.0%) 
detail props          [variable]           1/12       ( 8.3%) 
static props          [variable]           1/12       ( 8.3%) 
pakfile               [variable]      212264/0        ( 0.0%) 
physics               [variable]       22079/4194304  ( 0.5%) 
physics terrain       [variable]           2/1048576  ( 0.0%) 

Level flags = 0

Total triangle count: 424
Writing c:\mapsrc\gm_lbs_helsingborg_03.bsp
0 seconds elapsed



materialPath: C:\Program Files (x86)\Steam\steamapps\common\half-life 2\hl2\materials
Loading c:\mapsrc\gm_lbs_helsingborg_03.vmf
Could not locate 'GameData' key in c:\program files (x86)\steam\steamapps\common\half-life 2\hl2\gameinfo.txt
fixing up env_cubemap materials on brush sides...
0...1...2...3...4...5...6...7...8...9...100...1...2...3...4...5...6...7...8...9...10Processing areas...done (0)
Building Faces...done (0)
Chop Details...done (0)
Find Visible Detail Sides...done (0)
Merging details...done (0)
FixTjuncs...
PruneNodes...
WriteBSP...
done (0)
writing c:\mapsrc\gm_lbs_helsingborg_03.prt...Building visibility clusters...
done (0)
Creating default LDR cubemaps for env_cubemap using skybox materials:
   skybox/sky_day01_01*.vmt
 ! Run buildcubemaps in the engine to get the correct cube maps.
Creating default HDR cubemaps for env_cubemap using skybox materials:
   skybox/sky_day01_01*.vmt
 ! Run buildcubemaps in the engine to get the correct cube maps.
Finding displacement neighbors...
Finding lightmap sample positions...
Displacement Alpha : 0...1...2...3...4...5...6...7...8...9...10
Building Physics collision data...
done (0) (20172 bytes)
Placing detail props : 0...1...2...3...4...5...6...7...8...9...10
Compacting texture/material tables...
Reduced 48 texinfos to 22
Reduced 9 texdatas to 7 (244 bytes to 195)
Writing c:\mapsrc\gm_lbs_helsingborg_03.bsp
0 seconds elapsed



8 threads
reading c:\mapsrc\gm_lbs_helsingborg_03.bsp
reading c:\mapsrc\gm_lbs_helsingborg_03.prt
  20 portalclusters
  27 numportals
0...1...2...3...4...5...6...7...8...9...100...1...2...3...4...5...6...7...8...9...10Optimized: 0 visible clusters (0.00%)
Total clusters visible: 324
Average clusters visible: 16
Building PAS...
Average clusters audible: 20
visdatasize:288  compressed from 320
writing c:\mapsrc\gm_lbs_helsingborg_03.bsp
0 seconds elapsed



[Reading texlights from 'lights.rad']
[45 texlights parsed from 'lights.rad']

Loading c:\mapsrc\gm_lbs_helsingborg_03.bsp
150 faces
26935 square feet [3878647.50 square inches]
0 Displacements
0 Square Feet [0.00 Square Inches]
150 patches before subdivision
3032 patches after subdivision
8 direct lights
0...1...2...3...4...5...6...7...8...9...100...1...2...3...4...5...6...7...8...9...10transfers 285391, max 261
transfer lists:   2.2 megs
0...1...2...3...4...5...6...7...8...9...10	Bounce #1 added RGB(1968, 1923, 1923)
0...1...2...3...4...5...6...7...8...9...10	Bounce #2 added RGB(213, 204, 203)
0...1...2...3...4...5...6...7...8...9...10	Bounce #3 added RGB(24, 22, 22)
0...1...2...3...4...5...6...7...8...9...10	Bounce #4 added RGB(3, 2, 2)
0...1...2...3...4...5...6...7...8...9...10	Bounce #5 added RGB(0, 0, 0)
Build Patch/Sample Hash Table(s).....Done<0.0006 sec>
0...1...2...3...4...5...6...7...8...9...10FinalLightFace Done
0 of 0 (0% of) surface lights went in leaf ambient cubes.
0...1...2...3...4...5...6...7...8...9...10Writing leaf ambient...done
Ready to Finish

Object names       Objects/Maxobjs  Memory / Maxmem  Fullness 
------------       ---------------  ---------------  -------- 
models                   7/1024          336/49152    ( 0.7%) 
brushes                 54/8192          648/98304    ( 0.7%) 
brushsides             334/65536        2672/524288   ( 0.5%) 
planes                 208/65536        4160/1310720  ( 0.3%) 
vertexes               289/65536        3468/786432   ( 0.4%) 
nodes                  120/65536        3840/2097152  ( 0.2%) 
texinfos                22/12288        1584/884736   ( 0.2%) 
texdata                  7/2048          224/65536    ( 0.3%) 
dispinfos                0/0               0/0        ( 0.0%) 
disp_verts               0/0               0/0        ( 0.0%) 
disp_tris                0/0               0/0        ( 0.0%) 
disp_lmsamples           0/0               0/0        ( 0.0%) 
faces                  150/65536        8400/3670016  ( 0.2%) 
hdr faces                0/65536           0/3670016  ( 0.0%) 
origfaces               90/65536        5040/3670016  ( 0.1%) 
leaves                 128/65536        4096/2097152  ( 0.2%) 
leaffaces              150/65536         300/131072   ( 0.2%) 
leafbrushes             75/65536         150/131072   ( 0.1%) 
areas                    3/256            24/2048     ( 1.2%) 
surfedges             1024/512000       4096/2048000  ( 0.2%) 
edges                  651/256000       2604/1024000  ( 0.3%) 
LDR worldlights          8/8192          704/720896   ( 0.1%) 
HDR worldlights          0/8192            0/720896   ( 0.0%) 
leafwaterdata            0/32768           0/393216   ( 0.0%) 
waterstrips              3/32768          30/327680   ( 0.0%) 
waterverts               0/65536           0/786432   ( 0.0%) 
waterindices            42/65536          84/131072   ( 0.1%) 
cubemapsamples           1/1024           16/16384    ( 0.1%) 
overlays                 0/512             0/180224   ( 0.0%) 
LDR lightdata         [variable]      113632/0        ( 0.0%) 
HDR lightdata         [variable]           0/0        ( 0.0%) 
visdata               [variable]         288/16777216 ( 0.0%) 
entdata               [variable]        8224/393216   ( 2.1%) 
LDR ambient table      128/65536         512/262144   ( 0.2%) 
HDR ambient table      128/65536         512/262144   ( 0.2%) 
LDR leaf ambient       158/65536        4424/1835008  ( 0.2%) 
HDR leaf ambient       128/65536        3584/1835008  ( 0.2%) 
occluders                0/0               0/0        ( 0.0%) 
occluder polygons        0/0               0/0        ( 0.0%) 
occluder vert ind        0/0               0/0        ( 0.0%) 
detail props          [variable]           1/12       ( 8.3%) 
static props          [variable]           1/12       ( 8.3%) 
pakfile               [variable]      212264/0        ( 0.0%) 
physics               [variable]       20172/4194304  ( 0.5%) 
physics terrain       [variable]           2/1048576  ( 0.0%) 

Level flags = 0

Total triangle count: 364
Writing c:\mapsrc\gm_lbs_helsingborg_03.bsp
0 seconds elapsed



materialPath: C:\Program Files (x86)\Steam\steamapps\common\half-life 2\hl2\materials
Loading c:\mapsrc\gm_lbs_helsingborg_03.vmf
Could not locate 'GameData' key in c:\program files (x86)\steam\steamapps\common\half-life 2\hl2\gameinfo.txt
fixing up env_cubemap materials on brush sides...
0...1...2...3...4...5...6...7...8...9...100...1...2...3...4...5...6...7...8...9...10Processing areas...done (0)
Building Faces...done (0)
Chop Details...done (0)
Find Visible Detail Sides...done (0)
Merging details...done (0)
FixTjuncs...
PruneNodes...
WriteBSP...
done (0)
writing c:\mapsrc\gm_lbs_helsingborg_03.prt...Building visibility clusters...
done (0)
Creating default LDR cubemaps for env_cubemap using skybox materials:
   skybox/sky_day01_01*.vmt
 ! Run buildcubemaps in the engine to get the correct cube maps.
Creating default HDR cubemaps for env_cubemap using skybox materials:
   skybox/sky_day01_01*.vmt
 ! Run buildcubemaps in the engine to get the correct cube maps.
Finding displacement neighbors...
Finding lightmap sample positions...
Displacement Alpha : 0...1...2...3...4...5...6...7...8...9...10
Building Physics collision data...
done (0) (20172 bytes)
Placing detail props : 0...1...2...3...4...5...6...7...8...9...10
Compacting texture/material tables...
Reduced 48 texinfos to 22
Reduced 9 texdatas to 7 (244 bytes to 195)
Writing c:\mapsrc\gm_lbs_helsingborg_03.bsp
0 seconds elapsed



8 threads
reading c:\mapsrc\gm_lbs_helsingborg_03.bsp
reading c:\mapsrc\gm_lbs_helsingborg_03.prt
  20 portalclusters
  27 numportals
0...1...2...3...4...5...6...7...8...9...100...1...2...3...4...5...6...7...8...9...10Optimized: 0 visible clusters (0.00%)
Total clusters visible: 324
Average clusters visible: 16
Building PAS...
Average clusters audible: 20
visdatasize:288  compressed from 320
writing c:\mapsrc\gm_lbs_helsingborg_03.bsp
0 seconds elapsed



[Reading texlights from 'lights.rad']
[45 texlights parsed from 'lights.rad']

Loading c:\mapsrc\gm_lbs_helsingborg_03.bsp
150 faces
26935 square feet [3878647.50 square inches]
0 Displacements
0 Square Feet [0.00 Square Inches]
150 patches before subdivision
3032 patches after subdivision
8 direct lights
0...1...2...3...4...5...6...7...8...9...100...1...2...3...4...5...6...7...8...9...10transfers 285391, max 261
transfer lists:   2.2 megs
0...1...2...3...4...5...6...7...8...9...10	Bounce #1 added RGB(1968, 1923, 1923)
0...1...2...3...4...5...6...7...8...9...10	Bounce #2 added RGB(213, 204, 203)
0...1...2...3...4...5...6...7...8...9...10	Bounce #3 added RGB(24, 22, 22)
0...1...2...3...4...5...6...7...8...9...10	Bounce #4 added RGB(3, 2, 2)
0...1...2...3...4...5...6...7...8...9...10	Bounce #5 added RGB(0, 0, 0)
Build Patch/Sample Hash Table(s).....Done<0.0005 sec>
0...1...2...3...4...5...6...7...8...9...10FinalLightFace Done
0 of 0 (0% of) surface lights went in leaf ambient cubes.
0...1...2...3...4...5...6...7...8...9...10Writing leaf ambient...done
Ready to Finish

Object names       Objects/Maxobjs  Memory / Maxmem  Fullness 
------------       ---------------  ---------------  -------- 
models                   7/1024          336/49152    ( 0.7%) 
brushes                 54/8192          648/98304    ( 0.7%) 
brushsides             334/65536        2672/524288   ( 0.5%) 
planes                 208/65536        4160/1310720  ( 0.3%) 
vertexes               289/65536        3468/786432   ( 0.4%) 
nodes                  120/65536        3840/2097152  ( 0.2%) 
texinfos                22/12288        1584/884736   ( 0.2%) 
texdata                  7/2048          224/65536    ( 0.3%) 
dispinfos                0/0               0/0        ( 0.0%) 
disp_verts               0/0               0/0        ( 0.0%) 
disp_tris                0/0               0/0        ( 0.0%) 
disp_lmsamples           0/0               0/0        ( 0.0%) 
faces                  150/65536        8400/3670016  ( 0.2%) 
hdr faces                0/65536           0/3670016  ( 0.0%) 
origfaces               90/65536        5040/3670016  ( 0.1%) 
leaves                 128/65536        4096/2097152  ( 0.2%) 
leaffaces              150/65536         300/131072   ( 0.2%) 
leafbrushes             75/65536         150/131072   ( 0.1%) 
areas                    3/256            24/2048     ( 1.2%) 
surfedges             1024/512000       4096/2048000  ( 0.2%) 
edges                  651/256000       2604/1024000  ( 0.3%) 
LDR worldlights          8/8192          704/720896   ( 0.1%) 
HDR worldlights          0/8192            0/720896   ( 0.0%) 
leafwaterdata            0/32768           0/393216   ( 0.0%) 
waterstrips              3/32768          30/327680   ( 0.0%) 
waterverts               0/65536           0/786432   ( 0.0%) 
waterindices            42/65536          84/131072   ( 0.1%) 
cubemapsamples           1/1024           16/16384    ( 0.1%) 
overlays                 0/512             0/180224   ( 0.0%) 
LDR lightdata         [variable]      113632/0        ( 0.0%) 
HDR lightdata         [variable]           0/0        ( 0.0%) 
visdata               [variable]         288/16777216 ( 0.0%) 
entdata               [variable]        8308/393216   ( 2.1%) 
LDR ambient table      128/65536         512/262144   ( 0.2%) 
HDR ambient table      128/65536         512/262144   ( 0.2%) 
LDR leaf ambient       158/65536        4424/1835008  ( 0.2%) 
HDR leaf ambient       128/65536        3584/1835008  ( 0.2%) 
occluders                0/0               0/0        ( 0.0%) 
occluder polygons        0/0               0/0        ( 0.0%) 
occluder vert ind        0/0               0/0        ( 0.0%) 
detail props          [variable]           1/12       ( 8.3%) 
static props          [variable]           1/12       ( 8.3%) 
pakfile               [variable]      212264/0        ( 0.0%) 
physics               [variable]       20172/4194304  ( 0.5%) 
physics terrain       [variable]           2/1048576  ( 0.0%) 

Level flags = 0

Total triangle count: 364
Writing c:\mapsrc\gm_lbs_helsingborg_03.bsp
0 seconds elapsed



materialPath: C:\Program Files (x86)\Steam\steamapps\common\half-life 2\hl2\materials
Loading c:\mapsrc\gm_lbs_helsingborg_03.vmf
Could not locate 'GameData' key in c:\program files (x86)\steam\steamapps\common\half-life 2\hl2\gameinfo.txt
fixing up env_cubemap materials on brush sides...
0...1...2...3...4...5...6...7...8...9...100...1...2...3...4...5...6...7...8...9...10Processing areas...done (0)
Building Faces...done (0)
Chop Details...done (0)
Find Visible Detail Sides...done (0)
Merging details...done (0)
FixTjuncs...
PruneNodes...
WriteBSP...
done (0)
writing c:\mapsrc\gm_lbs_helsingborg_03.prt...Building visibility clusters...
done (0)
Creating default LDR cubemaps for env_cubemap using skybox materials:
   skybox/sky_day01_01*.vmt
 ! Run buildcubemaps in the engine to get the correct cube maps.
Creating default HDR cubemaps for env_cubemap using skybox materials:
   skybox/sky_day01_01*.vmt
 ! Run buildcubemaps in the engine to get the correct cube maps.
Finding displacement neighbors...
Finding lightmap sample positions...
Displacement Alpha : 0...1...2...3...4...5...6...7...8...9...10
Building Physics collision data...
done (0) (20172 bytes)
Placing detail props : 0...1...2...3...4...5...6...7...8...9...10
Compacting texture/material tables...
Reduced 48 texinfos to 22
Reduced 9 texdatas to 7 (244 bytes to 195)
Writing c:\mapsrc\gm_lbs_helsingborg_03.bsp
0 seconds elapsed



8 threads
reading c:\mapsrc\gm_lbs_helsingborg_03.bsp
reading c:\mapsrc\gm_lbs_helsingborg_03.prt
  20 portalclusters
  27 numportals
0...1...2...3...4...5...6...7...8...9...100...1...2...3...4...5...6...7...8...9...10Optimized: 0 visible clusters (0.00%)
Total clusters visible: 324
Average clusters visible: 16
Building PAS...
Average clusters audible: 20
visdatasize:288  compressed from 320
writing c:\mapsrc\gm_lbs_helsingborg_03.bsp
0 seconds elapsed



[Reading texlights from 'lights.rad']
[45 texlights parsed from 'lights.rad']

Loading c:\mapsrc\gm_lbs_helsingborg_03.bsp
150 faces
26935 square feet [3878647.50 square inches]
0 Displacements
0 Square Feet [0.00 Square Inches]
150 patches before subdivision
3032 patches after subdivision
8 direct lights
0...1...2...3...4...5...6...7...8...9...100...1...2...3...4...5...6...7...8...9...10transfers 285391, max 261
transfer lists:   2.2 megs
0...1...2...3...4...5...6...7...8...9...10	Bounce #1 added RGB(1968, 1923, 1923)
0...1...2...3...4...5...6...7...8...9...10	Bounce #2 added RGB(213, 204, 203)
0...1...2...3...4...5...6...7...8...9...10	Bounce #3 added RGB(24, 22, 22)
0...1...2...3...4...5...6...7...8...9...10	Bounce #4 added RGB(3, 2, 2)
0...1...2...3...4...5...6...7...8...9...10	Bounce #5 added RGB(0, 0, 0)
Build Patch/Sample Hash Table(s).....Done<0.0006 sec>
0...1...2...3...4...5...6...7...8...9...10FinalLightFace Done
0 of 0 (0% of) surface lights went in leaf ambient cubes.
0...1...2...3...4...5...6...7...8...9...10Writing leaf ambient...done
Ready to Finish

Object names       Objects/Maxobjs  Memory / Maxmem  Fullness 
------------       ---------------  ---------------  -------- 
models                   7/1024          336/49152    ( 0.7%) 
brushes                 54/8192          648/98304    ( 0.7%) 
brushsides             334/65536        2672/524288   ( 0.5%) 
planes                 208/65536        4160/1310720  ( 0.3%) 
vertexes               289/65536        3468/786432   ( 0.4%) 
nodes                  120/65536        3840/2097152  ( 0.2%) 
texinfos                22/12288        1584/884736   ( 0.2%) 
texdata                  7/2048          224/65536    ( 0.3%) 
dispinfos                0/0               0/0        ( 0.0%) 
disp_verts               0/0               0/0        ( 0.0%) 
disp_tris                0/0               0/0        ( 0.0%) 
disp_lmsamples           0/0               0/0        ( 0.0%) 
faces                  150/65536        8400/3670016  ( 0.2%) 
hdr faces                0/65536           0/3670016  ( 0.0%) 
origfaces               90/65536        5040/3670016  ( 0.1%) 
leaves                 128/65536        4096/2097152  ( 0.2%) 
leaffaces              150/65536         300/131072   ( 0.2%) 
leafbrushes             75/65536         150/131072   ( 0.1%) 
areas                    3/256            24/2048     ( 1.2%) 
surfedges             1024/512000       4096/2048000  ( 0.2%) 
edges                  651/256000       2604/1024000  ( 0.3%) 
LDR worldlights          8/8192          704/720896   ( 0.1%) 
HDR worldlights          0/8192            0/720896   ( 0.0%) 
leafwaterdata            0/32768           0/393216   ( 0.0%) 
waterstrips              3/32768          30/327680   ( 0.0%) 
waterverts               0/65536           0/786432   ( 0.0%) 
waterindices            42/65536          84/131072   ( 0.1%) 
cubemapsamples           1/1024           16/16384    ( 0.1%) 
overlays                 0/512             0/180224   ( 0.0%) 
LDR lightdata         [variable]      113632/0        ( 0.0%) 
HDR lightdata         [variable]           0/0        ( 0.0%) 
visdata               [variable]         288/16777216 ( 0.0%) 
entdata               [variable]        8225/393216   ( 2.1%) 
LDR ambient table      128/65536         512/262144   ( 0.2%) 
HDR ambient table      128/65536         512/262144   ( 0.2%) 
LDR leaf ambient       158/65536        4424/1835008  ( 0.2%) 
HDR leaf ambient       128/65536        3584/1835008  ( 0.2%) 
occluders                0/0               0/0        ( 0.0%) 
occluder polygons        0/0               0/0        ( 0.0%) 
occluder vert ind        0/0               0/0        ( 0.0%) 
detail props          [variable]           1/12       ( 8.3%) 
static props          [variable]           1/12       ( 8.3%) 
pakfile               [variable]      212264/0        ( 0.0%) 
physics               [variable]       20172/4194304  ( 0.5%) 
physics terrain       [variable]           2/1048576  ( 0.0%) 

Level flags = 0

Total triangle count: 364
Writing c:\mapsrc\gm_lbs_helsingborg_03.bsp
0 seconds elapsed



materialPath: C:\Program Files (x86)\Steam\steamapps\common\half-life 2\hl2\materials
Loading c:\mapsrc\gm_lbs_helsingborg_03.vmf
Could not locate 'GameData' key in c:\program files (x86)\steam\steamapps\common\half-life 2\hl2\gameinfo.txt
fixing up env_cubemap materials on brush sides...
0...1...2...3...4...5...6...7...8...9...100...1...2...3...4...5...6...7...8...9...10Processing areas...done (0)
Building Faces...done (0)
Chop Details...done (0)
Find Visible Detail Sides...done (0)
Merging details...done (0)
FixTjuncs...
PruneNodes...
WriteBSP...
done (0)
writing c:\mapsrc\gm_lbs_helsingborg_03.prt...Building visibility clusters...
done (0)
Creating default LDR cubemaps for env_cubemap using skybox materials:
   skybox/sky_day01_01*.vmt
 ! Run buildcubemaps in the engine to get the correct cube maps.
Creating default HDR cubemaps for env_cubemap using skybox materials:
   skybox/sky_day01_01*.vmt
 ! Run buildcubemaps in the engine to get the correct cube maps.
Finding displacement neighbors...
Finding lightmap sample positions...
Displacement Alpha : 0...1...2...3...4...5...6...7...8...9...10
Building Physics collision data...
done (0) (20172 bytes)
Placing detail props : 0...1...2...3...4...5...6...7...8...9...10
Compacting texture/material tables...
Reduced 48 texinfos to 22
Reduced 9 texdatas to 7 (244 bytes to 195)
Writing c:\mapsrc\gm_lbs_helsingborg_03.bsp
0 seconds elapsed



8 threads
reading c:\mapsrc\gm_lbs_helsingborg_03.bsp
reading c:\mapsrc\gm_lbs_helsingborg_03.prt
  20 portalclusters
  27 numportals
0...1...2...3...4...5...6...7...8...9...100...1...2...3...4...5...6...7...8...9...10Optimized: 0 visible clusters (0.00%)
Total clusters visible: 324
Average clusters visible: 16
Building PAS...
Average clusters audible: 20
visdatasize:288  compressed from 320
writing c:\mapsrc\gm_lbs_helsingborg_03.bsp
0 seconds elapsed



[Reading texlights from 'lights.rad']
[45 texlights parsed from 'lights.rad']

Loading c:\mapsrc\gm_lbs_helsingborg_03.bsp
150 faces
26935 square feet [3878647.50 square inches]
0 Displacements
0 Square Feet [0.00 Square Inches]
150 patches before subdivision
3032 patches after subdivision
8 direct lights
0...1...2...3...4...5...6...7...8...9...100...1...2...3...4...5...6...7...8...9...10transfers 285391, max 261
transfer lists:   2.2 megs
0...1...2...3...4...5...6...7...8...9...10	Bounce #1 added RGB(1968, 1923, 1923)
0...1...2...3...4...5...6...7...8...9...10	Bounce #2 added RGB(213, 204, 203)
0...1...2...3...4...5...6...7...8...9...10	Bounce #3 added RGB(24, 22, 22)
0...1...2...3...4...5...6...7...8...9...10	Bounce #4 added RGB(3, 2, 2)
0...1...2...3...4...5...6...7...8...9...10	Bounce #5 added RGB(0, 0, 0)
Build Patch/Sample Hash Table(s).....Done<0.0006 sec>
0...1...2...3...4...5...6...7...8...9...10FinalLightFace Done
0 of 0 (0% of) surface lights went in leaf ambient cubes.
0...1...2...3...4...5...6...7...8...9...10Writing leaf ambient...done
Ready to Finish

Object names       Objects/Maxobjs  Memory / Maxmem  Fullness 
------------       ---------------  ---------------  -------- 
models                   7/1024          336/49152    ( 0.7%) 
brushes                 54/8192          648/98304    ( 0.7%) 
brushsides             334/65536        2672/524288   ( 0.5%) 
planes                 208/65536        4160/1310720  ( 0.3%) 
vertexes               289/65536        3468/786432   ( 0.4%) 
nodes                  120/65536        3840/2097152  ( 0.2%) 
texinfos                22/12288        1584/884736   ( 0.2%) 
texdata                  7/2048          224/65536    ( 0.3%) 
dispinfos                0/0               0/0        ( 0.0%) 
disp_verts               0/0               0/0        ( 0.0%) 
disp_tris                0/0               0/0        ( 0.0%) 
disp_lmsamples           0/0               0/0        ( 0.0%) 
faces                  150/65536        8400/3670016  ( 0.2%) 
hdr faces                0/65536           0/3670016  ( 0.0%) 
origfaces               90/65536        5040/3670016  ( 0.1%) 
leaves                 128/65536        4096/2097152  ( 0.2%) 
leaffaces              150/65536         300/131072   ( 0.2%) 
leafbrushes             75/65536         150/131072   ( 0.1%) 
areas                    3/256            24/2048     ( 1.2%) 
surfedges             1024/512000       4096/2048000  ( 0.2%) 
edges                  651/256000       2604/1024000  ( 0.3%) 
LDR worldlights          8/8192          704/720896   ( 0.1%) 
HDR worldlights          0/8192            0/720896   ( 0.0%) 
leafwaterdata            0/32768           0/393216   ( 0.0%) 
waterstrips              3/32768          30/327680   ( 0.0%) 
waterverts               0/65536           0/786432   ( 0.0%) 
waterindices            42/65536          84/131072   ( 0.1%) 
cubemapsamples           1/1024           16/16384    ( 0.1%) 
overlays                 0/512             0/180224   ( 0.0%) 
LDR lightdata         [variable]      113632/0        ( 0.0%) 
HDR lightdata         [variable]           0/0        ( 0.0%) 
visdata               [variable]         288/16777216 ( 0.0%) 
entdata               [variable]        8225/393216   ( 2.1%) 
LDR ambient table      128/65536         512/262144   ( 0.2%) 
HDR ambient table      128/65536         512/262144   ( 0.2%) 
LDR leaf ambient       158/65536        4424/1835008  ( 0.2%) 
HDR leaf ambient       128/65536        3584/1835008  ( 0.2%) 
occluders                0/0               0/0        ( 0.0%) 
occluder polygons        0/0               0/0        ( 0.0%) 
occluder vert ind        0/0               0/0        ( 0.0%) 
detail props          [variable]           1/12       ( 8.3%) 
static props          [variable]           1/12       ( 8.3%) 
pakfile               [variable]      212264/0        ( 0.0%) 
physics               [variable]       20172/4194304  ( 0.5%) 
physics terrain       [variable]           2/1048576  ( 0.0%) 

Level flags = 0

Total triangle count: 364
Writing c:\mapsrc\gm_lbs_helsingborg_03.bsp
0 seconds elapsed



materialPath: C:\Program Files (x86)\Steam\steamapps\common\half-life 2\hl2\materials
Loading c:\mapsrc\gm_lbs_helsingborg_03.vmf
Could not locate 'GameData' key in c:\program files (x86)\steam\steamapps\common\half-life 2\hl2\gameinfo.txt
fixing up env_cubemap materials on brush sides...
0...1...2...3...4...5...6...7...8...9...100...1...2...3...4...5...6...7...8...9...10Processing areas...done (0)
Building Faces...done (0)
Chop Details...done (0)
Find Visible Detail Sides...done (0)
Merging details...done (0)
FixTjuncs...
PruneNodes...
WriteBSP...
done (0)
writing c:\mapsrc\gm_lbs_helsingborg_03.prt...Building visibility clusters...
done (0)
Creating default LDR cubemaps for env_cubemap using skybox materials:
   skybox/sky_day01_01*.vmt
 ! Run buildcubemaps in the engine to get the correct cube maps.
Creating default HDR cubemaps for env_cubemap using skybox materials:
   skybox/sky_day01_01*.vmt
 ! Run buildcubemaps in the engine to get the correct cube maps.
Finding displacement neighbors...
Finding lightmap sample positions...
Displacement Alpha : 0...1...2...3...4...5...6...7...8...9...10
Building Physics collision data...
done (0) (20172 bytes)
Placing detail props : 0...1...2...3...4...5...6...7...8...9...10
Compacting texture/material tables...
Reduced 48 texinfos to 22
Reduced 9 texdatas to 7 (244 bytes to 195)
Writing c:\mapsrc\gm_lbs_helsingborg_03.bsp
0 seconds elapsed



8 threads
reading c:\mapsrc\gm_lbs_helsingborg_03.bsp
reading c:\mapsrc\gm_lbs_helsingborg_03.prt
  20 portalclusters
  27 numportals
0...1...2...3...4...5...6...7...8...9...100...1...2...3...4...5...6...7...8...9...10Optimized: 0 visible clusters (0.00%)
Total clusters visible: 324
Average clusters visible: 16
Building PAS...
Average clusters audible: 20
visdatasize:288  compressed from 320
writing c:\mapsrc\gm_lbs_helsingborg_03.bsp
0 seconds elapsed



[Reading texlights from 'lights.rad']
[45 texlights parsed from 'lights.rad']

Loading c:\mapsrc\gm_lbs_helsingborg_03.bsp
150 faces
26935 square feet [3878647.50 square inches]
0 Displacements
0 Square Feet [0.00 Square Inches]
150 patches before subdivision
3032 patches after subdivision
8 direct lights
0...1...2...3...4...5...6...7...8...9...100...1...2...3...4...5...6...7...8...9...10transfers 285391, max 261
transfer lists:   2.2 megs
0...1...2...3...4...5...6...7...8...9...10	Bounce #1 added RGB(1968, 1923, 1923)
0...1...2...3...4...5...6...7...8...9...10	Bounce #2 added RGB(213, 204, 203)
0...1...2...3...4...5...6...7...8...9...10	Bounce #3 added RGB(24, 22, 22)
0...1...2...3...4...5...6...7...8...9...10	Bounce #4 added RGB(3, 2, 2)
0...1...2...3...4...5...6...7...8...9...10	Bounce #5 added RGB(0, 0, 0)
Build Patch/Sample Hash Table(s).....Done<0.0006 sec>
0...1...2...3...4...5...6...7...8...9...10FinalLightFace Done
0 of 0 (0% of) surface lights went in leaf ambient cubes.
0...1...2...3...4...5...6...7...8...9...10Writing leaf ambient...done
Ready to Finish

Object names       Objects/Maxobjs  Memory / Maxmem  Fullness 
------------       ---------------  ---------------  -------- 
models                   7/1024          336/49152    ( 0.7%) 
brushes                 54/8192          648/98304    ( 0.7%) 
brushsides             334/65536        2672/524288   ( 0.5%) 
planes                 208/65536        4160/1310720  ( 0.3%) 
vertexes               289/65536        3468/786432   ( 0.4%) 
nodes                  120/65536        3840/2097152  ( 0.2%) 
texinfos                22/12288        1584/884736   ( 0.2%) 
texdata                  7/2048          224/65536    ( 0.3%) 
dispinfos                0/0               0/0        ( 0.0%) 
disp_verts               0/0               0/0        ( 0.0%) 
disp_tris                0/0               0/0        ( 0.0%) 
disp_lmsamples           0/0               0/0        ( 0.0%) 
faces                  150/65536        8400/3670016  ( 0.2%) 
hdr faces                0/65536           0/3670016  ( 0.0%) 
origfaces               90/65536        5040/3670016  ( 0.1%) 
leaves                 128/65536        4096/2097152  ( 0.2%) 
leaffaces              150/65536         300/131072   ( 0.2%) 
leafbrushes             75/65536         150/131072   ( 0.1%) 
areas                    3/256            24/2048     ( 1.2%) 
surfedges             1024/512000       4096/2048000  ( 0.2%) 
edges                  651/256000       2604/1024000  ( 0.3%) 
LDR worldlights          8/8192          704/720896   ( 0.1%) 
HDR worldlights          0/8192            0/720896   ( 0.0%) 
leafwaterdata            0/32768           0/393216   ( 0.0%) 
waterstrips              3/32768          30/327680   ( 0.0%) 
waterverts               0/65536           0/786432   ( 0.0%) 
waterindices            42/65536          84/131072   ( 0.1%) 
cubemapsamples           1/1024           16/16384    ( 0.1%) 
overlays                 0/512             0/180224   ( 0.0%) 
LDR lightdata         [variable]      113632/0        ( 0.0%) 
HDR lightdata         [variable]           0/0        ( 0.0%) 
visdata               [variable]         288/16777216 ( 0.0%) 
entdata               [variable]        8225/393216   ( 2.1%) 
LDR ambient table      128/65536         512/262144   ( 0.2%) 
HDR ambient table      128/65536         512/262144   ( 0.2%) 
LDR leaf ambient       158/65536        4424/1835008  ( 0.2%) 
HDR leaf ambient       128/65536        3584/1835008  ( 0.2%) 
occluders                0/0               0/0        ( 0.0%) 
occluder polygons        0/0               0/0        ( 0.0%) 
occluder vert ind        0/0               0/0        ( 0.0%) 
detail props          [variable]           1/12       ( 8.3%) 
static props          [variable]           1/12       ( 8.3%) 
pakfile               [variable]      212264/0        ( 0.0%) 
physics               [variable]       20172/4194304  ( 0.5%) 
physics terrain       [variable]           2/1048576  ( 0.0%) 

Level flags = 0

Total triangle count: 364
Writing c:\mapsrc\gm_lbs_helsingborg_03.bsp
0 seconds elapsed



materialPath: C:\Program Files (x86)\Steam\steamapps\common\half-life 2\hl2\materials
Loading c:\mapsrc\gm_lbs_helsingborg_03.vmf
Could not locate 'GameData' key in c:\program files (x86)\steam\steamapps\common\half-life 2\hl2\gameinfo.txt
fixing up env_cubemap materials on brush sides...
0...1...2...3...4...5...6...7...8...9...100...1...2...3...4...5...6...7...8...9...10Processing areas...done (0)
Building Faces...done (0)
Chop Details...done (0)
Find Visible Detail Sides...done (0)
Merging details...done (0)
FixTjuncs...
PruneNodes...
WriteBSP...
done (0)
writing c:\mapsrc\gm_lbs_helsingborg_03.prt...Building visibility clusters...
done (0)
Creating default LDR cubemaps for env_cubemap using skybox materials:
   skybox/sky_day01_01*.vmt
 ! Run buildcubemaps in the engine to get the correct cube maps.
Creating default HDR cubemaps for env_cubemap using skybox materials:
   skybox/sky_day01_01*.vmt
 ! Run buildcubemaps in the engine to get the correct cube maps.
Finding displacement neighbors...
Finding lightmap sample positions...
Displacement Alpha : 0...1...2...3...4...5...6...7...8...9...10
Building Physics collision data...
done (0) (22498 bytes)
Placing detail props : 0...1...2...3...4...5...6...7...8...9...10
Compacting texture/material tables...
Reduced 51 texinfos to 22
Reduced 9 texdatas to 7 (244 bytes to 195)
Writing c:\mapsrc\gm_lbs_helsingborg_03.bsp
0 seconds elapsed



8 threads
reading c:\mapsrc\gm_lbs_helsingborg_03.bsp
reading c:\mapsrc\gm_lbs_helsingborg_03.prt
  20 portalclusters
  27 numportals
0...1...2...3...4...5...6...7...8...9...100...1...2...3...4...5...6...7...8...9...10Optimized: 0 visible clusters (0.00%)
Total clusters visible: 324
Average clusters visible: 16
Building PAS...
Average clusters audible: 20
visdatasize:288  compressed from 320
writing c:\mapsrc\gm_lbs_helsingborg_03.bsp
0 seconds elapsed



[Reading texlights from 'lights.rad']
[45 texlights parsed from 'lights.rad']

Loading c:\mapsrc\gm_lbs_helsingborg_03.bsp
150 faces
26935 square feet [3878647.50 square inches]
0 Displacements
0 Square Feet [0.00 Square Inches]
150 patches before subdivision
3032 patches after subdivision
8 direct lights
0...1...2...3...4...5...6...7...8...9...100...1...2...3...4...5...6...7...8...9...10transfers 285391, max 261
transfer lists:   2.2 megs
0...1...2...3...4...5...6...7...8...9...10	Bounce #1 added RGB(1968, 1923, 1923)
0...1...2...3...4...5...6...7...8...9...10	Bounce #2 added RGB(213, 204, 203)
0...1...2...3...4...5...6...7...8...9...10	Bounce #3 added RGB(24, 22, 22)
0...1...2...3...4...5...6...7...8...9...10	Bounce #4 added RGB(3, 2, 2)
0...1...2...3...4...5...6...7...8...9...10	Bounce #5 added RGB(0, 0, 0)
Build Patch/Sample Hash Table(s).....Done<0.0006 sec>
0...1...2...3...4...5...6...7...8...9...10FinalLightFace Done
0 of 0 (0% of) surface lights went in leaf ambient cubes.
0...1...2...3...4...5...6...7...8...9...10Writing leaf ambient...done
Ready to Finish

Object names       Objects/Maxobjs  Memory / Maxmem  Fullness 
------------       ---------------  ---------------  -------- 
models                   8/1024          384/49152    ( 0.8%) 
brushes                 59/8192          708/98304    ( 0.7%) 
brushsides             364/65536        2912/524288   ( 0.6%) 
planes                 250/65536        5000/1310720  ( 0.4%) 
vertexes               329/65536        3948/786432   ( 0.5%) 
nodes                  140/65536        4480/2097152  ( 0.2%) 
texinfos                22/12288        1584/884736   ( 0.2%) 
texdata                  7/2048          224/65536    ( 0.3%) 
dispinfos                0/0               0/0        ( 0.0%) 
disp_verts               0/0               0/0        ( 0.0%) 
disp_tris                0/0               0/0        ( 0.0%) 
disp_lmsamples           0/0               0/0        ( 0.0%) 
faces                  150/65536        8400/3670016  ( 0.2%) 
hdr faces                0/65536           0/3670016  ( 0.0%) 
origfaces               90/65536        5040/3670016  ( 0.1%) 
leaves                 149/65536        4768/2097152  ( 0.2%) 
leaffaces              150/65536         300/131072   ( 0.2%) 
leafbrushes             80/65536         160/131072   ( 0.1%) 
areas                    3/256            24/2048     ( 1.2%) 
surfedges             1024/512000       4096/2048000  ( 0.2%) 
edges                  651/256000       2604/1024000  ( 0.3%) 
LDR worldlights          8/8192          704/720896   ( 0.1%) 
HDR worldlights          0/8192            0/720896   ( 0.0%) 
leafwaterdata            0/32768           0/393216   ( 0.0%) 
waterstrips              3/32768          30/327680   ( 0.0%) 
waterverts               0/65536           0/786432   ( 0.0%) 
waterindices            42/65536          84/131072   ( 0.1%) 
cubemapsamples           1/1024           16/16384    ( 0.1%) 
overlays                 0/512             0/180224   ( 0.0%) 
LDR lightdata         [variable]      113632/0        ( 0.0%) 
HDR lightdata         [variable]           0/0        ( 0.0%) 
visdata               [variable]         288/16777216 ( 0.0%) 
entdata               [variable]        8860/393216   ( 2.3%) 
LDR ambient table      149/65536         596/262144   ( 0.2%) 
HDR ambient table      149/65536         596/262144   ( 0.2%) 
LDR leaf ambient       192/65536        5376/1835008  ( 0.3%) 
HDR leaf ambient       149/65536        4172/1835008  ( 0.2%) 
occluders                0/0               0/0        ( 0.0%) 
occluder polygons        0/0               0/0        ( 0.0%) 
occluder vert ind        0/0               0/0        ( 0.0%) 
detail props          [variable]           1/12       ( 8.3%) 
static props          [variable]           1/12       ( 8.3%) 
pakfile               [variable]      212264/0        ( 0.0%) 
physics               [variable]       22498/4194304  ( 0.5%) 
physics terrain       [variable]           2/1048576  ( 0.0%) 

Level flags = 0

Total triangle count: 364
Writing c:\mapsrc\gm_lbs_helsingborg_03.bsp
0 seconds elapsed



materialPath: C:\Program Files (x86)\Steam\steamapps\common\half-life 2\hl2\materials
Loading c:\mapsrc\gm_lbs_helsingborg_03.vmf
Could not locate 'GameData' key in c:\program files (x86)\steam\steamapps\common\half-life 2\hl2\gameinfo.txt
fixing up env_cubemap materials on brush sides...
0...1...2...3...4...5...6...7...8...9...100...1...2...3...4...5...6...7...8...9...10Processing areas...done (0)
Building Faces...done (0)
Chop Details...done (0)
Find Visible Detail Sides...done (0)
Merging details...done (0)
FixTjuncs...
PruneNodes...
WriteBSP...
done (0)
writing c:\mapsrc\gm_lbs_helsingborg_03.prt...Building visibility clusters...
done (0)
Creating default LDR cubemaps for env_cubemap using skybox materials:
   skybox/sky_day01_01*.vmt
 ! Run buildcubemaps in the engine to get the correct cube maps.
Creating default HDR cubemaps for env_cubemap using skybox materials:
   skybox/sky_day01_01*.vmt
 ! Run buildcubemaps in the engine to get the correct cube maps.
Finding displacement neighbors...
Finding lightmap sample positions...
Displacement Alpha : 0...1...2...3...4...5...6...7...8...9...10
Building Physics collision data...
done (0) (22498 bytes)
Placing detail props : 0...1...2...3...4...5...6...7...8...9...10
Compacting texture/material tables...
Reduced 51 texinfos to 22
Reduced 9 texdatas to 7 (244 bytes to 195)
Writing c:\mapsrc\gm_lbs_helsingborg_03.bsp
0 seconds elapsed



8 threads
reading c:\mapsrc\gm_lbs_helsingborg_03.bsp
reading c:\mapsrc\gm_lbs_helsingborg_03.prt
  20 portalclusters
  27 numportals
0...1...2...3...4...5...6...7...8...9...100...1...2...3...4...5...6...7...8...9...10Optimized: 0 visible clusters (0.00%)
Total clusters visible: 324
Average clusters visible: 16
Building PAS...
Average clusters audible: 20
visdatasize:288  compressed from 320
writing c:\mapsrc\gm_lbs_helsingborg_03.bsp
0 seconds elapsed



[Reading texlights from 'lights.rad']
[45 texlights parsed from 'lights.rad']

Loading c:\mapsrc\gm_lbs_helsingborg_03.bsp
150 faces
26935 square feet [3878647.50 square inches]
0 Displacements
0 Square Feet [0.00 Square Inches]
150 patches before subdivision
3032 patches after subdivision
8 direct lights
0...1...2...3...4...5...6...7...8...9...100...1...2...3...4...5...6...7...8...9...10transfers 285391, max 261
transfer lists:   2.2 megs
0...1...2...3...4...5...6...7...8...9...10	Bounce #1 added RGB(1968, 1923, 1923)
0...1...2...3...4...5...6...7...8...9...10	Bounce #2 added RGB(213, 204, 203)
0...1...2...3...4...5...6...7...8...9...10	Bounce #3 added RGB(24, 22, 22)
0...1...2...3...4...5...6...7...8...9...10	Bounce #4 added RGB(3, 2, 2)
0...1...2...3...4...5...6...7...8...9...10	Bounce #5 added RGB(0, 0, 0)
Build Patch/Sample Hash Table(s).....Done<0.0006 sec>
0...1...2...3...4...5...6...7...8...9...10FinalLightFace Done
0 of 0 (0% of) surface lights went in leaf ambient cubes.
0...1...2...3...4...5...6...7...8...9...10Writing leaf ambient...done
Ready to Finish

Object names       Objects/Maxobjs  Memory / Maxmem  Fullness 
------------       ---------------  ---------------  -------- 
models                   8/1024          384/49152    ( 0.8%) 
brushes                 59/8192          708/98304    ( 0.7%) 
brushsides             364/65536        2912/524288   ( 0.6%) 
planes                 250/65536        5000/1310720  ( 0.4%) 
vertexes               329/65536        3948/786432   ( 0.5%) 
nodes                  140/65536        4480/2097152  ( 0.2%) 
texinfos                22/12288        1584/884736   ( 0.2%) 
texdata                  7/2048          224/65536    ( 0.3%) 
dispinfos                0/0               0/0        ( 0.0%) 
disp_verts               0/0               0/0        ( 0.0%) 
disp_tris                0/0               0/0        ( 0.0%) 
disp_lmsamples           0/0               0/0        ( 0.0%) 
faces                  150/65536        8400/3670016  ( 0.2%) 
hdr faces                0/65536           0/3670016  ( 0.0%) 
origfaces               90/65536        5040/3670016  ( 0.1%) 
leaves                 149/65536        4768/2097152  ( 0.2%) 
leaffaces              150/65536         300/131072   ( 0.2%) 
leafbrushes             80/65536         160/131072   ( 0.1%) 
areas                    3/256            24/2048     ( 1.2%) 
surfedges             1024/512000       4096/2048000  ( 0.2%) 
edges                  651/256000       2604/1024000  ( 0.3%) 
LDR worldlights          8/8192          704/720896   ( 0.1%) 
HDR worldlights          0/8192            0/720896   ( 0.0%) 
leafwaterdata            0/32768           0/393216   ( 0.0%) 
waterstrips              3/32768          30/327680   ( 0.0%) 
waterverts               0/65536           0/786432   ( 0.0%) 
waterindices            42/65536          84/131072   ( 0.1%) 
cubemapsamples           1/1024           16/16384    ( 0.1%) 
overlays                 0/512             0/180224   ( 0.0%) 
LDR lightdata         [variable]      113632/0        ( 0.0%) 
HDR lightdata         [variable]           0/0        ( 0.0%) 
visdata               [variable]         288/16777216 ( 0.0%) 
entdata               [variable]        8860/393216   ( 2.3%) 
LDR ambient table      149/65536         596/262144   ( 0.2%) 
HDR ambient table      149/65536         596/262144   ( 0.2%) 
LDR leaf ambient       192/65536        5376/1835008  ( 0.3%) 
HDR leaf ambient       149/65536        4172/1835008  ( 0.2%) 
occluders                0/0               0/0        ( 0.0%) 
occluder polygons        0/0               0/0        ( 0.0%) 
occluder vert ind        0/0               0/0        ( 0.0%) 
detail props          [variable]           1/12       ( 8.3%) 
static props          [variable]           1/12       ( 8.3%) 
pakfile               [variable]      212264/0        ( 0.0%) 
physics               [variable]       22498/4194304  ( 0.5%) 
physics terrain       [variable]           2/1048576  ( 0.0%) 

Level flags = 0

Total triangle count: 364
Writing c:\mapsrc\gm_lbs_helsingborg_03.bsp
0 seconds elapsed



materialPath: C:\Program Files (x86)\Steam\steamapps\common\half-life 2\hl2\materials
Loading c:\mapsrc\gm_lbs_helsingborg_03.vmf
Could not locate 'GameData' key in c:\program files (x86)\steam\steamapps\common\half-life 2\hl2\gameinfo.txt
fixing up env_cubemap materials on brush sides...
0...1...2...3...4...5...6...7...8...9...100...1...2...3...4...5...6...7...8...9...10Processing areas...done (0)
Building Faces...done (0)
Chop Details...done (0)
Find Visible Detail Sides...done (0)
Merging details...done (0)
FixTjuncs...
PruneNodes...
WriteBSP...
done (0)
writing c:\mapsrc\gm_lbs_helsingborg_03.prt...Building visibility clusters...
done (0)
Creating default LDR cubemaps for env_cubemap using skybox materials:
   skybox/sky_day01_01*.vmt
 ! Run buildcubemaps in the engine to get the correct cube maps.
Creating default HDR cubemaps for env_cubemap using skybox materials:
   skybox/sky_day01_01*.vmt
 ! Run buildcubemaps in the engine to get the correct cube maps.
Finding displacement neighbors...
Finding lightmap sample positions...
Displacement Alpha : 0...1...2...3...4...5...6...7...8...9...10
Building Physics collision data...
done (0) (22498 bytes)
Placing detail props : 0...1...2...3...4...5...6...7...8...9...10
Compacting texture/material tables...
Reduced 51 texinfos to 22
Reduced 9 texdatas to 7 (244 bytes to 195)
Writing c:\mapsrc\gm_lbs_helsingborg_03.bsp
0 seconds elapsed



8 threads
reading c:\mapsrc\gm_lbs_helsingborg_03.bsp
reading c:\mapsrc\gm_lbs_helsingborg_03.prt
  20 portalclusters
  27 numportals
0...1...2...3...4...5...6...7...8...9...100...1...2...3...4...5...6...7...8...9...10Optimized: 0 visible clusters (0.00%)
Total clusters visible: 324
Average clusters visible: 16
Building PAS...
Average clusters audible: 20
visdatasize:288  compressed from 320
writing c:\mapsrc\gm_lbs_helsingborg_03.bsp
0 seconds elapsed



[Reading texlights from 'lights.rad']
[45 texlights parsed from 'lights.rad']

Loading c:\mapsrc\gm_lbs_helsingborg_03.bsp
150 faces
26935 square feet [3878647.50 square inches]
0 Displacements
0 Square Feet [0.00 Square Inches]
150 patches before subdivision
3032 patches after subdivision
8 direct lights
0...1...2...3...4...5...6...7...8...9...100...1...2...3...4...5...6...7...8...9...10transfers 285391, max 261
transfer lists:   2.2 megs
0...1...2...3...4...5...6...7...8...9...10	Bounce #1 added RGB(1968, 1923, 1923)
0...1...2...3...4...5...6...7...8...9...10	Bounce #2 added RGB(213, 204, 203)
0...1...2...3...4...5...6...7...8...9...10	Bounce #3 added RGB(24, 22, 22)
0...1...2...3...4...5...6...7...8...9...10	Bounce #4 added RGB(3, 2, 2)
0...1...2...3...4...5...6...7...8...9...10	Bounce #5 added RGB(0, 0, 0)
Build Patch/Sample Hash Table(s).....Done<0.0006 sec>
0...1...2...3...4...5...6...7...8...9...10FinalLightFace Done
0 of 0 (0% of) surface lights went in leaf ambient cubes.
0...1...2...3...4...5...6...7...8...9...10Writing leaf ambient...done
Ready to Finish

Object names       Objects/Maxobjs  Memory / Maxmem  Fullness 
------------       ---------------  ---------------  -------- 
models                   8/1024          384/49152    ( 0.8%) 
brushes                 59/8192          708/98304    ( 0.7%) 
brushsides             364/65536        2912/524288   ( 0.6%) 
planes                 250/65536        5000/1310720  ( 0.4%) 
vertexes               329/65536        3948/786432   ( 0.5%) 
nodes                  140/65536        4480/2097152  ( 0.2%) 
texinfos                22/12288        1584/884736   ( 0.2%) 
texdata                  7/2048          224/65536    ( 0.3%) 
dispinfos                0/0               0/0        ( 0.0%) 
disp_verts               0/0               0/0        ( 0.0%) 
disp_tris                0/0               0/0        ( 0.0%) 
disp_lmsamples           0/0               0/0        ( 0.0%) 
faces                  150/65536        8400/3670016  ( 0.2%) 
hdr faces                0/65536           0/3670016  ( 0.0%) 
origfaces               90/65536        5040/3670016  ( 0.1%) 
leaves                 149/65536        4768/2097152  ( 0.2%) 
leaffaces              150/65536         300/131072   ( 0.2%) 
leafbrushes             80/65536         160/131072   ( 0.1%) 
areas                    3/256            24/2048     ( 1.2%) 
surfedges             1024/512000       4096/2048000  ( 0.2%) 
edges                  651/256000       2604/1024000  ( 0.3%) 
LDR worldlights          8/8192          704/720896   ( 0.1%) 
HDR worldlights          0/8192            0/720896   ( 0.0%) 
leafwaterdata            0/32768           0/393216   ( 0.0%) 
waterstrips              3/32768          30/327680   ( 0.0%) 
waterverts               0/65536           0/786432   ( 0.0%) 
waterindices            42/65536          84/131072   ( 0.1%) 
cubemapsamples           1/1024           16/16384    ( 0.1%) 
overlays                 0/512             0/180224   ( 0.0%) 
LDR lightdata         [variable]      113632/0        ( 0.0%) 
HDR lightdata         [variable]           0/0        ( 0.0%) 
visdata               [variable]         288/16777216 ( 0.0%) 
entdata               [variable]        8931/393216   ( 2.3%) 
LDR ambient table      149/65536         596/262144   ( 0.2%) 
HDR ambient table      149/65536         596/262144   ( 0.2%) 
LDR leaf ambient       192/65536        5376/1835008  ( 0.3%) 
HDR leaf ambient       149/65536        4172/1835008  ( 0.2%) 
occluders                0/0               0/0        ( 0.0%) 
occluder polygons        0/0               0/0        ( 0.0%) 
occluder vert ind        0/0               0/0        ( 0.0%) 
detail props          [variable]           1/12       ( 8.3%) 
static props          [variable]           1/12       ( 8.3%) 
pakfile               [variable]      212264/0        ( 0.0%) 
physics               [variable]       22498/4194304  ( 0.5%) 
physics terrain       [variable]           2/1048576  ( 0.0%) 

Level flags = 0

Total triangle count: 364
Writing c:\mapsrc\gm_lbs_helsingborg_03.bsp
0 seconds elapsed



materialPath: C:\Program Files (x86)\Steam\steamapps\common\half-life 2\hl2\materials
Loading c:\mapsrc\gm_lbs_helsingborg_03.vmf
Could not locate 'GameData' key in c:\program files (x86)\steam\steamapps\common\half-life 2\hl2\gameinfo.txt
fixing up env_cubemap materials on brush sides...
0...1...2...3...4...5...6...7...8...9...100...1...2...3...4...5...6...7...8...9...10Processing areas...done (0)
Building Faces...done (0)
Chop Details...done (0)
Find Visible Detail Sides...done (0)
Merging details...done (0)
FixTjuncs...
PruneNodes...
WriteBSP...
done (0)
writing c:\mapsrc\gm_lbs_helsingborg_03.prt...Building visibility clusters...
done (0)
Creating default LDR cubemaps for env_cubemap using skybox materials:
   skybox/sky_day01_01*.vmt
 ! Run buildcubemaps in the engine to get the correct cube maps.
Creating default HDR cubemaps for env_cubemap using skybox materials:
   skybox/sky_day01_01*.vmt
 ! Run buildcubemaps in the engine to get the correct cube maps.
Finding displacement neighbors...
Finding lightmap sample positions...
Displacement Alpha : 0...1...2...3...4...5...6...7...8...9...10
Building Physics collision data...
done (0) (22498 bytes)
Placing detail props : 0...1...2...3...4...5...6...7...8...9...10
Compacting texture/material tables...
Reduced 51 texinfos to 22
Reduced 9 texdatas to 7 (244 bytes to 195)
Writing c:\mapsrc\gm_lbs_helsingborg_03.bsp
0 seconds elapsed



8 threads
reading c:\mapsrc\gm_lbs_helsingborg_03.bsp
reading c:\mapsrc\gm_lbs_helsingborg_03.prt
  20 portalclusters
  27 numportals
0...1...2...3...4...5...6...7...8...9...100...1...2...3...4...5...6...7...8...9...10Optimized: 0 visible clusters (0.00%)
Total clusters visible: 324
Average clusters visible: 16
Building PAS...
Average clusters audible: 20
visdatasize:288  compressed from 320
writing c:\mapsrc\gm_lbs_helsingborg_03.bsp
0 seconds elapsed



[Reading texlights from 'lights.rad']
[45 texlights parsed from 'lights.rad']

Loading c:\mapsrc\gm_lbs_helsingborg_03.bsp
150 faces
26935 square feet [3878647.50 square inches]
0 Displacements
0 Square Feet [0.00 Square Inches]
150 patches before subdivision
3032 patches after subdivision
8 direct lights
0...1...2...3...4...5...6...7...8...9...100...1...2...3...4...5...6...7...8...9...10transfers 285391, max 261
transfer lists:   2.2 megs
0...1...2...3...4...5...6...7...8...9...10	Bounce #1 added RGB(1968, 1923, 1923)
0...1...2...3...4...5...6...7...8...9...10	Bounce #2 added RGB(213, 204, 203)
0...1...2...3...4...5...6...7...8...9...10	Bounce #3 added RGB(24, 22, 22)
0...1...2...3...4...5...6...7...8...9...10	Bounce #4 added RGB(3, 2, 2)
0...1...2...3...4...5...6...7...8...9...10	Bounce #5 added RGB(0, 0, 0)
Build Patch/Sample Hash Table(s).....Done<0.0006 sec>
0...1...2...3...4...5...6...7...8...9...10FinalLightFace Done
0 of 0 (0% of) surface lights went in leaf ambient cubes.
0...1...2...3...4...5...6...7...8...9...10Writing leaf ambient...done
Ready to Finish

Object names       Objects/Maxobjs  Memory / Maxmem  Fullness 
------------       ---------------  ---------------  -------- 
models                   8/1024          384/49152    ( 0.8%) 
brushes                 59/8192          708/98304    ( 0.7%) 
brushsides             364/65536        2912/524288   ( 0.6%) 
planes                 250/65536        5000/1310720  ( 0.4%) 
vertexes               329/65536        3948/786432   ( 0.5%) 
nodes                  140/65536        4480/2097152  ( 0.2%) 
texinfos                22/12288        1584/884736   ( 0.2%) 
texdata                  7/2048          224/65536    ( 0.3%) 
dispinfos                0/0               0/0        ( 0.0%) 
disp_verts               0/0               0/0        ( 0.0%) 
disp_tris                0/0               0/0        ( 0.0%) 
disp_lmsamples           0/0               0/0        ( 0.0%) 
faces                  150/65536        8400/3670016  ( 0.2%) 
hdr faces                0/65536           0/3670016  ( 0.0%) 
origfaces               90/65536        5040/3670016  ( 0.1%) 
leaves                 149/65536        4768/2097152  ( 0.2%) 
leaffaces              150/65536         300/131072   ( 0.2%) 
leafbrushes             80/65536         160/131072   ( 0.1%) 
areas                    3/256            24/2048     ( 1.2%) 
surfedges             1024/512000       4096/2048000  ( 0.2%) 
edges                  651/256000       2604/1024000  ( 0.3%) 
LDR worldlights          8/8192          704/720896   ( 0.1%) 
HDR worldlights          0/8192            0/720896   ( 0.0%) 
leafwaterdata            0/32768           0/393216   ( 0.0%) 
waterstrips              3/32768          30/327680   ( 0.0%) 
waterverts               0/65536           0/786432   ( 0.0%) 
waterindices            42/65536          84/131072   ( 0.1%) 
cubemapsamples           1/1024           16/16384    ( 0.1%) 
overlays                 0/512             0/180224   ( 0.0%) 
LDR lightdata         [variable]      113632/0        ( 0.0%) 
HDR lightdata         [variable]           0/0        ( 0.0%) 
visdata               [variable]         288/16777216 ( 0.0%) 
entdata               [variable]        8953/393216   ( 2.3%) 
LDR ambient table      149/65536         596/262144   ( 0.2%) 
HDR ambient table      149/65536         596/262144   ( 0.2%) 
LDR leaf ambient       192/65536        5376/1835008  ( 0.3%) 
HDR leaf ambient       149/65536        4172/1835008  ( 0.2%) 
occluders                0/0               0/0        ( 0.0%) 
occluder polygons        0/0               0/0        ( 0.0%) 
occluder vert ind        0/0               0/0        ( 0.0%) 
detail props          [variable]           1/12       ( 8.3%) 
static props          [variable]           1/12       ( 8.3%) 
pakfile               [variable]      212264/0        ( 0.0%) 
physics               [variable]       22498/4194304  ( 0.5%) 
physics terrain       [variable]           2/1048576  ( 0.0%) 

Level flags = 0

Total triangle count: 364
Writing c:\mapsrc\gm_lbs_helsingborg_03.bsp
0 seconds elapsed
