PRT1
20
27
4 0 1 (152 440 -224 ) (152 384 -224 ) (152 384 -112 ) (152 440 -112 ) 
4 1 2 (144 440 -224 ) (144 384 -224 ) (144 384 -112 ) (144 440 -112 ) 
4 2 3 (136 440 -224 ) (136 384 -224 ) (136 384 -112 ) (136 440 -112 ) 
4 3 4 (128 384 -224 ) (128 384 -112 ) (128 440 -112 ) (128 440 -224 ) 
4 4 11 (128 0 -224 ) (128 0 -12.002960 ) (0 0 17.345032 ) (0 0 -224 ) 
4 4 5 (0 0 -224 ) (0 0 17.345032 ) (0 480 17.345032 ) (0 480 -224 ) 
4 5 12 (0 0 -224 ) (0 0 17.345032 ) (-480 0 127.399994 ) (-480 0 -224 ) 
4 5 7 (-480 128 -56 ) (-480 224 -56 ) (-480 224 -176 ) (-480 128 -176 ) 
4 5 8 (-480 0 -176 ) (-480 0 -56 ) (-480 32 -56 ) (-480 32 -176 ) 
4 5 6 (-480 320 -56 ) (-480 416 -56 ) (-480 416 -176 ) (-480 320 -176 ) 
4 8 13 (-480 0 -176 ) (-480 0 -56 ) (-512 0 -56 ) (-512 0 -176 ) 
4 9 10 (152 -336 -224 ) (152 -400 -224 ) (152 -400 -128 ) (152 -336 -128 ) 
4 10 11 (128 -336 -128 ) (128 -336 -224 ) (128 -400 -224 ) (128 -400 -128 ) 
4 11 12 (0 0 17.345032 ) (0 0 -224 ) (0 -480 -224 ) (0 -480 17.345032 ) 
4 12 17 (-480 -344 -176 ) (-480 -416 -176 ) (-480 -416 -56 ) (-480 -344 -56 ) 
4 12 16 (-480 -328 -176 ) (-480 -344 -176 ) (-480 -344 -56 ) (-480 -328 -56 ) 
4 12 14 (-480 -256 -176 ) (-480 -328 -176 ) (-480 -328 -56 ) (-480 -256 -56 ) 
4 12 13 (-480 0 -56 ) (-480 0 -176 ) (-480 -64 -176 ) (-480 -64 -56 ) 
4 14 16 (-488 -328 -176 ) (-480 -328 -176 ) (-480 -328 -56 ) (-488 -328 -56 ) 
4 14 15 (-488 -256 -56 ) (-488 -256 -176 ) (-488 -328 -176 ) (-488 -328 -56 ) 
4 15 16 (-504 -328 -56 ) (-504 -328 -176 ) (-488 -328 -176 ) (-488 -328 -56 ) 
4 15 19 (-504 -256 -56 ) (-504 -256 -176 ) (-504 -328 -176 ) (-504 -328 -56 ) 
4 16 18 (-504 -344 -56 ) (-504 -344 -176 ) (-488 -344 -176 ) (-488 -344 -56 ) 
4 16 17 (-488 -344 -176 ) (-480 -344 -176 ) (-480 -344 -56 ) (-488 -344 -56 ) 
4 16 19 (-504 -328 -176 ) (-504 -344 -176 ) (-504 -344 -56 ) (-504 -328 -56 ) 
4 17 18 (-488 -344 -56 ) (-488 -344 -176 ) (-488 -416 -176 ) (-488 -416 -56 ) 
4 18 19 (-504 -344 -176 ) (-504 -416 -176 ) (-504 -416 -56 ) (-504 -344 -56 ) 
