


materialPath: C:\Program Files (x86)\Steam\steamapps\common\half-life 2\hl2\materials
Loading c:\mapsrc\lotr_hobbiton_05.vmf
Could not locate 'GameData' key in c:\program files (x86)\steam\steamapps\common\half-life 2\hl2\gameinfo.txt
Patching WVT material: maps/lotr_hobbiton_05/dev/dev_blendmeasure_wvt_patch
fixing up env_cubemap materials on brush sides...
0...1...2...3...4...5...6...7...8...9...100...1...2...3...4...5...6...7...8...9...10Processing areas...done (0)
Building Faces...done (0)
Chop Details...done (0)
Find Visible Detail Sides...
Merged 12 detail faces...done (0)
Merging details...done (0)
FixTjuncs...
PruneNodes...
WriteBSP...
done (0)
writing c:\mapsrc\lotr_hobbiton_05.prt...Building visibility clusters...
done (0)
Creating default LDR cubemaps for env_cubemap using skybox materials:
   skybox/sky_day01_01*.vmt
 ! Run buildcubemaps in the engine to get the correct cube maps.
Creating default HDR cubemaps for env_cubemap using skybox materials:
   skybox/sky_day01_01*.vmt
 ! Run buildcubemaps in the engine to get the correct cube maps.
Finding displacement neighbors...
Finding lightmap sample positions...
Displacement Alpha : 0...1...2...3...4...5...6...7...8...9...10
Building Physics collision data...
done (0) (9392 bytes)
Placing detail props : 0...1...2...3...4...5...6...7...8...9...10
Compacting texture/material tables...
Reduced 24 texinfos to 11
Reduced 4 texdatas to 3 (111 bytes to 90)
Writing c:\mapsrc\lotr_hobbiton_05.bsp
0 seconds elapsed



8 threads
reading c:\mapsrc\lotr_hobbiton_05.bsp
reading c:\mapsrc\lotr_hobbiton_05.prt
  12 portalclusters
  15 numportals
0...1...2...3...4...5...6...7...8...9...100...1...2...3...4...5...6...7...8...9...10Optimized: 0 visible clusters (0.00%)
Total clusters visible: 80
Average clusters visible: 6
Building PAS...
Average clusters audible: 6
visdatasize:148  compressed from 192
writing c:\mapsrc\lotr_hobbiton_05.bsp
0 seconds elapsed



[Reading texlights from 'lights.rad']
[45 texlights parsed from 'lights.rad']

Loading c:\mapsrc\lotr_hobbiton_05.bsp
84 faces
36197 square feet [5212399.00 square inches]
0 Displacements
0 Square Feet [0.00 Square Inches]
84 patches before subdivision
2142 patches after subdivision
0 direct lights
0...1...2...3...4...5...6...7...8...9...100...1...2...3...4...5...6...7...8...9...10transfers 158629, max 234
transfer lists:   1.2 megs
0...1...2...3...4...5...6...7...8...9...10	Bounce #1 added RGB(0, 0, 0)
Build Patch/Sample Hash Table(s).....Done<0.0008 sec>
0...1...2...3...4...5...6...7...8...9...10FinalLightFace Done
0 of 0 (0% of) surface lights went in leaf ambient cubes.
0...1...2...3...4...5...6...7...8...9...10Writing leaf ambient...done
Ready to Finish

Object names       Objects/Maxobjs  Memory / Maxmem  Fullness 
------------       ---------------  ---------------  -------- 
models                   3/1024          144/49152    ( 0.3%) 
brushes                 28/8192          336/98304    ( 0.3%) 
brushsides             197/65536        1576/524288   ( 0.3%) 
planes                 136/65536        2720/1310720  ( 0.2%) 
vertexes               127/65536        1524/786432   ( 0.2%) 
nodes                   63/65536        2016/2097152  ( 0.1%) 
texinfos                11/12288         792/884736   ( 0.1%) 
texdata                  3/2048           96/65536    ( 0.1%) 
dispinfos                0/0               0/0        ( 0.0%) 
disp_verts               0/0               0/0        ( 0.0%) 
disp_tris                0/0               0/0        ( 0.0%) 
disp_lmsamples           0/0               0/0        ( 0.0%) 
faces                   84/65536        4704/3670016  ( 0.1%) 
hdr faces                0/65536           0/3670016  ( 0.0%) 
origfaces               60/65536        3360/3670016  ( 0.1%) 
leaves                  67/65536        2144/2097152  ( 0.1%) 
leaffaces               96/65536         192/131072   ( 0.1%) 
leafbrushes             46/65536          92/131072   ( 0.1%) 
areas                    3/256            24/2048     ( 1.2%) 
surfedges              558/512000       2232/2048000  ( 0.1%) 
edges                  321/256000       1284/1024000  ( 0.1%) 
LDR worldlights          0/8192            0/720896   ( 0.0%) 
HDR worldlights          0/8192            0/720896   ( 0.0%) 
leafwaterdata            0/32768           0/393216   ( 0.0%) 
waterstrips              1/32768          10/327680   ( 0.0%) 
waterverts               0/65536           0/786432   ( 0.0%) 
waterindices            12/65536          24/131072   ( 0.0%) 
cubemapsamples           0/1024            0/16384    ( 0.0%) 
overlays                 0/512             0/180224   ( 0.0%) 
LDR lightdata         [variable]       60876/0        ( 0.0%) 
HDR lightdata         [variable]           0/0        ( 0.0%) 
visdata               [variable]         148/16777216 ( 0.0%) 
entdata               [variable]        1051/393216   ( 0.3%) 
LDR ambient table       67/65536         268/262144   ( 0.1%) 
HDR ambient table       67/65536         268/262144   ( 0.1%) 
LDR leaf ambient        24/65536         672/1835008  ( 0.0%) 
HDR leaf ambient        67/65536        1876/1835008  ( 0.1%) 
occluders                0/0               0/0        ( 0.0%) 
occluder polygons        0/0               0/0        ( 0.0%) 
occluder vert ind        0/0               0/0        ( 0.0%) 
detail props          [variable]           1/12       ( 8.3%) 
static props          [variable]           1/212      ( 0.5%) 
pakfile               [variable]      106044/0        ( 0.0%) 
physics               [variable]        9392/4194304  ( 0.2%) 
physics terrain       [variable]           2/1048576  ( 0.0%) 

Level flags = 0

Total triangle count: 168
Writing c:\mapsrc\lotr_hobbiton_05.bsp
0 seconds elapsed



materialPath: C:\Program Files (x86)\Steam\steamapps\common\half-life 2\hl2\materials
Loading c:\mapsrc\lotr_hobbiton_05.vmf
Could not locate 'GameData' key in c:\program files (x86)\steam\steamapps\common\half-life 2\hl2\gameinfo.txt
Patching WVT material: maps/lotr_hobbiton_05/dev/dev_blendmeasure_wvt_patch
fixing up env_cubemap materials on brush sides...
0...1...2...3...4...5...6...7...8...9...100...1...2...3...4...5...6...7...8...9...10Processing areas...done (0)
Building Faces...done (0)
Chop Details...done (0)
Find Visible Detail Sides...
Merged 12 detail faces...done (0)
Merging details...done (0)
FixTjuncs...
PruneNodes...
WriteBSP...
done (0)
writing c:\mapsrc\lotr_hobbiton_05.prt...Building visibility clusters...
done (0)
Creating default LDR cubemaps for env_cubemap using skybox materials:
   skybox/sky_day01_01*.vmt
 ! Run buildcubemaps in the engine to get the correct cube maps.
Creating default HDR cubemaps for env_cubemap using skybox materials:
   skybox/sky_day01_01*.vmt
 ! Run buildcubemaps in the engine to get the correct cube maps.
Finding displacement neighbors...
Finding lightmap sample positions...
Displacement Alpha : 0...1...2...3...4...5...6...7...8...9...10
Building Physics collision data...
done (0) (9392 bytes)
Placing detail props : 0...1...2...3...4...5...6...7...8...9...10
Compacting texture/material tables...
Reduced 24 texinfos to 11
Reduced 4 texdatas to 3 (111 bytes to 90)
Writing c:\mapsrc\lotr_hobbiton_05.bsp
0 seconds elapsed



8 threads
reading c:\mapsrc\lotr_hobbiton_05.bsp
reading c:\mapsrc\lotr_hobbiton_05.prt
  12 portalclusters
  15 numportals
0...1...2...3...4...5...6...7...8...9...100...1...2...3...4...5...6...7...8...9...10Optimized: 0 visible clusters (0.00%)
Total clusters visible: 80
Average clusters visible: 6
Building PAS...
Average clusters audible: 6
visdatasize:148  compressed from 192
writing c:\mapsrc\lotr_hobbiton_05.bsp
0 seconds elapsed



[Reading texlights from 'lights.rad']
[45 texlights parsed from 'lights.rad']

Loading c:\mapsrc\lotr_hobbiton_05.bsp
84 faces
34490 square feet [4966639.00 square inches]
0 Displacements
0 Square Feet [0.00 Square Inches]
84 patches before subdivision
2134 patches after subdivision
5 direct lights
0...1...2...3...4...5...6...7...8...9...100...1...2...3...4...5...6...7...8...9...10transfers 152856, max 234
transfer lists:   1.2 megs
0...1...2...3...4...5...6...7...8...9...10	Bounce #1 added RGB(311, 304, 304)
0...1...2...3...4...5...6...7...8...9...10	Bounce #2 added RGB(37, 36, 36)
0...1...2...3...4...5...6...7...8...9...10	Bounce #3 added RGB(4, 3, 3)
0...1...2...3...4...5...6...7...8...9...10	Bounce #4 added RGB(0, 0, 0)
Build Patch/Sample Hash Table(s).....Done<0.0007 sec>
0...1...2...3...4...5...6...7...8...9...10FinalLightFace Done
0 of 0 (0% of) surface lights went in leaf ambient cubes.
0...1...2...3...4...5...6...7...8...9...10Writing leaf ambient...done
Ready to Finish

Object names       Objects/Maxobjs  Memory / Maxmem  Fullness 
------------       ---------------  ---------------  -------- 
models                   3/1024          144/49152    ( 0.3%) 
brushes                 28/8192          336/98304    ( 0.3%) 
brushsides             197/65536        1576/524288   ( 0.3%) 
planes                 136/65536        2720/1310720  ( 0.2%) 
vertexes               127/65536        1524/786432   ( 0.2%) 
nodes                   63/65536        2016/2097152  ( 0.1%) 
texinfos                11/12288         792/884736   ( 0.1%) 
texdata                  3/2048           96/65536    ( 0.1%) 
dispinfos                0/0               0/0        ( 0.0%) 
disp_verts               0/0               0/0        ( 0.0%) 
disp_tris                0/0               0/0        ( 0.0%) 
disp_lmsamples           0/0               0/0        ( 0.0%) 
faces                   84/65536        4704/3670016  ( 0.1%) 
hdr faces                0/65536           0/3670016  ( 0.0%) 
origfaces               60/65536        3360/3670016  ( 0.1%) 
leaves                  67/65536        2144/2097152  ( 0.1%) 
leaffaces               96/65536         192/131072   ( 0.1%) 
leafbrushes             46/65536          92/131072   ( 0.1%) 
areas                    3/256            24/2048     ( 1.2%) 
surfedges              558/512000       2232/2048000  ( 0.1%) 
edges                  321/256000       1284/1024000  ( 0.1%) 
LDR worldlights          5/8192          440/720896   ( 0.1%) 
HDR worldlights          0/8192            0/720896   ( 0.0%) 
leafwaterdata            0/32768           0/393216   ( 0.0%) 
waterstrips              1/32768          10/327680   ( 0.0%) 
waterverts               0/65536           0/786432   ( 0.0%) 
waterindices            12/65536          24/131072   ( 0.0%) 
cubemapsamples           0/1024            0/16384    ( 0.0%) 
overlays                 0/512             0/180224   ( 0.0%) 
LDR lightdata         [variable]       56876/0        ( 0.0%) 
HDR lightdata         [variable]           0/0        ( 0.0%) 
visdata               [variable]         148/16777216 ( 0.0%) 
entdata               [variable]        2494/393216   ( 0.6%) 
LDR ambient table       67/65536         268/262144   ( 0.1%) 
HDR ambient table       67/65536         268/262144   ( 0.1%) 
LDR leaf ambient       135/65536        3780/1835008  ( 0.2%) 
HDR leaf ambient        67/65536        1876/1835008  ( 0.1%) 
occluders                0/0               0/0        ( 0.0%) 
occluder polygons        0/0               0/0        ( 0.0%) 
occluder vert ind        0/0               0/0        ( 0.0%) 
detail props          [variable]           1/12       ( 8.3%) 
static props          [variable]           1/212      ( 0.5%) 
pakfile               [variable]      106044/0        ( 0.0%) 
physics               [variable]        9392/4194304  ( 0.2%) 
physics terrain       [variable]           2/1048576  ( 0.0%) 

Level flags = 0

Total triangle count: 168
Writing c:\mapsrc\lotr_hobbiton_05.bsp
0 seconds elapsed



materialPath: C:\Program Files (x86)\Steam\steamapps\common\half-life 2\hl2\materials
Loading c:\mapsrc\lotr_hobbiton_05.vmf
Could not locate 'GameData' key in c:\program files (x86)\steam\steamapps\common\half-life 2\hl2\gameinfo.txt
Patching WVT material: maps/lotr_hobbiton_05/dev/dev_blendmeasure_wvt_patch
fixing up env_cubemap materials on brush sides...
0...1...2...3...4...5...6...7...8...9...100...1...2...3...4...5...6...7...8...9...10Processing areas...done (0)
Building Faces...done (0)
Chop Details...done (0)
Find Visible Detail Sides...
Merged 12 detail faces...done (0)
Merging details...done (0)
FixTjuncs...
PruneNodes...
WriteBSP...
done (0)
writing c:\mapsrc\lotr_hobbiton_05.prt...Building visibility clusters...
done (0)
Creating default LDR cubemaps for env_cubemap using skybox materials:
   skybox/sky_day01_01*.vmt
 ! Run buildcubemaps in the engine to get the correct cube maps.
Creating default HDR cubemaps for env_cubemap using skybox materials:
   skybox/sky_day01_01*.vmt
 ! Run buildcubemaps in the engine to get the correct cube maps.
Finding displacement neighbors...
Finding lightmap sample positions...
Displacement Alpha : 0...1...2...3...4...5...6...7...8...9...10
Building Physics collision data...
done (0) (9392 bytes)
Placing detail props : 0...1...2...3...4...5...6...7...8...9...10
Compacting texture/material tables...
Reduced 24 texinfos to 11
Reduced 4 texdatas to 3 (111 bytes to 90)
Writing c:\mapsrc\lotr_hobbiton_05.bsp
0 seconds elapsed



8 threads
reading c:\mapsrc\lotr_hobbiton_05.bsp
reading c:\mapsrc\lotr_hobbiton_05.prt
  12 portalclusters
  15 numportals
0...1...2...3...4...5...6...7...8...9...100...1...2...3...4...5...6...7...8...9...10Optimized: 0 visible clusters (0.00%)
Total clusters visible: 80
Average clusters visible: 6
Building PAS...
Average clusters audible: 6
visdatasize:148  compressed from 192
writing c:\mapsrc\lotr_hobbiton_05.bsp
0 seconds elapsed



[Reading texlights from 'lights.rad']
[45 texlights parsed from 'lights.rad']

Loading c:\mapsrc\lotr_hobbiton_05.bsp
84 faces
34490 square feet [4966639.00 square inches]
0 Displacements
0 Square Feet [0.00 Square Inches]
84 patches before subdivision
2134 patches after subdivision
5 direct lights
0...1...2...3...4...5...6...7...8...9...100...1...2...3...4...5...6...7...8...9...10transfers 152856, max 234
transfer lists:   1.2 megs
0...1...2...3...4...5...6...7...8...9...10	Bounce #1 added RGB(342, 334, 334)
0...1...2...3...4...5...6...7...8...9...10	Bounce #2 added RGB(41, 39, 39)
0...1...2...3...4...5...6...7...8...9...10	Bounce #3 added RGB(4, 4, 4)
0...1...2...3...4...5...6...7...8...9...10	Bounce #4 added RGB(0, 0, 0)
Build Patch/Sample Hash Table(s).....Done<0.0007 sec>
0...1...2...3...4...5...6...7...8...9...10FinalLightFace Done
0 of 0 (0% of) surface lights went in leaf ambient cubes.
0...1...2...3...4...5...6...7...8...9...10Writing leaf ambient...done
Ready to Finish

Object names       Objects/Maxobjs  Memory / Maxmem  Fullness 
------------       ---------------  ---------------  -------- 
models                   3/1024          144/49152    ( 0.3%) 
brushes                 28/8192          336/98304    ( 0.3%) 
brushsides             197/65536        1576/524288   ( 0.3%) 
planes                 136/65536        2720/1310720  ( 0.2%) 
vertexes               127/65536        1524/786432   ( 0.2%) 
nodes                   63/65536        2016/2097152  ( 0.1%) 
texinfos                11/12288         792/884736   ( 0.1%) 
texdata                  3/2048           96/65536    ( 0.1%) 
dispinfos                0/0               0/0        ( 0.0%) 
disp_verts               0/0               0/0        ( 0.0%) 
disp_tris                0/0               0/0        ( 0.0%) 
disp_lmsamples           0/0               0/0        ( 0.0%) 
faces                   84/65536        4704/3670016  ( 0.1%) 
hdr faces                0/65536           0/3670016  ( 0.0%) 
origfaces               60/65536        3360/3670016  ( 0.1%) 
leaves                  67/65536        2144/2097152  ( 0.1%) 
leaffaces               96/65536         192/131072   ( 0.1%) 
leafbrushes             46/65536          92/131072   ( 0.1%) 
areas                    3/256            24/2048     ( 1.2%) 
surfedges              558/512000       2232/2048000  ( 0.1%) 
edges                  321/256000       1284/1024000  ( 0.1%) 
LDR worldlights          5/8192          440/720896   ( 0.1%) 
HDR worldlights          0/8192            0/720896   ( 0.0%) 
leafwaterdata            0/32768           0/393216   ( 0.0%) 
waterstrips              1/32768          10/327680   ( 0.0%) 
waterverts               0/65536           0/786432   ( 0.0%) 
waterindices            12/65536          24/131072   ( 0.0%) 
cubemapsamples           0/1024            0/16384    ( 0.0%) 
overlays                 0/512             0/180224   ( 0.0%) 
LDR lightdata         [variable]       56876/0        ( 0.0%) 
HDR lightdata         [variable]           0/0        ( 0.0%) 
visdata               [variable]         148/16777216 ( 0.0%) 
entdata               [variable]        2494/393216   ( 0.6%) 
LDR ambient table       67/65536         268/262144   ( 0.1%) 
HDR ambient table       67/65536         268/262144   ( 0.1%) 
LDR leaf ambient       136/65536        3808/1835008  ( 0.2%) 
HDR leaf ambient        67/65536        1876/1835008  ( 0.1%) 
occluders                0/0               0/0        ( 0.0%) 
occluder polygons        0/0               0/0        ( 0.0%) 
occluder vert ind        0/0               0/0        ( 0.0%) 
detail props          [variable]           1/12       ( 8.3%) 
static props          [variable]           1/212      ( 0.5%) 
pakfile               [variable]      106044/0        ( 0.0%) 
physics               [variable]        9392/4194304  ( 0.2%) 
physics terrain       [variable]           2/1048576  ( 0.0%) 

Level flags = 0

Total triangle count: 168
Writing c:\mapsrc\lotr_hobbiton_05.bsp
0 seconds elapsed
