


materialPath: C:\Program Files (x86)\Steam\steamapps\common\half-life 2\hl2\materials
Loading c:\mapsrc\lotr_hobbiton_06.vmf
Could not locate 'GameData' key in c:\program files (x86)\steam\steamapps\common\half-life 2\hl2\gameinfo.txt
Patching WVT material: maps/lotr_hobbiton_06/dev/dev_blendmeasure_wvt_patch
fixing up env_cubemap materials on brush sides...
0...1...2...3...4...5...6...7...8...9...100...1...2...3...4...5...6...7...8...9...10Processing areas...done (0)
Building Faces...done (0)
Chop Details...done (0)
Find Visible Detail Sides...
Merged 12 detail faces...done (0)
Merging details...done (0)
FixTjuncs...
PruneNodes...
WriteBSP...
done (0)
writing c:\mapsrc\lotr_hobbiton_06.prt...Building visibility clusters...
done (0)
Creating default LDR cubemaps for env_cubemap using skybox materials:
   skybox/sky_day01_01*.vmt
 ! Run buildcubemaps in the engine to get the correct cube maps.
Creating default HDR cubemaps for env_cubemap using skybox materials:
   skybox/sky_day01_01*.vmt
 ! Run buildcubemaps in the engine to get the correct cube maps.
Finding displacement neighbors...
Finding lightmap sample positions...
Displacement Alpha : 0...1...2...3...4...5...6...7...8...9...10
Building Physics collision data...
done (0) (11224 bytes)
Placing detail props : 0...1...2...3...4...5...6...7...8...9...10
Compacting texture/material tables...
Reduced 24 texinfos to 11
Reduced 4 texdatas to 3 (111 bytes to 90)
Writing c:\mapsrc\lotr_hobbiton_06.bsp
0 seconds elapsed



8 threads
reading c:\mapsrc\lotr_hobbiton_06.bsp
reading c:\mapsrc\lotr_hobbiton_06.prt
  14 portalclusters
  19 numportals
0...1...2...3...4...5...6...7...8...9...100...1...2...3...4...5...6...7...8...9...10Optimized: 0 visible clusters (0.00%)
Total clusters visible: 116
Average clusters visible: 8
Building PAS...
Average clusters audible: 8
visdatasize:172  compressed from 224
writing c:\mapsrc\lotr_hobbiton_06.bsp
0 seconds elapsed



[Reading texlights from 'lights.rad']
[45 texlights parsed from 'lights.rad']

Loading c:\mapsrc\lotr_hobbiton_06.bsp
93 faces
32897 square feet [4737263.00 square inches]
0 Displacements
0 Square Feet [0.00 Square Inches]
93 patches before subdivision
2299 patches after subdivision
5 direct lights
0...1...2...3...4...5...6...7...8...9...100...1...2...3...4...5...6...7...8...9...10transfers 168844, max 243
transfer lists:   1.3 megs
0...1...2...3...4...5...6...7...8...9...10	Bounce #1 added RGB(527, 515, 515)
0...1...2...3...4...5...6...7...8...9...10	Bounce #2 added RGB(59, 56, 56)
0...1...2...3...4...5...6...7...8...9...10	Bounce #3 added RGB(6, 6, 6)
0...1...2...3...4...5...6...7...8...9...10	Bounce #4 added RGB(1, 1, 1)
Build Patch/Sample Hash Table(s).....Done<0.0007 sec>
0...1...2...3...4...5...6...7...8...9...10FinalLightFace Done
0 of 0 (0% of) surface lights went in leaf ambient cubes.
0...1...2...3...4...5...6...7...8...9...10Writing leaf ambient...done
Ready to Finish

Object names       Objects/Maxobjs  Memory / Maxmem  Fullness 
------------       ---------------  ---------------  -------- 
models                   3/1024          144/49152    ( 0.3%) 
brushes                 33/8192          396/98304    ( 0.4%) 
brushsides             227/65536        1816/524288   ( 0.3%) 
planes                 144/65536        2880/1310720  ( 0.2%) 
vertexes               156/65536        1872/786432   ( 0.2%) 
nodes                   67/65536        2144/2097152  ( 0.1%) 
texinfos                11/12288         792/884736   ( 0.1%) 
texdata                  3/2048           96/65536    ( 0.1%) 
dispinfos                0/0               0/0        ( 0.0%) 
disp_verts               0/0               0/0        ( 0.0%) 
disp_tris                0/0               0/0        ( 0.0%) 
disp_lmsamples           0/0               0/0        ( 0.0%) 
faces                   93/65536        5208/3670016  ( 0.1%) 
hdr faces                0/65536           0/3670016  ( 0.0%) 
origfaces               65/65536        3640/3670016  ( 0.1%) 
leaves                  71/65536        2272/2097152  ( 0.1%) 
leaffaces              106/65536         212/131072   ( 0.2%) 
leafbrushes             54/65536         108/131072   ( 0.1%) 
areas                    3/256            24/2048     ( 1.2%) 
surfedges              624/512000       2496/2048000  ( 0.1%) 
edges                  364/256000       1456/1024000  ( 0.1%) 
LDR worldlights          5/8192          440/720896   ( 0.1%) 
HDR worldlights          0/8192            0/720896   ( 0.0%) 
leafwaterdata            0/32768           0/393216   ( 0.0%) 
waterstrips              1/32768          10/327680   ( 0.0%) 
waterverts               0/65536           0/786432   ( 0.0%) 
waterindices            12/65536          24/131072   ( 0.0%) 
cubemapsamples           0/1024            0/16384    ( 0.0%) 
overlays                 0/512             0/180224   ( 0.0%) 
LDR lightdata         [variable]       53828/0        ( 0.0%) 
HDR lightdata         [variable]           0/0        ( 0.0%) 
visdata               [variable]         172/16777216 ( 0.0%) 
entdata               [variable]        2496/393216   ( 0.6%) 
LDR ambient table       71/65536         284/262144   ( 0.1%) 
HDR ambient table       71/65536         284/262144   ( 0.1%) 
LDR leaf ambient       134/65536        3752/1835008  ( 0.2%) 
HDR leaf ambient        71/65536        1988/1835008  ( 0.1%) 
occluders                0/0               0/0        ( 0.0%) 
occluder polygons        0/0               0/0        ( 0.0%) 
occluder vert ind        0/0               0/0        ( 0.0%) 
detail props          [variable]           1/12       ( 8.3%) 
static props          [variable]           1/212      ( 0.5%) 
pakfile               [variable]      106044/0        ( 0.0%) 
physics               [variable]       11224/4194304  ( 0.3%) 
physics terrain       [variable]           2/1048576  ( 0.0%) 

Level flags = 0

Total triangle count: 196
Writing c:\mapsrc\lotr_hobbiton_06.bsp
0 seconds elapsed



materialPath: C:\Program Files (x86)\Steam\steamapps\common\half-life 2\hl2\materials
Loading c:\mapsrc\lotr_hobbiton_06.vmf
Could not locate 'GameData' key in c:\program files (x86)\steam\steamapps\common\half-life 2\hl2\gameinfo.txt
Patching WVT material: maps/lotr_hobbiton_06/dev/dev_blendmeasure_wvt_patch
fixing up env_cubemap materials on brush sides...
0...1...2...3...4...5...6...7...8...9...100...1...2...3...4...5...6...7...8...9...10Processing areas...done (0)
Building Faces...done (0)
Chop Details...done (0)
Find Visible Detail Sides...
Merged 12 detail faces...done (0)
Merging details...done (0)
FixTjuncs...
PruneNodes...
WriteBSP...
done (0)
writing c:\mapsrc\lotr_hobbiton_06.prt...Building visibility clusters...
done (0)
Creating default LDR cubemaps for env_cubemap using skybox materials:
   skybox/sky_day01_01*.vmt
 ! Run buildcubemaps in the engine to get the correct cube maps.
Creating default HDR cubemaps for env_cubemap using skybox materials:
   skybox/sky_day01_01*.vmt
 ! Run buildcubemaps in the engine to get the correct cube maps.
Finding displacement neighbors...
Finding lightmap sample positions...
Displacement Alpha : 0...1...2...3...4...5...6...7...8...9...10
Building Physics collision data...
done (0) (11224 bytes)
Placing detail props : 0...1...2...3...4...5...6...7...8...9...10
Compacting texture/material tables...
Reduced 24 texinfos to 11
Reduced 4 texdatas to 3 (111 bytes to 90)
Writing c:\mapsrc\lotr_hobbiton_06.bsp
0 seconds elapsed



8 threads
reading c:\mapsrc\lotr_hobbiton_06.bsp
reading c:\mapsrc\lotr_hobbiton_06.prt
  14 portalclusters
  19 numportals
0...1...2...3...4...5...6...7...8...9...100...1...2...3...4...5...6...7...8...9...10Optimized: 0 visible clusters (0.00%)
Total clusters visible: 116
Average clusters visible: 8
Building PAS...
Average clusters audible: 8
visdatasize:172  compressed from 224
writing c:\mapsrc\lotr_hobbiton_06.bsp
0 seconds elapsed



[Reading texlights from 'lights.rad']
[45 texlights parsed from 'lights.rad']

Loading c:\mapsrc\lotr_hobbiton_06.bsp
93 faces
32897 square feet [4737263.00 square inches]
0 Displacements
0 Square Feet [0.00 Square Inches]
93 patches before subdivision
2299 patches after subdivision
5 direct lights
0...1...2...3...4...5...6...7...8...9...100...1...2...3...4...5...6...7...8...9...10transfers 168844, max 243
transfer lists:   1.3 megs
0...1...2...3...4...5...6...7...8...9...10	Bounce #1 added RGB(574, 560, 560)
0...1...2...3...4...5...6...7...8...9...10	Bounce #2 added RGB(64, 61, 61)
0...1...2...3...4...5...6...7...8...9...10	Bounce #3 added RGB(7, 6, 6)
0...1...2...3...4...5...6...7...8...9...10	Bounce #4 added RGB(1, 1, 1)
Build Patch/Sample Hash Table(s).....Done<0.0014 sec>
0...1...2...3...4...5...6...7...8...9...10FinalLightFace Done
0 of 0 (0% of) surface lights went in leaf ambient cubes.
0...1...2...3...4...5...6...7...8...9...10Writing leaf ambient...done
Ready to Finish

Object names       Objects/Maxobjs  Memory / Maxmem  Fullness 
------------       ---------------  ---------------  -------- 
models                   3/1024          144/49152    ( 0.3%) 
brushes                 33/8192          396/98304    ( 0.4%) 
brushsides             227/65536        1816/524288   ( 0.3%) 
planes                 144/65536        2880/1310720  ( 0.2%) 
vertexes               156/65536        1872/786432   ( 0.2%) 
nodes                   67/65536        2144/2097152  ( 0.1%) 
texinfos                11/12288         792/884736   ( 0.1%) 
texdata                  3/2048           96/65536    ( 0.1%) 
dispinfos                0/0               0/0        ( 0.0%) 
disp_verts               0/0               0/0        ( 0.0%) 
disp_tris                0/0               0/0        ( 0.0%) 
disp_lmsamples           0/0               0/0        ( 0.0%) 
faces                   93/65536        5208/3670016  ( 0.1%) 
hdr faces                0/65536           0/3670016  ( 0.0%) 
origfaces               65/65536        3640/3670016  ( 0.1%) 
leaves                  71/65536        2272/2097152  ( 0.1%) 
leaffaces              106/65536         212/131072   ( 0.2%) 
leafbrushes             54/65536         108/131072   ( 0.1%) 
areas                    3/256            24/2048     ( 1.2%) 
surfedges              624/512000       2496/2048000  ( 0.1%) 
edges                  364/256000       1456/1024000  ( 0.1%) 
LDR worldlights          5/8192          440/720896   ( 0.1%) 
HDR worldlights          0/8192            0/720896   ( 0.0%) 
leafwaterdata            0/32768           0/393216   ( 0.0%) 
waterstrips              1/32768          10/327680   ( 0.0%) 
waterverts               0/65536           0/786432   ( 0.0%) 
waterindices            12/65536          24/131072   ( 0.0%) 
cubemapsamples           0/1024            0/16384    ( 0.0%) 
overlays                 0/512             0/180224   ( 0.0%) 
LDR lightdata         [variable]       53828/0        ( 0.0%) 
HDR lightdata         [variable]           0/0        ( 0.0%) 
visdata               [variable]         172/16777216 ( 0.0%) 
entdata               [variable]        2496/393216   ( 0.6%) 
LDR ambient table       71/65536         284/262144   ( 0.1%) 
HDR ambient table       71/65536         284/262144   ( 0.1%) 
LDR leaf ambient       146/65536        4088/1835008  ( 0.2%) 
HDR leaf ambient        71/65536        1988/1835008  ( 0.1%) 
occluders                0/0               0/0        ( 0.0%) 
occluder polygons        0/0               0/0        ( 0.0%) 
occluder vert ind        0/0               0/0        ( 0.0%) 
detail props          [variable]           1/12       ( 8.3%) 
static props          [variable]           1/212      ( 0.5%) 
pakfile               [variable]      106044/0        ( 0.0%) 
physics               [variable]       11224/4194304  ( 0.3%) 
physics terrain       [variable]           2/1048576  ( 0.0%) 

Level flags = 0

Total triangle count: 196
Writing c:\mapsrc\lotr_hobbiton_06.bsp
0 seconds elapsed



materialPath: C:\Program Files (x86)\Steam\steamapps\common\half-life 2\hl2\materials
Loading c:\mapsrc\lotr_hobbiton_06.vmf
Could not locate 'GameData' key in c:\program files (x86)\steam\steamapps\common\half-life 2\hl2\gameinfo.txt
Patching WVT material: maps/lotr_hobbiton_06/dev/dev_blendmeasure_wvt_patch
fixing up env_cubemap materials on brush sides...
0...1...2...3...4...5...6...7...8...9...100...1...2...3...4...5...6...7...8...9...10Processing areas...done (0)
Building Faces...done (0)
Chop Details...done (0)
Find Visible Detail Sides...
Merged 12 detail faces...done (0)
Merging details...done (0)
FixTjuncs...
PruneNodes...
WriteBSP...
done (0)
writing c:\mapsrc\lotr_hobbiton_06.prt...Building visibility clusters...
done (0)
Creating default LDR cubemaps for env_cubemap using skybox materials:
   skybox/sky_day01_01*.vmt
 ! Run buildcubemaps in the engine to get the correct cube maps.
Creating default HDR cubemaps for env_cubemap using skybox materials:
   skybox/sky_day01_01*.vmt
 ! Run buildcubemaps in the engine to get the correct cube maps.
Finding displacement neighbors...
Finding lightmap sample positions...
Displacement Alpha : 0...1...2...3...4...5...6...7...8...9...10
Building Physics collision data...
done (0) (11288 bytes)
Placing detail props : 0...1...2...3...4...5...6...7...8...9...10
Compacting texture/material tables...
Reduced 24 texinfos to 11
Reduced 4 texdatas to 3 (111 bytes to 90)
Writing c:\mapsrc\lotr_hobbiton_06.bsp
0 seconds elapsed



8 threads
reading c:\mapsrc\lotr_hobbiton_06.bsp
reading c:\mapsrc\lotr_hobbiton_06.prt
  14 portalclusters
  19 numportals
0...1...2...3...4...5...6...7...8...9...100...1...2...3...4...5...6...7...8...9...10Optimized: 0 visible clusters (0.00%)
Total clusters visible: 116
Average clusters visible: 8
Building PAS...
Average clusters audible: 8
visdatasize:172  compressed from 224
writing c:\mapsrc\lotr_hobbiton_06.bsp
0 seconds elapsed



[Reading texlights from 'lights.rad']
[45 texlights parsed from 'lights.rad']

Loading c:\mapsrc\lotr_hobbiton_06.bsp
93 faces
32214 square feet [4638959.00 square inches]
0 Displacements
0 Square Feet [0.00 Square Inches]
93 patches before subdivision
2299 patches after subdivision
5 direct lights
0...1...2...3...4...5...6...7...8...9...100...1...2...3...4...5...6...7...8...9...10transfers 166003, max 247
transfer lists:   1.3 megs
0...1...2...3...4...5...6...7...8...9...10	Bounce #1 added RGB(1168, 1141, 1141)
0...1...2...3...4...5...6...7...8...9...10	Bounce #2 added RGB(151, 144, 144)
0...1...2...3...4...5...6...7...8...9...10	Bounce #3 added RGB(14, 13, 13)
0...1...2...3...4...5...6...7...8...9...10	Bounce #4 added RGB(2, 2, 2)
0...1...2...3...4...5...6...7...8...9...10	Bounce #5 added RGB(0, 0, 0)
Build Patch/Sample Hash Table(s).....Done<0.0008 sec>
0...1...2...3...4...5...6...7...8...9...10FinalLightFace Done
0 of 0 (0% of) surface lights went in leaf ambient cubes.
0...1...2...3...4...5...6...7...8...9...10Writing leaf ambient...done
Ready to Finish

Object names       Objects/Maxobjs  Memory / Maxmem  Fullness 
------------       ---------------  ---------------  -------- 
models                   3/1024          144/49152    ( 0.3%) 
brushes                 33/8192          396/98304    ( 0.4%) 
brushsides             227/65536        1816/524288   ( 0.3%) 
planes                 148/65536        2960/1310720  ( 0.2%) 
vertexes               159/65536        1908/786432   ( 0.2%) 
nodes                   69/65536        2208/2097152  ( 0.1%) 
texinfos                11/12288         792/884736   ( 0.1%) 
texdata                  3/2048           96/65536    ( 0.1%) 
dispinfos                0/0               0/0        ( 0.0%) 
disp_verts               0/0               0/0        ( 0.0%) 
disp_tris                0/0               0/0        ( 0.0%) 
disp_lmsamples           0/0               0/0        ( 0.0%) 
faces                   93/65536        5208/3670016  ( 0.1%) 
hdr faces                0/65536           0/3670016  ( 0.0%) 
origfaces               65/65536        3640/3670016  ( 0.1%) 
leaves                  73/65536        2336/2097152  ( 0.1%) 
leaffaces              106/65536         212/131072   ( 0.2%) 
leafbrushes             56/65536         112/131072   ( 0.1%) 
areas                    3/256            24/2048     ( 1.2%) 
surfedges              624/512000       2496/2048000  ( 0.1%) 
edges                  363/256000       1452/1024000  ( 0.1%) 
LDR worldlights          5/8192          440/720896   ( 0.1%) 
HDR worldlights          0/8192            0/720896   ( 0.0%) 
leafwaterdata            0/32768           0/393216   ( 0.0%) 
waterstrips              1/32768          10/327680   ( 0.0%) 
waterverts               0/65536           0/786432   ( 0.0%) 
waterindices            12/65536          24/131072   ( 0.0%) 
cubemapsamples           0/1024            0/16384    ( 0.0%) 
overlays                 0/512             0/180224   ( 0.0%) 
LDR lightdata         [variable]       52268/0        ( 0.0%) 
HDR lightdata         [variable]           0/0        ( 0.0%) 
visdata               [variable]         172/16777216 ( 0.0%) 
entdata               [variable]        2496/393216   ( 0.6%) 
LDR ambient table       73/65536         292/262144   ( 0.1%) 
HDR ambient table       73/65536         292/262144   ( 0.1%) 
LDR leaf ambient       182/65536        5096/1835008  ( 0.3%) 
HDR leaf ambient        73/65536        2044/1835008  ( 0.1%) 
occluders                0/0               0/0        ( 0.0%) 
occluder polygons        0/0               0/0        ( 0.0%) 
occluder vert ind        0/0               0/0        ( 0.0%) 
detail props          [variable]           1/12       ( 8.3%) 
static props          [variable]           1/212      ( 0.5%) 
pakfile               [variable]      106044/0        ( 0.0%) 
physics               [variable]       11288/4194304  ( 0.3%) 
physics terrain       [variable]           2/1048576  ( 0.0%) 

Level flags = 0

Total triangle count: 196
Writing c:\mapsrc\lotr_hobbiton_06.bsp
0 seconds elapsed



materialPath: C:\Program Files (x86)\Steam\steamapps\common\half-life 2\hl2\materials
Loading c:\mapsrc\lotr_hobbiton_06.vmf
Could not locate 'GameData' key in c:\program files (x86)\steam\steamapps\common\half-life 2\hl2\gameinfo.txt
Patching WVT material: maps/lotr_hobbiton_06/dev/dev_blendmeasure_wvt_patch
fixing up env_cubemap materials on brush sides...
0...1...2...3...4...5...6...7...8...9...100...1...2...3...4...5...6...7...8...9...10Processing areas...done (0)
Building Faces...done (0)
Chop Details...done (0)
Find Visible Detail Sides...
Merged 12 detail faces...done (0)
Merging details...done (0)
FixTjuncs...
PruneNodes...
WriteBSP...
done (0)
writing c:\mapsrc\lotr_hobbiton_06.prt...Building visibility clusters...
done (0)
Creating default LDR cubemaps for env_cubemap using skybox materials:
   skybox/sky_day01_01*.vmt
 ! Run buildcubemaps in the engine to get the correct cube maps.
Creating default HDR cubemaps for env_cubemap using skybox materials:
   skybox/sky_day01_01*.vmt
 ! Run buildcubemaps in the engine to get the correct cube maps.
Finding displacement neighbors...
Finding lightmap sample positions...
Displacement Alpha : 0...1...2...3...4...5...6...7...8...9...10
Building Physics collision data...
done (0) (11288 bytes)
Placing detail props : 0...1...2...3...4...5...6...7...8...9...10
Compacting texture/material tables...
Reduced 24 texinfos to 11
Reduced 4 texdatas to 3 (111 bytes to 90)
Writing c:\mapsrc\lotr_hobbiton_06.bsp
0 seconds elapsed



8 threads
reading c:\mapsrc\lotr_hobbiton_06.bsp
reading c:\mapsrc\lotr_hobbiton_06.prt
  14 portalclusters
  19 numportals
0...1...2...3...4...5...6...7...8...9...100...1...2...3...4...5...6...7...8...9...10Optimized: 0 visible clusters (0.00%)
Total clusters visible: 116
Average clusters visible: 8
Building PAS...
Average clusters audible: 8
visdatasize:172  compressed from 224
writing c:\mapsrc\lotr_hobbiton_06.bsp
0 seconds elapsed



[Reading texlights from 'lights.rad']
[45 texlights parsed from 'lights.rad']

Loading c:\mapsrc\lotr_hobbiton_06.bsp
93 faces
32214 square feet [4638959.00 square inches]
0 Displacements
0 Square Feet [0.00 Square Inches]
93 patches before subdivision
2299 patches after subdivision
5 direct lights
0...1...2...3...4...5...6...7...8...9...100...1...2...3...4...5...6...7...8...9...10transfers 166003, max 247
transfer lists:   1.3 megs
0...1...2...3...4...5...6...7...8...9...10	Bounce #1 added RGB(1168, 1141, 1141)
0...1...2...3...4...5...6...7...8...9...10	Bounce #2 added RGB(151, 144, 144)
0...1...2...3...4...5...6...7...8...9...10	Bounce #3 added RGB(14, 13, 13)
0...1...2...3...4...5...6...7...8...9...10	Bounce #4 added RGB(2, 2, 2)
0...1...2...3...4...5...6...7...8...9...10	Bounce #5 added RGB(0, 0, 0)
Build Patch/Sample Hash Table(s).....Done<0.0008 sec>
0...1...2...3...4...5...6...7...8...9...10FinalLightFace Done
0 of 0 (0% of) surface lights went in leaf ambient cubes.
0...1...2...3...4...5...6...7...8...9...10Writing leaf ambient...done
Ready to Finish

Object names       Objects/Maxobjs  Memory / Maxmem  Fullness 
------------       ---------------  ---------------  -------- 
models                   3/1024          144/49152    ( 0.3%) 
brushes                 33/8192          396/98304    ( 0.4%) 
brushsides             227/65536        1816/524288   ( 0.3%) 
planes                 148/65536        2960/1310720  ( 0.2%) 
vertexes               159/65536        1908/786432   ( 0.2%) 
nodes                   69/65536        2208/2097152  ( 0.1%) 
texinfos                11/12288         792/884736   ( 0.1%) 
texdata                  3/2048           96/65536    ( 0.1%) 
dispinfos                0/0               0/0        ( 0.0%) 
disp_verts               0/0               0/0        ( 0.0%) 
disp_tris                0/0               0/0        ( 0.0%) 
disp_lmsamples           0/0               0/0        ( 0.0%) 
faces                   93/65536        5208/3670016  ( 0.1%) 
hdr faces                0/65536           0/3670016  ( 0.0%) 
origfaces               65/65536        3640/3670016  ( 0.1%) 
leaves                  73/65536        2336/2097152  ( 0.1%) 
leaffaces              106/65536         212/131072   ( 0.2%) 
leafbrushes             56/65536         112/131072   ( 0.1%) 
areas                    3/256            24/2048     ( 1.2%) 
surfedges              624/512000       2496/2048000  ( 0.1%) 
edges                  363/256000       1452/1024000  ( 0.1%) 
LDR worldlights          5/8192          440/720896   ( 0.1%) 
HDR worldlights          0/8192            0/720896   ( 0.0%) 
leafwaterdata            0/32768           0/393216   ( 0.0%) 
waterstrips              1/32768          10/327680   ( 0.0%) 
waterverts               0/65536           0/786432   ( 0.0%) 
waterindices            12/65536          24/131072   ( 0.0%) 
cubemapsamples           0/1024            0/16384    ( 0.0%) 
overlays                 0/512             0/180224   ( 0.0%) 
LDR lightdata         [variable]       52268/0        ( 0.0%) 
HDR lightdata         [variable]           0/0        ( 0.0%) 
visdata               [variable]         172/16777216 ( 0.0%) 
entdata               [variable]        2496/393216   ( 0.6%) 
LDR ambient table       73/65536         292/262144   ( 0.1%) 
HDR ambient table       73/65536         292/262144   ( 0.1%) 
LDR leaf ambient       182/65536        5096/1835008  ( 0.3%) 
HDR leaf ambient        73/65536        2044/1835008  ( 0.1%) 
occluders                0/0               0/0        ( 0.0%) 
occluder polygons        0/0               0/0        ( 0.0%) 
occluder vert ind        0/0               0/0        ( 0.0%) 
detail props          [variable]           1/12       ( 8.3%) 
static props          [variable]           1/212      ( 0.5%) 
pakfile               [variable]      106044/0        ( 0.0%) 
physics               [variable]       11288/4194304  ( 0.3%) 
physics terrain       [variable]           2/1048576  ( 0.0%) 

Level flags = 0

Total triangle count: 196
Writing c:\mapsrc\lotr_hobbiton_06.bsp
0 seconds elapsed



materialPath: C:\Program Files (x86)\Steam\steamapps\common\half-life 2\hl2\materials
Loading c:\mapsrc\lotr_hobbiton_06.vmf
Could not locate 'GameData' key in c:\program files (x86)\steam\steamapps\common\half-life 2\hl2\gameinfo.txt
Patching WVT material: maps/lotr_hobbiton_06/dev/dev_blendmeasure_wvt_patch
fixing up env_cubemap materials on brush sides...
0...1...2...3...4...5...6...7...8...9...100...1...2...3...4...5...6...7...8...9...10Processing areas...done (0)
Building Faces...done (0)
Chop Details...done (0)
Find Visible Detail Sides...
Merged 12 detail faces...done (0)
Merging details...done (0)
FixTjuncs...
PruneNodes...
WriteBSP...
done (0)
writing c:\mapsrc\lotr_hobbiton_06.prt...Building visibility clusters...
done (0)
Creating default LDR cubemaps for env_cubemap using skybox materials:
   skybox/sky_day01_01*.vmt
 ! Run buildcubemaps in the engine to get the correct cube maps.
Creating default HDR cubemaps for env_cubemap using skybox materials:
   skybox/sky_day01_01*.vmt
 ! Run buildcubemaps in the engine to get the correct cube maps.
Finding displacement neighbors...
Finding lightmap sample positions...
Displacement Alpha : 0...1...2...3...4...5...6...7...8...9...10
Building Physics collision data...
done (0) (11288 bytes)
Placing detail props : 0...1...2...3...4...5...6...7...8...9...10
Compacting texture/material tables...
Reduced 24 texinfos to 11
Reduced 4 texdatas to 3 (111 bytes to 90)
Writing c:\mapsrc\lotr_hobbiton_06.bsp
0 seconds elapsed



8 threads
reading c:\mapsrc\lotr_hobbiton_06.bsp
reading c:\mapsrc\lotr_hobbiton_06.prt
  14 portalclusters
  19 numportals
0...1...2...3...4...5...6...7...8...9...100...1...2...3...4...5...6...7...8...9...10Optimized: 0 visible clusters (0.00%)
Total clusters visible: 116
Average clusters visible: 8
Building PAS...
Average clusters audible: 8
visdatasize:172  compressed from 224
writing c:\mapsrc\lotr_hobbiton_06.bsp
0 seconds elapsed



[Reading texlights from 'lights.rad']
[45 texlights parsed from 'lights.rad']

Loading c:\mapsrc\lotr_hobbiton_06.bsp
93 faces
32214 square feet [4638959.00 square inches]
0 Displacements
0 Square Feet [0.00 Square Inches]
93 patches before subdivision
2299 patches after subdivision
5 direct lights
0...1...2...3...4...5...6...7...8...9...100...1...2...3...4...5...6...7...8...9...10transfers 166003, max 247
transfer lists:   1.3 megs
0...1...2...3...4...5...6...7...8...9...10	Bounce #1 added RGB(1168, 1141, 1141)
0...1...2...3...4...5...6...7...8...9...10	Bounce #2 added RGB(151, 144, 144)
0...1...2...3...4...5...6...7...8...9...10	Bounce #3 added RGB(14, 13, 13)
0...1...2...3...4...5...6...7...8...9...10	Bounce #4 added RGB(2, 2, 2)
0...1...2...3...4...5...6...7...8...9...10	Bounce #5 added RGB(0, 0, 0)
Build Patch/Sample Hash Table(s).....Done<0.0009 sec>
0...1...2...3...4...5...6...7...8...9...10FinalLightFace Done
0 of 0 (0% of) surface lights went in leaf ambient cubes.
0...1...2...3...4...5...6...7...8...9...10Writing leaf ambient...done
Ready to Finish

Object names       Objects/Maxobjs  Memory / Maxmem  Fullness 
------------       ---------------  ---------------  -------- 
models                   3/1024          144/49152    ( 0.3%) 
brushes                 33/8192          396/98304    ( 0.4%) 
brushsides             227/65536        1816/524288   ( 0.3%) 
planes                 148/65536        2960/1310720  ( 0.2%) 
vertexes               159/65536        1908/786432   ( 0.2%) 
nodes                   69/65536        2208/2097152  ( 0.1%) 
texinfos                11/12288         792/884736   ( 0.1%) 
texdata                  3/2048           96/65536    ( 0.1%) 
dispinfos                0/0               0/0        ( 0.0%) 
disp_verts               0/0               0/0        ( 0.0%) 
disp_tris                0/0               0/0        ( 0.0%) 
disp_lmsamples           0/0               0/0        ( 0.0%) 
faces                   93/65536        5208/3670016  ( 0.1%) 
hdr faces                0/65536           0/3670016  ( 0.0%) 
origfaces               65/65536        3640/3670016  ( 0.1%) 
leaves                  73/65536        2336/2097152  ( 0.1%) 
leaffaces              106/65536         212/131072   ( 0.2%) 
leafbrushes             56/65536         112/131072   ( 0.1%) 
areas                    3/256            24/2048     ( 1.2%) 
surfedges              624/512000       2496/2048000  ( 0.1%) 
edges                  363/256000       1452/1024000  ( 0.1%) 
LDR worldlights          5/8192          440/720896   ( 0.1%) 
HDR worldlights          0/8192            0/720896   ( 0.0%) 
leafwaterdata            0/32768           0/393216   ( 0.0%) 
waterstrips              1/32768          10/327680   ( 0.0%) 
waterverts               0/65536           0/786432   ( 0.0%) 
waterindices            12/65536          24/131072   ( 0.0%) 
cubemapsamples           0/1024            0/16384    ( 0.0%) 
overlays                 0/512             0/180224   ( 0.0%) 
LDR lightdata         [variable]       52268/0        ( 0.0%) 
HDR lightdata         [variable]           0/0        ( 0.0%) 
visdata               [variable]         172/16777216 ( 0.0%) 
entdata               [variable]        2496/393216   ( 0.6%) 
LDR ambient table       73/65536         292/262144   ( 0.1%) 
HDR ambient table       73/65536         292/262144   ( 0.1%) 
LDR leaf ambient       182/65536        5096/1835008  ( 0.3%) 
HDR leaf ambient        73/65536        2044/1835008  ( 0.1%) 
occluders                0/0               0/0        ( 0.0%) 
occluder polygons        0/0               0/0        ( 0.0%) 
occluder vert ind        0/0               0/0        ( 0.0%) 
detail props          [variable]           1/12       ( 8.3%) 
static props          [variable]           1/212      ( 0.5%) 
pakfile               [variable]      106044/0        ( 0.0%) 
physics               [variable]       11288/4194304  ( 0.3%) 
physics terrain       [variable]           2/1048576  ( 0.0%) 

Level flags = 0

Total triangle count: 196
Writing c:\mapsrc\lotr_hobbiton_06.bsp
1 second elapsed



[Reading texlights from 'lights.rad']
[45 texlights parsed from 'lights.rad']

Loading c:\mapsrc\lotr_hobbiton_06.bsp
93 faces
32214 square feet [4638959.00 square inches]
0 Displacements
0 Square Feet [0.00 Square Inches]
93 patches before subdivision
2299 patches after subdivision
5 direct lights
0...1...2...3...4...5...6...7...8...9...100...1...2...3...4...5...6...7...8...9...10transfers 166003, max 247
transfer lists:   1.3 megs
0...1...2...3...4...5...6...7...8...9...10	Bounce #1 added RGB(1168, 1141, 1141)
0...1...2...3...4...5...6...7...8...9...10	Bounce #2 added RGB(151, 144, 144)
0...1...2...3...4...5...6...7...8...9...10	Bounce #3 added RGB(14, 13, 13)
0...1...2...3...4...5...6...7...8...9...10	Bounce #4 added RGB(2, 2, 2)
0...1...2...3...4...5...6...7...8...9...10	Bounce #5 added RGB(0, 0, 0)
Build Patch/Sample Hash Table(s).....Done<0.0009 sec>
0...1...2...3...4...5...6...7...8...9...10FinalLightFace Done
0 of 0 (0% of) surface lights went in leaf ambient cubes.
0...1...2...3...4...5...6...7...8...9...10Writing leaf ambient...done
Ready to Finish

Object names       Objects/Maxobjs  Memory / Maxmem  Fullness 
------------       ---------------  ---------------  -------- 
models                   3/1024          144/49152    ( 0.3%) 
brushes                 33/8192          396/98304    ( 0.4%) 
brushsides             227/65536        1816/524288   ( 0.3%) 
planes                 148/65536        2960/1310720  ( 0.2%) 
vertexes               159/65536        1908/786432   ( 0.2%) 
nodes                   69/65536        2208/2097152  ( 0.1%) 
texinfos                11/12288         792/884736   ( 0.1%) 
texdata                  3/2048           96/65536    ( 0.1%) 
dispinfos                0/0               0/0        ( 0.0%) 
disp_verts               0/0               0/0        ( 0.0%) 
disp_tris                0/0               0/0        ( 0.0%) 
disp_lmsamples           0/0               0/0        ( 0.0%) 
faces                   93/65536        5208/3670016  ( 0.1%) 
hdr faces               93/65536        5208/3670016  ( 0.1%) 
origfaces               65/65536        3640/3670016  ( 0.1%) 
leaves                  73/65536        2336/2097152  ( 0.1%) 
leaffaces              106/65536         212/131072   ( 0.2%) 
leafbrushes             56/65536         112/131072   ( 0.1%) 
areas                    3/256            24/2048     ( 1.2%) 
surfedges              624/512000       2496/2048000  ( 0.1%) 
edges                  363/256000       1452/1024000  ( 0.1%) 
LDR worldlights          5/8192          440/720896   ( 0.1%) 
HDR worldlights          5/8192          440/720896   ( 0.1%) 
leafwaterdata            0/32768           0/393216   ( 0.0%) 
waterstrips              1/32768          10/327680   ( 0.0%) 
waterverts               0/65536           0/786432   ( 0.0%) 
waterindices            12/65536          24/131072   ( 0.0%) 
cubemapsamples           0/1024            0/16384    ( 0.0%) 
overlays                 0/512             0/180224   ( 0.0%) 
LDR lightdata         [variable]       52268/0        ( 0.0%) 
HDR lightdata         [variable]       52268/0        ( 0.0%) 
visdata               [variable]         172/16777216 ( 0.0%) 
entdata               [variable]        2496/393216   ( 0.6%) 
LDR ambient table       73/65536         292/262144   ( 0.1%) 
HDR ambient table       73/65536         292/262144   ( 0.1%) 
LDR leaf ambient       182/65536        5096/1835008  ( 0.3%) 
HDR leaf ambient       182/65536        5096/1835008  ( 0.3%) 
occluders                0/0               0/0        ( 0.0%) 
occluder polygons        0/0               0/0        ( 0.0%) 
occluder vert ind        0/0               0/0        ( 0.0%) 
detail props          [variable]           1/12       ( 8.3%) 
static props          [variable]           1/212      ( 0.5%) 
pakfile               [variable]      106044/0        ( 0.0%) 
physics               [variable]       11288/4194304  ( 0.3%) 
physics terrain       [variable]           2/1048576  ( 0.0%) 

Level flags = 0

Total triangle count: 196
Writing c:\mapsrc\lotr_hobbiton_06.bsp
1 second elapsed



materialPath: C:\Program Files (x86)\Steam\steamapps\common\half-life 2\hl2\materials
Loading c:\mapsrc\lotr_hobbiton_06.vmf
Could not locate 'GameData' key in c:\program files (x86)\steam\steamapps\common\half-life 2\hl2\gameinfo.txt
Patching WVT material: maps/lotr_hobbiton_06/dev/dev_blendmeasure_wvt_patch
fixing up env_cubemap materials on brush sides...
0...1...2...3...4...5...6...7...8...9...100...1...2...3...4...5...6...7...8...9...10Processing areas...done (0)
Building Faces...done (0)
Chop Details...done (0)
Find Visible Detail Sides...
Merged 18 detail faces...done (0)
Merging details...done (0)
FixTjuncs...
PruneNodes...
WriteBSP...
done (0)
writing c:\mapsrc\lotr_hobbiton_06.prt...Building visibility clusters...
done (0)
Creating default LDR cubemaps for env_cubemap using skybox materials:
   skybox/sky_day01_01*.vmt
 ! Run buildcubemaps in the engine to get the correct cube maps.
Creating default HDR cubemaps for env_cubemap using skybox materials:
   skybox/sky_day01_01*.vmt
 ! Run buildcubemaps in the engine to get the correct cube maps.
Finding displacement neighbors...
Finding lightmap sample positions...
Displacement Alpha : 0...1...2...3...4...5...6...7...8...9...10
Building Physics collision data...
done (0) (11336 bytes)
Placing detail props : 0...1...2...3...4...5...6...7...8...9...10
Compacting texture/material tables...
Reduced 27 texinfos to 12
Reduced 5 texdatas to 4 (133 bytes to 112)
Writing c:\mapsrc\lotr_hobbiton_06.bsp
0 seconds elapsed



8 threads
reading c:\mapsrc\lotr_hobbiton_06.bsp
reading c:\mapsrc\lotr_hobbiton_06.prt
  14 portalclusters
  19 numportals
0...1...2...3...4...5...6...7...8...9...100...1...2...3...4...5...6...7...8...9...10Optimized: 0 visible clusters (0.00%)
Total clusters visible: 116
Average clusters visible: 8
Building PAS...
Average clusters audible: 8
visdatasize:172  compressed from 224
writing c:\mapsrc\lotr_hobbiton_06.bsp
0 seconds elapsed



[Reading texlights from 'lights.rad']
[45 texlights parsed from 'lights.rad']

Loading c:\mapsrc\lotr_hobbiton_06.bsp
93 faces
32214 square feet [4638959.00 square inches]
0 Displacements
0 Square Feet [0.00 Square Inches]
93 patches before subdivision
2299 patches after subdivision
5 direct lights
0...1...2...3...4...5...6...7...8...9...100...1...2...3...4...5...6...7...8...9...10transfers 165139, max 247
transfer lists:   1.3 megs
0...1...2...3...4...5...6...7...8...9...10	Bounce #1 added RGB(1168, 1141, 1141)
0...1...2...3...4...5...6...7...8...9...10	Bounce #2 added RGB(151, 144, 144)
0...1...2...3...4...5...6...7...8...9...10	Bounce #3 added RGB(14, 13, 13)
0...1...2...3...4...5...6...7...8...9...10	Bounce #4 added RGB(2, 2, 2)
0...1...2...3...4...5...6...7...8...9...10	Bounce #5 added RGB(0, 0, 0)
Build Patch/Sample Hash Table(s).....Done<0.0010 sec>
0...1...2...3...4...5...6...7...8...9...10FinalLightFace Done
0 of 0 (0% of) surface lights went in leaf ambient cubes.
0...1...2...3...4...5...6...7...8...9...10Writing leaf ambient...done
Ready to Finish

Object names       Objects/Maxobjs  Memory / Maxmem  Fullness 
------------       ---------------  ---------------  -------- 
models                   3/1024          144/49152    ( 0.3%) 
brushes                 45/8192          540/98304    ( 0.5%) 
brushsides             331/65536        2648/524288   ( 0.5%) 
planes                 240/65536        4800/1310720  ( 0.4%) 
vertexes               187/65536        2244/786432   ( 0.3%) 
nodes                   69/65536        2208/2097152  ( 0.1%) 
texinfos                12/12288         864/884736   ( 0.1%) 
texdata                  4/2048          128/65536    ( 0.2%) 
dispinfos                0/0               0/0        ( 0.0%) 
disp_verts               0/0               0/0        ( 0.0%) 
disp_tris                0/0               0/0        ( 0.0%) 
disp_lmsamples           0/0               0/0        ( 0.0%) 
faces                   93/65536        5208/3670016  ( 0.1%) 
hdr faces                0/65536           0/3670016  ( 0.0%) 
origfaces               65/65536        3640/3670016  ( 0.1%) 
leaves                  73/65536        2336/2097152  ( 0.1%) 
leaffaces              106/65536         212/131072   ( 0.2%) 
leafbrushes             80/65536         160/131072   ( 0.1%) 
areas                    3/256            24/2048     ( 1.2%) 
surfedges              628/512000       2512/2048000  ( 0.1%) 
edges                  365/256000       1460/1024000  ( 0.1%) 
LDR worldlights          5/8192          440/720896   ( 0.1%) 
HDR worldlights          0/8192            0/720896   ( 0.0%) 
leafwaterdata            0/32768           0/393216   ( 0.0%) 
waterstrips              1/32768          10/327680   ( 0.0%) 
waterverts               0/65536           0/786432   ( 0.0%) 
waterindices            12/65536          24/131072   ( 0.0%) 
cubemapsamples           0/1024            0/16384    ( 0.0%) 
overlays                 0/512             0/180224   ( 0.0%) 
LDR lightdata         [variable]       52268/0        ( 0.0%) 
HDR lightdata         [variable]           0/0        ( 0.0%) 
visdata               [variable]         172/16777216 ( 0.0%) 
entdata               [variable]        2496/393216   ( 0.6%) 
LDR ambient table       73/65536         292/262144   ( 0.1%) 
HDR ambient table       73/65536         292/262144   ( 0.1%) 
LDR leaf ambient       182/65536        5096/1835008  ( 0.3%) 
HDR leaf ambient        73/65536        2044/1835008  ( 0.1%) 
occluders                0/0               0/0        ( 0.0%) 
occluder polygons        0/0               0/0        ( 0.0%) 
occluder vert ind        0/0               0/0        ( 0.0%) 
detail props          [variable]           1/12       ( 8.3%) 
static props          [variable]           1/212      ( 0.5%) 
pakfile               [variable]      106044/0        ( 0.0%) 
physics               [variable]       11336/4194304  ( 0.3%) 
physics terrain       [variable]           2/1048576  ( 0.0%) 

Level flags = 0

Total triangle count: 200
Writing c:\mapsrc\lotr_hobbiton_06.bsp
0 seconds elapsed



materialPath: C:\Program Files (x86)\Steam\steamapps\common\half-life 2\hl2\materials
Loading c:\mapsrc\lotr_hobbiton_06.vmf
Could not locate 'GameData' key in c:\program files (x86)\steam\steamapps\common\half-life 2\hl2\gameinfo.txt
Patching WVT material: maps/lotr_hobbiton_06/dev/dev_blendmeasure_wvt_patch
fixing up env_cubemap materials on brush sides...
0...1...2...3...4...5...6...7...8...9...100...1...2...3...4...5...6...7...8...9...10Processing areas...done (0)
Building Faces...done (0)
Chop Details...done (0)
Find Visible Detail Sides...
Merged 18 detail faces...done (0)
Merging details...done (0)
FixTjuncs...
PruneNodes...
WriteBSP...
done (0)
writing c:\mapsrc\lotr_hobbiton_06.prt...Building visibility clusters...
done (0)
Creating default LDR cubemaps for env_cubemap using skybox materials:
   skybox/sky_day02_10*.vmt
 ! Run buildcubemaps in the engine to get the correct cube maps.
Creating default HDR cubemaps for env_cubemap using skybox materials:
   skybox/sky_day02_10*.vmt
 ! Run buildcubemaps in the engine to get the correct cube maps.
Finding displacement neighbors...
Finding lightmap sample positions...
Displacement Alpha : 0...1...2...3...4...5...6...7...8...9...10
Building Physics collision data...
done (0) (11336 bytes)
Placing detail props : 0...1...2...3...4...5...6...7...8...9...10
Compacting texture/material tables...
Reduced 27 texinfos to 12
Reduced 5 texdatas to 4 (133 bytes to 112)
Writing c:\mapsrc\lotr_hobbiton_06.bsp
0 seconds elapsed



8 threads
reading c:\mapsrc\lotr_hobbiton_06.bsp
reading c:\mapsrc\lotr_hobbiton_06.prt
  14 portalclusters
  19 numportals
0...1...2...3...4...5...6...7...8...9...100...1...2...3...4...5...6...7...8...9...10Optimized: 0 visible clusters (0.00%)
Total clusters visible: 116
Average clusters visible: 8
Building PAS...
Average clusters audible: 8
visdatasize:172  compressed from 224
writing c:\mapsrc\lotr_hobbiton_06.bsp
0 seconds elapsed



[Reading texlights from 'lights.rad']
[45 texlights parsed from 'lights.rad']

Loading c:\mapsrc\lotr_hobbiton_06.bsp
93 faces
32214 square feet [4638959.00 square inches]
0 Displacements
0 Square Feet [0.00 Square Inches]
93 patches before subdivision
2299 patches after subdivision
5 direct lights
0...1...2...3...4...5...6...7...8...9...100...1...2...3...4...5...6...7...8...9...10transfers 165139, max 247
transfer lists:   1.3 megs
0...1...2...3...4...5...6...7...8...9...10	Bounce #1 added RGB(1168, 1141, 1141)
0...1...2...3...4...5...6...7...8...9...10	Bounce #2 added RGB(151, 144, 144)
0...1...2...3...4...5...6...7...8...9...10	Bounce #3 added RGB(14, 13, 13)
0...1...2...3...4...5...6...7...8...9...10	Bounce #4 added RGB(2, 2, 2)
0...1...2...3...4...5...6...7...8...9...10	Bounce #5 added RGB(0, 0, 0)
Build Patch/Sample Hash Table(s).....Done<0.0008 sec>
0...1...2...3...4...5...6...7...8...9...10FinalLightFace Done
0 of 0 (0% of) surface lights went in leaf ambient cubes.
0...1...2...3...4...5...6...7...8...9...10Writing leaf ambient...done
Ready to Finish

Object names       Objects/Maxobjs  Memory / Maxmem  Fullness 
------------       ---------------  ---------------  -------- 
models                   3/1024          144/49152    ( 0.3%) 
brushes                 45/8192          540/98304    ( 0.5%) 
brushsides             331/65536        2648/524288   ( 0.5%) 
planes                 240/65536        4800/1310720  ( 0.4%) 
vertexes               187/65536        2244/786432   ( 0.3%) 
nodes                   69/65536        2208/2097152  ( 0.1%) 
texinfos                12/12288         864/884736   ( 0.1%) 
texdata                  4/2048          128/65536    ( 0.2%) 
dispinfos                0/0               0/0        ( 0.0%) 
disp_verts               0/0               0/0        ( 0.0%) 
disp_tris                0/0               0/0        ( 0.0%) 
disp_lmsamples           0/0               0/0        ( 0.0%) 
faces                   93/65536        5208/3670016  ( 0.1%) 
hdr faces                0/65536           0/3670016  ( 0.0%) 
origfaces               65/65536        3640/3670016  ( 0.1%) 
leaves                  73/65536        2336/2097152  ( 0.1%) 
leaffaces              106/65536         212/131072   ( 0.2%) 
leafbrushes             80/65536         160/131072   ( 0.1%) 
areas                    3/256            24/2048     ( 1.2%) 
surfedges              628/512000       2512/2048000  ( 0.1%) 
edges                  365/256000       1460/1024000  ( 0.1%) 
LDR worldlights          5/8192          440/720896   ( 0.1%) 
HDR worldlights          0/8192            0/720896   ( 0.0%) 
leafwaterdata            0/32768           0/393216   ( 0.0%) 
waterstrips              1/32768          10/327680   ( 0.0%) 
waterverts               0/65536           0/786432   ( 0.0%) 
waterindices            12/65536          24/131072   ( 0.0%) 
cubemapsamples           0/1024            0/16384    ( 0.0%) 
overlays                 0/512             0/180224   ( 0.0%) 
LDR lightdata         [variable]       52268/0        ( 0.0%) 
HDR lightdata         [variable]           0/0        ( 0.0%) 
visdata               [variable]         172/16777216 ( 0.0%) 
entdata               [variable]        2533/393216   ( 0.6%) 
LDR ambient table       73/65536         292/262144   ( 0.1%) 
HDR ambient table       73/65536         292/262144   ( 0.1%) 
LDR leaf ambient       182/65536        5096/1835008  ( 0.3%) 
HDR leaf ambient        73/65536        2044/1835008  ( 0.1%) 
occluders                0/0               0/0        ( 0.0%) 
occluder polygons        0/0               0/0        ( 0.0%) 
occluder vert ind        0/0               0/0        ( 0.0%) 
detail props          [variable]           1/12       ( 8.3%) 
static props          [variable]           1/212      ( 0.5%) 
pakfile               [variable]       87123/0        ( 0.0%) 
physics               [variable]       11336/4194304  ( 0.3%) 
physics terrain       [variable]           2/1048576  ( 0.0%) 

Level flags = 0

Total triangle count: 200
Writing c:\mapsrc\lotr_hobbiton_06.bsp
0 seconds elapsed



materialPath: C:\Program Files (x86)\Steam\steamapps\common\half-life 2\hl2\materials
Loading c:\mapsrc\lotr_hobbiton_06.vmf
Could not locate 'GameData' key in c:\program files (x86)\steam\steamapps\common\half-life 2\hl2\gameinfo.txt
Patching WVT material: maps/lotr_hobbiton_06/dev/dev_blendmeasure_wvt_patch
fixing up env_cubemap materials on brush sides...
0...1...2...3...4...5...6...7...8...9...100...1...2...3...4...5...6...7...8...9...10Processing areas...done (0)
Building Faces...done (0)
Chop Details...done (0)
Find Visible Detail Sides...
Merged 18 detail faces...done (0)
Merging details...done (0)
FixTjuncs...
PruneNodes...
WriteBSP...
done (0)
writing c:\mapsrc\lotr_hobbiton_06.prt...Building visibility clusters...
done (0)
Creating default LDR cubemaps for env_cubemap using skybox materials:
   skybox/sky_day02_10*.vmt
 ! Run buildcubemaps in the engine to get the correct cube maps.
Creating default HDR cubemaps for env_cubemap using skybox materials:
   skybox/sky_day02_10*.vmt
 ! Run buildcubemaps in the engine to get the correct cube maps.
Finding displacement neighbors...
Finding lightmap sample positions...
Displacement Alpha : 0...1...2...3...4...5...6...7...8...9...10
Building Physics collision data...
done (0) (11336 bytes)
Placing detail props : 0...1...2...3...4...5...6...7...8...9...10
Compacting texture/material tables...
Reduced 27 texinfos to 12
Reduced 5 texdatas to 4 (133 bytes to 112)
Writing c:\mapsrc\lotr_hobbiton_06.bsp
0 seconds elapsed



8 threads
reading c:\mapsrc\lotr_hobbiton_06.bsp
reading c:\mapsrc\lotr_hobbiton_06.prt
  14 portalclusters
  19 numportals
0...1...2...3...4...5...6...7...8...9...100...1...2...3...4...5...6...7...8...9...10Optimized: 0 visible clusters (0.00%)
Total clusters visible: 116
Average clusters visible: 8
Building PAS...
Average clusters audible: 8
visdatasize:172  compressed from 224
writing c:\mapsrc\lotr_hobbiton_06.bsp
0 seconds elapsed



[Reading texlights from 'lights.rad']
[45 texlights parsed from 'lights.rad']

Loading c:\mapsrc\lotr_hobbiton_06.bsp
93 faces
33921 square feet [4884719.00 square inches]
0 Displacements
0 Square Feet [0.00 Square Inches]
93 patches before subdivision
2299 patches after subdivision
5 direct lights
0...1...2...3...4...5...6...7...8...9...100...1...2...3...4...5...6...7...8...9...10transfers 165091, max 247
transfer lists:   1.3 megs
0...1...2...3...4...5...6...7...8...9...10	Bounce #1 added RGB(1168, 1141, 1141)
0...1...2...3...4...5...6...7...8...9...10	Bounce #2 added RGB(151, 144, 144)
0...1...2...3...4...5...6...7...8...9...10	Bounce #3 added RGB(14, 13, 13)
0...1...2...3...4...5...6...7...8...9...10	Bounce #4 added RGB(2, 2, 2)
0...1...2...3...4...5...6...7...8...9...10	Bounce #5 added RGB(0, 0, 0)
Build Patch/Sample Hash Table(s).....Done<0.0007 sec>
0...1...2...3...4...5...6...7...8...9...10FinalLightFace Done
0 of 0 (0% of) surface lights went in leaf ambient cubes.
0...1...2...3...4...5...6...7...8...9...10Writing leaf ambient...done
Ready to Finish

Object names       Objects/Maxobjs  Memory / Maxmem  Fullness 
------------       ---------------  ---------------  -------- 
models                   3/1024          144/49152    ( 0.3%) 
brushes                 45/8192          540/98304    ( 0.5%) 
brushsides             331/65536        2648/524288   ( 0.5%) 
planes                 240/65536        4800/1310720  ( 0.4%) 
vertexes               187/65536        2244/786432   ( 0.3%) 
nodes                   69/65536        2208/2097152  ( 0.1%) 
texinfos                12/12288         864/884736   ( 0.1%) 
texdata                  4/2048          128/65536    ( 0.2%) 
dispinfos                0/0               0/0        ( 0.0%) 
disp_verts               0/0               0/0        ( 0.0%) 
disp_tris                0/0               0/0        ( 0.0%) 
disp_lmsamples           0/0               0/0        ( 0.0%) 
faces                   93/65536        5208/3670016  ( 0.1%) 
hdr faces                0/65536           0/3670016  ( 0.0%) 
origfaces               65/65536        3640/3670016  ( 0.1%) 
leaves                  73/65536        2336/2097152  ( 0.1%) 
leaffaces              106/65536         212/131072   ( 0.2%) 
leafbrushes             80/65536         160/131072   ( 0.1%) 
areas                    3/256            24/2048     ( 1.2%) 
surfedges              628/512000       2512/2048000  ( 0.1%) 
edges                  365/256000       1460/1024000  ( 0.1%) 
LDR worldlights          5/8192          440/720896   ( 0.1%) 
HDR worldlights          0/8192            0/720896   ( 0.0%) 
leafwaterdata            0/32768           0/393216   ( 0.0%) 
waterstrips              1/32768          10/327680   ( 0.0%) 
waterverts               0/65536           0/786432   ( 0.0%) 
waterindices            12/65536          24/131072   ( 0.0%) 
cubemapsamples           0/1024            0/16384    ( 0.0%) 
overlays                 0/512             0/180224   ( 0.0%) 
LDR lightdata         [variable]       52268/0        ( 0.0%) 
HDR lightdata         [variable]           0/0        ( 0.0%) 
visdata               [variable]         172/16777216 ( 0.0%) 
entdata               [variable]        2533/393216   ( 0.6%) 
LDR ambient table       73/65536         292/262144   ( 0.1%) 
HDR ambient table       73/65536         292/262144   ( 0.1%) 
LDR leaf ambient       182/65536        5096/1835008  ( 0.3%) 
HDR leaf ambient        73/65536        2044/1835008  ( 0.1%) 
occluders                0/0               0/0        ( 0.0%) 
occluder polygons        0/0               0/0        ( 0.0%) 
occluder vert ind        0/0               0/0        ( 0.0%) 
detail props          [variable]           1/12       ( 8.3%) 
static props          [variable]           1/212      ( 0.5%) 
pakfile               [variable]       87123/0        ( 0.0%) 
physics               [variable]       11336/4194304  ( 0.3%) 
physics terrain       [variable]           2/1048576  ( 0.0%) 

Level flags = 0

Total triangle count: 200
Writing c:\mapsrc\lotr_hobbiton_06.bsp
0 seconds elapsed



materialPath: C:\Program Files (x86)\Steam\steamapps\common\half-life 2\hl2\materials
Loading c:\mapsrc\lotr_hobbiton_06.vmf
Could not locate 'GameData' key in c:\program files (x86)\steam\steamapps\common\half-life 2\hl2\gameinfo.txt
Patching WVT material: maps/lotr_hobbiton_06/dev/dev_blendmeasure_wvt_patch
fixing up env_cubemap materials on brush sides...
0...1...2...3...4...5...6...7...8...9...100...1...2...3...4...5...6...7...8...9...10Processing areas...done (0)
Building Faces...done (0)
Chop Details...done (0)
Find Visible Detail Sides...
Merged 18 detail faces...done (0)
Merging details...done (0)
FixTjuncs...
PruneNodes...
WriteBSP...
done (0)
writing c:\mapsrc\lotr_hobbiton_06.prt...Building visibility clusters...
done (0)
Creating default LDR cubemaps for env_cubemap using skybox materials:
   skybox/sky_day02_10*.vmt
 ! Run buildcubemaps in the engine to get the correct cube maps.
Creating default HDR cubemaps for env_cubemap using skybox materials:
   skybox/sky_day02_10*.vmt
 ! Run buildcubemaps in the engine to get the correct cube maps.
Finding displacement neighbors...
Finding lightmap sample positions...
Displacement Alpha : 0...1...2...3...4...5...6...7...8...9...10
Building Physics collision data...
done (0) (11336 bytes)
Placing detail props : 0...1...2...3...4...5...6...7...8...9...10
Compacting texture/material tables...
Reduced 27 texinfos to 12
Reduced 5 texdatas to 4 (133 bytes to 112)
Writing c:\mapsrc\lotr_hobbiton_06.bsp
0 seconds elapsed



8 threads
reading c:\mapsrc\lotr_hobbiton_06.bsp
reading c:\mapsrc\lotr_hobbiton_06.prt
  14 portalclusters
  19 numportals
0...1...2...3...4...5...6...7...8...9...100...1...2...3...4...5...6...7...8...9...10Optimized: 0 visible clusters (0.00%)
Total clusters visible: 116
Average clusters visible: 8
Building PAS...
Average clusters audible: 8
visdatasize:172  compressed from 224
writing c:\mapsrc\lotr_hobbiton_06.bsp
0 seconds elapsed



[Reading texlights from 'lights.rad']
[45 texlights parsed from 'lights.rad']

Loading c:\mapsrc\lotr_hobbiton_06.bsp
93 faces
33921 square feet [4884719.00 square inches]
0 Displacements
0 Square Feet [0.00 Square Inches]
93 patches before subdivision
2299 patches after subdivision
5 direct lights
0...1...2...3...4...5...6...7...8...9...100...1...2...3...4...5...6...7...8...9...10transfers 165091, max 247
transfer lists:   1.3 megs
0...1...2...3...4...5...6...7...8...9...10	Bounce #1 added RGB(1170, 1144, 1145)
0...1...2...3...4...5...6...7...8...9...10	Bounce #2 added RGB(151, 144, 144)
0...1...2...3...4...5...6...7...8...9...10	Bounce #3 added RGB(14, 13, 13)
0...1...2...3...4...5...6...7...8...9...10	Bounce #4 added RGB(2, 2, 2)
0...1...2...3...4...5...6...7...8...9...10	Bounce #5 added RGB(0, 0, 0)
Build Patch/Sample Hash Table(s).....Done<0.0008 sec>
0...1...2...3...4...5...6...7...8...9...10FinalLightFace Done
0 of 0 (0% of) surface lights went in leaf ambient cubes.
0...1...2...3...4...5...6...7...8...9...10Writing leaf ambient...done
Ready to Finish

Object names       Objects/Maxobjs  Memory / Maxmem  Fullness 
------------       ---------------  ---------------  -------- 
models                   3/1024          144/49152    ( 0.3%) 
brushes                 45/8192          540/98304    ( 0.5%) 
brushsides             331/65536        2648/524288   ( 0.5%) 
planes                 240/65536        4800/1310720  ( 0.4%) 
vertexes               187/65536        2244/786432   ( 0.3%) 
nodes                   69/65536        2208/2097152  ( 0.1%) 
texinfos                12/12288         864/884736   ( 0.1%) 
texdata                  4/2048          128/65536    ( 0.2%) 
dispinfos                0/0               0/0        ( 0.0%) 
disp_verts               0/0               0/0        ( 0.0%) 
disp_tris                0/0               0/0        ( 0.0%) 
disp_lmsamples           0/0               0/0        ( 0.0%) 
faces                   93/65536        5208/3670016  ( 0.1%) 
hdr faces                0/65536           0/3670016  ( 0.0%) 
origfaces               65/65536        3640/3670016  ( 0.1%) 
leaves                  73/65536        2336/2097152  ( 0.1%) 
leaffaces              106/65536         212/131072   ( 0.2%) 
leafbrushes             80/65536         160/131072   ( 0.1%) 
areas                    3/256            24/2048     ( 1.2%) 
surfedges              628/512000       2512/2048000  ( 0.1%) 
edges                  365/256000       1460/1024000  ( 0.1%) 
LDR worldlights          5/8192          440/720896   ( 0.1%) 
HDR worldlights          0/8192            0/720896   ( 0.0%) 
leafwaterdata            0/32768           0/393216   ( 0.0%) 
waterstrips              1/32768          10/327680   ( 0.0%) 
waterverts               0/65536           0/786432   ( 0.0%) 
waterindices            12/65536          24/131072   ( 0.0%) 
cubemapsamples           0/1024            0/16384    ( 0.0%) 
overlays                 0/512             0/180224   ( 0.0%) 
LDR lightdata         [variable]       52268/0        ( 0.0%) 
HDR lightdata         [variable]           0/0        ( 0.0%) 
visdata               [variable]         172/16777216 ( 0.0%) 
entdata               [variable]        2534/393216   ( 0.6%) 
LDR ambient table       73/65536         292/262144   ( 0.1%) 
HDR ambient table       73/65536         292/262144   ( 0.1%) 
LDR leaf ambient       194/65536        5432/1835008  ( 0.3%) 
HDR leaf ambient        73/65536        2044/1835008  ( 0.1%) 
occluders                0/0               0/0        ( 0.0%) 
occluder polygons        0/0               0/0        ( 0.0%) 
occluder vert ind        0/0               0/0        ( 0.0%) 
detail props          [variable]           1/12       ( 8.3%) 
static props          [variable]           1/212      ( 0.5%) 
pakfile               [variable]       87123/0        ( 0.0%) 
physics               [variable]       11336/4194304  ( 0.3%) 
physics terrain       [variable]           2/1048576  ( 0.0%) 

Level flags = 0

Total triangle count: 200
Writing c:\mapsrc\lotr_hobbiton_06.bsp
0 seconds elapsed



materialPath: C:\Program Files (x86)\Steam\steamapps\common\half-life 2\hl2\materials
Loading c:\mapsrc\lotr_hobbiton_06.vmf
Could not locate 'GameData' key in c:\program files (x86)\steam\steamapps\common\half-life 2\hl2\gameinfo.txt
Patching WVT material: maps/lotr_hobbiton_06/dev/dev_blendmeasure_wvt_patch
fixing up env_cubemap materials on brush sides...
0...1...2...3...4...5...6...7...8...9...100...1...2...3...4...5...6...7...8...9...10Processing areas...done (0)
Building Faces...done (0)
Chop Details...done (0)
Find Visible Detail Sides...
Merged 18 detail faces...done (0)
Merging details...done (0)
FixTjuncs...
PruneNodes...
WriteBSP...
done (0)
writing c:\mapsrc\lotr_hobbiton_06.prt...Building visibility clusters...
done (0)
Creating default LDR cubemaps for env_cubemap using skybox materials:
   skybox/sky_day02_10*.vmt
 ! Run buildcubemaps in the engine to get the correct cube maps.
Creating default HDR cubemaps for env_cubemap using skybox materials:
   skybox/sky_day02_10*.vmt
 ! Run buildcubemaps in the engine to get the correct cube maps.
Finding displacement neighbors...
Finding lightmap sample positions...
Displacement Alpha : 0...1...2...3...4...5...6...7...8...9...10
Building Physics collision data...
done (0) (11336 bytes)
Placing detail props : 0...1...2...3...4...5...6...7...8...9...10
Compacting texture/material tables...
Reduced 27 texinfos to 12
Reduced 5 texdatas to 4 (133 bytes to 112)
Writing c:\mapsrc\lotr_hobbiton_06.bsp
0 seconds elapsed



8 threads
reading c:\mapsrc\lotr_hobbiton_06.bsp
reading c:\mapsrc\lotr_hobbiton_06.prt
  14 portalclusters
  19 numportals
0...1...2...3...4...5...6...7...8...9...100...1...2...3...4...5...6...7...8...9...10Optimized: 0 visible clusters (0.00%)
Total clusters visible: 116
Average clusters visible: 8
Building PAS...
Average clusters audible: 8
visdatasize:172  compressed from 224
writing c:\mapsrc\lotr_hobbiton_06.bsp
0 seconds elapsed



[Reading texlights from 'lights.rad']
[45 texlights parsed from 'lights.rad']

Loading c:\mapsrc\lotr_hobbiton_06.bsp
93 faces
33921 square feet [4884719.00 square inches]
0 Displacements
0 Square Feet [0.00 Square Inches]
93 patches before subdivision
2299 patches after subdivision
5 direct lights
0...1...2...3...4...5...6...7...8...9...100...1...2...3...4...5...6...7...8...9...10transfers 165091, max 247
transfer lists:   1.3 megs
0...1...2...3...4...5...6...7...8...9...10	Bounce #1 added RGB(1170, 1144, 1145)
0...1...2...3...4...5...6...7...8...9...10	Bounce #2 added RGB(151, 144, 144)
0...1...2...3...4...5...6...7...8...9...10	Bounce #3 added RGB(14, 13, 13)
0...1...2...3...4...5...6...7...8...9...10	Bounce #4 added RGB(2, 2, 2)
0...1...2...3...4...5...6...7...8...9...10	Bounce #5 added RGB(0, 0, 0)
Build Patch/Sample Hash Table(s).....Done<0.0007 sec>
0...1...2...3...4...5...6...7...8...9...10FinalLightFace Done
0 of 0 (0% of) surface lights went in leaf ambient cubes.
0...1...2...3...4...5...6...7...8...9...10Writing leaf ambient...done
Ready to Finish

Object names       Objects/Maxobjs  Memory / Maxmem  Fullness 
------------       ---------------  ---------------  -------- 
models                   3/1024          144/49152    ( 0.3%) 
brushes                 45/8192          540/98304    ( 0.5%) 
brushsides             331/65536        2648/524288   ( 0.5%) 
planes                 240/65536        4800/1310720  ( 0.4%) 
vertexes               187/65536        2244/786432   ( 0.3%) 
nodes                   69/65536        2208/2097152  ( 0.1%) 
texinfos                12/12288         864/884736   ( 0.1%) 
texdata                  4/2048          128/65536    ( 0.2%) 
dispinfos                0/0               0/0        ( 0.0%) 
disp_verts               0/0               0/0        ( 0.0%) 
disp_tris                0/0               0/0        ( 0.0%) 
disp_lmsamples           0/0               0/0        ( 0.0%) 
faces                   93/65536        5208/3670016  ( 0.1%) 
hdr faces                0/65536           0/3670016  ( 0.0%) 
origfaces               65/65536        3640/3670016  ( 0.1%) 
leaves                  73/65536        2336/2097152  ( 0.1%) 
leaffaces              106/65536         212/131072   ( 0.2%) 
leafbrushes             80/65536         160/131072   ( 0.1%) 
areas                    3/256            24/2048     ( 1.2%) 
surfedges              628/512000       2512/2048000  ( 0.1%) 
edges                  365/256000       1460/1024000  ( 0.1%) 
LDR worldlights          5/8192          440/720896   ( 0.1%) 
HDR worldlights          0/8192            0/720896   ( 0.0%) 
leafwaterdata            0/32768           0/393216   ( 0.0%) 
waterstrips              1/32768          10/327680   ( 0.0%) 
waterverts               0/65536           0/786432   ( 0.0%) 
waterindices            12/65536          24/131072   ( 0.0%) 
cubemapsamples           0/1024            0/16384    ( 0.0%) 
overlays                 0/512             0/180224   ( 0.0%) 
LDR lightdata         [variable]       52268/0        ( 0.0%) 
HDR lightdata         [variable]           0/0        ( 0.0%) 
visdata               [variable]         172/16777216 ( 0.0%) 
entdata               [variable]        2537/393216   ( 0.6%) 
LDR ambient table       73/65536         292/262144   ( 0.1%) 
HDR ambient table       73/65536         292/262144   ( 0.1%) 
LDR leaf ambient       194/65536        5432/1835008  ( 0.3%) 
HDR leaf ambient        73/65536        2044/1835008  ( 0.1%) 
occluders                0/0               0/0        ( 0.0%) 
occluder polygons        0/0               0/0        ( 0.0%) 
occluder vert ind        0/0               0/0        ( 0.0%) 
detail props          [variable]           1/12       ( 8.3%) 
static props          [variable]           1/212      ( 0.5%) 
pakfile               [variable]       87123/0        ( 0.0%) 
physics               [variable]       11336/4194304  ( 0.3%) 
physics terrain       [variable]           2/1048576  ( 0.0%) 

Level flags = 0

Total triangle count: 200
Writing c:\mapsrc\lotr_hobbiton_06.bsp
0 seconds elapsed
