


materialPath: C:\Program Files (x86)\Steam\steamapps\common\half-life 2\hl2\materials
Loading c:\mapsrc\lotr_hobbiton_07.vmf
Could not locate 'GameData' key in c:\program files (x86)\steam\steamapps\common\half-life 2\hl2\gameinfo.txt
Patching WVT material: maps/lotr_hobbiton_07/dev/dev_blendmeasure_wvt_patch
fixing up env_cubemap materials on brush sides...
0...1...2...3...4...5...6...7...8...9...100...1...2...3...4...5...6...7...8...9...10Processing areas...done (0)
Building Faces...done (0)
Chop Details...done (0)
Find Visible Detail Sides...
Merged 4 detail faces...done (0)
Merging details...done (0)
FixTjuncs...
PruneNodes...
WriteBSP...
done (0)
writing c:\mapsrc\lotr_hobbiton_07.prt...Building visibility clusters...
done (0)
Creating default LDR cubemaps for env_cubemap using skybox materials:
   skybox/sky_day02_10*.vmt
 ! Run buildcubemaps in the engine to get the correct cube maps.
Creating default HDR cubemaps for env_cubemap using skybox materials:
   skybox/sky_day02_10*.vmt
 ! Run buildcubemaps in the engine to get the correct cube maps.
Finding displacement neighbors...
Finding lightmap sample positions...
Displacement Alpha : 0...1...2...3...4...5...6...7...8...9...10
Building Physics collision data...
done (0) (14632 bytes)
Placing detail props : 0...1...2...3...4...5...6...7...8...9...10
Compacting texture/material tables...
Reduced 57 texinfos to 23
Reduced 5 texdatas to 4 (133 bytes to 112)
Writing c:\mapsrc\lotr_hobbiton_07.bsp
0 seconds elapsed



8 threads
reading c:\mapsrc\lotr_hobbiton_07.bsp
reading c:\mapsrc\lotr_hobbiton_07.prt
  14 portalclusters
  19 numportals
0...1...2...3...4...5...6...7...8...9...100...1...2...3...4...5...6...7...8...9...10Optimized: 0 visible clusters (0.00%)
Total clusters visible: 116
Average clusters visible: 8
Building PAS...
Average clusters audible: 8
visdatasize:172  compressed from 224
writing c:\mapsrc\lotr_hobbiton_07.bsp
0 seconds elapsed



[Reading texlights from 'lights.rad']
[45 texlights parsed from 'lights.rad']

Loading c:\mapsrc\lotr_hobbiton_07.bsp
126 faces
35065 square feet [5049362.00 square inches]
0 Displacements
0 Square Feet [0.00 Square Inches]
126 patches before subdivision
2562 patches after subdivision
5 direct lights
0...1...2...3...4...5...6...7...8...9...100...1...2...3...4...5...6...7...8...9...10transfers 182292, max 275
transfer lists:   1.4 megs
0...1...2...3...4...5...6...7...8...9...10	Bounce #1 added RGB(287, 282, 282)
0...1...2...3...4...5...6...7...8...9...10	Bounce #2 added RGB(34, 32, 32)
0...1...2...3...4...5...6...7...8...9...10	Bounce #3 added RGB(3, 3, 3)
0...1...2...3...4...5...6...7...8...9...10	Bounce #4 added RGB(0, 0, 0)
Build Patch/Sample Hash Table(s).....Done<0.0023 sec>
0...1...2...3...4...5...6...7...8...9...10FinalLightFace Done
0 of 0 (0% of) surface lights went in leaf ambient cubes.
0...1...2...3...4...5...6...7...8...9...10Writing leaf ambient...done
Ready to Finish

Object names       Objects/Maxobjs  Memory / Maxmem  Fullness 
------------       ---------------  ---------------  -------- 
models                   3/1024          144/49152    ( 0.3%) 
brushes                 57/8192          684/98304    ( 0.7%) 
brushsides             427/65536        3416/524288   ( 0.7%) 
planes                 324/65536        6480/1310720  ( 0.5%) 
vertexes               234/65536        2808/786432   ( 0.4%) 
nodes                   69/65536        2208/2097152  ( 0.1%) 
texinfos                23/12288        1656/884736   ( 0.2%) 
texdata                  4/2048          128/65536    ( 0.2%) 
dispinfos                0/0               0/0        ( 0.0%) 
disp_verts               0/0               0/0        ( 0.0%) 
disp_tris                0/0               0/0        ( 0.0%) 
disp_lmsamples           0/0               0/0        ( 0.0%) 
faces                  126/65536        7056/3670016  ( 0.2%) 
hdr faces                0/65536           0/3670016  ( 0.0%) 
origfaces               98/65536        5488/3670016  ( 0.1%) 
leaves                  73/65536        2336/2097152  ( 0.1%) 
leaffaces              150/65536         300/131072   ( 0.2%) 
leafbrushes            101/65536         202/131072   ( 0.2%) 
areas                    3/256            24/2048     ( 1.2%) 
surfedges              897/512000       3588/2048000  ( 0.2%) 
edges                  532/256000       2128/1024000  ( 0.2%) 
LDR worldlights          5/8192          440/720896   ( 0.1%) 
HDR worldlights          0/8192            0/720896   ( 0.0%) 
leafwaterdata            0/32768           0/393216   ( 0.0%) 
waterstrips              8/32768          80/327680   ( 0.0%) 
waterverts               0/65536           0/786432   ( 0.0%) 
waterindices           132/65536         264/131072   ( 0.2%) 
cubemapsamples           0/1024            0/16384    ( 0.0%) 
overlays                 0/512             0/180224   ( 0.0%) 
LDR lightdata         [variable]       58364/0        ( 0.0%) 
HDR lightdata         [variable]           0/0        ( 0.0%) 
visdata               [variable]         172/16777216 ( 0.0%) 
entdata               [variable]        2536/393216   ( 0.6%) 
LDR ambient table       73/65536         292/262144   ( 0.1%) 
HDR ambient table       73/65536         292/262144   ( 0.1%) 
LDR leaf ambient       150/65536        4200/1835008  ( 0.2%) 
HDR leaf ambient        73/65536        2044/1835008  ( 0.1%) 
occluders                0/0               0/0        ( 0.0%) 
occluder polygons        0/0               0/0        ( 0.0%) 
occluder vert ind        0/0               0/0        ( 0.0%) 
detail props          [variable]           1/12       ( 8.3%) 
static props          [variable]           1/212      ( 0.5%) 
pakfile               [variable]       87123/0        ( 0.0%) 
physics               [variable]       14632/4194304  ( 0.3%) 
physics terrain       [variable]           2/1048576  ( 0.0%) 

Level flags = 0

Total triangle count: 288
Writing c:\mapsrc\lotr_hobbiton_07.bsp
0 seconds elapsed



materialPath: C:\Program Files (x86)\Steam\steamapps\common\half-life 2\hl2\materials
Loading c:\mapsrc\lotr_hobbiton_07.vmf
Could not locate 'GameData' key in c:\program files (x86)\steam\steamapps\common\half-life 2\hl2\gameinfo.txt
Patching WVT material: maps/lotr_hobbiton_07/dev/dev_blendmeasure_wvt_patch
fixing up env_cubemap materials on brush sides...
0...1...2...3...4...5...6...7...8...9...100...1...2...3...4...5...6...7...8...9...10Processing areas...done (0)
Building Faces...done (0)
Chop Details...done (0)
Find Visible Detail Sides...
Merged 4 detail faces...done (0)
Merging details...done (0)
FixTjuncs...
PruneNodes...
WriteBSP...
done (0)
writing c:\mapsrc\lotr_hobbiton_07.prt...Building visibility clusters...
done (0)
Creating default LDR cubemaps for env_cubemap using skybox materials:
   skybox/sky_day02_10*.vmt
 ! Run buildcubemaps in the engine to get the correct cube maps.
Creating default HDR cubemaps for env_cubemap using skybox materials:
   skybox/sky_day02_10*.vmt
 ! Run buildcubemaps in the engine to get the correct cube maps.
Finding displacement neighbors...
Finding lightmap sample positions...
Displacement Alpha : 0...1...2...3...4...5...6...7...8...9...10
Building Physics collision data...
done (0) (14600 bytes)
Placing detail props : 0...1...2...3...4...5...6...7...8...9...10
Compacting texture/material tables...
Reduced 57 texinfos to 23
Reduced 5 texdatas to 4 (133 bytes to 112)
Writing c:\mapsrc\lotr_hobbiton_07.bsp
0 seconds elapsed



8 threads
reading c:\mapsrc\lotr_hobbiton_07.bsp
reading c:\mapsrc\lotr_hobbiton_07.prt
  12 portalclusters
  15 numportals
0...1...2...3...4...5...6...7...8...9...100...1...2...3...4...5...6...7...8...9...10Optimized: 0 visible clusters (0.00%)
Total clusters visible: 80
Average clusters visible: 6
Building PAS...
Average clusters audible: 6
visdatasize:148  compressed from 192
writing c:\mapsrc\lotr_hobbiton_07.bsp
0 seconds elapsed



[Reading texlights from 'lights.rad']
[45 texlights parsed from 'lights.rad']

Loading c:\mapsrc\lotr_hobbiton_07.bsp
125 faces
35918 square feet [5172242.00 square inches]
0 Displacements
0 Square Feet [0.00 Square Inches]
125 patches before subdivision
2487 patches after subdivision
5 direct lights
0...1...2...3...4...5...6...7...8...9...100...1...2...3...4...5...6...7...8...9...10transfers 177190, max 255
transfer lists:   1.4 megs
0...1...2...3...4...5...6...7...8...9...10	Bounce #1 added RGB(233, 229, 230)
0...1...2...3...4...5...6...7...8...9...10	Bounce #2 added RGB(22, 21, 21)
0...1...2...3...4...5...6...7...8...9...10	Bounce #3 added RGB(3, 2, 2)
0...1...2...3...4...5...6...7...8...9...10	Bounce #4 added RGB(0, 0, 0)
Build Patch/Sample Hash Table(s).....Done<0.0014 sec>
0...1...2...3...4...5...6...7...8...9...10FinalLightFace Done
0 of 0 (0% of) surface lights went in leaf ambient cubes.
0...1...2...3...4...5...6...7...8...9...10Writing leaf ambient...done
Ready to Finish

Object names       Objects/Maxobjs  Memory / Maxmem  Fullness 
------------       ---------------  ---------------  -------- 
models                   3/1024          144/49152    ( 0.3%) 
brushes                 57/8192          684/98304    ( 0.7%) 
brushsides             427/65536        3416/524288   ( 0.7%) 
planes                 324/65536        6480/1310720  ( 0.5%) 
vertexes               229/65536        2748/786432   ( 0.3%) 
nodes                   65/65536        2080/2097152  ( 0.1%) 
texinfos                23/12288        1656/884736   ( 0.2%) 
texdata                  4/2048          128/65536    ( 0.2%) 
dispinfos                0/0               0/0        ( 0.0%) 
disp_verts               0/0               0/0        ( 0.0%) 
disp_tris                0/0               0/0        ( 0.0%) 
disp_lmsamples           0/0               0/0        ( 0.0%) 
faces                  125/65536        7000/3670016  ( 0.2%) 
hdr faces                0/65536           0/3670016  ( 0.0%) 
origfaces               98/65536        5488/3670016  ( 0.1%) 
leaves                  69/65536        2208/2097152  ( 0.1%) 
leaffaces              135/65536         270/131072   ( 0.2%) 
leafbrushes             91/65536         182/131072   ( 0.1%) 
areas                    3/256            24/2048     ( 1.2%) 
surfedges              889/512000       3556/2048000  ( 0.2%) 
edges                  529/256000       2116/1024000  ( 0.2%) 
LDR worldlights          5/8192          440/720896   ( 0.1%) 
HDR worldlights          0/8192            0/720896   ( 0.0%) 
leafwaterdata            0/32768           0/393216   ( 0.0%) 
waterstrips              7/32768          70/327680   ( 0.0%) 
waterverts               0/65536           0/786432   ( 0.0%) 
waterindices           117/65536         234/131072   ( 0.2%) 
cubemapsamples           0/1024            0/16384    ( 0.0%) 
overlays                 0/512             0/180224   ( 0.0%) 
LDR lightdata         [variable]       60188/0        ( 0.0%) 
HDR lightdata         [variable]           0/0        ( 0.0%) 
visdata               [variable]         148/16777216 ( 0.0%) 
entdata               [variable]        2538/393216   ( 0.6%) 
LDR ambient table       69/65536         276/262144   ( 0.1%) 
HDR ambient table       69/65536         276/262144   ( 0.1%) 
LDR leaf ambient       152/65536        4256/1835008  ( 0.2%) 
HDR leaf ambient        69/65536        1932/1835008  ( 0.1%) 
occluders                0/0               0/0        ( 0.0%) 
occluder polygons        0/0               0/0        ( 0.0%) 
occluder vert ind        0/0               0/0        ( 0.0%) 
detail props          [variable]           1/12       ( 8.3%) 
static props          [variable]           1/212      ( 0.5%) 
pakfile               [variable]       87123/0        ( 0.0%) 
physics               [variable]       14600/4194304  ( 0.3%) 
physics terrain       [variable]           2/1048576  ( 0.0%) 

Level flags = 0

Total triangle count: 282
Writing c:\mapsrc\lotr_hobbiton_07.bsp
0 seconds elapsed



materialPath: C:\Program Files (x86)\Steam\steamapps\common\half-life 2\hl2\materials
Loading c:\mapsrc\lotr_hobbiton_07.vmf
Could not locate 'GameData' key in c:\program files (x86)\steam\steamapps\common\half-life 2\hl2\gameinfo.txt
Patching WVT material: maps/lotr_hobbiton_07/dev/dev_blendmeasure_wvt_patch
fixing up env_cubemap materials on brush sides...
0...1...2...3...4...5...6...7...8...9...100...1...2...3...4...5...6...7...8...9...10Processing areas...done (0)
Building Faces...done (0)
Chop Details...done (0)
Find Visible Detail Sides...
Merged 4 detail faces...done (0)
Merging details...done (0)
FixTjuncs...
PruneNodes...
WriteBSP...
done (0)
writing c:\mapsrc\lotr_hobbiton_07.prt...Building visibility clusters...
done (0)
Creating default LDR cubemaps for env_cubemap using skybox materials:
   skybox/sky_day02_10*.vmt
 ! Run buildcubemaps in the engine to get the correct cube maps.
Creating default HDR cubemaps for env_cubemap using skybox materials:
   skybox/sky_day02_10*.vmt
 ! Run buildcubemaps in the engine to get the correct cube maps.
Finding displacement neighbors...
Finding lightmap sample positions...
Displacement Alpha : 0...1...2...3...4...5...6...7...8...9...10
Building Physics collision data...
done (0) (14600 bytes)
Placing detail props : 0...1...2...3...4...5...6...7...8...9...10
Compacting texture/material tables...
Reduced 57 texinfos to 23
Reduced 5 texdatas to 4 (133 bytes to 112)
Writing c:\mapsrc\lotr_hobbiton_07.bsp
0 seconds elapsed



8 threads
reading c:\mapsrc\lotr_hobbiton_07.bsp
reading c:\mapsrc\lotr_hobbiton_07.prt
  12 portalclusters
  15 numportals
0...1...2...3...4...5...6...7...8...9...100...1...2...3...4...5...6...7...8...9...10Optimized: 0 visible clusters (0.00%)
Total clusters visible: 80
Average clusters visible: 6
Building PAS...
Average clusters audible: 6
visdatasize:148  compressed from 192
writing c:\mapsrc\lotr_hobbiton_07.bsp
0 seconds elapsed



[Reading texlights from 'lights.rad']
[45 texlights parsed from 'lights.rad']

Loading c:\mapsrc\lotr_hobbiton_07.bsp
125 faces
35918 square feet [5172242.00 square inches]
0 Displacements
0 Square Feet [0.00 Square Inches]
125 patches before subdivision
2487 patches after subdivision
5 direct lights
0...1...2...3...4...5...6...7...8...9...100...1...2...3...4...5...6...7...8...9...10transfers 177190, max 255
transfer lists:   1.4 megs
0...1...2...3...4...5...6...7...8...9...10	Bounce #1 added RGB(1391, 1361, 1361)
0...1...2...3...4...5...6...7...8...9...10	Bounce #2 added RGB(126, 120, 120)
0...1...2...3...4...5...6...7...8...9...10	Bounce #3 added RGB(15, 14, 14)
0...1...2...3...4...5...6...7...8...9...10	Bounce #4 added RGB(2, 1, 1)
0...1...2...3...4...5...6...7...8...9...10	Bounce #5 added RGB(0, 0, 0)
Build Patch/Sample Hash Table(s).....Done<0.0012 sec>
0...1...2...3...4...5...6...7...8...9...10FinalLightFace Done
0 of 0 (0% of) surface lights went in leaf ambient cubes.
0...1...2...3...4...5...6...7...8...9...10Writing leaf ambient...done
Ready to Finish

Object names       Objects/Maxobjs  Memory / Maxmem  Fullness 
------------       ---------------  ---------------  -------- 
models                   3/1024          144/49152    ( 0.3%) 
brushes                 57/8192          684/98304    ( 0.7%) 
brushsides             427/65536        3416/524288   ( 0.7%) 
planes                 324/65536        6480/1310720  ( 0.5%) 
vertexes               229/65536        2748/786432   ( 0.3%) 
nodes                   65/65536        2080/2097152  ( 0.1%) 
texinfos                23/12288        1656/884736   ( 0.2%) 
texdata                  4/2048          128/65536    ( 0.2%) 
dispinfos                0/0               0/0        ( 0.0%) 
disp_verts               0/0               0/0        ( 0.0%) 
disp_tris                0/0               0/0        ( 0.0%) 
disp_lmsamples           0/0               0/0        ( 0.0%) 
faces                  125/65536        7000/3670016  ( 0.2%) 
hdr faces                0/65536           0/3670016  ( 0.0%) 
origfaces               98/65536        5488/3670016  ( 0.1%) 
leaves                  69/65536        2208/2097152  ( 0.1%) 
leaffaces              135/65536         270/131072   ( 0.2%) 
leafbrushes             91/65536         182/131072   ( 0.1%) 
areas                    3/256            24/2048     ( 1.2%) 
surfedges              889/512000       3556/2048000  ( 0.2%) 
edges                  529/256000       2116/1024000  ( 0.2%) 
LDR worldlights          5/8192          440/720896   ( 0.1%) 
HDR worldlights          0/8192            0/720896   ( 0.0%) 
leafwaterdata            0/32768           0/393216   ( 0.0%) 
waterstrips              7/32768          70/327680   ( 0.0%) 
waterverts               0/65536           0/786432   ( 0.0%) 
waterindices           117/65536         234/131072   ( 0.2%) 
cubemapsamples           0/1024            0/16384    ( 0.0%) 
overlays                 0/512             0/180224   ( 0.0%) 
LDR lightdata         [variable]       60188/0        ( 0.0%) 
HDR lightdata         [variable]           0/0        ( 0.0%) 
visdata               [variable]         148/16777216 ( 0.0%) 
entdata               [variable]        2538/393216   ( 0.6%) 
LDR ambient table       69/65536         276/262144   ( 0.1%) 
HDR ambient table       69/65536         276/262144   ( 0.1%) 
LDR leaf ambient       180/65536        5040/1835008  ( 0.3%) 
HDR leaf ambient        69/65536        1932/1835008  ( 0.1%) 
occluders                0/0               0/0        ( 0.0%) 
occluder polygons        0/0               0/0        ( 0.0%) 
occluder vert ind        0/0               0/0        ( 0.0%) 
detail props          [variable]           1/12       ( 8.3%) 
static props          [variable]           1/212      ( 0.5%) 
pakfile               [variable]       87123/0        ( 0.0%) 
physics               [variable]       14600/4194304  ( 0.3%) 
physics terrain       [variable]           2/1048576  ( 0.0%) 

Level flags = 0

Total triangle count: 282
Writing c:\mapsrc\lotr_hobbiton_07.bsp
0 seconds elapsed
