PRT1
57
115
4 0 17 (0 272 64 ) (0 272 736 ) (0 992 736 ) (0 992 64 ) 
4 0 2 (992 272 736 ) (0 272 736 ) (0 272 64 ) (992 272 64 ) 
4 1 18 (0 272 -160 ) (0 272 0 ) (0 480 0 ) (0 480 -160 ) 
10 1 3 (0 272 -80 ) (0 272 -160 ) (14 272 -158 ) (26 272 -152 ) (36 272 -140 ) (40 272 -128 ) (40 272 -114 ) (36 272 -100 ) (26 272 -90 ) (14 272 -82 ) 
4 2 19 (0 240 64 ) (0 240 736 ) (0 272 736 ) (0 272 64 ) 
4 2 5 (0 240 736 ) (0 240 64 ) (160 240 64 ) (160 240 736 ) 
4 2 4 (160 240 64 ) (992 240 64 ) (992 240 736 ) (160 240 736 ) 
4 3 20 (0 240 -160 ) (0 240 -80 ) (0 272 -80 ) (0 272 -160 ) 
10 3 6 (0 240 -80 ) (0 240 -160 ) (14 240 -158 ) (26 240 -152 ) (36 240 -140 ) (40 240 -128 ) (40 240 -114 ) (36 240 -100 ) (26 240 -90 ) (14 240 -82 ) 
4 4 39 (992 0 736 ) (160 0 736 ) (160 0 64 ) (992 0 64 ) 
4 4 7 (160 224 64 ) (160 0 64 ) (160 0 736 ) (160 224 736 ) 
4 4 5 (160 240 736 ) (160 240 64 ) (160 224 64 ) (160 224 736 ) 
4 5 21 (0 224 64 ) (0 224 736 ) (0 240 736 ) (0 240 64 ) 
4 5 7 (0 224 736 ) (0 224 64 ) (160 224 64 ) (160 224 736 ) 
4 6 23 (0 224 -160 ) (0 224 -8 ) (0 240 -8 ) (0 240 -160 ) 
4 6 22 (0 224 -8 ) (0 224 0 ) (0 240 0 ) (0 240 -8 ) 
4 6 16 (0 224 -22 ) (0 224 -29.619049 ) (77.587311 224 -29.619049 ) (42 224 -24 ) 
8 6 11 (0 224 -29.619049 ) (0 224 -80 ) (160 224 -80 ) (154 224 -66 ) (140 224 -50 ) (114 224 -38 ) (80 224 -30 ) (77.587318 224 -29.619049 ) 
4 6 9 (0 224 -80 ) (0 224 -160 ) (160 224 -160 ) (160 224 -80 ) 
4 6 8 (0 224 -8 ) (0 224 -22 ) (160 224 -22 ) (160 224 -8 ) 
4 7 39 (160 0 64 ) (160 0 736 ) (0 0 736 ) (0 0 64 ) 
4 7 21 (0 0 64 ) (0 0 736 ) (0 224 736 ) (0 224 64 ) 
4 8 40 (160 0 -22 ) (160 0 -8 ) (0 0 -8 ) (0 0 -22 ) 
4 8 23 (0 0 -22 ) (0 0 -8 ) (0 224 -8 ) (0 224 -22 ) 
4 8 15 (29.333328 64 -22 ) (160 64 -22 ) (160 0 -22 ) (29.333328 0 -22 ) 
4 8 9 (0 0 -22 ) (0 64 -22 ) (29.333328 64 -22 ) (29.333328 0 -22 ) 
8 9 40 (160 0 -160 ) (160 0 -72.857155 ) (140 0 -50 ) (114 0 -38 ) (80 0 -30 ) (29.333328 0 -22 ) (0 0 -22 ) (0 0 -160 ) 
6 9 23 (0 0 -160 ) (0 0 -22 ) (0 64 -22 ) (0 201.958344 -28.569447 ) (0 224 -80 ) (0 224 -160 ) 
4 9 16 (0 201.958344 -28.569445 ) (0 64 -22 ) (42 106 -24 ) (70.939804 201.958344 -28.569445 ) 
5 9 15 (42 106.003723 -24 ) (29.330017 63.991455 -22 ) (29.330017 0 -22 ) (80.006775 0 -30.001595 ) (80.006844 144.006851 -30.001610 ) 
4 9 13 (80.003906 144.004166 -30 ) (80.003906 0 -30 ) (114 0 -38 ) (114 178 -38 ) 
4 9 12 (114 178 -38 ) (114 0 -38 ) (140 0 -50 ) (140 204 -50 ) 
8 9 11 (0 201.958496 -28.570309 ) (70.941406 201.958496 -28.570313 ) (79.988281 202.570801 -30 ) (113.988281 206 -37.998047 ) (140.005066 211.145203 -50.005795 ) (154 218 -66 ) (160 224 -80 ) (0 224 -80 ) 
5 9 10 (160 0 -72.857147 ) (160 220.940399 -72.857147 ) (154.003204 218.003204 -66.003654 ) (140 204 -50 ) (140 0 -50 ) 
3 10 40 (160 0 -72.857155 ) (160 0 -59.230759 ) (140 0 -50 ) 
4 10 12 (140 0 -50 ) (160 0 -59.230759 ) (160 212.076889 -59.230759 ) (140 204 -50 ) 
3 11 23 (0 201.958344 -28.569447 ) (0 224 -29.619049 ) (0 224 -80 ) 
4 11 16 (77.587296 224 -29.619047 ) (0 224 -29.619047 ) (0 201.958344 -28.569445 ) (70.939804 201.958344 -28.569445 ) 
3 12 40 (160 0 -59.230759 ) (160 0 -48.823532 ) (114 0 -38 ) 
4 12 14 (114 0 -38 ) (160 0 -48.823608 ) (160 201.451172 -48.823608 ) (114 178 -38 ) 
3 13 40 (105.333321 0 -34 ) (80 0 -30 ) (114 0 -38 ) 
4 13 15 (80.006775 0 -30.001595 ) (105.335068 0 -34 ) (105.335083 161.003418 -34 ) (80.006836 144.006836 -30.001610 ) 
4 13 14 (114.003906 178 -38 ) (105.336052 160.997681 -34 ) (105.336067 0 -34 ) (114.003914 0 -38 ) 
4 14 40 (160 0 -48.823532 ) (160 0 -42.631569 ) (105.333321 0 -34 ) (114 0 -38 ) 
5 14 15 (105.335068 0 -34 ) (160 0 -42.632103 ) (160 188.036240 -42.632103 ) (130.663406 178 -38 ) (105.335083 161.003418 -34 ) 
3 15 40 (160 0 -42.631569 ) (160 0 -22 ) (29.333328 0 -22 ) 
3 16 23 (0 64 -22 ) (0 224 -22 ) (0 224 -29.619049 ) 
4 17 24 (-160 272 64 ) (-160 272 736 ) (-160 992 736 ) (-160 992 64 ) 
4 17 19 (-160 272 736 ) (-160 272 64 ) (0 272 64 ) (0 272 736 ) 
4 18 27 (-160 384 -96 ) (-160 384 -128 ) (-160 352 -128 ) (-160 352 -96 ) 
4 18 25 (-160 272 -80 ) (-160 272 0 ) (-160 480 0 ) (-160 480 -80 ) 
10 18 20 (0 272 -160 ) (0 272 -80 ) (-14 272 -82 ) (-26 272 -90 ) (-36 272 -100 ) (-40 272 -114 ) (-40 272 -128 ) (-36 272 -140 ) (-26 272 -152 ) (-14 272 -158 ) 
4 19 24 (-160 240 64 ) (-160 240 736 ) (-160 272 736 ) (-160 272 64 ) 
4 19 21 (-160 240 736 ) (-160 240 64 ) (0 240 64 ) (0 240 736 ) 
10 20 23 (0 240 -160 ) (0 240 -80 ) (-14 240 -82 ) (-26 240 -90 ) (-36 240 -100 ) (-40 240 -114 ) (-40 240 -128 ) (-36 240 -140 ) (-26 240 -152 ) (-14 240 -158 ) 
4 21 48 (0 0 64 ) (0 0 736 ) (-160 0 736 ) (-160 0 64 ) 
4 21 24 (-160 0 64 ) (-160 0 736 ) (-160 240 736 ) (-160 240 64 ) 
4 22 25 (-160 224 0 ) (-160 240 0 ) (-160 240 -8 ) (-160 224 -8 ) 
4 22 23 (-160 224 -8 ) (-160 240 -8 ) (0 240 -8 ) (0 224 -8 ) 
4 23 51 (0 0 -160 ) (0 0 -80 ) (-160 0 -80 ) (-160 0 -160 ) 
4 23 49 (0 0 -80 ) (0 0 -8 ) (-160 0 -8 ) (-160 0 -80 ) 
18 23 30 (-160 64 -80 ) (-160 78 -82 ) (-160 90 -90 ) (-160 100 -100 ) (-160 104 -114 ) (-160 104 -128 ) (-160 100 -140 ) (-160 90 -152 ) (-160 78 -158 ) (-160 64 -160 ) (-160 50 -158 ) (-160 38 -152 ) (-160 28 -140 ) (-160 24 -128 ) (-160 24 -114 ) (-160 28 -100 ) (-160 38 -90 ) (-160 50 -82 ) 
4 23 25 (-160 224 -8 ) (-160 240 -8 ) (-160 240 -80 ) (-160 224 -80 ) 
4 24 48 (-160 0 64 ) (-160 0 736 ) (-192 0 736 ) (-192 0 64 ) 
4 24 31 (-192 992 64 ) (-192 0 64 ) (-192 0 736 ) (-192 992 736 ) 
4 25 32 (-192 480 -80 ) (-192 224 -80 ) (-192 224 0 ) (-192 480 0 ) 
4 25 29 (-192 240 -80 ) (-192 352 -80 ) (-176 352 -80 ) (-176 240 -80 ) 
4 25 28 (-192 352 -80 ) (-192 384 -80 ) (-176 384 -80 ) (-176 352 -80 ) 
4 25 26 (-192 384 -80 ) (-192 480 -80 ) (-176 480 -80 ) (-176 384 -80 ) 
4 26 34 (-192 480 -160 ) (-192 384 -160 ) (-192 384 -80 ) (-192 480 -80 ) 
4 26 28 (-192 384 -160 ) (-176 384 -160 ) (-176 384 -80 ) (-192 384 -80 ) 
4 27 28 (-176 384 -96 ) (-176 384 -128 ) (-176 352 -128 ) (-176 352 -96 ) 
4 28 34 (-192 384 -160 ) (-192 352 -160 ) (-192 352 -80 ) (-192 384 -80 ) 
4 28 29 (-192 352 -160 ) (-176 352 -160 ) (-176 352 -80 ) (-192 352 -80 ) 
4 29 34 (-192 352 -160 ) (-192 240 -160 ) (-192 240 -80 ) (-192 352 -80 ) 
8 30 38 (-192 48 -157 ) (-192 38 -152 ) (-192 28 -140 ) (-192 24 -128 ) (-192 24 -114 ) (-192 28 -100 ) (-192 38 -90 ) (-192 48 -83.333336 ) 
10 30 36 (-192 64 -160 ) (-192 50 -158 ) (-192 48 -157 ) (-192 48 -83.333336 ) (-192 50 -82 ) (-192 64 -80 ) (-192 78 -82 ) (-192 80 -83.333336 ) (-192 80 -157 ) (-192 78 -158 ) 
8 30 35 (-192 80 -83.333336 ) (-192 90 -90 ) (-192 100 -100 ) (-192 104 -114 ) (-192 104 -128 ) (-192 100 -140 ) (-192 90 -152 ) (-192 80 -157 ) 
4 31 48 (-192 0 64 ) (-192 0 736 ) (-992 0 736 ) (-992 0 64 ) 
4 32 50 (-192 0 -80 ) (-192 0 0 ) (-448 0 0 ) (-448 0 -80 ) 
4 32 38 (-192 48 -80 ) (-192 0 -80 ) (-448 0 -80 ) (-448 48 -80 ) 
4 32 36 (-192 80 -80 ) (-192 48 -80 ) (-448 48 -80 ) (-448 80 -80 ) 
4 32 35 (-192 224 -80 ) (-192 80 -80 ) (-448 80 -80 ) (-448 224 -80 ) 
4 32 34 (-448 544 -80 ) (-192 544 -80 ) (-192 240 -80 ) (-448 240 -80 ) 
4 32 33 (-448 544 0 ) (-448 544 -80 ) (-448 224 -80 ) (-448 224 0 ) 
4 33 34 (-480 240 -80 ) (-480 544 -80 ) (-448 544 -80 ) (-448 240 -80 ) 
4 35 36 (-192 80 -80 ) (-464 80 -80 ) (-464 80 -160 ) (-192 80 -160 ) 
4 36 38 (-192 48 -80 ) (-464 48 -80 ) (-464 48 -160 ) (-192 48 -160 ) 
4 36 37 (-464 80 -96 ) (-464 80 -128 ) (-464 48 -128 ) (-464 48 -96 ) 
4 38 52 (-192 0 -160 ) (-192 0 -80 ) (-464 0 -80 ) (-464 0 -160 ) 
4 39 48 (0 0 736 ) (0 0 64 ) (0 -480 64 ) (0 -480 736 ) 
4 39 45 (82 -480 736 ) (0 -480 736 ) (0 -480 64 ) (82 -480 64 ) 
4 39 43 (124 -480 736 ) (82 -480 736 ) (82 -480 64 ) (124 -480 64 ) 
4 39 42 (992 -480 736 ) (124 -480 736 ) (124 -480 64 ) (992 -480 64 ) 
4 40 51 (0 0 -80 ) (0 0 -160 ) (0 -96 -160 ) (0 -96 -80 ) 
4 40 49 (0 0 -8 ) (0 0 -80 ) (0 -96 -80 ) (0 -96 -8 ) 
4 40 41 (0 -96 -160 ) (160 -96 -160 ) (160 -96 -8 ) (0 -96 -8 ) 
4 41 53 (0 -96 -160 ) (0 -480 -160 ) (0 -480 0 ) (0 -96 0 ) 
10 41 46 (0 -480 -80 ) (0 -480 -160 ) (14 -480 -158 ) (26 -480 -152 ) (36 -480 -140 ) (40 -480 -128 ) (40 -480 -114 ) (36 -480 -100 ) (26 -480 -90 ) (14 -480 -82 ) 
18 41 44 (82 -480 -97 ) (82 -480 -103 ) (85 -480 -110 ) (89 -480 -115 ) (96 -480 -119 ) (103 -480 -120 ) (110 -480 -119 ) (117 -480 -115 ) (121 -480 -110 ) (124 -480 -103 ) (124 -480 -97 ) (121 -480 -90 ) (117 -480 -85 ) (110 -480 -81 ) (103 -480 -80 ) (96 -480 -81 ) (89 -480 -85 ) (85 -480 -90 ) 
4 42 47 (992 -512 736 ) (124 -512 736 ) (124 -512 64 ) (992 -512 64 ) 
4 42 43 (124 -480 736 ) (124 -480 64 ) (124 -512 64 ) (124 -512 736 ) 
4 43 47 (124 -512 64 ) (124 -512 736 ) (82 -512 736 ) (82 -512 64 ) 
4 43 45 (82 -480 736 ) (82 -480 64 ) (82 -512 64 ) (82 -512 736 ) 
4 45 54 (0 -512 64 ) (0 -512 736 ) (0 -480 736 ) (0 -480 64 ) 
4 45 47 (0 -512 736 ) (0 -512 64 ) (82 -512 64 ) (82 -512 736 ) 
4 46 55 (0 -512 -160 ) (0 -512 -80 ) (0 -480 -80 ) (0 -480 -160 ) 
4 47 56 (0 -960 736 ) (0 -512 736 ) (0 -512 64 ) (0 -960 64 ) 
4 48 54 (-992 -480 64 ) (0 -480 64 ) (0 -480 736 ) (-992 -480 736 ) 
4 49 53 (0 -96 -80 ) (0 -96 -8 ) (-160 -96 -8 ) (-160 -96 -80 ) 
4 49 51 (0 -96 -80 ) (-160 -96 -80 ) (-160 0 -80 ) (0 0 -80 ) 
4 50 52 (-192 -96 -80 ) (-448 -96 -80 ) (-448 0 -80 ) (-192 0 -80 ) 
4 51 53 (-160 -96 -160 ) (0 -96 -160 ) (0 -96 -80 ) (-160 -96 -80 ) 
10 53 55 (0 -480 -160 ) (0 -480 -80 ) (-14 -480 -82 ) (-26 -480 -90 ) (-36 -480 -100 ) (-40 -480 -114 ) (-40 -480 -128 ) (-36 -480 -140 ) (-26 -480 -152 ) (-14 -480 -158 ) 
4 54 56 (0 -512 64 ) (0 -512 736 ) (-992 -512 736 ) (-992 -512 64 ) 
