PRT1
14
19
4 0 4 (480 0 320 ) (0 0 320 ) (0 0 64 ) (480 0 64 ) 
4 0 2 (0 0 64 ) (0 0 320 ) (0 480 320 ) (0 480 64 ) 
4 1 7 (32 0 0 ) (0 0 0 ) (0 0 -128 ) (32 0 -128 ) 
4 1 6 (160 0 0 ) (32 0 0 ) (32 0 -128 ) (160 0 -128 ) 
4 1 5 (480 0 0 ) (160 0 0 ) (160 0 -128 ) (480 0 -128 ) 
4 1 3 (0 0 -128 ) (0 0 0 ) (0 480 0 ) (0 480 -128 ) 
4 2 9 (0 0 64 ) (0 0 320 ) (-480 0 320 ) (-480 0 64 ) 
4 3 13 (-160 0 0 ) (-480 0 0 ) (-480 0 -128 ) (-160 0 -128 ) 
4 3 12 (-32 0 0 ) (-160 0 0 ) (-160 0 -128 ) (-32 0 -128 ) 
4 3 10 (0 0 -128 ) (0 0 0 ) (-32 0 0 ) (-32 0 -128 ) 
4 4 9 (0 0 320 ) (0 0 64 ) (0 -480 64 ) (0 -480 320 ) 
4 5 6 (160 0 -128 ) (160 -224 -128 ) (160 -224 0 ) (160 0 0 ) 
4 6 7 (32 0 -128 ) (32 -480 -128 ) (32 -480 0 ) (32 0 0 ) 
4 7 10 (0 0 0 ) (0 0 -128 ) (0 -480 -128 ) (0 -480 0 ) 
4 7 8 (0 -480 -128 ) (32 -480 -128 ) (32 -480 -64 ) (0 -480 -64 ) 
4 8 11 (0 -480 -128 ) (0 -512 -128 ) (0 -512 -64 ) (0 -480 -64 ) 
4 10 12 (-32 0 -128 ) (-32 -480 -128 ) (-32 -480 0 ) (-32 0 0 ) 
4 10 11 (-32 -480 -64 ) (-32 -480 -128 ) (0 -480 -128 ) (0 -480 -64 ) 
4 12 13 (-160 0 -128 ) (-160 -224 -128 ) (-160 -224 0 ) (-160 0 0 ) 
