


materialPath: C:\Program Files (x86)\Steam\steamapps\SourceMods\propper\materials
Loading C:\mapsrc\uppgift_varld_01.vmf
Trying to create a non-quad displacement! (entity 0, brush 16)



materialPath: C:\Program Files (x86)\Steam\steamapps\SourceMods\propper\materials
Loading C:\mapsrc\uppgift_varld_01.vmf
Trying to create a non-quad displacement! (entity 0, brush 16)



materialPath: C:\Program Files (x86)\Steam\steamapps\common\Source SDK Base 2013 Singleplayer\hl2\materials
Loading C:\mapsrc\uppgift_varld_01.vmf
Trying to create a non-quad displacement! (entity 0, brush 16)



materialPath: C:\Program Files (x86)\Steam\steamapps\common\Source SDK Base 2013 Singleplayer\hl2\materials
Loading C:\mapsrc\uppgift_varld_01.vmf
Trying to create a non-quad displacement! (entity 0, brush 16)



materialPath: C:\Program Files (x86)\Steam\steamapps\common\Source SDK Base 2013 Singleplayer\hl2\materials
Loading C:\mapsrc\uppgift_varld_01.vmf
Trying to create a non-quad displacement! (entity 0, brush 16)



materialPath: C:\Program Files (x86)\Steam\steamapps\common\Source SDK Base 2013 Singleplayer\hl2\materials
Loading C:\mapsrc\uppgift_varld_01.vmf
Trying to create a non-quad displacement! (entity 0, brush 16)



materialPath: C:\Program Files (x86)\Steam\steamapps\common\Source SDK Base 2013 Singleplayer\hl2\materials
Loading C:\mapsrc\uppgift_varld_01.vmf
Trying to create a non-quad displacement! (entity 0, brush 16)



materialPath: C:\Program Files (x86)\Steam\steamapps\common\Source SDK Base 2013 Singleplayer\hl2\materials
Loading C:\mapsrc\uppgift_varld_01.rmf
